[22:01:46][jomini_log.cpp:23]: [AUTOMATION_STATS][living characters][Year][.]:[37116][1170]
[22:01:46][jomini_log.cpp:23]: [AUTOMATION_STATS][pool characters][Year][.]:[8303][1170]
[22:01:46][jomini_log.cpp:23]: [AUTOMATION_STATS][lost pool characters][Year][.]:[7][1170]
[22:01:46][jomini_log.cpp:23]: [AUTOMATION_STATS][court characters][Year][.]:[25053][1170]
[22:01:46][jomini_log.cpp:23]: [AUTOMATION_STATS][ruler characters][Year][.]:[3755][1170]
[22:01:46][jomini_log.cpp:23]: [AUTOMATION_STATS][landed characters][Year][.]:[1795][1170]
[22:01:46][jomini_log.cpp:23]: [AUTOMATION_STATS][playable characters][Year][.]:[1960][1170]
[22:01:46][jomini_log.cpp:23]: [AUTOMATION_STATS][independent ruler characters][Year][.]:[735][1170]
[22:01:46][jomini_log.cpp:23]: [AUTOMATION_STATS][independent ruler characters][Year][.]:[735][1170]
[22:01:46][jomini_log.cpp:23]: [AUTOMATION_STATS][royal court characters][Year][.]:[0][1170]
[22:01:46][jomini_log.cpp:23]: [AUTOMATION_STATS][dead unprunable characters][Year][.]:[44980][1170]
[22:01:46][jomini_log.cpp:23]: [AUTOMATION_STATS][dead potentially prunable characters][Year][.]:[16567][1170]
[22:01:46][jomini_log.cpp:23]: [AUTOMATION_STATS][queued_events][Year][.]:[12744][1170]
[22:01:46][jomini_log.cpp:23]: [AUTOMATION_STATS][wars][Year][.]:[85][1170]
[22:01:46][jomini_log.cpp:23]: [AUTOMATION_STATS][schemes][Year][.]:[1127][1170]
[22:01:46][jomini_log.cpp:23]: [AUTOMATION_STATS][secrets][Year][.]:[4450][1170]
[22:01:46][jomini_log.cpp:23]: [AUTOMATION_STATS][opinions][Year][.]:[76708][1170]
[22:01:46][jomini_log.cpp:23]: [AUTOMATION_STATS][created characters - dummy][Year][.]:[0][1170]
[22:01:46][jomini_log.cpp:23]: [AUTOMATION_STATS][created characters - history][Year][.]:[0][1170]
[22:01:46][jomini_log.cpp:23]: [AUTOMATION_STATS][created characters - birth][Year][.]:[379][1170]
[22:01:46][jomini_log.cpp:23]: [AUTOMATION_STATS][created characters - script][Year][.]:[960][1170]
[22:01:46][jomini_log.cpp:23]: [AUTOMATION_STATS][created characters - pool][Year][.]:[7][1170]
[22:01:46][jomini_log.cpp:23]: [AUTOMATION_STATS][created characters - guests][Year][.]:[0][1170]
[22:01:46][jomini_log.cpp:23]: [AUTOMATION_STATS][created characters - mercenary_companies][Year][.]:[3][1170]
[22:01:46][jomini_log.cpp:23]: [AUTOMATION_STATS][created characters - court_populator][Year][.]:[503][1170]
[22:01:46][jomini_log.cpp:23]: [AUTOMATION_STATS][created characters - great_holy_war][Year][.]:[0][1170]
[22:01:46][jomini_log.cpp:23]: [AUTOMATION_STATS][created characters - succession][Year][.]:[0][1170]
[22:01:46][jomini_log.cpp:23]: [AUTOMATION_STATS][created characters - grant_titles][Year][.]:[3][1170]
[22:01:46][jomini_log.cpp:23]: [AUTOMATION_STATS][created characters - court_populator_guests][Year][.]:[0][1170]
[22:01:46][jomini_log.cpp:23]: [AUTOMATION_STATS][created characters - pool_history][Year][.]:[0][1170]
[22:01:46][jomini_log.cpp:23]: [AUTOMATION_STATS][created characters - ruler_designer][Year][.]:[0][1170]
[22:01:46][jomini_log.cpp:23]: [AUTOMATION_STATS][created characters - total][Year][.]:[1855][1170]
[22:01:46][jomini_log.cpp:23]: [AUTOMATION_STATS][average_lock][Year][.]:[40][1170]
[22:01:46][jomini_log.cpp:23]: [AUTOMATION_STATS][highest_lock][Year][.]:[108][1170]
[22:01:46][jomini_log.cpp:23]: [AUTOMATION_STATS][average_lock_wait][Year][.]:[6][1170]
[22:01:46][jomini_log.cpp:23]: [AUTOMATION_STATS][highest_lock_wait][Year][.]:[58][1170]
[22:01:46][jomini_log.cpp:23]: [AUTOMATION_STATS][errors][Year][.]:[192][1170]
[22:01:46][jomini_log.cpp:23]: [AUTOMATION_STATS][factions][Year][.]:[223][1170]
[22:10:47][jomini_log.cpp:23]: [AUTOMATION_STATS][living characters][Year][.]:[37265][1171]
[22:10:47][jomini_log.cpp:23]: [AUTOMATION_STATS][pool characters][Year][.]:[8392][1171]
[22:10:47][jomini_log.cpp:23]: [AUTOMATION_STATS][lost pool characters][Year][.]:[11][1171]
[22:10:47][jomini_log.cpp:23]: [AUTOMATION_STATS][court characters][Year][.]:[25112][1171]
[22:10:47][jomini_log.cpp:23]: [AUTOMATION_STATS][ruler characters][Year][.]:[3753][1171]
[22:10:47][jomini_log.cpp:23]: [AUTOMATION_STATS][landed characters][Year][.]:[1792][1171]
[22:10:47][jomini_log.cpp:23]: [AUTOMATION_STATS][playable characters][Year][.]:[1961][1171]
[22:10:47][jomini_log.cpp:23]: [AUTOMATION_STATS][independent ruler characters][Year][.]:[730][1171]
[22:10:47][jomini_log.cpp:23]: [AUTOMATION_STATS][independent ruler characters][Year][.]:[730][1171]
[22:10:47][jomini_log.cpp:23]: [AUTOMATION_STATS][royal court characters][Year][.]:[0][1171]
[22:10:47][jomini_log.cpp:23]: [AUTOMATION_STATS][dead unprunable characters][Year][.]:[45299][1171]
[22:10:47][jomini_log.cpp:23]: [AUTOMATION_STATS][dead potentially prunable characters][Year][.]:[16526][1171]
[22:10:47][jomini_log.cpp:23]: [AUTOMATION_STATS][queued_events][Year][.]:[12570][1171]
[22:10:47][jomini_log.cpp:23]: [AUTOMATION_STATS][wars][Year][.]:[88][1171]
[22:10:47][jomini_log.cpp:23]: [AUTOMATION_STATS][schemes][Year][.]:[1121][1171]
[22:10:47][jomini_log.cpp:23]: [AUTOMATION_STATS][secrets][Year][.]:[4515][1171]
[22:10:47][jomini_log.cpp:23]: [AUTOMATION_STATS][opinions][Year][.]:[76510][1171]
[22:10:47][jomini_log.cpp:23]: [AUTOMATION_STATS][created characters - dummy][Year][.]:[0][1171]
[22:10:47][jomini_log.cpp:23]: [AUTOMATION_STATS][created characters - history][Year][.]:[0][1171]
[22:10:47][jomini_log.cpp:23]: [AUTOMATION_STATS][created characters - birth][Year][.]:[364][1171]
[22:10:47][jomini_log.cpp:23]: [AUTOMATION_STATS][created characters - script][Year][.]:[905][1171]
[22:10:47][jomini_log.cpp:23]: [AUTOMATION_STATS][created characters - pool][Year][.]:[21][1171]
[22:10:47][jomini_log.cpp:23]: [AUTOMATION_STATS][created characters - guests][Year][.]:[0][1171]
[22:10:47][jomini_log.cpp:23]: [AUTOMATION_STATS][created characters - mercenary_companies][Year][.]:[0][1171]
[22:10:47][jomini_log.cpp:23]: [AUTOMATION_STATS][created characters - court_populator][Year][.]:[372][1171]
[22:10:47][jomini_log.cpp:23]: [AUTOMATION_STATS][created characters - great_holy_war][Year][.]:[0][1171]
[22:10:47][jomini_log.cpp:23]: [AUTOMATION_STATS][created characters - succession][Year][.]:[0][1171]
[22:10:47][jomini_log.cpp:23]: [AUTOMATION_STATS][created characters - grant_titles][Year][.]:[3][1171]
[22:10:47][jomini_log.cpp:23]: [AUTOMATION_STATS][created characters - court_populator_guests][Year][.]:[0][1171]
[22:10:47][jomini_log.cpp:23]: [AUTOMATION_STATS][created characters - pool_history][Year][.]:[0][1171]
[22:10:47][jomini_log.cpp:23]: [AUTOMATION_STATS][created characters - ruler_designer][Year][.]:[0][1171]
[22:10:47][jomini_log.cpp:23]: [AUTOMATION_STATS][created characters - total][Year][.]:[1665][1171]
[22:10:47][jomini_log.cpp:23]: [AUTOMATION_STATS][average_lock][Year][.]:[43][1171]
[22:10:47][jomini_log.cpp:23]: [AUTOMATION_STATS][highest_lock][Year][.]:[127][1171]
[22:10:47][jomini_log.cpp:23]: [AUTOMATION_STATS][average_lock_wait][Year][.]:[7][1171]
[22:10:47][jomini_log.cpp:23]: [AUTOMATION_STATS][highest_lock_wait][Year][.]:[77][1171]
[22:10:47][jomini_log.cpp:23]: [AUTOMATION_STATS][errors][Year][.]:[782][1171]
[22:10:47][jomini_log.cpp:23]: [AUTOMATION_STATS][factions][Year][.]:[213][1171]
[22:16:58][jomini_log.cpp:23]: [AUTOMATION_STATS][living characters][Year][.]:[37388][1172]
[22:16:58][jomini_log.cpp:23]: [AUTOMATION_STATS][pool characters][Year][.]:[8756][1172]
[22:16:58][jomini_log.cpp:23]: [AUTOMATION_STATS][lost pool characters][Year][.]:[9][1172]
[22:16:58][jomini_log.cpp:23]: [AUTOMATION_STATS][court characters][Year][.]:[24871][1172]
[22:16:58][jomini_log.cpp:23]: [AUTOMATION_STATS][ruler characters][Year][.]:[3754][1172]
[22:16:58][jomini_log.cpp:23]: [AUTOMATION_STATS][landed characters][Year][.]:[1799][1172]
[22:16:58][jomini_log.cpp:23]: [AUTOMATION_STATS][playable characters][Year][.]:[1955][1172]
[22:16:58][jomini_log.cpp:23]: [AUTOMATION_STATS][independent ruler characters][Year][.]:[739][1172]
[22:16:58][jomini_log.cpp:23]: [AUTOMATION_STATS][independent ruler characters][Year][.]:[739][1172]
[22:16:58][jomini_log.cpp:23]: [AUTOMATION_STATS][royal court characters][Year][.]:[0][1172]
[22:16:58][jomini_log.cpp:23]: [AUTOMATION_STATS][dead unprunable characters][Year][.]:[45724][1172]
[22:16:58][jomini_log.cpp:23]: [AUTOMATION_STATS][dead potentially prunable characters][Year][.]:[16729][1172]
[22:16:58][jomini_log.cpp:23]: [AUTOMATION_STATS][queued_events][Year][.]:[13337][1172]
[22:16:58][jomini_log.cpp:23]: [AUTOMATION_STATS][wars][Year][.]:[94][1172]
[22:16:58][jomini_log.cpp:23]: [AUTOMATION_STATS][schemes][Year][.]:[1100][1172]
[22:16:58][jomini_log.cpp:23]: [AUTOMATION_STATS][secrets][Year][.]:[4492][1172]
[22:16:58][jomini_log.cpp:23]: [AUTOMATION_STATS][opinions][Year][.]:[77959][1172]
[22:16:58][jomini_log.cpp:23]: [AUTOMATION_STATS][created characters - dummy][Year][.]:[0][1172]
[22:16:58][jomini_log.cpp:23]: [AUTOMATION_STATS][created characters - history][Year][.]:[0][1172]
[22:16:58][jomini_log.cpp:23]: [AUTOMATION_STATS][created characters - birth][Year][.]:[332][1172]
[22:16:58][jomini_log.cpp:23]: [AUTOMATION_STATS][created characters - script][Year][.]:[1017][1172]
[22:16:58][jomini_log.cpp:23]: [AUTOMATION_STATS][created characters - pool][Year][.]:[10][1172]
[22:16:58][jomini_log.cpp:23]: [AUTOMATION_STATS][created characters - guests][Year][.]:[0][1172]
[22:16:58][jomini_log.cpp:23]: [AUTOMATION_STATS][created characters - mercenary_companies][Year][.]:[0][1172]
[22:16:58][jomini_log.cpp:23]: [AUTOMATION_STATS][created characters - court_populator][Year][.]:[574][1172]
[22:16:58][jomini_log.cpp:23]: [AUTOMATION_STATS][created characters - great_holy_war][Year][.]:[48][1172]
[22:16:58][jomini_log.cpp:23]: [AUTOMATION_STATS][created characters - succession][Year][.]:[0][1172]
[22:16:58][jomini_log.cpp:23]: [AUTOMATION_STATS][created characters - grant_titles][Year][.]:[7][1172]
[22:16:58][jomini_log.cpp:23]: [AUTOMATION_STATS][created characters - court_populator_guests][Year][.]:[0][1172]
[22:16:58][jomini_log.cpp:23]: [AUTOMATION_STATS][created characters - pool_history][Year][.]:[0][1172]
[22:16:58][jomini_log.cpp:23]: [AUTOMATION_STATS][created characters - ruler_designer][Year][.]:[0][1172]
[22:16:58][jomini_log.cpp:23]: [AUTOMATION_STATS][created characters - total][Year][.]:[1988][1172]
[22:16:58][jomini_log.cpp:23]: [AUTOMATION_STATS][average_lock][Year][.]:[48][1172]
[22:16:58][jomini_log.cpp:23]: [AUTOMATION_STATS][highest_lock][Year][.]:[136][1172]
[22:16:58][jomini_log.cpp:23]: [AUTOMATION_STATS][average_lock_wait][Year][.]:[11][1172]
[22:16:58][jomini_log.cpp:23]: [AUTOMATION_STATS][highest_lock_wait][Year][.]:[546][1172]
[22:16:58][jomini_log.cpp:23]: [AUTOMATION_STATS][errors][Year][.]:[937][1172]
[22:16:58][jomini_log.cpp:23]: [AUTOMATION_STATS][factions][Year][.]:[233][1172]
[22:21:16][jomini_log.cpp:23]: [AUTOMATION_STATS][living characters][Year][.]:[37301][1173]
[22:21:16][jomini_log.cpp:23]: [AUTOMATION_STATS][pool characters][Year][.]:[8737][1173]
[22:21:16][jomini_log.cpp:23]: [AUTOMATION_STATS][lost pool characters][Year][.]:[4][1173]
[22:21:16][jomini_log.cpp:23]: [AUTOMATION_STATS][court characters][Year][.]:[24807][1173]
[22:21:16][jomini_log.cpp:23]: [AUTOMATION_STATS][ruler characters][Year][.]:[3755][1173]
[22:21:16][jomini_log.cpp:23]: [AUTOMATION_STATS][landed characters][Year][.]:[1810][1173]
[22:21:16][jomini_log.cpp:23]: [AUTOMATION_STATS][playable characters][Year][.]:[1945][1173]
[22:21:16][jomini_log.cpp:23]: [AUTOMATION_STATS][independent ruler characters][Year][.]:[741][1173]
[22:21:16][jomini_log.cpp:23]: [AUTOMATION_STATS][independent ruler characters][Year][.]:[741][1173]
[22:21:16][jomini_log.cpp:23]: [AUTOMATION_STATS][royal court characters][Year][.]:[0][1173]
[22:21:16][jomini_log.cpp:23]: [AUTOMATION_STATS][dead unprunable characters][Year][.]:[46172][1173]
[22:21:16][jomini_log.cpp:23]: [AUTOMATION_STATS][dead potentially prunable characters][Year][.]:[16611][1173]
[22:21:16][jomini_log.cpp:23]: [AUTOMATION_STATS][queued_events][Year][.]:[13335][1173]
[22:21:16][jomini_log.cpp:23]: [AUTOMATION_STATS][wars][Year][.]:[95][1173]
[22:21:16][jomini_log.cpp:23]: [AUTOMATION_STATS][schemes][Year][.]:[1105][1173]
[22:21:16][jomini_log.cpp:23]: [AUTOMATION_STATS][secrets][Year][.]:[4533][1173]
[22:21:16][jomini_log.cpp:23]: [AUTOMATION_STATS][opinions][Year][.]:[77450][1173]
[22:21:16][jomini_log.cpp:23]: [AUTOMATION_STATS][created characters - dummy][Year][.]:[0][1173]
[22:21:16][jomini_log.cpp:23]: [AUTOMATION_STATS][created characters - history][Year][.]:[0][1173]
[22:21:16][jomini_log.cpp:23]: [AUTOMATION_STATS][created characters - birth][Year][.]:[345][1173]
[22:21:16][jomini_log.cpp:23]: [AUTOMATION_STATS][created characters - script][Year][.]:[950][1173]
[22:21:16][jomini_log.cpp:23]: [AUTOMATION_STATS][created characters - pool][Year][.]:[15][1173]
[22:21:16][jomini_log.cpp:23]: [AUTOMATION_STATS][created characters - guests][Year][.]:[0][1173]
[22:21:16][jomini_log.cpp:23]: [AUTOMATION_STATS][created characters - mercenary_companies][Year][.]:[0][1173]
[22:21:16][jomini_log.cpp:23]: [AUTOMATION_STATS][created characters - court_populator][Year][.]:[371][1173]
[22:21:16][jomini_log.cpp:23]: [AUTOMATION_STATS][created characters - great_holy_war][Year][.]:[0][1173]
[22:21:16][jomini_log.cpp:23]: [AUTOMATION_STATS][created characters - succession][Year][.]:[0][1173]
[22:21:16][jomini_log.cpp:23]: [AUTOMATION_STATS][created characters - grant_titles][Year][.]:[4][1173]
[22:21:16][jomini_log.cpp:23]: [AUTOMATION_STATS][created characters - court_populator_guests][Year][.]:[0][1173]
[22:21:16][jomini_log.cpp:23]: [AUTOMATION_STATS][created characters - pool_history][Year][.]:[0][1173]
[22:21:16][jomini_log.cpp:23]: [AUTOMATION_STATS][created characters - ruler_designer][Year][.]:[0][1173]
[22:21:16][jomini_log.cpp:23]: [AUTOMATION_STATS][created characters - total][Year][.]:[1685][1173]
[22:21:16][jomini_log.cpp:23]: [AUTOMATION_STATS][average_lock][Year][.]:[45][1173]
[22:21:16][jomini_log.cpp:23]: [AUTOMATION_STATS][highest_lock][Year][.]:[101][1173]
[22:21:16][jomini_log.cpp:23]: [AUTOMATION_STATS][average_lock_wait][Year][.]:[8][1173]
[22:21:16][jomini_log.cpp:23]: [AUTOMATION_STATS][highest_lock_wait][Year][.]:[96][1173]
[22:21:16][jomini_log.cpp:23]: [AUTOMATION_STATS][errors][Year][.]:[1284][1173]
[22:21:16][jomini_log.cpp:23]: [AUTOMATION_STATS][factions][Year][.]:[231][1173]
[22:26:29][jomini_log.cpp:23]: [AUTOMATION_STATS][living characters][Year][.]:[36996][1174]
[22:26:29][jomini_log.cpp:23]: [AUTOMATION_STATS][pool characters][Year][.]:[8482][1174]
[22:26:29][jomini_log.cpp:23]: [AUTOMATION_STATS][lost pool characters][Year][.]:[7][1174]
[22:26:29][jomini_log.cpp:23]: [AUTOMATION_STATS][court characters][Year][.]:[24758][1174]
[22:26:29][jomini_log.cpp:23]: [AUTOMATION_STATS][ruler characters][Year][.]:[3749][1174]
[22:26:29][jomini_log.cpp:23]: [AUTOMATION_STATS][landed characters][Year][.]:[1808][1174]
[22:26:29][jomini_log.cpp:23]: [AUTOMATION_STATS][playable characters][Year][.]:[1941][1174]
[22:26:29][jomini_log.cpp:23]: [AUTOMATION_STATS][independent ruler characters][Year][.]:[737][1174]
[22:26:29][jomini_log.cpp:23]: [AUTOMATION_STATS][independent ruler characters][Year][.]:[737][1174]
[22:26:29][jomini_log.cpp:23]: [AUTOMATION_STATS][royal court characters][Year][.]:[0][1174]
[22:26:29][jomini_log.cpp:23]: [AUTOMATION_STATS][dead unprunable characters][Year][.]:[46665][1174]
[22:26:29][jomini_log.cpp:23]: [AUTOMATION_STATS][dead potentially prunable characters][Year][.]:[16641][1174]
[22:26:29][jomini_log.cpp:23]: [AUTOMATION_STATS][queued_events][Year][.]:[13468][1174]
[22:26:29][jomini_log.cpp:23]: [AUTOMATION_STATS][wars][Year][.]:[107][1174]
[22:26:29][jomini_log.cpp:23]: [AUTOMATION_STATS][schemes][Year][.]:[1086][1174]
[22:26:29][jomini_log.cpp:23]: [AUTOMATION_STATS][secrets][Year][.]:[4485][1174]
[22:26:29][jomini_log.cpp:23]: [AUTOMATION_STATS][opinions][Year][.]:[77359][1174]
[22:26:29][jomini_log.cpp:23]: [AUTOMATION_STATS][created characters - dummy][Year][.]:[0][1174]
[22:26:29][jomini_log.cpp:23]: [AUTOMATION_STATS][created characters - history][Year][.]:[0][1174]
[22:26:29][jomini_log.cpp:23]: [AUTOMATION_STATS][created characters - birth][Year][.]:[374][1174]
[22:26:29][jomini_log.cpp:23]: [AUTOMATION_STATS][created characters - script][Year][.]:[968][1174]
[22:26:29][jomini_log.cpp:23]: [AUTOMATION_STATS][created characters - pool][Year][.]:[11][1174]
[22:26:29][jomini_log.cpp:23]: [AUTOMATION_STATS][created characters - guests][Year][.]:[0][1174]
[22:26:29][jomini_log.cpp:23]: [AUTOMATION_STATS][created characters - mercenary_companies][Year][.]:[0][1174]
[22:26:29][jomini_log.cpp:23]: [AUTOMATION_STATS][created characters - court_populator][Year][.]:[358][1174]
[22:26:29][jomini_log.cpp:23]: [AUTOMATION_STATS][created characters - great_holy_war][Year][.]:[0][1174]
[22:26:29][jomini_log.cpp:23]: [AUTOMATION_STATS][created characters - succession][Year][.]:[2][1174]
[22:26:29][jomini_log.cpp:23]: [AUTOMATION_STATS][created characters - grant_titles][Year][.]:[2][1174]
[22:26:29][jomini_log.cpp:23]: [AUTOMATION_STATS][created characters - court_populator_guests][Year][.]:[0][1174]
[22:26:29][jomini_log.cpp:23]: [AUTOMATION_STATS][created characters - pool_history][Year][.]:[0][1174]
[22:26:29][jomini_log.cpp:23]: [AUTOMATION_STATS][created characters - ruler_designer][Year][.]:[0][1174]
[22:26:29][jomini_log.cpp:23]: [AUTOMATION_STATS][created characters - total][Year][.]:[1715][1174]
[22:26:29][jomini_log.cpp:23]: [AUTOMATION_STATS][average_lock][Year][.]:[45][1174]
[22:26:29][jomini_log.cpp:23]: [AUTOMATION_STATS][highest_lock][Year][.]:[109][1174]
[22:26:29][jomini_log.cpp:23]: [AUTOMATION_STATS][average_lock_wait][Year][.]:[7][1174]
[22:26:29][jomini_log.cpp:23]: [AUTOMATION_STATS][highest_lock_wait][Year][.]:[39][1174]
[22:26:29][jomini_log.cpp:23]: [AUTOMATION_STATS][errors][Year][.]:[1588][1174]
[22:26:29][jomini_log.cpp:23]: [AUTOMATION_STATS][factions][Year][.]:[230][1174]
[22:39:20][jomini_log.cpp:23]: [AUTOMATION_STATS][living characters][Year][.]:[36850][1175]
[22:39:20][jomini_log.cpp:23]: [AUTOMATION_STATS][pool characters][Year][.]:[8311][1175]
[22:39:20][jomini_log.cpp:23]: [AUTOMATION_STATS][lost pool characters][Year][.]:[12][1175]
[22:39:20][jomini_log.cpp:23]: [AUTOMATION_STATS][court characters][Year][.]:[24771][1175]
[22:39:20][jomini_log.cpp:23]: [AUTOMATION_STATS][ruler characters][Year][.]:[3761][1175]
[22:39:20][jomini_log.cpp:23]: [AUTOMATION_STATS][landed characters][Year][.]:[1819][1175]
[22:39:20][jomini_log.cpp:23]: [AUTOMATION_STATS][playable characters][Year][.]:[1942][1175]
[22:39:20][jomini_log.cpp:23]: [AUTOMATION_STATS][independent ruler characters][Year][.]:[738][1175]
[22:39:20][jomini_log.cpp:23]: [AUTOMATION_STATS][independent ruler characters][Year][.]:[738][1175]
[22:39:20][jomini_log.cpp:23]: [AUTOMATION_STATS][royal court characters][Year][.]:[0][1175]
[22:39:20][jomini_log.cpp:23]: [AUTOMATION_STATS][dead unprunable characters][Year][.]:[47180][1175]
[22:39:20][jomini_log.cpp:23]: [AUTOMATION_STATS][dead potentially prunable characters][Year][.]:[16381][1175]
[22:39:20][jomini_log.cpp:23]: [AUTOMATION_STATS][queued_events][Year][.]:[13186][1175]
[22:39:20][jomini_log.cpp:23]: [AUTOMATION_STATS][wars][Year][.]:[96][1175]
[22:39:20][jomini_log.cpp:23]: [AUTOMATION_STATS][schemes][Year][.]:[1107][1175]
[22:39:20][jomini_log.cpp:23]: [AUTOMATION_STATS][secrets][Year][.]:[4431][1175]
[22:39:20][jomini_log.cpp:23]: [AUTOMATION_STATS][opinions][Year][.]:[76265][1175]
[22:39:20][jomini_log.cpp:23]: [AUTOMATION_STATS][created characters - dummy][Year][.]:[0][1175]
[22:39:20][jomini_log.cpp:23]: [AUTOMATION_STATS][created characters - history][Year][.]:[0][1175]
[22:39:20][jomini_log.cpp:23]: [AUTOMATION_STATS][created characters - birth][Year][.]:[375][1175]
[22:39:20][jomini_log.cpp:23]: [AUTOMATION_STATS][created characters - script][Year][.]:[812][1175]
[22:39:20][jomini_log.cpp:23]: [AUTOMATION_STATS][created characters - pool][Year][.]:[8][1175]
[22:39:20][jomini_log.cpp:23]: [AUTOMATION_STATS][created characters - guests][Year][.]:[0][1175]
[22:39:20][jomini_log.cpp:23]: [AUTOMATION_STATS][created characters - mercenary_companies][