[21:36:14][jominiapplication.cpp:400]: Changing game speed to: 2
[21:37:06][jominiapplication.cpp:400]: Pause Toggled! Paused: false, PlayerID: 0
[21:37:06][jominiapplication.cpp:400]: Processing Tick: 1937.12.1.6
[21:37:08][jominiapplication.cpp:400]: Processing Tick: 1937.12.1.12
[21:37:08][jominiapplication.cpp:400]: Processing Tick: 1937.12.1.18
[21:37:09][jominiapplication.cpp:400]: Processing Tick: 1937.12.2
[21:37:10][jominiapplication.cpp:400]: Processing Tick: 1937.12.2.6
[21:37:11][jominiapplication.cpp:400]: Processing Tick: 1937.12.2.12
[21:37:12][jominiapplication.cpp:400]: Processing Tick: 1937.12.2.18
[21:37:13][jominiapplication.cpp:400]: Processing Tick: 1937.12.3
[21:37:14][jominiapplication.cpp:400]: Processing Tick: 1937.12.3.6
[21:37:15][jominiapplication.cpp:400]: Processing Tick: 1937.12.3.12
[21:37:17][jominiapplication.cpp:400]: Processing Tick: 1937.12.3.18
[21:37:18][jominiapplication.cpp:400]: Processing Tick: 1937.12.4
[21:37:19][jominiapplication.cpp:400]: Processing Tick: 1937.12.4.6
[21:37:20][jominiapplication.cpp:400]: Processing Tick: 1937.12.4.12
[21:37:21][jominiapplication.cpp:400]: Processing Tick: 1937.12.4.18
[21:37:22][jominiapplication.cpp:400]: Processing Tick: 1937.12.5
[21:37:26][jominiapplication.cpp:400]: Processing Tick: 1937.12.5.6
[21:37:28][jominiapplication.cpp:400]: Processing Tick: 1937.12.5.12
[21:37:29][jominiapplication.cpp:400]: Processing Tick: 1937.12.5.18
[21:37:29][jominiapplication.cpp:400]: Processing Tick: 1937.12.6
[21:37:31][jominiapplication.cpp:400]: Processing Tick: 1937.12.6.6
[21:37:32][jominiapplication.cpp:400]: Processing Tick: 1937.12.6.12
[21:37:32][jominiapplication.cpp:400]: Processing Tick: 1937.12.6.18
[21:37:33][jominiapplication.cpp:400]: Processing Tick: 1937.12.7
[21:37:34][jominiapplication.cpp:400]: Processing Tick: 1937.12.7.6
[21:37:35][jominiapplication.cpp:400]: Processing Tick: 1937.12.7.12
[21:37:36][jominiapplication.cpp:400]: Processing Tick: 1937.12.7.18
[21:37:37][jominiapplication.cpp:400]: Processing Tick: 1937.12.8
[21:37:38][jominiapplication.cpp:400]: Processing Tick: 1937.12.8.6
[21:37:39][jominiapplication.cpp:400]: Processing Tick: 1937.12.8.12
[21:37:40][jominiapplication.cpp:400]: Processing Tick: 1937.12.8.18
[21:37:41][jominiapplication.cpp:400]: Processing Tick: 1937.12.9
[21:37:42][jominiapplication.cpp:400]: Processing Tick: 1937.12.9.6
[21:37:43][jominiapplication.cpp:400]: Processing Tick: 1937.12.9.12
[21:37:43][jominiapplication.cpp:400]: Processing Tick: 1937.12.9.18
[21:37:44][jominiapplication.cpp:400]: Processing Tick: 1937.12.10
[21:37:46][jominiapplication.cpp:400]: Processing Tick: 1937.12.10.6
[21:37:46][jominiapplication.cpp:400]: Processing Tick: 1937.12.10.12
[21:37:47][jominiapplication.cpp:400]: Processing Tick: 1937.12.10.18
[21:37:48][jominiapplication.cpp:400]: Processing Tick: 1937.12.11
[21:37:49][jominiapplication.cpp:400]: Processing Tick: 1937.12.11.6
[21:37:50][jominiapplication.cpp:400]: Processing Tick: 1937.12.11.12
[21:37:51][jominiapplication.cpp:400]: Processing Tick: 1937.12.11.18
[21:37:52][jominiapplication.cpp:400]: Processing Tick: 1937.12.12
[21:37:55][jominiapplication.cpp:400]: Processing Tick: 1937.12.12.6
[21:37:56][jominiapplication.cpp:400]: Processing Tick: 1937.12.12.12
[21:37:57][jominiapplication.cpp:400]: Processing Tick: 1937.12.12.18
[21:37:57][jominiapplication.cpp:400]: Processing Tick: 1937.12.13
[21:37:59][jominiapplication.cpp:400]: Processing Tick: 1937.12.13.6
[21:37:59][jominiapplication.cpp:400]: Processing Tick: 1937.12.13.12
[21:38:00][jominiapplication.cpp:400]: Processing Tick: 1937.12.13.18
[21:38:02][jominiapplication.cpp:400]: Processing Tick: 1937.12.14
[21:38:03][jominiapplication.cpp:400]: Processing Tick: 1937.12.14.6
[21:38:04][jominiapplication.cpp:400]: Processing Tick: 1937.12.14.12
[21:38:04][jominiapplication.cpp:400]: Processing Tick: 1937.12.14.18
[21:38:05][jominiapplication.cpp:400]: Processing Tick: 1937.12.15
[21:38:07][jominiapplication.cpp:400]: Processing Tick: 1937.12.15.6
[21:38:07][jominiapplication.cpp:400]: Processing Tick: 1937.12.15.12
[21:38:08][jominiapplication.cpp:400]: Processing Tick: 1937.12.15.18
[21:38:09][jominiapplication.cpp:400]: Processing Tick: 1937.12.16
[21:38:10][jominiapplication.cpp:400]: Processing Tick: 1937.12.16.6
[21:38:11][jominiapplication.cpp:400]: Processing Tick: 1937.12.16.12
[21:38:12][jominiapplication.cpp:400]: Processing Tick: 1937.12.16.18
[21:38:13][jominiapplication.cpp:400]: Processing Tick: 1937.12.17
[21:38:14][jominiapplication.cpp:400]: Processing Tick: 1937.12.17.6
[21:38:15][jominiapplication.cpp:400]: Processing Tick: 1937.12.17.12
[21:38:16][jominiapplication.cpp:400]: Processing Tick: 1937.12.17.18
[21:38:16][jominiapplication.cpp:400]: Processing Tick: 1937.12.18
[21:38:18][jominiapplication.cpp:400]: Processing Tick: 1937.12.18.6
[21:38:18][jominiapplication.cpp:400]: Processing Tick: 1937.12.18.12
[21:38:19][jominiapplication.cpp:400]: Processing Tick: 1937.12.18.18
[21:38:20][jominiapplication.cpp:400]: Processing Tick: 1937.12.19
[21:38:23][jominiapplication.cpp:400]: Processing Tick: 1937.12.19.6
[21:38:24][jominiapplication.cpp:400]: Processing Tick: 1937.12.19.12
[21:38:25][jominiapplication.cpp:400]: Processing Tick: 1937.12.19.18
[21:38:26][jominiapplication.cpp:400]: Processing Tick: 1937.12.20
[21:38:28][jominiapplication.cpp:400]: Processing Tick: 1937.12.20.6
[21:38:28][jominiapplication.cpp:400]: Processing Tick: 1937.12.20.12
[21:38:29][jominiapplication.cpp:400]: Processing Tick: 1937.12.20.18
[21:38:30][jominiapplication.cpp:400]: Processing Tick: 1937.12.21
[21:38:31][jominiapplication.cpp:400]: Processing Tick: 1937.12.21.6
[21:38:32][jominiapplication.cpp:400]: Processing Tick: 1937.12.21.12
[21:38:32][jominiapplication.cpp:400]: Processing Tick: 1937.12.21.18
[21:38:33][jominiapplication.cpp:400]: Processing Tick: 1937.12.22
[21:38:34][jominiapplication.cpp:400]: Processing Tick: 1937.12.22.6
[21:38:35][jominiapplication.cpp:400]: Processing Tick: 1937.12.22.12
[21:38:36][jominiapplication.cpp:400]: Processing Tick: 1937.12.22.18
[21:38:37][jominiapplication.cpp:400]: Processing Tick: 1937.12.23
[21:38:38][jominiapplication.cpp:400]: Processing Tick: 1937.12.23.6
[21:38:39][jominiapplication.cpp:400]: Processing Tick: 1937.12.23.12
[21:38:40][jominiapplication.cpp:400]: Processing Tick: 1937.12.23.18
[21:38:41][jominiapplication.cpp:400]: Processing Tick: 1937.12.24
[21:38:42][jominiapplication.cpp:400]: Processing Tick: 1937.12.24.6
[21:38:43][jominiapplication.cpp:400]: Processing Tick: 1937.12.24.12
[21:38:44][jominiapplication.cpp:400]: Processing Tick: 1937.12.24.18
[21:38:44][jominiapplication.cpp:400]: Processing Tick: 1937.12.25
[21:38:46][jominiapplication.cpp:400]: Processing Tick: 1937.12.25.6
[21:38:47][jominiapplication.cpp:400]: Processing Tick: 1937.12.25.12
[21:38:47][jominiapplication.cpp:400]: Processing Tick: 1937.12.25.18
[21:38:48][jominiapplication.cpp:400]: Processing Tick: 1937.12.26
[21:38:51][jominiapplication.cpp:400]: Processing Tick: 1937.12.26.6
[21:38:52][jominiapplication.cpp:400]: Processing Tick: 1937.12.26.12
[21:38:53][jominiapplication.cpp:400]: Processing Tick: 1937.12.26.18
[21:38:54][jominiapplication.cpp:400]: Processing Tick: 1937.12.27
[21:38:55][jominiapplication.cpp:400]: Processing Tick: 1937.12.27.6
[21:38:56][jominiapplication.cpp:400]: Processing Tick: 1937.12.27.12
[21:38:57][jominiapplication.cpp:400]: Processing Tick: 1937.12.27.18
[21:38:58][jominiapplication.cpp:400]: Processing Tick: 1937.12.28
[21:38:59][jominiapplication.cpp:400]: Processing Tick: 1937.12.28.6
[21:39:00][jominiapplication.cpp:400]: Processing Tick: 1937.12.28.12
[21:39:00][jominiapplication.cpp:400]: Processing Tick: 1937.12.28.18
[21:39:01][jominiapplication.cpp:400]: Processing Tick: 1937.12.29
[21:39:02][jominiapplication.cpp:400]: Processing Tick: 1937.12.29.6
[21:39:03][jominiapplication.cpp:400]: Processing Tick: 1937.12.29.12
[21:39:04][jominiapplication.cpp:400]: Processing Tick: 1937.12.29.18
[21:39:05][jominiapplication.cpp:400]: Processing Tick: 1937.12.30
[21:39:06][jominiapplication.cpp:400]: Processing Tick: 1937.12.30.6
[21:39:07][jominiapplication.cpp:400]: Processing Tick: 1937.12.30.12
[21:39:08][jominiapplication.cpp:400]: Processing Tick: 1937.12.30.18
[21:39:09][jominiapplication.cpp:400]: Processing Tick: 1937.12.31
[21:39:10][jominiapplication.cpp:400]: Processing Tick: 1937.12.31.6
[21:39:11][jominiapplication.cpp:400]: Processing Tick: 1937.12.31.12
[21:39:12][jominiapplication.cpp:400]: Processing Tick: 1937.12.31.18
[21:39:13][jominiapplication.cpp:400]: Processing Tick: 1938.1.1
[21:39:17][jominiapplication.cpp:400]: Processing Tick: 1938.1.1.6
[21:39:18][jominiapplication.cpp:400]: Processing Tick: 1938.1.1.12
[21:39:19][jominiapplication.cpp:400]: Processing Tick: 1938.1.1.18
[21:39:19][jominiapplication.cpp:400]: Processing Tick: 1938.1.2
[21:39:22][jominiapplication.cpp:400]: Processing Tick: 1938.1.2.6
[21:39:23][jominiapplication.cpp:400]: Processing Tick: 1938.1.2.12
[21:39:24][jominiapplication.cpp:400]: Processing Tick: 1938.1.2.18
[21:39:26][jominiapplication.cpp:400]: Processing Tick: 1938.1.3
[21:39:27][jominiapplication.cpp:400]: Processing Tick: 1938.1.3.6
[21:39:28][jominiapplication.cpp:400]: Processing Tick: 1938.1.3.12
[21:39:29][jominiapplication.cpp:400]: Processing Tick: 1938.1.3.18
[21:39:30][jominiapplication.cpp:400]: Processing Tick: 1938.1.4
[21:39:31][jominiapplication.cpp:400]: Processing Tick: 1938.1.4.6
[21:39:32][jominiapplication.cpp:400]: Processing Tick: 1938.1.4.12
[21:39:33][jominiapplication.cpp:400]: Processing Tick: 1938.1.4.18
[21:39:34][jominiapplication.cpp:400]: Processing Tick: 1938.1.5
[21:39:35][jominiapplication.cpp:400]: Processing Tick: 1938.1.5.6
[21:39:36][jominiapplication.cpp:400]: Processing Tick: 1938.1.5.12
[21:39:37][jominiapplication.cpp:400]: Processing Tick: 1938.1.5.18
[21:39:38][jominiapplication.cpp:400]: Processing Tick: 1938.1.6
[21:39:39][jominiapplication.cpp:400]: Processing Tick: 1938.1.6.6
[21:39:39][jominiapplication.cpp:400]: Processing Tick: 1938.1.6.12
[21:39:41][jominiapplication.cpp:400]: Processing Tick: 1938.1.6.18
[21:39:41][jominiapplication.cpp:400]: Processing Tick: 1938.1.7
[21:39:42][jominiapplication.cpp:400]: Processing Tick: 1938.1.7.6
[21:39:43][jominiapplication.cpp:400]: Processing Tick: 1938.1.7.12
[21:39:44][jominiapplication.cpp:400]: Processing Tick: 1938.1.7.18
[21:39:45][jominiapplication.cpp:400]: Processing Tick: 1938.1.8
[21:39:46][jominiapplication.cpp:400]: Processing Tick: 1938.1.8.6
[21:39:47][jominiapplication.cpp:400]: Processing Tick: 1938.1.8.12
[21:39:48][jominiapplication.cpp:400]: Processing Tick: 1938.1.8.18
[21:39:48][jominiapplication.cpp:400]: Processing Tick: 1938.1.9
[21:39:52][jominiapplication.cpp:400]: Processing Tick: 1938.1.9.6
[21:39:52][jominiapplication.cpp:400]: Processing Tick: 1938.1.9.12
[21:39:53][jominiapplication.cpp:400]: Processing Tick: 1938.1.9.18
[21:39:54][jominiapplication.cpp:400]: Processing Tick: 1938.1.10
[21:39:55][jominiapplication.cpp:400]: Processing Tick: 1938.1.10.6
[21:39:56][jominiapplication.cpp:400]: Processing Tick: 1938.1.10.12
[21:39:57][jominiapplication.cpp:400]: Processing Tick: 1938.1.10.18
[21:39:58][jominiapplication.cpp:400]: Processing Tick: 1938.1.11
[21:39:59][jominiapplication.cpp:400]: Processing Tick: 1938.1.11.6
[21:39:59][jominiapplication.cpp:400]: Processing Tick: 1938.1.11.12
[21:40:01][jominiapplication.cpp:400]: Processing Tick: 1938.1.11.18
[21:40:01][jominiapplication.cpp:400]: Processing Tick: 1938.1.12
[21:40:02][jominiapplication.cpp:400]: Processing Tick: 1938.1.12.6
[21:40:03][jominiapplication.cpp:400]: Processing Tick: 1938.1.12.12
[21:40:04][jominiapplication.cpp:400]: Processing Tick: 1938.1.12.18
[21:40:05][jominiapplication.cpp:400]: Processing Tick: 1938.1.13
[21:40:06][jominiapplication.cpp:400]: Processing Tick: 1938.1.13.6
[21:40:07][jominiapplication.cpp:400]: Processing Tick: 1938.1.13.12
[21:40:07][jominiapplication.cpp:400]: Processing Tick: 1938.1.13.18
[21:40:08][jominiapplication.cpp:400]: Processing Tick: 1938.1.14
[21:40:10][jominiapplication.cpp:400]: Processing Tick: 1938.1.14.6
[21:40:10][jominiapplication.cpp:400]: Processing Tick: 1938.1.14.12
[21:40:11][jominiapplication.cpp:400]: Processing Tick: 1938.1.14.18
[21:40:12][jominiapplication.cpp:400]: Processing Tick: 1938.1.15
[21:40:13][jominiapplication.cpp:400]: Processing Tick: 1938.1.15.6
[21:40:15][jominiapplication.cpp:400]: Processing Tick: 1938.1.15.12
[21:40:15][jominiapplication.cpp:400]: Processing Tick: 1938.1.15.18
[21:40:16][jominiapplication.cpp:400]: Processing Tick: 1938.1.16
[21:40:19][jominiapplication.cpp:400]: Processing Tick: 1938.1.16.6
[21:40:20][jominiapplication.cpp:400]: Processing Tick: 1938.1.16.12
[21:40:21][jominiapplication.cpp:400]: Processing Tick: 1938.1.16.18
[21:40:22][jominiapplication.cpp:400]: Processing Tick: 1938.1.17
[21:40:23][jominiapplication.cpp:400]: Processing Tick: 1938.1.17.6
[21:40:24][jominiapplication.cpp:400]: Processing Tick: 1938.1.17.12
[21:40:25][jominiapplication.cpp:400]: Processing Tick: 1938.1.17.18
[21:40:26][jominiapplication.cpp:400]: Processing Tick: 1938.1.18
[21:40:27][jominiapplication.cpp:400]: Processing Tick: 1938.1.18.6
[21:40:29][jominiapplication.cpp:400]: Processing Tick: 1938.1.18.12
[21:40:30][jominiapplication.cpp:400]: Processing Tick: 1938.1.18.18
[21:40:31][jominiapplication.cpp:400]: Processing Tick: 1938.1.19
[21:40:33][jominiapplication.cpp:400]: Processing Tick: 1938.1.19.6
[21:40:34][jominiapplication.cpp:400]: Processing Tick: 1938.1.19.12
[21:40:36][jominiapplication.cpp:400]: Processing Tick: 1938.1.19.18
[21:40:37][jominiapplication.cpp:400]: Processing Tick: 1938.1.20
[21:40:38][jominiapplication.cpp:400]: Processing Tick: 1938.1.20.6
[21:40:40][jominiapplication.cpp:400]: Processing Tick: 1938.1.20.12
[21:40:41][jominiapplication.cpp:400]: Processing Tick: 1938.1.20.18
[21:40:42][jominiapplication.cpp:400]: Processing Tick: 1938.1.21
[21:40:43][jominiapplication.cpp:400]: Processing Tick: 1938.1.21.6
[21:40:44][jominiapplication.cpp:400]: Processing Tick: 1938.1.21.12
[21:40:46][jominiapplication.cpp:400]: Processing Tick: 1938.1.21.18
[21:40:47][jominiapplication.cpp:400]: Processing Tick: 1938.1.22
[21:40:49][jominiapplication.cpp:400]: Processing Tick: 1938.1.22.6
[21:40:50][jominiapplication.cpp:400]: Processing Tick: 1938.1.22.12
[21:40:51][jominiapplication.cpp:400]: Processing Tick: 1938.1.22.18
[21:40:53][jominiapplication.cpp:400]: Processing Tick: 1938.1.23
[21:40:57][jominiapplication.cpp:400]: Processing Tick: 1938.1.23.6
[21:40:58][jominiapplication.cpp:400]: Processing Tick: 1938.1.23.12
[21:40:59][jominiapplication.cpp:400]: Processing Tick: 1938.1.23.18
[21:41:00][jominiapplication.cpp:400]: Processing Tick: 1938.1.24
[21:41:02][jominiapplication.cpp:400]: Processing Tick: 1938.1.24.6
[21:41:03][jominiapplication.cpp:400]: Processing Tick: 1938.1.24.12
[21:41:04][jominiapplication.cpp:400]: Processing Tick: 1938.1.24.18
[21:41:05][jominiapplication.cpp:400]: Processing Tick: 1938.1.25
[21:41:07][jominiapplication.cpp:400]: Processing Tick: 1938.1.25.6
[21:41:08][jominiapplication.cpp:400]: Processing Tick: 1938.1.25.12
[21:41:09][jominiapplication.cpp:400]: Processing Tick: 1938.1.25.18
[21:41:10][jominiapplication.cpp:400]: Processing Tick: 1938.1.26
[21:41:12][jominiapplication.cpp:400]: Processing Tick: 1938.1.26.6
[21:41:13][jominiapplication.cpp:400]: Processing Tick: 1938.1.26.12
[21:41:15][jominiapplication.cpp:400]: Processing Tick: 1938.1.26.18
[21:41:15][jominiapplication.cpp:400]: Processing Tick: 1938.1.27
[21:41:17][jominiapplication.cpp:400]: Processing Tick: 1938.1.27.6
[21:41:18][jominiapplication.cpp:400]: Processing Tick: 1938.1.27.12
[21:41:19][jominiapplication.cpp:400]: Processing Tick: 1938.1.27.18
[21:41:21][jominiapplication.cpp:400]: Processing Tick: 1938.1.28
[21:41:22][jominiapplication.cpp:400]: Processing Tick: 1938.1.28.6
[21:41:23][jominiapplication.cpp:400]: Processing Tick: 1938.1.28.12
[21:41:24][jominiapplication.cpp:400]: Processing Tick: 1938.1.28.18
[21:41:25][jominiapplication.cpp:400]: Processing Tick: 1938.1.29
[21:41:27][jominiapplication.cpp:400]: Processing Tick: 1938.1.29.6
[21:41:28][jominiapplication.cpp:400]: Processing Tick: 1938.1.29.12
[21:41:29][jominiapplication.cpp:400]: Processing Tick: 1938.1.29.18
[21:41:30][jominiapplication.cpp:400]: Processing Tick: 1938.1.30
[21:41:34][jominiapplication.cpp:400]: Processing Tick: 1938.1.30.6
[21:41:35][jominiapplication.cpp:400]: Processing Tick: 1938.1.30.12
[21:41:36][jominiapplication.cpp:400]: Processing Tick: 1938.1.30.18
[21:41:37][jominiapplication.cpp:400]: Processing Tick: 1938.1.31
[21:41:38][jominiapplication.cpp:400]: Processing Tick: 1938.1.31.6
[21:41:39][jominiapplication.cpp:400]: Processing Tick: 1938.1.31.12
[21:41:41][jominiapplication.cpp:400]: Processing Tick: 1938.1.31.18
[21:41:41][jominiapplication.cpp:400]: Processing Tick: 1938.2.1
[21:41:46][jominiapplication.cpp:400]: Processing Tick: 1938.2.1.6
[21:41:47][jominiapplication.cpp:400]: Processing Tick: 1938.2.1.12
[21:41:48][jominiapplication.cpp:400]: Processing Tick: 1938.2.1.18
[21:41:49][jominiapplication.cpp:400]: Processing Tick: 1938.2.2
[21:41:50][jominiapplication.cpp:400]: Processing Tick: 1938.2.2.6
[21:41:51][jominiapplication.cpp:400]: Processing Tick: 1938.2.2.12
[21:41:52][jominiapplication.cpp:400]: Processing Tick: 1938.2.2.18
[21:41:53][jominiapplication.cpp:400]: Processing Tick: 1938.2.3
[21:41:55][jominiapplication.cpp:400]: Processing Tick: 1938.2.3.6
[21:41:56][jominiapplication.cpp:400]: Processing Tick: 1938.2.3.12
[21:41:56][jominiapplication.cpp:400]: Processing Tick: 1938.2.3.18
[21:41:57][jominiapplication.cpp:400]: Processing Tick: 1938.2.4
[21:41:59][jominiapplication.cpp:400]: Processing Tick: 1938.2.4.6
[21:42:00][jominiapplication.cpp:400]: Processing Tick: 1938.2.4.12
[21:42:01][jominiapplication.cpp:400]: Processing Tick: 1938.2.4.18
[21:42:02][jominiapplication.cpp:400]: Processing Tick: 1938.2.5
[21:42:03][jominiapplication.cpp:400]: Processing Tick: 1938.2.5.6
[21:42:04][jominiapplication.cpp:400]: Processing Tick: 1938.2.5.12
[21:42:05][jominiapplication.cpp:400]: Processing Tick: 1938.2.5.18
[21:42:06][jominiapplication.cpp:400]: Processing Tick: 1938.2.6
[21:42:09][jominiapplication.cpp:400]: Pause Toggled! Paused: true, PlayerID: 1
[21:42:41][jominiapplication.cpp:400]: Pause Toggled! Paused: false, PlayerID: 0
[21:42:41][jominiapplication.cpp:400]: Processing Tick: 1938.2.6.6
[21:42:42][jominiapplication.cpp:400]: Processing Tick: 1938.2.6.12
[21:42:43][jominiapplication.cpp:400]: Processing Tick: 1938.2.6.18
[21:42:45][jominiapplication.cpp:400]: Processing Tick: 1938.2.7
[21:42:47][jominiapplication.cpp:400]: Processing Tick: 1938.2.7.6
[21:42:48][jominiapplication.cpp:400]: Processing Tick: 1938.2.7.12
[21:42:49][jominiapplication.cpp:400]: Processing Tick: 1938.2.7.18
[21:42:50][jominiapplication.cpp:400]: Processing Tick: 1938.2.8
[21:42:52][jominiapplication.cpp:400]: Processing Tick: 1938.2.8.6
[21:42:53][jominiapplication.cpp:400]: Processing Tick: 1938.2.8.12
[21:42:54][jominiapplication.cpp:400]: Processing Tick: 1938.2.8.18
[21:42:55][jominiapplication.cpp:400]: Processing Tick: 1938.2.9
[21:42:57][jominiapplication.cpp:400]: Processing Tick: 1938.2.9.6
[21:42:58][jominiapplication.cpp:400]: Processing Tick: 1938.2.9.12
[21:42:59][jominiapplication.cpp:400]: Processing Tick: 1938.2.9.18
[21:42:59][jominiapplication.cpp:400]: Processing Tick: 1938.2.10
[21:43:00][jominiapplication.cpp:400]: Processing Tick: 1938.2.10.6
[21:43:01][jominiapplication.cpp:400]: Processing Tick: 1938.2.10.12
[21:43:02][jominiapplication.cpp:400]: Processing Tick: 1938.2.10.18
[21:43:03][jominiapplication.cpp:400]: Processing Tick: 1938.2.11
[21:43:04][jominiapplication.cpp:400]: Processing Tick: 1938.2.11.6
[21:43:05][jominiapplication.cpp:400]: Processing Tick: 1938.2.11.12
[21:43:06][jominiapplication.cpp:400]: Processing Tick: 1938.2.11.18
[21:43:07][jominiapplication.cpp:400]: Processing Tick: 1938.2.12
[21:43:08][jominiapplication.cpp:400]: Processing Tick: 1938.2.12.6
[21:43:09][jominiapplication.cpp:400]: Processing Tick: 1938.2.12.12
[21:43:10][jominiapplication.cpp:400]: Processing Tick: 1938.2.12.18
[21:43:11][jominiapplication.cpp:400]: Processing Tick: 1938.2.13
[21:43:16][jominiapplication.cpp:400]: Processing Tick: 1938.2.13.6
[21:43:17][jominiapplication.cpp:400]: Processing Tick: 1938.2.13.12
[21:43:18][jominiapplication.cpp:400]: Processing Tick: 1938.2.13.18
[21:43:19][jominiapplication.cpp:400]: Processing Tick: 1938.2.14
[21:43:21][jominiapplication.cpp:400]: Processing Tick: 1938.2.14.6
[21:43:23][jominiapplication.cpp:400]: Processing Tick: 1938.2.14.12
[21:43:24][jominiapplication.cpp:400]: Processing Tick: 1938.2.14.18
[21:43:25][jominiapplication.cpp:400]: Processing Tick: 1938.2.15
[21:43:26][jominiapplication.cpp:400]: Processing Tick: 1938.2.15.6
[21:43:28][jominiapplication.cpp:400]: Processing Tick: 1938.2.15.12
[21:43:29][jominiapplication.cpp:400]: Processing Tick: 1938.2.15.18
[21:43:30][jominiapplication.cpp:400]: Processing Tick: 1938.2.16
[21:43:31][jominiapplication.cpp:400]: Processing Tick: 1938.2.16.6
[21:43:32][jominiapplication.cpp:400]: Processing Tick: 1938.2.16.12
[21:43:33][jominiapplication.cpp:400]: Processing Tick: 1938.2.16.18
[21:43:34][jominiapplication.cpp:400]: Processing Tick: 1938.2.17
[21:43:35][jominiapplication.cpp:400]: Processing Tick: 1938.2.17.6
[21:43:36][jominiapplication.cpp:400]: Processing Tick: 1938.2.17.12
[21:43:36][jominiapplication.cpp:400]: Processing Tick: 1938.2.17.18
[21:43:37][jominiapplication.cpp:400]: Processing Tick: 1938.2.18
[21:43:39][jominiapplication.cpp:400]: Processing Tick: 1938.2.18.6
[21:43:39][jominiapplication.cpp:400]: Processing Tick: 1938.2.18.12
[21:43:40][jominiapplication.cpp:400]: Processing Tick: 1938.2.18.18
[21:43:41][jominiapplication.cpp:400]: Processing Tick: 1938.2.19
[21:43:42][jominiapplication.cpp:400]: Processing Tick: 1938.2.19.6
[21:43:43][jominiapplication.cpp:400]: Processing Tick: 1938.2.19.12
[21:43:45][jominiapplication.cpp:400]: Processing Tick: 1938.2.19.18
[21:43:46][jominiapplication.cpp:400]: Processing Tick: 1938.2.20
[21:43:52][jominiapplication.cpp:400]: Processing Tick: 1938.2.20.6
[21:43:54][jominiapplication.cpp:400]: Processing Tick: 1938.2.20.12
[21:43:56][jominiapplication.cpp:400]: Processing Tick: 1938.2.20.18
[21:43:57][jominiapplication.cpp:400]: Processing Tick: 1938.2.21
[21:43:59][jominiapplication.cpp:400]: Processing Tick: 1938.2.21.6
[21:44:01][jominiapplication.cpp:400]: Processing Tick: 1938.2.21.12
[21:44:03][jominiapplication.cpp:400]: Processing Tick: 1938.2.21.18
[21:44:05][jominiapplication.cpp:400]: Processing Tick: 1938.2.22
[21:44:08][jominiapplication.cpp:400]: Processing Tick: 1938.2.22.6
[21:44:09][jominiapplication.cpp:400]: Processing Tick: 1938.2.22.12
[21:44:11][jominiapplication.cpp:400]: Processing Tick: 1938.2.22.18
[21:44:13][jominiapplication.cpp:400]: Processing Tick: 1938.2.23
[21:44:15][jominiapplication.cpp:400]: Processing Tick: 1938.2.23.6
[21:44:16][jominiapplication.cpp:400]: Processing Tick: 1938.2.23.12
[21:44:17][jominiapplication.cpp:400]: Processing Tick: 1938.2.23.18
[21:44:18][jominiapplication.cpp:400]: Processing Tick: 1938.2.24
[21:44:20][jominiapplication.cpp:400]: Processing Tick: 1938.2.24.6
[21:44:21][jominiapplication.cpp:400]: Processing Tick: 1938.2.24.12
[21:44:22][jominiapplication.cpp:400]: Processing Tick: 1938.2.24.18
[21:44:23][jominiapplication.cpp:400]: Processing Tick: 1938.2.25
[21:44:24][jominiapplication.cpp:400]: Processing Tick: 1938.2.25.6
[21:44:25][jominiapplication.cpp:400]: Processing Tick: 1938.2.25.12
[21:44:26][jominiapplication.cpp:400]: Processing Tick: 1938.2.25.18
[21:44:27][jominiapplication.cpp:400]: Processing Tick: 1938.2.26
[21:44:28][jominiapplication.cpp:400]: Processing Tick: 1938.2.26.6
[21:44:30][jominiapplication.cpp:400]: Processing Tick: 1938.2.26.12
[21:44:31][jominiapplication.cpp:400]: Processing Tick: 1938.2.26.18
[21:44:32][jominiapplication.cpp:400]: Processing Tick: 1938.2.27
[21:44:37][jominiapplication.cpp:400]: Processing Tick: 1938.2.27.6
[21:44:38][jominiapplication.cpp:400]: Processing Tick: 1938.2.27.12
[21:44:39][jominiapplication.cpp:400]: Processing Tick: 1938.2.27.18
[21:44:40][jominiapplication.cpp:400]: Processing Tick: 1938.2.28
[21:44:43][jominiapplication.cpp:400]: Processing Tick: 1938.2.28.6
[21:44:44][jominiapplication.cpp:400]: Processing Tick: 1938.2.28.12
[21:44:45][jominiapplication.cpp:400]: Processing Tick: 1938.2.28.18
[21:44:46][jominiapplication.cpp:400]: Processing Tick: 1938.3.1
[21:44:51][jominiapplication.cpp:400]: Processing Tick: 1938.3.1.6
[21:44:52][jominiapplication.cpp:400]: Processing Tick: 1938.3.1.12
[21:44:53][jominiapplication.cpp:400]: Processing Tick: 1938.3.1.18
[21:44:54][jominiapplication.cpp:400]: Processing Tick: 1938.3.2
[21:44:55][jominiapplication.cpp:400]: Processing Tick: 1938.3.2.6
[21:44:56][jominiapplication.cpp:400]: Processing Tick: 1938.3.2.12
[21:44:57][jominiapplication.cpp:400]: Processing Tick: 1938.3.2.18
[21:44:57][jominiapplication.cpp:400]: Processing Tick: 1938.3.3
[21:44:59][jominiapplication.cpp:400]: Processing Tick: 1938.3.3.6
[21:44:59][jominiapplication.cpp:400]: Processing Tick: 1938.3.3.12
[21:45:00][jominiapplication.cpp:400]: Processing Tick: 1938.3.3.18
[21:45:01][jominiapplication.cpp:400]: Processing Tick: 1938.3.4
[21:45:03][jominiapplication.cpp:400]: Processing Tick: 1938.3.4.6
[21:45:03][jominiapplication.cpp:400]: Processing Tick: 1938.3.4.12
[21:45:04][jominiapplication.cpp:400]: Processing Tick: 1938.3.4.18
[21:45:05][jominiapplication.cpp:400]: Processing Tick: 1938.3.5
[21:45:07][jominiapplication.cpp:400]: Processing Tick: 1938.3.5.6
[21:45:08][jominiapplication.cpp:400]: Processing Tick: 1938.3.5.12
[21:45:08][jominiapplication.cpp:400]: Processing Tick: 1938.3.5.18
[21:45:09][jominiapplication.cpp:400]: Processing Tick: 1938.3.6
[21:45:13][jominiapplication.cpp:400]: Processing Tick: 1938.3.6.6
[21:45:16][jominiapplication.cpp:400]: Processing Tick: 1938.3.6.12
[21:45:17][jominiapplication.cpp:400]: Processing Tick: 1938.3.6.18
[21:45:18][jominiapplication.cpp:400]: Processing Tick: 1938.3.7
[21:45:21][jominiapplication.cpp:400]: Processing Tick: 1938.3.7.6
[21:45:22][jominiapplication.cpp:400]: Processing Tick: 1938.3.7.12
[21:45:24][jominiapplication.cpp:400]: Processing Tick: 1938.3.7.18
[21:45:26][jominiapplication.cpp:400]: Processing Tick: 1938.3.8
[21:45:28][jominiapplication.cpp:400]: Processing Tick: 1938.3.8.6
[21:45:30][jominiapplication.cpp:400]: Processing Tick: 1938.3.8.12
[21:45:31][jominiapplication.cpp:400]: Processing Tick: 1938.3.8.18
[21:45:33][jominiapplication.cpp:400]: Processing Tick: 1938.3.9
[21:45:35][jominiapplication.cpp:400]: Processing Tick: 1938.3.9.6
[21:45:36][jominiapplication.cpp:400]: Processing Tick: 1938.3.9.12
[21:45:37][jominiapplication.cpp:400]: Processing Tick: 1938.3.9.18
[21:45:38][jominiapplication.cpp:400]: Processing Tick: 1938.3.10
[21:45:40][jominiapplication.cpp:400]: Processing Tick: 1938.3.10.6
[21:45:41][jominiapplication.cpp:400]: Processing Tick: 1938.3.10.12
[21:45:42][jominiapplication.cpp:400]: Processing Tick: 1938.3.10.18
[21:45:43][jominiapplication.cpp:400]: Processing Tick: 1938.3.11
[21:45:44][jominiapplication.cpp:400]: Processing Tick: 1938.3.11.6
[21:45:46][jominiapplication.cpp:400]: Processing Tick: 1938.3.11.12
[21:45:47][jominiapplication.cpp:400]: Processing Tick: 1938.3.11.18
[21:45:48][jominiapplication.cpp:400]: Processing Tick: 1938.3.12
[21:45:49][jominiapplication.cpp:400]: Processing Tick: 1938.3.12.6
[21:45:50][jominiapplication.cpp:400]: Processing Tick: 1938.3.12.12
[21:45:52][jominiapplication.cpp:400]: Processing Tick: 1938.3.12.18
[21:45:52][jominiapplication.cpp:400]: Processing Tick: 1938.3.13
[21:45:57][jominiapplication.cpp:400]: Processing Tick: 1938.3.13.6
[21:45:58][jominiapplication.cpp:400]: Processing Tick: 1938.3.13.12
[21:45:59][jominiapplication.cpp:400]: Processing Tick: 1938.3.13.18
[21:46:00][jominiapplication.cpp:400]: Processing Tick: 1938.3.14
[21:46:02][jominiapplication.cpp:400]: Processing Tick: 1938.3.14.6
[21:46:03][jominiapplication.cpp:400]: Processing Tick: 1938.3.14.12
[21:46:04][jominiapplication.cpp:400]: Processing Tick: 1938.3.14.18
[21:46:05][jominiapplication.cpp:400]: Processing Tick: 1938.3.15
[21:46:07][jominiapplication.cpp:400]: Processing Tick: 1938.3.15.6
[21:46:08][jominiapplication.cpp:400]: Processing Tick: 1938.3.15.12
[21:46:09][jominiapplication.cpp:400]: Processing Tick: 1938.3.15.18
[21:46:09][jominiapplication.cpp:400]: Processing Tick: 1938.3.16
[21:46:11][jominiapplication.cpp:400]: Processing Tick: 1938.3.16.6
[21:46:12][jominiapplication.cpp:400]: Processing Tick: 1938.3.16.12
[21:46:13][jominiapplication.cpp:400]: Processing Tick: 1938.3.16.18
[21:46:14][jominiapplication.cpp:400]: Processing Tick: 1938.3.17
[21:46:16][jominiapplication.cpp:400]: Processing Tick: 1938.3.17.6
[21:46:17][jominiapplication.cpp:400]: Processing Tick: 1938.3.17.12
[21:46:18][jominiapplication.cpp:400]: Processing Tick: 1938.3.17.18
[21:46:19][jominiapplication.cpp:400]: Processing Tick: 1938.3.18
[21:46:22][jominiapplication.cpp:400]: Processing Tick: 1938.3.18.6
[21:46:23][jominiapplication.cpp:400]: Processing Tick: 1938.3.18.12
[21:46:24][jominiapplication.cpp:400]: Processing Tick: 1938.3.18.18
[21:46:26][jominiapplication.cpp:400]: Processing Tick: 1938.3.19
[21:46:28][jominiapplication.cpp:400]: Processing Tick: 1938.3.19.6
[21:46:30][jominiapplication.cpp:400]: Processing Tick: 1938.3.19.12
[21:46:31][jominiapplication.cpp:400]: Processing Tick: 1938.3.19.18
[21:46:32][jominiapplication.cpp:400]: Processing Tick: 1938.3.20
[21:46:37][jominiapplication.cpp:400]: Processing Tick: 1938.3.20.6
[21:46:38][jominiapplication.cpp:400]: Processing Tick: 1938.3.20.12
[21:46:40][jominiapplication.cpp:400]: Processing Tick: 1938.3.20.18
[21:46:40][jominiapplication.cpp:400]: Processing Tick: 1938.3.21
[21:46:42][jominiapplication.cpp:400]: Processing Tick: 1938.3.21.6
[21:46:43][jominiapplication.cpp:400]: Processing Tick: 1938.3.21.12
[21:46:44][jominiapplication.cpp:400]: Processing Tick: 1938.3.21.18
[21:46:45][jominiapplication.cpp:400]: Processing Tick: 1938.3.22
[21:46:47][jominiapplication.cpp:400]: Processing Tick: 1938.3.22.6
[21:46:48][jominiapplication.cpp:400]: Processing Tick: 1938.3.22.12
[21:46:49][jominiapplication.cpp:400]: Processing Tick: 1938.3.22.18
[21:46:50][jominiapplication.cpp:400]: Processing Tick: 1938.3.23
[21:46:51][jominiapplication.cpp:400]: Processing Tick: 1938.3.23.6
[21:46:53][jominiapplication.cpp:400]: Processing Tick: 1938.3.23.12
[21:46:54][jominiapplication.cpp:400]: Processing Tick: 1938.3.23.18
[21:46:56][jominiapplication.cpp:400]: Processing Tick: 1938.3.24
[21:46:58][jominiapplication.cpp:400]: Processing Tick: 1938.3.24.6
[21:47:00][jominiapplication.cpp:400]: Processing Tick: 1938.3.24.12
[21:47:01][jominiapplication.cpp:400]: Processing Tick: 1938.3.24.18
[21:47:02][jominiapplication.cpp:400]: Processing Tick: 1938.3.25
[21:47:04][jominiapplication.cpp:400]: Processing Tick: 1938.3.25.6
[21:47:05][jominiapplication.cpp:400]: Processing Tick: 1938.3.25.12
[21:47:06][jominiapplication.cpp:400]: Processing Tick: 1938.3.25.18
[21:47:08][jominiapplication.cpp:400]: Processing Tick: 1938.3.26
[21:47:09][jominiapplication.cpp:400]: Processing Tick: 1938.3.26.6
[21:47:11][jominiapplication.cpp:400]: Processing Tick: 1938.3.26.12
[21:47:12][jominiapplication.cpp:400]: Processing Tick: 1938.3.26.18
[21:47:13][jominiapplication.cpp:400]: Processing Tick: 1938.3.27
[21:47:17][jominiapplication.cpp:400]: Processing Tick: 1938.3.27.6
[21:47:18][jominiapplication.cpp:400]: Processing Tick: 1938.3.27.12
[21:47:19][jominiapplication.cpp:400]: Processing Tick: 1938.3.27.18
[21:47:20][jominiapplication.cpp:400]: Processing Tick: 1938.3.28
[21:47:22][jominiapplication.cpp:400]: Processing Tick: 1938.3.28.6
[21:47:23][jominiapplication.cpp:400]: Processing Tick: 1938.3.28.12
[21:47:24][jominiapplication.cpp:400]: Processing Tick: 1938.3.28.18
[21:47:25][jominiapplication.cpp:400]: Processing Tick: 1938.3.29
[21:47:27][jominiapplication.cpp:400]: Processing Tick: 1938.3.29.6
[21:47:28][jominiapplication.cpp:400]: Processing Tick: 1938.3.29.12
[21:47:29][jominiapplication.cpp:400]: Processing Tick: 1938.3.29.18
[21:47:30][jominiapplication.cpp:400]: Processing Tick: 1938.3.30
[21:47:32][jominiapplication.cpp:400]: Processing Tick: 1938.3.30.6
[21:47:32][jominiapplication.cpp:400]: Processing Tick: 1938.3.30.12
[21:47:33][jominiapplication.cpp:400]: Processing Tick: 1938.3.30.18
[21:47:34][jominiapplication.cpp:400]: Processing Tick: 1938.3.31
[21:47:36][jominiapplication.cpp:400]: Processing Tick: 1938.3.31.6
[21:47:37][jominiapplication.cpp:400]: Processing Tick: 1938.3.31.12
[21:47:38][jominiapplication.cpp:400]: Processing Tick: 1938.3.31.18
[21:47:39][jominiapplication.cpp:400]: Processing Tick: 1938.4.1
[21:47:44][jominiapplication.cpp:400]: Processing Tick: 1938.4.1.6
[21:47:44][jominiapplication.cpp:400]: Processing Tick: 1938.4.1.12
[21:47:46][jominiapplication.cpp:400]: Processing Tick: 1938.4.1.18
[21:47:46][jominiapplication.cpp:400]: Processing Tick: 1938.4.2
[21:47:48][jominiapplication.cpp:400]: Processing Tick: 1938.4.2.6
[21:47:49][jominiapplication.cpp:400]: Processing Tick: 1938.4.2.12
[21:47:50][jominiapplication.cpp:400]: Processing Tick: 1938.4.2.18
[21:47:51][jominiapplication.cpp:400]: Processing Tick: 1938.4.3
[21:47:54][jominiapplication.cpp:400]: Processing Tick: 1938.4.3.6
[21:47:55][jominiapplication.cpp:400]: Processing Tick: 1938.4.3.12
[21:47:56][jominiapplication.cpp:400]: Processing Tick: 1938.4.3.18
[21:47:56][jominiapplication.cpp:400]: Processing Tick: 1938.4.4
[21:47:58][jominiapplication.cpp:400]: Processing Tick: 1938.4.4.6
[21:47:59][jominiapplication.cpp:400]: Processing Tick: 1938.4.4.12
[21:48:00][jominiapplication.cpp:400]: Processing Tick: 1938.4.4.18
[21:48:00][jominiapplication.cpp:400]: Processing Tick: 1938.4.5
[21:48:02][jominiapplication.cpp:400]: Processing Tick: 1938.4.5.6
[21:48:03][jominiapplication.cpp:400]: Processing Tick: 1938.4.5.12
[21:48:04][jominiapplication.cpp:400]: Processing Tick: 1938.4.5.18
[21:48:04][jominiapplication.cpp:400]: Processing Tick: 1938.4.6
[21:48:06][jominiapplication.cpp:400]: Processing Tick: 1938.4.6.6
[21:48:06][jominiapplication.cpp:400]: Processing Tick: 1938.4.6.12
[21:48:08][jominiapplication.cpp:400]: Processing Tick: 1938.4.6.18
[21:48:08][jominiapplication.cpp:400]: Processing Tick: 1938.4.7
[21:48:10][jominiapplication.cpp:400]: Processing Tick: 1938.4.7.6
[21:48:10][jominiapplication.cpp:400]: Processing Tick: 1938.4.7.12
[21:48:11][jominiapplication.cpp:400]: Processing Tick: 1938.4.7.18
[21:48:12][jominiapplication.cpp:400]: Processing Tick: 1938.4.8
[21:48:13][jominiapplication.cpp:400]: Processing Tick: 1938.4.8.6
[21:48:14][jominiapplication.cpp:400]: Processing Tick: 1938.4.8.12
[21:48:15][jominiapplication.cpp:400]: Processing Tick: 1938.4.8.18
[21:48:16][jominiapplication.cpp:400]: Processing Tick: 1938.4.9
[21:48:18][jominiapplication.cpp:400]: Processing Tick: 1938.4.9.6
[21:48:18][jominiapplication.cpp:400]: Processing Tick: 1938.4.9.12
[21:48:19][jominiapplication.cpp:400]: Processing Tick: 1938.4.9.18
[21:48:20][jominiapplication.cpp:400]: Processing Tick: 1938.4.10
[21:48:23][jominiapplication.cpp:400]: Processing Tick: 1938.4.10.6
[21:48:25][jominiapplication.cpp:400]: Processing Tick: 1938.4.10.12
[21:48:25][jominiapplication.cpp:400]: Processing Tick: 1938.4.10.18
[21:48:26][jominiapplication.cpp:400]: Processing Tick: 1938.4.11
[21:48:27][jominiapplication.cpp:400]: Processing Tick: 1938.4.11.6
[21:48:28][jominiapplication.cpp:400]: Processing Tick: 1938.4.11.12
[21:48:30][jominiapplication.cpp:400]: Processing Tick: 1938.4.11.18
[21:48:30][jominiapplication.cpp:400]: Processing Tick: 1938.4.12
[21:48:32][jominiapplication.cpp:400]: Processing Tick: 1938.4.12.6
[21:48:32][jominiapplication.cpp:400]: Processing Tick: 1938.4.12.12
[21:48:33][jominiapplication.cpp:400]: Processing Tick: 1938.4.12.18
[21:48:34][jominiapplication.cpp:400]: Processing Tick: 1938.4.13
[21:48:36][jominiapplication.cpp:400]: Processing Tick: 1938.4.13.6
[21:48:37][jominiapplication.cpp:400]: Processing Tick: 1938.4.13.12
[21:48:38][jominiapplication.cpp:400]: Processing Tick: 1938.4.13.18
[21:48:38][jominiapplication.cpp:400]: Processing Tick: 1938.4.14
[21:48:40][jominiapplication.cpp:400]: Processing Tick: 1938.4.14.6
[21:48:41][jominiapplication.cpp:400]: Processing Tick: 1938.4.14.12
[21:48:43][jominiapplication.cpp:400]: Processing Tick: 1938.4.14.18
[21:48:44][jominiapplication.cpp:400]: Processing Tick: 1938.4.15
[21:48:46][jominiapplication.cpp:400]: Processing Tick: 1938.4.15.6
[21:48:47][jominiapplication.cpp:400]: Processing Tick: 1938.4.15.12
[21:48:48][jominiapplication.cpp:400]: Processing Tick: 1938.4.15.18
[21:48:49][jominiapplication.cpp:400]: Processing Tick: 1938.4.16
[21:48:50][jominiapplication.cpp:400]: Processing Tick: 1938.4.16.6
[21:48:51][jominiapplication.cpp:400]: Processing Tick: 1938.4.16.12
[21:48:52][jominiapplication.cpp:400]: Processing Tick: 1938.4.16.18
[21:48:53][jominiapplication.cpp:400]: Processing Tick: 1938.4.17
[21:48:57][jominiapplication.cpp:400]: Processing Tick: 1938.4.17.6
[21:48:58][jominiapplication.cpp:400]: Processing Tick: 1938.4.17.12
[21:48:59][jominiapplication.cpp:400]: Processing Tick: 1938.4.17.18
[21:49:00][jominiapplication.cpp:400]: Processing Tick: 1938.4.18
[21:49:02][jominiapplication.cpp:400]: Processing Tick: 1938.4.18.6
[21:49:03][jominiapplication.cpp:400]: Processing Tick: 1938.4.18.12
[21:49:04][jominiapplication.cpp:400]: Processing Tick: 1938.4.18.18
[21:49:04][jominiapplication.cpp:400]: Processing Tick: 1938.4.19
[21:49:07][jominiapplication.cpp:400]: Processing Tick: 1938.4.19.6
[21:49:07][jominiapplication.cpp:400]: Processing Tick: 1938.4.19.12
[21:49:08][jominiapplication.cpp:400]: Processing Tick: 1938.4.19.18
[21:49:09][jominiapplication.cpp:400]: Processing Tick: 1938.4.20
[21:49:17][jominiapplication.cpp:400]: Processing Tick: 1938.4.20.6
[21:49:18][jominiapplication.cpp:400]: Processing Tick: 1938.4.20.12
[21:49:19][jominiapplication.cpp:400]: Processing Tick: 1938.4.20.18
[21:49:20][jominiapplication.cpp:400]: Processing Tick: 1938.4.21
[21:49:21][jominiapplication.cpp:400]: Processing Tick: 1938.4.21.6
[21:49:22][jominiapplication.cpp:400]: Processing Tick: 1938.4.21.12
[21:49:23][jominiapplication.cpp:400]: Processing Tick: 1938.4.21.18
[21:49:24][jominiapplication.cpp:400]: Processing Tick: 1938.4.22
[21:49:26][jominiapplication.cpp:400]: Processing Tick: 1938.4.22.6
[21:49:26][jominiapplication.cpp:400]: Processing Tick: 1938.4.22.12
[21:49:27][jominiapplication.cpp:400]: Processing Tick: 1938.4.22.18
[21:49:29][jominiapplication.cpp:400]: Processing Tick: 1938.4.23
[21:49:30][jominiapplication.cpp:400]: Processing Tick: 1938.4.23.6
[21:49:31][jominiapplication.cpp:400]: Processing Tick: 1938.4.23.12
[21:49:32][jominiapplication.cpp:400]: Processing Tick: 1938.4.23.18
[21:49:32][jominiapplication.cpp:400]: Processing Tick: 1938.4.24
[21:49:36][jominiapplication.cpp:400]: Processing Tick: 1938.4.24.6
[21:49:37][jominiapplication.cpp:400]: Processing Tick: 1938.4.24.12
[21:49:38][jominiapplication.cpp:400]: Processing Tick: 1938.4.24.18
[21:49:39][jominiapplication.cpp:400]: Processing Tick: 1938.4.25
[21:49:41][jominiapplication.cpp:400]: Processing Tick: 1938.4.25.6
[21:49:42][jominiapplication.cpp:400]: Processing Tick: 1938.4.25.12
[21:49:43][jominiapplication.cpp:400]: Processing Tick: 1938.4.25.18
[21:49:44][jominiapplication.cpp:400]: Processing Tick: 1938.4.26
[21:49:46][jominiapplication.cpp:400]: Processing Tick: 1938.4.26.6
[21:49:47][jominiapplication.cpp:400]: Processing Tick: 1938.4.26.12
[21:49:48][jominiapplication.cpp:400]: Processing Tick: 1938.4.26.18
[21:49:49][jominiapplication.cpp:400]: Processing Tick: 1938.4.27
[21:49:51][jominiapplication.cpp:400]: Processing Tick: 1938.4.27.6
[21:49:52][jominiapplication.cpp:400]: Processing Tick: 1938.4.27.12
[21:49:53][jominiapplication.cpp:400]: Processing Tick: 1938.4.27.18
[21:49:54][jominiapplication.cpp:400]: Processing Tick: 1938.4.28
[21:49:56][jominiapplication.cpp:400]: Processing Tick: 1938.4.28.6
[21:49:57][jominiapplication.cpp:400]: Processing Tick: 1938.4.28.12
[21:49:58][jominiapplication.cpp:400]: Processing Tick: 1938.4.28.18
[21:49:59][jominiapplication.cpp:400]: Processing Tick: 1938.4.29
[21:50:01][jominiapplication.cpp:400]: Processing Tick: 1938.4.29.6
[21:50:02][jominiapplication.cpp:400]: Processing Tick: 1938.4.29.12
[21:50:03][jominiapplication.cpp:400]: Processing Tick: 1938.4.29.18
[21:50:04][jominiapplication.cpp:400]: Processing Tick: 1938.4.30
[21:50:05][jominiapplication.cpp:400]: Processing Tick: 1938.4.30.6
[21:50:06][jominiapplication.cpp:400]: Processing Tick: 1938.4.30.12
[21:50:08][jominiapplication.cpp:400]: Processing Tick: 1938.4.30.18
[21:50:09][jominiapplication.cpp:400]: Processing Tick: 1938.5.1
[21:50:16][jominiapplication.cpp:400]: Processing Tick: 1938.5.1.6
[21:50:17][jominiapplication.cpp:400]: Processing Tick: 1938.5.1.12
[21:50:18][jominiapplication.cpp:400]: Processing Tick: 1938.5.1.18
[21:50:19][jominiapplication.cpp:400]: Processing Tick: 1938.5.2
[21:50:21][jominiapplication.cpp:400]: Processing Tick: 1938.5.2.6
[21:50:22][jominiapplication.cpp:400]: Processing Tick: 1938.5.2.12
[21:50:23][jominiapplication.cpp:400]: Processing Tick: 1938.5.2.18
[21:50:24][jominiapplication.cpp:400]: Processing Tick: 1938.5.3
[21:50:25][jominiapplication.cpp:400]: Processing Tick: 1938.5.3.6
[21:50:26][jominiapplication.cpp:400]: Processing Tick: 1938.5.3.12
[21:50:27][jominiapplication.cpp:400]: Processing Tick: 1938.5.3.18
[21:50:28][jominiapplication.cpp:400]: Processing Tick: 1938.5.4
[21:50:31][jominiapplication.cpp:400]: Processing Tick: 1938.5.4.6
[21:50:31][jominiapplication.cpp:400]: Processing Tick: 1938.5.4.12
[21:50:32][jominiapplication.cpp:400]: Processing Tick: 1938.5.4.18
[21:50:33][jominiapplication.cpp:400]: Processing Tick: 1938.5.5
[21:50:35][jominiapplication.cpp:400]: Processing Tick: 1938.5.5.6
[21:50:36][jominiapplication.cpp:400]: Processing Tick: 1938.5.5.12
[21:50:37][jominiapplication.cpp:400]: Processing Tick: 1938.5.5.18
[21:50:38][jominiapplication.cpp:400]: Processing Tick: 1938.5.6
[21:50:39][jominiapplication.cpp:400]: Processing Tick: 1938.5.6.6
[21:50:40][jominiapplication.cpp:400]: Processing Tick: 1938.5.6.12
[21:50:42][jominiapplication.cpp:400]: Processing Tick: 1938.5.6.18
[21:50:43][jominiapplication.cpp:400]: Processing Tick: 1938.5.7
[21:50:45][jominiapplication.cpp:400]: Processing Tick: 1938.5.7.6
[21:50:46][jominiapplication.cpp:400]: Processing Tick: 1938.5.7.12
[21:50:47][jominiapplication.cpp:400]: Processing Tick: 1938.5.7.18
[21:50:48][jominiapplication.cpp:400]: Processing Tick: 1938.5.8
[21:50:52][jominiapplication.cpp:400]: Processing Tick: 1938.5.8.6
[21:50:53][jominiapplication.cpp:400]: Processing Tick: 1938.5.8.12
[21:50:54][jominiapplication.cpp:400]: Processing Tick: 1938.5.8.18
[21:50:55][jominiapplication.cpp:400]: Processing Tick: 1938.5.9
[21:50:57][jominiapplication.cpp:400]: Processing Tick: 1938.5.9.6
[21:50:58][jominiapplication.cpp:400]: Processing Tick: 1938.5.9.12
[21:50:59][jominiapplication.cpp:400]: Processing Tick: 1938.5.9.18
[21:51:00][jominiapplication.cpp:400]: Processing Tick: 1938.5.10
[21:51:01][jominiapplication.cpp:400]: Processing Tick: 1938.5.10.6
[21:51:03][jominiapplication.cpp:400]: Processing Tick: 1938.5.10.12
[21:51:03][jominiapplication.cpp:400]: Processing Tick: 1938.5.10.18
[21:51:04][jominiapplication.cpp:400]: Processing Tick: 1938.5.11
[21:51:06][jominiapplication.cpp:400]: Processing Tick: 1938.5.11.6
[21:51:07][jominiapplication.cpp:400]: Processing Tick: 1938.5.11.12
[21:51:08][jominiapplication.cpp:400]: Processing Tick: 1938.5.11.18
[21:51:09][jominiapplication.cpp:400]: Processing Tick: 1938.5.12
[21:51:11][jominiapplication.cpp:400]: Processing Tick: 1938.5.12.6
[21:51:11][jominiapplication.cpp:400]: Processing Tick: 1938.5.12.12
[21:51:12][jominiapplication.cpp:400]: Processing Tick: 1938.5.12.18
[21:51:14][jominiapplication.cpp:400]: Processing Tick: 1938.5.13
[21:51:15][jominiapplication.cpp:400]: Processing Tick: 1938.5.13.6
[21:51:16][jominiapplication.cpp:400]: Processing Tick: 1938.5.13.12
[21:51:17][jominiapplication.cpp:400]: Processing Tick: 1938.5.13.18
[21:51:18][jominiapplication.cpp:400]: Processing Tick: 1938.5.14
[21:51:20][jominiapplication.cpp:400]: Processing Tick: 1938.5.14.6
[21:51:21][jominiapplication.cpp:400]: Processing Tick: 1938.5.14.12
[21:51:22][jominiapplication.cpp:400]: Processing Tick: 1938.5.14.18
[21:51:22][jominiapplication.cpp:400]: Processing Tick: 1938.5.15
[21:51:27][jominiapplication.cpp:400]: Processing Tick: 1938.5.15.6
[21:51:28][jominiapplication.cpp:400]: Processing Tick: 1938.5.15.12
[21:51:29][jominiapplication.cpp:400]: Processing Tick: 1938.5.15.18
[21:51:30][jominiapplication.cpp:400]: Processing Tick: 1938.5.16
[21:51:31][jominiapplication.cpp:400]: Processing Tick: 1938.5.16.6
[21:51:32][jominiapplication.cpp:400]: Processing Tick: 1938.5.16.12
[21:51:34][jominiapplication.cpp:400]: Processing Tick: 1938.5.16.18
[21:51:34][jominiapplication.cpp:400]: Processing Tick: 1938.5.17
[21:51:36][jominiapplication.cpp:400]: Processing Tick: 1938.5.17.6
[21:51:37][jominiapplication.cpp:400]: Processing Tick: 1938.5.17.12
[21:51:37][jominiapplication.cpp:400]: Processing Tick: 1938.5.17.18
[21:51:39][jominiapplication.cpp:400]: Processing Tick: 1938.5.18
[21:51:40][jominiapplication.cpp:400]: Processing Tick: 1938.5.18.6
[21:51:41][jominiapplication.cpp:400]: Processing Tick: 1938.5.18.12
[21:51:41][jominiapplication.cpp:400]: Processing Tick: 1938.5.18.18
[21:51:42][jominiapplication.cpp:400]: Processing Tick: 1938.5.19
[21:51:44][jominiapplication.cpp:400]: Processing Tick: 1938.5.19.6
[21:51:45][jominiapplication.cpp:400]: Processing Tick: 1938.5.19.12
[21:51:46][jominiapplication.cpp:400]: Processing Tick: 1938.5.19.18
[21:51:47][jominiapplication.cpp:400]: Processing Tick: 1938.5.20
[21:51:48][jominiapplication.cpp:400]: Processing Tick: 1938.5.20.6
[21:51:49][jominiapplication.cpp:400]: Processing Tick: 1938.5.20.12
[21:51:50][jominiapplication.cpp:400]: Processing Tick: 1938.5.20.18
[21:51:51][jominiapplication.cpp:400]: Processing Tick: 1938.5.21
[21:51:52][jominiapplication.cpp:400]: Processing Tick: 1938.5.21.6
[21:51:53][jominiapplication.cpp:400]: Processing Tick: 1938.5.21.12
[21:51:54][jominiapplication.cpp:400]: Processing Tick: 1938.5.21.18
