[20:18:13][jominiapplication.cpp:282]: Changing game speed to: 2
[20:18:51][jominiapplication.cpp:282]: Pause Toggled! Paused: false, PlayerID: 0
[20:18:51][jominiapplication.cpp:282]: Processing Tick: 1969.8.5.6
[20:18:51][jominiapplication.cpp:282]: Processing Tick: 1969.8.5.12
[20:18:52][jominiapplication.cpp:282]: Processing Tick: 1969.8.5.18
[20:18:53][jominiapplication.cpp:282]: Processing Tick: 1969.8.6
[20:18:53][jominiapplication.cpp:282]: Processing Tick: 1969.8.6.6
[20:18:54][jominiapplication.cpp:282]: Processing Tick: 1969.8.6.12
[20:18:55][jominiapplication.cpp:282]: Processing Tick: 1969.8.6.18
[20:18:55][jominiapplication.cpp:282]: Processing Tick: 1969.8.7
[20:18:56][jominiapplication.cpp:282]: Processing Tick: 1969.8.7.6
[20:18:57][jominiapplication.cpp:282]: Processing Tick: 1969.8.7.12
[20:18:58][jominiapplication.cpp:282]: Processing Tick: 1969.8.7.18
[20:18:58][jominiapplication.cpp:282]: Processing Tick: 1969.8.8
[20:18:59][jominiapplication.cpp:282]: Processing Tick: 1969.8.8.6
[20:19:00][jominiapplication.cpp:282]: Processing Tick: 1969.8.8.12
[20:19:01][jominiapplication.cpp:282]: Processing Tick: 1969.8.8.18
[20:19:01][jominiapplication.cpp:282]: Processing Tick: 1969.8.9
[20:19:02][jominiapplication.cpp:282]: Processing Tick: 1969.8.9.6
[20:19:03][jominiapplication.cpp:282]: Processing Tick: 1969.8.9.12
[20:19:03][jominiapplication.cpp:282]: Processing Tick: 1969.8.9.18
[20:19:05][jominiapplication.cpp:282]: Processing Tick: 1969.8.10
[20:19:05][jominiapplication.cpp:282]: Pause Toggled! Paused: true, PlayerID: 1
