[02:52:02][jominiapplication.cpp:400]: Changing game speed to: 2
[02:53:09][jominiapplication.cpp:400]: Pause Toggled! Paused: false, PlayerID: 0
[02:53:09][jominiapplication.cpp:400]: Processing Tick: 1928.9.25.18
[02:53:09][jominiapplication.cpp:400]: Processing Tick: 1928.9.26
[02:53:10][jominiapplication.cpp:400]: Processing Tick: 1928.9.26.6
[02:53:11][jominiapplication.cpp:400]: Processing Tick: 1928.9.26.12
[02:53:11][jominiapplication.cpp:400]: Processing Tick: 1928.9.26.18
[02:53:12][jominiapplication.cpp:400]: Processing Tick: 1928.9.27
[02:53:12][jominiapplication.cpp:400]: Processing Tick: 1928.9.27.6
[02:53:13][jominiapplication.cpp:400]: Processing Tick: 1928.9.27.12
[02:53:13][jominiapplication.cpp:400]: Processing Tick: 1928.9.27.18
[02:53:14][jominiapplication.cpp:400]: Processing Tick: 1928.9.28
[02:53:16][jominiapplication.cpp:400]: Processing Tick: 1928.9.28.6
[02:53:16][jominiapplication.cpp:400]: Processing Tick: 1928.9.28.12
[02:53:17][jominiapplication.cpp:400]: Processing Tick: 1928.9.28.18
[02:53:17][jominiapplication.cpp:400]: Processing Tick: 1928.9.29
[02:53:18][jominiapplication.cpp:400]: Processing Tick: 1928.9.29.6
[02:53:19][jominiapplication.cpp:400]: Processing Tick: 1928.9.29.12
[02:53:19][jominiapplication.cpp:400]: Processing Tick: 1928.9.29.18
[02:53:20][jominiapplication.cpp:400]: Processing Tick: 1928.9.30
[02:53:20][jominiapplication.cpp:400]: Processing Tick: 1928.9.30.6
[02:53:21][jominiapplication.cpp:400]: Processing Tick: 1928.9.30.12
[02:53:21][jominiapplication.cpp:400]: Processing Tick: 1928.9.30.18
[02:53:22][jominiapplication.cpp:400]: Processing Tick: 1928.10.1
[02:53:25][jominiapplication.cpp:400]: Processing Tick: 1928.10.1.6
[02:53:26][jominiapplication.cpp:400]: Processing Tick: 1928.10.1.12
[02:53:26][jominiapplication.cpp:400]: Processing Tick: 1928.10.1.18
[02:53:27][jominiapplication.cpp:400]: Processing Tick: 1928.10.2
[02:53:27][jominiapplication.cpp:400]: Processing Tick: 1928.10.2.6
[02:53:28][jominiapplication.cpp:400]: Processing Tick: 1928.10.2.12
[02:53:28][jominiapplication.cpp:400]: Processing Tick: 1928.10.2.18
[02:53:29][jominiapplication.cpp:400]: Processing Tick: 1928.10.3
[02:53:30][jominiapplication.cpp:400]: Processing Tick: 1928.10.3.6
[02:53:30][jominiapplication.cpp:400]: Processing Tick: 1928.10.3.12
[02:53:31][jominiapplication.cpp:400]: Processing Tick: 1928.10.3.18
[02:53:31][jominiapplication.cpp:400]: Processing Tick: 1928.10.4
[02:53:32][jominiapplication.cpp:400]: Processing Tick: 1928.10.4.6
[02:53:32][jominiapplication.cpp:400]: Processing Tick: 1928.10.4.12
[02:53:33][jominiapplication.cpp:400]: Processing Tick: 1928.10.4.18
[02:53:33][jominiapplication.cpp:400]: Processing Tick: 1928.10.5
[02:53:35][jominiapplication.cpp:400]: Processing Tick: 1928.10.5.6
[02:53:36][jominiapplication.cpp:400]: Processing Tick: 1928.10.5.12
[02:53:37][jominiapplication.cpp:400]: Processing Tick: 1928.10.5.18
[02:53:37][jominiapplication.cpp:400]: Processing Tick: 1928.10.6
[02:53:38][jominiapplication.cpp:400]: Processing Tick: 1928.10.6.6
[02:53:38][jominiapplication.cpp:400]: Processing Tick: 1928.10.6.12
[02:53:39][jominiapplication.cpp:400]: Processing Tick: 1928.10.6.18
[02:53:39][jominiapplication.cpp:400]: Processing Tick: 1928.10.7
[02:53:40][jominiapplication.cpp:400]: Processing Tick: 1928.10.7.6
[02:53:40][jominiapplication.cpp:400]: Processing Tick: 1928.10.7.12
[02:53:41][jominiapplication.cpp:400]: Processing Tick: 1928.10.7.18
[02:53:41][jominiapplication.cpp:400]: Processing Tick: 1928.10.8
[02:53:42][jominiapplication.cpp:400]: Processing Tick: 1928.10.8.6
[02:53:43][jominiapplication.cpp:400]: Processing Tick: 1928.10.8.12
[02:53:43][jominiapplication.cpp:400]: Processing Tick: 1928.10.8.18
[02:53:44][jominiapplication.cpp:400]: Processing Tick: 1928.10.9
[02:53:44][jominiapplication.cpp:400]: Processing Tick: 1928.10.9.6
[02:53:45][jominiapplication.cpp:400]: Processing Tick: 1928.10.9.12
[02:53:45][jominiapplication.cpp:400]: Processing Tick: 1928.10.9.18
[02:53:46][jominiapplication.cpp:400]: Processing Tick: 1928.10.10
[02:53:46][jominiapplication.cpp:400]: Processing Tick: 1928.10.10.6
[02:53:47][jominiapplication.cpp:400]: Processing Tick: 1928.10.10.12
[02:53:47][jominiapplication.cpp:400]: Processing Tick: 1928.10.10.18
[02:53:48][jominiapplication.cpp:400]: Processing Tick: 1928.10.11
[02:53:49][jominiapplication.cpp:400]: Processing Tick: 1928.10.11.6
[02:53:49][jominiapplication.cpp:400]: Processing Tick: 1928.10.11.12
[02:53:50][jominiapplication.cpp:400]: Processing Tick: 1928.10.11.18
[02:53:50][jominiapplication.cpp:400]: Processing Tick: 1928.10.12
[02:53:52][jominiapplication.cpp:400]: Processing Tick: 1928.10.12.6
[02:53:53][jominiapplication.cpp:400]: Processing Tick: 1928.10.12.12
[02:53:53][jominiapplication.cpp:400]: Processing Tick: 1928.10.12.18
[02:53:54][jominiapplication.cpp:400]: Processing Tick: 1928.10.13
[02:53:55][jominiapplication.cpp:400]: Processing Tick: 1928.10.13.6
[02:53:55][jominiapplication.cpp:400]: Processing Tick: 1928.10.13.12
[02:53:56][jominiapplication.cpp:400]: Processing Tick: 1928.10.13.18
[02:53:56][jominiapplication.cpp:400]: Processing Tick: 1928.10.14
[02:53:57][jominiapplication.cpp:400]: Processing Tick: 1928.10.14.6
[02:53:57][jominiapplication.cpp:400]: Processing Tick: 1928.10.14.12
[02:53:58][jominiapplication.cpp:400]: Processing Tick: 1928.10.14.18
[02:53:58][jominiapplication.cpp:400]: Processing Tick: 1928.10.15
[02:53:59][jominiapplication.cpp:400]: Processing Tick: 1928.10.15.6
[02:53:59][jominiapplication.cpp:400]: Processing Tick: 1928.10.15.12
[02:54:00][jominiapplication.cpp:400]: Processing Tick: 1928.10.15.18
[02:54:00][jominiapplication.cpp:400]: Processing Tick: 1928.10.16
[02:54:01][jominiapplication.cpp:400]: Processing Tick: 1928.10.16.6
[02:54:02][jominiapplication.cpp:400]: Processing Tick: 1928.10.16.12
[02:54:02][jominiapplication.cpp:400]: Processing Tick: 1928.10.16.18
[02:54:03][jominiapplication.cpp:400]: Processing Tick: 1928.10.17
[02:54:03][jominiapplication.cpp:400]: Processing Tick: 1928.10.17.6
[02:54:04][jominiapplication.cpp:400]: Processing Tick: 1928.10.17.12
[02:54:04][jominiapplication.cpp:400]: Processing Tick: 1928.10.17.18
[02:54:05][jominiapplication.cpp:400]: Processing Tick: 1928.10.18
[02:54:05][jominiapplication.cpp:400]: Processing Tick: 1928.10.18.6
[02:54:06][jominiapplication.cpp:400]: Processing Tick: 1928.10.18.12
[02:54:06][jominiapplication.cpp:400]: Processing Tick: 1928.10.18.18
[02:54:07][jominiapplication.cpp:400]: Processing Tick: 1928.10.19
[02:54:09][jominiapplication.cpp:400]: Processing Tick: 1928.10.19.6
[02:54:09][jominiapplication.cpp:400]: Processing Tick: 1928.10.19.12
[02:54:10][jominiapplication.cpp:400]: Processing Tick: 1928.10.19.18
[02:54:11][jominiapplication.cpp:400]: Processing Tick: 1928.10.20
[02:54:11][jominiapplication.cpp:400]: Processing Tick: 1928.10.20.6
[02:54:12][jominiapplication.cpp:400]: Processing Tick: 1928.10.20.12
[02:54:12][jominiapplication.cpp:400]: Processing Tick: 1928.10.20.18
[02:54:13][jominiapplication.cpp:400]: Processing Tick: 1928.10.21
[02:54:13][jominiapplication.cpp:400]: Processing Tick: 1928.10.21.6
[02:54:14][jominiapplication.cpp:400]: Processing Tick: 1928.10.21.12
[02:54:14][jominiapplication.cpp:400]: Processing Tick: 1928.10.21.18
[02:54:15][jominiapplication.cpp:400]: Processing Tick: 1928.10.22
[02:54:15][jominiapplication.cpp:400]: Processing Tick: 1928.10.22.6
[02:54:16][jominiapplication.cpp:400]: Processing Tick: 1928.10.22.12
[02:54:16][jominiapplication.cpp:400]: Processing Tick: 1928.10.22.18
[02:54:17][jominiapplication.cpp:400]: Processing Tick: 1928.10.23
[02:54:17][jominiapplication.cpp:400]: Processing Tick: 1928.10.23.6
[02:54:18][jominiapplication.cpp:400]: Processing Tick: 1928.10.23.12
[02:54:18][jominiapplication.cpp:400]: Processing Tick: 1928.10.23.18
[02:54:19][jominiapplication.cpp:400]: Processing Tick: 1928.10.24
[02:54:20][jominiapplication.cpp:400]: Processing Tick: 1928.10.24.6
[02:54:20][jominiapplication.cpp:400]: Processing Tick: 1928.10.24.12
[02:54:21][jominiapplication.cpp:400]: Processing Tick: 1928.10.24.18
[02:54:21][jominiapplication.cpp:400]: Processing Tick: 1928.10.25
[02:54:22][jominiapplication.cpp:400]: Processing Tick: 1928.10.25.6
[02:54:22][jominiapplication.cpp:400]: Processing Tick: 1928.10.25.12
[02:54:23][jominiapplication.cpp:400]: Processing Tick: 1928.10.25.18
[02:54:23][jominiapplication.cpp:400]: Processing Tick: 1928.10.26
[02:54:25][jominiapplication.cpp:400]: Processing Tick: 1928.10.26.6
[02:54:26][jominiapplication.cpp:400]: Processing Tick: 1928.10.26.12
[02:54:26][jominiapplication.cpp:400]: Processing Tick: 1928.10.26.18
[02:54:27][jominiapplication.cpp:400]: Processing Tick: 1928.10.27
[02:54:28][jominiapplication.cpp:400]: Processing Tick: 1928.10.27.6
[02:54:28][jominiapplication.cpp:400]: Processing Tick: 1928.10.27.12
[02:54:29][jominiapplication.cpp:400]: Processing Tick: 1928.10.27.18
[02:54:29][jominiapplication.cpp:400]: Processing Tick: 1928.10.28
[02:54:30][jominiapplication.cpp:400]: Processing Tick: 1928.10.28.6
[02:54:30][jominiapplication.cpp:400]: Processing Tick: 1928.10.28.12
[02:54:31][jominiapplication.cpp:400]: Processing Tick: 1928.10.28.18
[02:54:31][jominiapplication.cpp:400]: Processing Tick: 1928.10.29
[02:54:32][jominiapplication.cpp:400]: Processing Tick: 1928.10.29.6
[02:54:32][jominiapplication.cpp:400]: Processing Tick: 1928.10.29.12
[02:54:33][jominiapplication.cpp:400]: Processing Tick: 1928.10.29.18
[02:54:33][jominiapplication.cpp:400]: Processing Tick: 1928.10.30
[02:54:34][jominiapplication.cpp:400]: Processing Tick: 1928.10.30.6
[02:54:34][jominiapplication.cpp:400]: Processing Tick: 1928.10.30.12
[02:54:35][jominiapplication.cpp:400]: Processing Tick: 1928.10.30.18
[02:54:36][jominiapplication.cpp:400]: Processing Tick: 1928.10.31
[02:54:36][jominiapplication.cpp:400]: Processing Tick: 1928.10.31.6
[02:54:37][jominiapplication.cpp:400]: Processing Tick: 1928.10.31.12
[02:54:37][jominiapplication.cpp:400]: Processing Tick: 1928.10.31.18
[02:54:38][jominiapplication.cpp:400]: Processing Tick: 1928.11.1
[02:54:41][jominiapplication.cpp:400]: Processing Tick: 1928.11.1.6
[02:54:41][jominiapplication.cpp:400]: Processing Tick: 1928.11.1.12
[02:54:42][jominiapplication.cpp:400]: Processing Tick: 1928.11.1.18
[02:54:42][jominiapplication.cpp:400]: Processing Tick: 1928.11.2
[02:54:44][jominiapplication.cpp:400]: Processing Tick: 1928.11.2.6
[02:54:44][jominiapplication.cpp:400]: Processing Tick: 1928.11.2.12
[02:54:45][jominiapplication.cpp:400]: Processing Tick: 1928.11.2.18
[02:54:46][jominiapplication.cpp:400]: Processing Tick: 1928.11.3
[02:54:46][jominiapplication.cpp:400]: Processing Tick: 1928.11.3.6
[02:54:47][jominiapplication.cpp:400]: Processing Tick: 1928.11.3.12
[02:54:47][jominiapplication.cpp:400]: Processing Tick: 1928.11.3.18
[02:54:48][jominiapplication.cpp:400]: Processing Tick: 1928.11.4
[02:54:48][jominiapplication.cpp:400]: Processing Tick: 1928.11.4.6
[02:54:49][jominiapplication.cpp:400]: Processing Tick: 1928.11.4.12
[02:54:49][jominiapplication.cpp:400]: Processing Tick: 1928.11.4.18
[02:54:50][jominiapplication.cpp:400]: Processing Tick: 1928.11.5
[02:54:51][jominiapplication.cpp:400]: Processing Tick: 1928.11.5.6
[02:54:51][jominiapplication.cpp:400]: Processing Tick: 1928.11.5.12
[02:54:52][jominiapplication.cpp:400]: Processing Tick: 1928.11.5.18
[02:54:52][jominiapplication.cpp:400]: Processing Tick: 1928.11.6
[02:54:53][jominiapplication.cpp:400]: Processing Tick: 1928.11.6.6
[02:54:53][jominiapplication.cpp:400]: Processing Tick: 1928.11.6.12
[02:54:54][jominiapplication.cpp:400]: Processing Tick: 1928.11.6.18
[02:54:54][jominiapplication.cpp:400]: Processing Tick: 1928.11.7
[02:54:55][jominiapplication.cpp:400]: Processing Tick: 1928.11.7.6
[02:54:55][jominiapplication.cpp:400]: Processing Tick: 1928.11.7.12
[02:54:56][jominiapplication.cpp:400]: Processing Tick: 1928.11.7.18
[02:54:56][jominiapplication.cpp:400]: Processing Tick: 1928.11.8
[02:54:57][jominiapplication.cpp:400]: Processing Tick: 1928.11.8.6
[02:54:58][jominiapplication.cpp:400]: Processing Tick: 1928.11.8.12
[02:54:58][jominiapplication.cpp:400]: Processing Tick: 1928.11.8.18
[02:54:59][jominiapplication.cpp:400]: Processing Tick: 1928.11.9
[02:55:00][jominiapplication.cpp:400]: Processing Tick: 1928.11.9.6
[02:55:01][jominiapplication.cpp:400]: Processing Tick: 1928.11.9.12
[02:55:02][jominiapplication.cpp:400]: Processing Tick: 1928.11.9.18
[02:55:02][jominiapplication.cpp:400]: Processing Tick: 1928.11.10
[02:55:03][jominiapplication.cpp:400]: Pause Toggled! Paused: true, PlayerID: 1
[02:55:28][jominiapplication.cpp:400]: Pause Toggled! Paused: false, PlayerID: 0
[02:55:28][jominiapplication.cpp:400]: Processing Tick: 1928.11.10.6
[02:55:29][jominiapplication.cpp:400]: Processing Tick: 1928.11.10.12
[02:55:29][jominiapplication.cpp:400]: Processing Tick: 1928.11.10.18
[02:55:30][jominiapplication.cpp:400]: Processing Tick: 1928.11.11
[02:55:30][jominiapplication.cpp:400]: Processing Tick: 1928.11.11.6
[02:55:31][jominiapplication.cpp:400]: Processing Tick: 1928.11.11.12
[02:55:31][jominiapplication.cpp:400]: Processing Tick: 1928.11.11.18
[02:55:32][jominiapplication.cpp:400]: Processing Tick: 1928.11.12
[02:55:33][jominiapplication.cpp:400]: Processing Tick: 1928.11.12.6
[02:55:33][jominiapplication.cpp:400]: Processing Tick: 1928.11.12.12
[02:55:34][jominiapplication.cpp:400]: Processing Tick: 1928.11.12.18
[02:55:34][jominiapplication.cpp:400]: Processing Tick: 1928.11.13
[02:55:35][jominiapplication.cpp:400]: Processing Tick: 1928.11.13.6
[02:55:35][jominiapplication.cpp:400]: Processing Tick: 1928.11.13.12
[02:55:36][jominiapplication.cpp:400]: Processing Tick: 1928.11.13.18
[02:55:36][jominiapplication.cpp:400]: Processing Tick: 1928.11.14
[02:55:37][jominiapplication.cpp:400]: Processing Tick: 1928.11.14.6
[02:55:37][jominiapplication.cpp:400]: Processing Tick: 1928.11.14.12
[02:55:38][jominiapplication.cpp:400]: Processing Tick: 1928.11.14.18
[02:55:38][jominiapplication.cpp:400]: Processing Tick: 1928.11.15
[02:55:39][jominiapplication.cpp:400]: Processing Tick: 1928.11.15.6
[02:55:39][jominiapplication.cpp:400]: Processing Tick: 1928.11.15.12
[02:55:40][jominiapplication.cpp:400]: Processing Tick: 1928.11.15.18
[02:55:40][jominiapplication.cpp:400]: Processing Tick: 1928.11.16
[02:55:42][jominiapplication.cpp:400]: Processing Tick: 1928.11.16.6
[02:55:43][jominiapplication.cpp:400]: Processing Tick: 1928.11.16.12
[02:55:43][jominiapplication.cpp:400]: Processing Tick: 1928.11.16.18
[02:55:44][jominiapplication.cpp:400]: Processing Tick: 1928.11.17
[02:55:44][jominiapplication.cpp:400]: Processing Tick: 1928.11.17.6
[02:55:45][jominiapplication.cpp:400]: Processing Tick: 1928.11.17.12
[02:55:45][jominiapplication.cpp:400]: Processing Tick: 1928.11.17.18
[02:55:46][jominiapplication.cpp:400]: Processing Tick: 1928.11.18
[02:55:46][jominiapplication.cpp:400]: Processing Tick: 1928.11.18.6
[02:55:47][jominiapplication.cpp:400]: Processing Tick: 1928.11.18.12
[02:55:47][jominiapplication.cpp:400]: Processing Tick: 1928.11.18.18
[02:55:48][jominiapplication.cpp:400]: Processing Tick: 1928.11.19
[02:55:49][jominiapplication.cpp:400]: Processing Tick: 1928.11.19.6
[02:55:49][jominiapplication.cpp:400]: Processing Tick: 1928.11.19.12
[02:55:50][jominiapplication.cpp:400]: Processing Tick: 1928.11.19.18
[02:55:50][jominiapplication.cpp:400]: Processing Tick: 1928.11.20
[02:55:51][jominiapplication.cpp:400]: Processing Tick: 1928.11.20.6
[02:55:51][jominiapplication.cpp:400]: Processing Tick: 1928.11.20.12
[02:55:52][jominiapplication.cpp:400]: Processing Tick: 1928.11.20.18
[02:55:52][jominiapplication.cpp:400]: Processing Tick: 1928.11.21
[02:55:53][jominiapplication.cpp:400]: Processing Tick: 1928.11.21.6
[02:55:53][jominiapplication.cpp:400]: Processing Tick: 1928.11.21.12
[02:55:54][jominiapplication.cpp:400]: Processing Tick: 1928.11.21.18
[02:55:54][jominiapplication.cpp:400]: Processing Tick: 1928.11.22
[02:55:55][jominiapplication.cpp:400]: Processing Tick: 1928.11.22.6
[02:55:55][jominiapplication.cpp:400]: Processing Tick: 1928.11.22.12
[02:55:56][jominiapplication.cpp:400]: Processing Tick: 1928.11.22.18
[02:55:56][jominiapplication.cpp:400]: Processing Tick: 1928.11.23
[02:55:58][jominiapplication.cpp:400]: Processing Tick: 1928.11.23.6
[02:55:59][jominiapplication.cpp:400]: Processing Tick: 1928.11.23.12
[02:55:59][jominiapplication.cpp:400]: Processing Tick: 1928.11.23.18
[02:56:00][jominiapplication.cpp:400]: Processing Tick: 1928.11.24
[02:56:00][jominiapplication.cpp:400]: Processing Tick: 1928.11.24.6
[02:56:01][jominiapplication.cpp:400]: Processing Tick: 1928.11.24.12
[02:56:01][jominiapplication.cpp:400]: Processing Tick: 1928.11.24.18
[02:56:02][jominiapplication.cpp:400]: Processing Tick: 1928.11.25
[02:56:02][jominiapplication.cpp:400]: Processing Tick: 1928.11.25.6
[02:56:03][jominiapplication.cpp:400]: Processing Tick: 1928.11.25.12
[02:56:03][jominiapplication.cpp:400]: Processing Tick: 1928.11.25.18
[02:56:04][jominiapplication.cpp:400]: Processing Tick: 1928.11.26
[02:56:04][jominiapplication.cpp:400]: Processing Tick: 1928.11.26.6
[02:56:05][jominiapplication.cpp:400]: Processing Tick: 1928.11.26.12
[02:56:05][jominiapplication.cpp:400]: Processing Tick: 1928.11.26.18
[02:56:06][jominiapplication.cpp:400]: Processing Tick: 1928.11.27
[02:56:07][jominiapplication.cpp:400]: Processing Tick: 1928.11.27.6
[02:56:07][jominiapplication.cpp:400]: Processing Tick: 1928.11.27.12
[02:56:08][jominiapplication.cpp:400]: Processing Tick: 1928.11.27.18
[02:56:08][jominiapplication.cpp:400]: Processing Tick: 1928.11.28
[02:56:09][jominiapplication.cpp:400]: Processing Tick: 1928.11.28.6
[02:56:09][jominiapplication.cpp:400]: Processing Tick: 1928.11.28.12
[02:56:10][jominiapplication.cpp:400]: Processing Tick: 1928.11.28.18
[02:56:10][jominiapplication.cpp:400]: Processing Tick: 1928.11.29
[02:56:11][jominiapplication.cpp:400]: Processing Tick: 1928.11.29.6
[02:56:11][jominiapplication.cpp:400]: Processing Tick: 1928.11.29.12
[02:56:12][jominiapplication.cpp:400]: Processing Tick: 1928.11.29.18
[02:56:12][jominiapplication.cpp:400]: Processing Tick: 1928.11.30
[02:56:14][jominiapplication.cpp:400]: Processing Tick: 1928.11.30.6
[02:56:15][jominiapplication.cpp:400]: Processing Tick: 1928.11.30.12
[02:56:15][jominiapplication.cpp:400]: Processing Tick: 1928.11.30.18
[02:56:16][jominiapplication.cpp:400]: Processing Tick: 1928.12.1
[02:56:19][jominiapplication.cpp:400]: Processing Tick: 1928.12.1.6
[02:56:19][jominiapplication.cpp:400]: Processing Tick: 1928.12.1.12
[02:56:20][jominiapplication.cpp:400]: Processing Tick: 1928.12.1.18
[02:56:20][jominiapplication.cpp:400]: Processing Tick: 1928.12.2
[02:56:21][jominiapplication.cpp:400]: Processing Tick: 1928.12.2.6
[02:56:21][jominiapplication.cpp:400]: Processing Tick: 1928.12.2.12
[02:56:22][jominiapplication.cpp:400]: Processing Tick: 1928.12.2.18
[02:56:22][jominiapplication.cpp:400]: Processing Tick: 1928.12.3
[02:56:23][jominiapplication.cpp:400]: Processing Tick: 1928.12.3.6
[02:56:23][jominiapplication.cpp:400]: Processing Tick: 1928.12.3.12
[02:56:24][jominiapplication.cpp:400]: Processing Tick: 1928.12.3.18
[02:56:24][jominiapplication.cpp:400]: Processing Tick: 1928.12.4
[02:56:25][jominiapplication.cpp:400]: Processing Tick: 1928.12.4.6
[02:56:25][jominiapplication.cpp:400]: Processing Tick: 1928.12.4.12
[02:56:26][jominiapplication.cpp:400]: Processing Tick: 1928.12.4.18
[02:56:26][jominiapplication.cpp:400]: Processing Tick: 1928.12.5
[02:56:27][jominiapplication.cpp:400]: Processing Tick: 1928.12.5.6
[02:56:27][jominiapplication.cpp:400]: Processing Tick: 1928.12.5.12
[02:56:28][jominiapplication.cpp:400]: Processing Tick: 1928.12.5.18
[02:56:28][jominiapplication.cpp:400]: Processing Tick: 1928.12.6
[02:56:29][jominiapplication.cpp:400]: Processing Tick: 1928.12.6.6
[02:56:30][jominiapplication.cpp:400]: Processing Tick: 1928.12.6.12
[02:56:30][jominiapplication.cpp:400]: Processing Tick: 1928.12.6.18
[02:56:31][jominiapplication.cpp:400]: Processing Tick: 1928.12.7
[02:56:32][jominiapplication.cpp:400]: Processing Tick: 1928.12.7.6
[02:56:33][jominiapplication.cpp:400]: Processing Tick: 1928.12.7.12
[02:56:33][jominiapplication.cpp:400]: Processing Tick: 1928.12.7.18
[02:56:34][jominiapplication.cpp:400]: Processing Tick: 1928.12.8
[02:56:35][jominiapplication.cpp:400]: Processing Tick: 1928.12.8.6
[02:56:35][jominiapplication.cpp:400]: Processing Tick: 1928.12.8.12
[02:56:36][jominiapplication.cpp:400]: Processing Tick: 1928.12.8.18
[02:56:36][jominiapplication.cpp:400]: Processing Tick: 1928.12.9
[02:56:37][jominiapplication.cpp:400]: Processing Tick: 1928.12.9.6
[02:56:37][jominiapplication.cpp:400]: Processing Tick: 1928.12.9.12
[02:56:38][jominiapplication.cpp:400]: Processing Tick: 1928.12.9.18
[02:56:38][jominiapplication.cpp:400]: Processing Tick: 1928.12.10
[02:56:39][jominiapplication.cpp:400]: Processing Tick: 1928.12.10.6
[02:56:39][jominiapplication.cpp:400]: Processing Tick: 1928.12.10.12
[02:56:40][jominiapplication.cpp:400]: Processing Tick: 1928.12.10.18
[02:56:40][jominiapplication.cpp:400]: Processing Tick: 1928.12.11
[02:56:41][jominiapplication.cpp:400]: Processing Tick: 1928.12.11.6
[02:56:41][jominiapplication.cpp:400]: Processing Tick: 1928.12.11.12
[02:56:42][jominiapplication.cpp:400]: Processing Tick: 1928.12.11.18
[02:56:42][jominiapplication.cpp:400]: Processing Tick: 1928.12.12
[02:56:43][jominiapplication.cpp:400]: Processing Tick: 1928.12.12.6
[02:56:43][jominiapplication.cpp:400]: Processing Tick: 1928.12.12.12
[02:56:44][jominiapplication.cpp:400]: Processing Tick: 1928.12.12.18
[02:56:45][jominiapplication.cpp:400]: Processing Tick: 1928.12.13
[02:56:45][jominiapplication.cpp:400]: Processing Tick: 1928.12.13.6
[02:56:46][jominiapplication.cpp:400]: Processing Tick: 1928.12.13.12
[02:56:46][jominiapplication.cpp:400]: Processing Tick: 1928.12.13.18
[02:56:47][jominiapplication.cpp:400]: Processing Tick: 1928.12.14
[02:56:49][jominiapplication.cpp:400]: Processing Tick: 1928.12.14.6
[02:56:49][jominiapplication.cpp:400]: Processing Tick: 1928.12.14.12
[02:56:50][jominiapplication.cpp:400]: Processing Tick: 1928.12.14.18
[02:56:50][jominiapplication.cpp:400]: Processing Tick: 1928.12.15
[02:56:51][jominiapplication.cpp:400]: Processing Tick: 1928.12.15.6
[02:56:51][jominiapplication.cpp:400]: Processing Tick: 1928.12.15.12
[02:56:52][jominiapplication.cpp:400]: Processing Tick: 1928.12.15.18
[02:56:52][jominiapplication.cpp:400]: Processing Tick: 1928.12.16
[02:56:53][jominiapplication.cpp:400]: Processing Tick: 1928.12.16.6
[02:56:53][jominiapplication.cpp:400]: Processing Tick: 1928.12.16.12
[02:56:54][jominiapplication.cpp:400]: Processing Tick: 1928.12.16.18
[02:56:54][jominiapplication.cpp:400]: Processing Tick: 1928.12.17
[02:56:55][jominiapplication.cpp:400]: Processing Tick: 1928.12.17.6
[02:56:56][jominiapplication.cpp:400]: Processing Tick: 1928.12.17.12
[02:56:56][jominiapplication.cpp:400]: Processing Tick: 1928.12.17.18
[02:56:57][jominiapplication.cpp:400]: Processing Tick: 1928.12.18
[02:56:57][jominiapplication.cpp:400]: Processing Tick: 1928.12.18.6
[02:56:58][jominiapplication.cpp:400]: Processing Tick: 1928.12.18.12
[02:56:58][jominiapplication.cpp:400]: Processing Tick: 1928.12.18.18
[02:56:59][jominiapplication.cpp:400]: Processing Tick: 1928.12.19
[02:56:59][jominiapplication.cpp:400]: Processing Tick: 1928.12.19.6
[02:57:00][jominiapplication.cpp:400]: Processing Tick: 1928.12.19.12
[02:57:00][jominiapplication.cpp:400]: Processing Tick: 1928.12.19.18
[02:57:01][jominiapplication.cpp:400]: Processing Tick: 1928.12.20
[02:57:01][jominiapplication.cpp:400]: Processing Tick: 1928.12.20.6
[02:57:02][jominiapplication.cpp:400]: Processing Tick: 1928.12.20.12
[02:57:02][jominiapplication.cpp:400]: Processing Tick: 1928.12.20.18
[02:57:03][jominiapplication.cpp:400]: Processing Tick: 1928.12.21
[02:57:05][jominiapplication.cpp:400]: Processing Tick: 1928.12.21.6
[02:57:05][jominiapplication.cpp:400]: Processing Tick: 1928.12.21.12
[02:57:06][jominiapplication.cpp:400]: Processing Tick: 1928.12.21.18
[02:57:06][jominiapplication.cpp:400]: Processing Tick: 1928.12.22
[02:57:07][jominiapplication.cpp:400]: Processing Tick: 1928.12.22.6
[02:57:07][jominiapplication.cpp:400]: Processing Tick: 1928.12.22.12
[02:57:08][jominiapplication.cpp:400]: Processing Tick: 1928.12.22.18
[02:57:08][jominiapplication.cpp:400]: Processing Tick: 1928.12.23
[02:57:09][jominiapplication.cpp:400]: Processing Tick: 1928.12.23.6
[02:57:10][jominiapplication.cpp:400]: Processing Tick: 1928.12.23.12
[02:57:10][jominiapplication.cpp:400]: Processing Tick: 1928.12.23.18
[02:57:11][jominiapplication.cpp:400]: Processing Tick: 1928.12.24
[02:57:11][jominiapplication.cpp:400]: Processing Tick: 1928.12.24.6
[02:57:12][jominiapplication.cpp:400]: Processing Tick: 1928.12.24.12
[02:57:12][jominiapplication.cpp:400]: Processing Tick: 1928.12.24.18
[02:57:13][jominiapplication.cpp:400]: Processing Tick: 1928.12.25
[02:57:13][jominiapplication.cpp:400]: Processing Tick: 1928.12.25.6
[02:57:14][jominiapplication.cpp:400]: Processing Tick: 1928.12.25.12
[02:57:14][jominiapplication.cpp:400]: Processing Tick: 1928.12.25.18
[02:57:15][jominiapplication.cpp:400]: Processing Tick: 1928.12.26
[02:57:15][jominiapplication.cpp:400]: Processing Tick: 1928.12.26.6
[02:57:16][jominiapplication.cpp:400]: Processing Tick: 1928.12.26.12
[02:57:16][jominiapplication.cpp:400]: Processing Tick: 1928.12.26.18
[02:57:17][jominiapplication.cpp:400]: Processing Tick: 1928.12.27
[02:57:17][jominiapplication.cpp:400]: Processing Tick: 1928.12.27.6
[02:57:18][jominiapplication.cpp:400]: Processing Tick: 1928.12.27.12
[02:57:18][jominiapplication.cpp:400]: Processing Tick: 1928.12.27.18
[02:57:19][jominiapplication.cpp:400]: Processing Tick: 1928.12.28
[02:57:21][jominiapplication.cpp:400]: Processing Tick: 1928.12.28.6
[02:57:21][jominiapplication.cpp:400]: Processing Tick: 1928.12.28.12
[02:57:22][jominiapplication.cpp:400]: Processing Tick: 1928.12.28.18
[02:57:22][jominiapplication.cpp:400]: Processing Tick: 1928.12.29
[02:57:23][jominiapplication.cpp:400]: Processing Tick: 1928.12.29.6
[02:57:24][jominiapplication.cpp:400]: Processing Tick: 1928.12.29.12
[02:57:24][jominiapplication.cpp:400]: Processing Tick: 1928.12.29.18
[02:57:25][jominiapplication.cpp:400]: Processing Tick: 1928.12.30
[02:57:25][jominiapplication.cpp:400]: Processing Tick: 1928.12.30.6
[02:57:26][jominiapplication.cpp:400]: Processing Tick: 1928.12.30.12
[02:57:26][jominiapplication.cpp:400]: Processing Tick: 1928.12.30.18
[02:57:27][jominiapplication.cpp:400]: Processing Tick: 1928.12.31
[02:57:27][jominiapplication.cpp:400]: Processing Tick: 1928.12.31.6
[02:57:28][jominiapplication.cpp:400]: Processing Tick: 1928.12.31.12
[02:57:28][jominiapplication.cpp:400]: Processing Tick: 1928.12.31.18
[02:57:29][jominiapplication.cpp:400]: Processing Tick: 1929.1.1
[02:57:32][jominiapplication.cpp:400]: Processing Tick: 1929.1.1.6
[02:57:32][jominiapplication.cpp:400]: Processing Tick: 1929.1.1.12
[02:57:33][jominiapplication.cpp:400]: Processing Tick: 1929.1.1.18
[02:57:33][jominiapplication.cpp:400]: Processing Tick: 1929.1.2
[02:57:34][jominiapplication.cpp:400]: Processing Tick: 1929.1.2.6
[02:57:35][jominiapplication.cpp:400]: Processing Tick: 1929.1.2.12
[02:57:35][jominiapplication.cpp:400]: Processing Tick: 1929.1.2.18
[02:57:36][jominiapplication.cpp:400]: Processing Tick: 1929.1.3
[02:57:36][jominiapplication.cpp:400]: Processing Tick: 1929.1.3.6
[02:57:37][jominiapplication.cpp:400]: Processing Tick: 1929.1.3.12
[02:57:37][jominiapplication.cpp:400]: Processing Tick: 1929.1.3.18
[02:57:38][jominiapplication.cpp:400]: Processing Tick: 1929.1.4
[02:57:40][jominiapplication.cpp:400]: Processing Tick: 1929.1.4.6
[02:57:40][jominiapplication.cpp:400]: Processing Tick: 1929.1.4.12
[02:57:41][jominiapplication.cpp:400]: Processing Tick: 1929.1.4.18
[02:57:41][jominiapplication.cpp:400]: Processing Tick: 1929.1.5
[02:57:42][jominiapplication.cpp:400]: Processing Tick: 1929.1.5.6
[02:57:43][jominiapplication.cpp:400]: Processing Tick: 1929.1.5.12
[02:57:43][jominiapplication.cpp:400]: Processing Tick: 1929.1.5.18
[02:57:44][jominiapplication.cpp:400]: Processing Tick: 1929.1.6
[02:57:44][jominiapplication.cpp:400]: Processing Tick: 1929.1.6.6
[02:57:45][jominiapplication.cpp:400]: Processing Tick: 1929.1.6.12
[02:57:45][jominiapplication.cpp:400]: Processing Tick: 1929.1.6.18
[02:57:46][jominiapplication.cpp:400]: Processing Tick: 1929.1.7
[02:57:46][jominiapplication.cpp:400]: Processing Tick: 1929.1.7.6
[02:57:47][jominiapplication.cpp:400]: Processing Tick: 1929.1.7.12
[02:57:47][jominiapplication.cpp:400]: Processing Tick: 1929.1.7.18
[02:57:48][jominiapplication.cpp:400]: Processing Tick: 1929.1.8
[02:57:49][jominiapplication.cpp:400]: Processing Tick: 1929.1.8.6
[02:57:49][jominiapplication.cpp:400]: Processing Tick: 1929.1.8.12
[02:57:50][jominiapplication.cpp:400]: Processing Tick: 1929.1.8.18
[02:57:50][jominiapplication.cpp:400]: Processing Tick: 1929.1.9
[02:57:51][jominiapplication.cpp:400]: Processing Tick: 1929.1.9.6
[02:57:51][jominiapplication.cpp:400]: Processing Tick: 1929.1.9.12
[02:57:52][jominiapplication.cpp:400]: Processing Tick: 1929.1.9.18
[02:57:52][jominiapplication.cpp:400]: Processing Tick: 1929.1.10
[02:57:53][jominiapplication.cpp:400]: Processing Tick: 1929.1.10.6
[02:57:53][jominiapplication.cpp:400]: Processing Tick: 1929.1.10.12
[02:57:54][jominiapplication.cpp:400]: Processing Tick: 1929.1.10.18
[02:57:54][jominiapplication.cpp:400]: Processing Tick: 1929.1.11
[02:57:56][jominiapplication.cpp:400]: Processing Tick: 1929.1.11.6
[02:57:57][jominiapplication.cpp:400]: Processing Tick: 1929.1.11.12
[02:57:57][jominiapplication.cpp:400]: Processing Tick: 1929.1.11.18
[02:57:58][jominiapplication.cpp:400]: Processing Tick: 1929.1.12
[02:57:59][jominiapplication.cpp:400]: Processing Tick: 1929.1.12.6
[02:57:59][jominiapplication.cpp:400]: Processing Tick: 1929.1.12.12
[02:58:00][jominiapplication.cpp:400]: Processing Tick: 1929.1.12.18
[02:58:00][jominiapplication.cpp:400]: Processing Tick: 1929.1.13
[02:58:01][jominiapplication.cpp:400]: Processing Tick: 1929.1.13.6
[02:58:01][jominiapplication.cpp:400]: Processing Tick: 1929.1.13.12
[02:58:02][jominiapplication.cpp:400]: Processing Tick: 1929.1.13.18
[02:58:02][jominiapplication.cpp:400]: Processing Tick: 1929.1.14
[02:58:03][jominiapplication.cpp:400]: Processing Tick: 1929.1.14.6
[02:58:03][jominiapplication.cpp:400]: Processing Tick: 1929.1.14.12
[02:58:04][jominiapplication.cpp:400]: Processing Tick: 1929.1.14.18
[02:58:04][jominiapplication.cpp:400]: Processing Tick: 1929.1.15
[02:58:05][jominiapplication.cpp:400]: Processing Tick: 1929.1.15.6
[02:58:06][jominiapplication.cpp:400]: Processing Tick: 1929.1.15.12
[02:58:06][jominiapplication.cpp:400]: Processing Tick: 1929.1.15.18
[02:58:07][jominiapplication.cpp:400]: Processing Tick: 1929.1.16
[02:58:07][jominiapplication.cpp:400]: Processing Tick: 1929.1.16.6
[02:58:08][jominiapplication.cpp:400]: Processing Tick: 1929.1.16.12
[02:58:08][jominiapplication.cpp:400]: Processing Tick: 1929.1.16.18
[02:58:09][jominiapplication.cpp:400]: Processing Tick: 1929.1.17
[02:58:09][jominiapplication.cpp:400]: Processing Tick: 1929.1.17.6
[02:58:10][jominiapplication.cpp:400]: Processing Tick: 1929.1.17.12
[02:58:10][jominiapplication.cpp:400]: Processing Tick: 1929.1.17.18
[02:58:11][jominiapplication.cpp:400]: Processing Tick: 1929.1.18
[02:58:13][jominiapplication.cpp:400]: Processing Tick: 1929.1.18.6
[02:58:13][jominiapplication.cpp:400]: Processing Tick: 1929.1.18.12
[02:58:14][jominiapplication.cpp:400]: Processing Tick: 1929.1.18.18
[02:58:15][jominiapplication.cpp:400]: Processing Tick: 1929.1.19
[02:58:15][jominiapplication.cpp:400]: Processing Tick: 1929.1.19.6
[02:58:16][jominiapplication.cpp:400]: Processing Tick: 1929.1.19.12
[02:58:16][jominiapplication.cpp:400]: Processing Tick: 1929.1.19.18
[02:58:17][jominiapplication.cpp:400]: Processing Tick: 1929.1.20
[02:58:17][jominiapplication.cpp:400]: Processing Tick: 1929.1.20.6
[02:58:18][jominiapplication.cpp:400]: Processing Tick: 1929.1.20.12
[02:58:18][jominiapplication.cpp:400]: Processing Tick: 1929.1.20.18
[02:58:19][jominiapplication.cpp:400]: Processing Tick: 1929.1.21
[02:58:20][jominiapplication.cpp:400]: Processing Tick: 1929.1.21.6
[02:58:20][jominiapplication.cpp:400]: Processing Tick: 1929.1.21.12
[02:58:21][jominiapplication.cpp:400]: Processing Tick: 1929.1.21.18
[02:58:21][jominiapplication.cpp:400]: Processing Tick: 1929.1.22
[02:58:22][jominiapplication.cpp:400]: Processing Tick: 1929.1.22.6
[02:58:22][jominiapplication.cpp:400]: Processing Tick: 1929.1.22.12
[02:58:23][jominiapplication.cpp:400]: Processing Tick: 1929.1.22.18
[02:58:23][jominiapplication.cpp:400]: Processing Tick: 1929.1.23
[02:58:24][jominiapplication.cpp:400]: Processing Tick: 1929.1.23.6
[02:58:24][jominiapplication.cpp:400]: Processing Tick: 1929.1.23.12
[02:58:25][jominiapplication.cpp:400]: Processing Tick: 1929.1.23.18
[02:58:25][jominiapplication.cpp:400]: Processing Tick: 1929.1.24
[02:58:26][jominiapplication.cpp:400]: Processing Tick: 1929.1.24.6
[02:58:26][jominiapplication.cpp:400]: Processing Tick: 1929.1.24.12
[02:58:27][jominiapplication.cpp:400]: Processing Tick: 1929.1.24.18
[02:58:27][jominiapplication.cpp:400]: Processing Tick: 1929.1.25
[02:58:29][jominiapplication.cpp:400]: Processing Tick: 1929.1.25.6
[02:58:30][jominiapplication.cpp:400]: Processing Tick: 1929.1.25.12
[02:58:30][jominiapplication.cpp:400]: Processing Tick: 1929.1.25.18
[02:58:31][jominiapplication.cpp:400]: Processing Tick: 1929.1.26
[02:58:31][jominiapplication.cpp:400]: Processing Tick: 1929.1.26.6
[02:58:32][jominiapplication.cpp:400]: Processing Tick: 1929.1.26.12
[02:58:32][jominiapplication.cpp:400]: Processing Tick: 1929.1.26.18
[02:58:33][jominiapplication.cpp:400]: Processing Tick: 1929.1.27
[02:58:33][jominiapplication.cpp:400]: Processing Tick: 1929.1.27.6
[02:58:34][jominiapplication.cpp:400]: Processing Tick: 1929.1.27.12
[02:58:34][jominiapplication.cpp:400]: Processing Tick: 1929.1.27.18
[02:58:35][jominiapplication.cpp:400]: Processing Tick: 1929.1.28
[02:58:35][jominiapplication.cpp:400]: Processing Tick: 1929.1.28.6
[02:58:36][jominiapplication.cpp:400]: Processing Tick: 1929.1.28.12
[02:58:36][jominiapplication.cpp:400]: Processing Tick: 1929.1.28.18
[02:58:37][jominiapplication.cpp:400]: Processing Tick: 1929.1.29
[02:58:37][jominiapplication.cpp:400]: Processing Tick: 1929.1.29.6
[02:58:38][jominiapplication.cpp:400]: Processing Tick: 1929.1.29.12
[02:58:39][jominiapplication.cpp:400]: Processing Tick: 1929.1.29.18
[02:58:39][jominiapplication.cpp:400]: Processing Tick: 1929.1.30
[02:58:40][jominiapplication.cpp:400]: Processing Tick: 1929.1.30.6
[02:58:40][jominiapplication.cpp:400]: Processing Tick: 1929.1.30.12
[02:58:41][jominiapplication.cpp:400]: Processing Tick: 1929.1.30.18
[02:58:41][jominiapplication.cpp:400]: Processing Tick: 1929.1.31
[02:58:42][jominiapplication.cpp:400]: Processing Tick: 1929.1.31.6
[02:58:42][jominiapplication.cpp:400]: Processing Tick: 1929.1.31.12
[02:58:43][jominiapplication.cpp:400]: Processing Tick: 1929.1.31.18
[02:58:43][jominiapplication.cpp:400]: Processing Tick: 1929.2.1
[02:58:48][jominiapplication.cpp:400]: Processing Tick: 1929.2.1.6
[02:58:48][jominiapplication.cpp:400]: Processing Tick: 1929.2.1.12
[02:58:49][jominiapplication.cpp:400]: Processing Tick: 1929.2.1.18
[02:58:49][jominiapplication.cpp:400]: Processing Tick: 1929.2.2
[02:58:50][jominiapplication.cpp:400]: Processing Tick: 1929.2.2.6
[02:58:50][jominiapplication.cpp:400]: Processing Tick: 1929.2.2.12
[02:58:51][jominiapplication.cpp:400]: Processing Tick: 1929.2.2.18
[02:58:52][jominiapplication.cpp:400]: Processing Tick: 1929.2.3
[02:58:52][jominiapplication.cpp:400]: Processing Tick: 1929.2.3.6
[02:58:53][jominiapplication.cpp:400]: Processing Tick: 1929.2.3.12
[02:58:53][jominiapplication.cpp:400]: Processing Tick: 1929.2.3.18
[02:58:54][jominiapplication.cpp:400]: Processing Tick: 1929.2.4
[02:58:54][jominiapplication.cpp:400]: Processing Tick: 1929.2.4.6
[02:58:55][jominiapplication.cpp:400]: Processing Tick: 1929.2.4.12
[02:58:55][jominiapplication.cpp:400]: Processing Tick: 1929.2.4.18
[02:58:56][jominiapplication.cpp:400]: Processing Tick: 1929.2.5
[02:58:56][jominiapplication.cpp:400]: Processing Tick: 1929.2.5.6
[02:58:57][jominiapplication.cpp:400]: Processing Tick: 1929.2.5.12
[02:58:57][jominiapplication.cpp:400]: Processing Tick: 1929.2.5.18
[02:58:58][jominiapplication.cpp:400]: Processing Tick: 1929.2.6
[02:58:58][jominiapplication.cpp:400]: Processing Tick: 1929.2.6.6
[02:58:59][jominiapplication.cpp:400]: Processing Tick: 1929.2.6.12
[02:58:59][jominiapplication.cpp:400]: Processing Tick: 1929.2.6.18
[02:59:00][jominiapplication.cpp:400]: Processing Tick: 1929.2.7
[02:59:00][jominiapplication.cpp:400]: Processing Tick: 1929.2.7.6
[02:59:01][jominiapplication.cpp:400]: Processing Tick: 1929.2.7.12
[02:59:02][jominiapplication.cpp:400]: Processing Tick: 1929.2.7.18
[02:59:02][jominiapplication.cpp:400]: Processing Tick: 1929.2.8
[02:59:04][jominiapplication.cpp:400]: Processing Tick: 1929.2.8.6
[02:59:05][jominiapplication.cpp:400]: Processing Tick: 1929.2.8.12
[02:59:05][jominiapplication.cpp:400]: Processing Tick: 1929.2.8.18
[02:59:06][jominiapplication.cpp:400]: Processing Tick: 1929.2.9
[02:59:06][jominiapplication.cpp:400]: Processing Tick: 1929.2.9.6
[02:59:07][jominiapplication.cpp:400]: Processing Tick: 1929.2.9.12
[02:59:07][jominiapplication.cpp:400]: Processing Tick: 1929.2.9.18
[02:59:08][jominiapplication.cpp:400]: Processing Tick: 1929.2.10
[02:59:08][jominiapplication.cpp:400]: Processing Tick: 1929.2.10.6
[02:59:09][jominiapplication.cpp:400]: Processing Tick: 1929.2.10.12
[02:59:09][jominiapplication.cpp:400]: Processing Tick: 1929.2.10.18
[02:59:10][jominiapplication.cpp:400]: Processing Tick: 1929.2.11
[02:59:10][jominiapplication.cpp:400]: Processing Tick: 1929.2.11.6
[02:59:11][jominiapplication.cpp:400]: Processing Tick: 1929.2.11.12
[02:59:12][jominiapplication.cpp:400]: Processing Tick: 1929.2.11.18
[02:59:12][jominiapplication.cpp:400]: Processing Tick: 1929.2.12
[02:59:13][jominiapplication.cpp:400]: Processing Tick: 1929.2.12.6
[02:59:13][jominiapplication.cpp:400]: Processing Tick: 1929.2.12.12
[02:59:14][jominiapplication.cpp:400]: Processing Tick: 1929.2.12.18
[02:59:14][jominiapplication.cpp:400]: Processing Tick: 1929.2.13
[02:59:15][jominiapplication.cpp:400]: Processing Tick: 1929.2.13.6
[02:59:15][jominiapplication.cpp:400]: Processing Tick: 1929.2.13.12
[02:59:16][jominiapplication.cpp:400]: Processing Tick: 1929.2.13.18
[02:59:16][jominiapplication.cpp:400]: Processing Tick: 1929.2.14
[02:59:17][jominiapplication.cpp:400]: Processing Tick: 1929.2.14.6
[02:59:17][jominiapplication.cpp:400]: Processing Tick: 1929.2.14.12
[02:59:18][jominiapplication.cpp:400]: Processing Tick: 1929.2.14.18
[02:59:18][jominiapplication.cpp:400]: Processing Tick: 1929.2.15
[02:59:20][jominiapplication.cpp:400]: Processing Tick: 1929.2.15.6
[02:59:21][jominiapplication.cpp:400]: Processing Tick: 1929.2.15.12
[02:59:21][jominiapplication.cpp:400]: Processing Tick: 1929.2.15.18
[02:59:22][jominiapplication.cpp:400]: Processing Tick: 1929.2.16
[02:59:22][jominiapplication.cpp:400]: Processing Tick: 1929.2.16.6
[02:59:23][jominiapplication.cpp:400]: Processing Tick: 1929.2.16.12
[02:59:23][jominiapplication.cpp:400]: Processing Tick: 1929.2.16.18
[02:59:24][jominiapplication.cpp:400]: Processing Tick: 1929.2.17
[02:59:25][jominiapplication.cpp:400]: Processing Tick: 1929.2.17.6
[02:59:25][jominiapplication.cpp:400]: Processing Tick: 1929.2.17.12
[02:59:26][jominiapplication.cpp:400]: Processing Tick: 1929.2.17.18
[02:59:26][jominiapplication.cpp:400]: Processing Tick: 1929.2.18
[02:59:27][jominiapplication.cpp:400]: Processing Tick: 1929.2.18.6
[02:59:27][jominiapplication.cpp:400]: Processing Tick: 1929.2.18.12
[02:59:28][jominiapplication.cpp:400]: Processing Tick: 1929.2.18.18
[02:59:28][jominiapplication.cpp:400]: Processing Tick: 1929.2.19
[02:59:29][jominiapplication.cpp:400]: Processing Tick: 1929.2.19.6
[02:59:29][jominiapplication.cpp:400]: Processing Tick: 1929.2.19.12
[02:59:30][jominiapplication.cpp:400]: Processing Tick: 1929.2.19.18
[02:59:30][jominiapplication.cpp:400]: Processing Tick: 1929.2.20
[02:59:31][jominiapplication.cpp:400]: Processing Tick: 1929.2.20.6
[02:59:31][jominiapplication.cpp:400]: Processing Tick: 1929.2.20.12
[02:59:32][jominiapplication.cpp:400]: Processing Tick: 1929.2.20.18
[02:59:32][jominiapplication.cpp:400]: Processing Tick: 1929.2.21
[02:59:33][jominiapplication.cpp:400]: Processing Tick: 1929.2.21.6
[02:59:33][jominiapplication.cpp:400]: Processing Tick: 1929.2.21.12
[02:59:34][jominiapplication.cpp:400]: Processing Tick: 1929.2.21.18
[02:59:34][jominiapplication.cpp:400]: Processing Tick: 1929.2.22
[02:59:36][jominiapplication.cpp:400]: Processing Tick: 1929.2.22.6
[02:59:37][jominiapplication.cpp:400]: Processing Tick: 1929.2.22.12
[02:59:37][jominiapplication.cpp:400]: Processing Tick: 1929.2.22.18
[02:59:38][jominiapplication.cpp:400]: Processing Tick: 1929.2.23
[02:59:39][jominiapplication.cpp:400]: Processing Tick: 1929.2.23.6
[02:59:39][jominiapplication.cpp:400]: Processing Tick: 1929.2.23.12
[02:59:40][jominiapplication.cpp:400]: Processing Tick: 1929.2.23.18
[02:59:40][jominiapplication.cpp:400]: Processing Tick: 1929.2.24
[02:59:41][jominiapplication.cpp:400]: Processing Tick: 1929.2.24.6
[02:59:41][jominiapplication.cpp:400]: Processing Tick: 1929.2.24.12
[02:59:42][jominiapplication.cpp:400]: Processing Tick: 1929.2.24.18
[02:59:42][jominiapplication.cpp:400]: Processing Tick: 1929.2.25
[02:59:43][jominiapplication.cpp:400]: Processing Tick: 1929.2.25.6
[02:59:43][jominiapplication.cpp:400]: Processing Tick: 1929.2.25.12
[02:59:44][jominiapplication.cpp:400]: Processing Tick: 1929.2.25.18
[02:59:44][jominiapplication.cpp:400]: Processing Tick: 1929.2.26
[02:59:45][jominiapplication.cpp:400]: Processing Tick: 1929.2.26.6
[02:59:45][jominiapplication.cpp:400]: Processing Tick: 1929.2.26.12
[02:59:46][jominiapplication.cpp:400]: Processing Tick: 1929.2.26.18
[02:59:46][jominiapplication.cpp:400]: Processing Tick: 1929.2.27
[02:59:47][jominiapplication.cpp:400]: Processing Tick: 1929.2.27.6
[02:59:48][jominiapplication.cpp:400]: Processing Tick: 1929.2.27.12
[02:59:48][jominiapplication.cpp:400]: Processing Tick: 1929.2.27.18
[02:59:49][jominiapplication.cpp:400]: Processing Tick: 1929.2.28
[02:59:49][jominiapplication.cpp:400]: Processing Tick: 1929.2.28.6
[02:59:50][jominiapplication.cpp:400]: Processing Tick: 1929.2.28.12
[02:59:50][jominiapplication.cpp:400]: Processing Tick: 1929.2.28.18
[02:59:51][jominiapplication.cpp:400]: Processing Tick: 1929.3.1
[02:59:55][jominiapplication.cpp:400]: Processing Tick: 1929.3.1.6
[02:59:56][jominiapplication.cpp:400]: Processing Tick: 1929.3.1.12
[02:59:56][jominiapplication.cpp:400]: Processing Tick: 1929.3.1.18
[02:59:57][jominiapplication.cpp:400]: Processing Tick: 1929.3.2
[02:59:58][jominiapplication.cpp:400]: Processing Tick: 1929.3.2.6
[02:59:58][jominiapplication.cpp:400]: Processing Tick: 1929.3.2.12
[02:59:59][jominiapplication.cpp:400]: Processing Tick: 1929.3.2.18
[02:59:59][jominiapplication.cpp:400]: Processing Tick: 1929.3.3
[03:00:00][jominiapplication.cpp:400]: Processing Tick: 1929.3.3.6
[03:00:00][jominiapplication.cpp:400]: Processing Tick: 1929.3.3.12
[03:00:01][jominiapplication.cpp:400]: Processing Tick: 1929.3.3.18
[03:00:01][jominiapplication.cpp:400]: Processing Tick: 1929.3.4
[03:00:02][jominiapplication.cpp:400]: Processing Tick: 1929.3.4.6
[03:00:02][jominiapplication.cpp:400]: Processing Tick: 1929.3.4.12
[03:00:03][jominiapplication.cpp:400]: Processing Tick: 1929.3.4.18
[03:00:03][jominiapplication.cpp:400]: Processing Tick: 1929.3.5
[03:00:04][jominiapplication.cpp:400]: Processing Tick: 1929.3.5.6
[03:00:04][jominiapplication.cpp:400]: Processing Tick: 1929.3.5.12
[03:00:05][jominiapplication.cpp:400]: Processing Tick: 1929.3.5.18
[03:00:05][jominiapplication.cpp:400]: Processing Tick: 1929.3.6
[03:00:06][jominiapplication.cpp:400]: Processing Tick: 1929.3.6.6
[03:00:07][jominiapplication.cpp:400]: Processing Tick: 1929.3.6.12
[03:00:07][jominiapplication.cpp:400]: Processing Tick: 1929.3.6.18
[03:00:08][jominiapplication.cpp:400]: Processing Tick: 1929.3.7
[03:00:08][jominiapplication.cpp:400]: Processing Tick: 1929.3.7.6
[03:00:09][jominiapplication.cpp:400]: Processing Tick: 1929.3.7.12
[03:00:09][jominiapplication.cpp:400]: Processing Tick: 1929.3.7.18
[03:00:10][jominiapplication.cpp:400]: Processing Tick: 1929.3.8
[03:00:11][jominiapplication.cpp:400]: Processing Tick: 1929.3.8.6
[03:00:12][jominiapplication.cpp:400]: Processing Tick: 1929.3.8.12
[03:00:12][jominiapplication.cpp:400]: Processing Tick: 1929.3.8.18
[03:00:13][jominiapplication.cpp:400]: Processing Tick: 1929.3.9
[03:00:13][jominiapplication.cpp:400]: Processing Tick: 1929.3.9.6
[03:00:14][jominiapplication.cpp:400]: Processing Tick: 1929.3.9.12
[03:00:14][jominiapplication.cpp:400]: Processing Tick: 1929.3.9.18
[03:00:15][jominiapplication.cpp:400]: Processing Tick: 1929.3.10
[03:00:16][jominiapplication.cpp:400]: Processing Tick: 1929.3.10.6
[03:00:16][jominiapplication.cpp:400]: Processing Tick: 1929.3.10.12
[03:00:17][jominiapplication.cpp:400]: Processing Tick: 1929.3.10.18
[03:00:17][jominiapplication.cpp:400]: Processing Tick: 1929.3.11
[03:00:18][jominiapplication.cpp:400]: Processing Tick: 1929.3.11.6
[03:00:18][jominiapplication.cpp:400]: Processing Tick: 1929.3.11.12
[03:00:19][jominiapplication.cpp:400]: Processing Tick: 1929.3.11.18
[03:00:19][jominiapplication.cpp:400]: Processing Tick: 1929.3.12
[03:00:20][jominiapplication.cpp:400]: Processing Tick: 1929.3.12.6
[03:00:20][jominiapplication.cpp:400]: Processing Tick: 1929.3.12.12
[03:00:21][jominiapplication.cpp:400]: Processing Tick: 1929.3.12.18
[03:00:21][jominiapplication.cpp:400]: Processing Tick: 1929.3.13
[03:00:22][jominiapplication.cpp:400]: Processing Tick: 1929.3.13.6
[03:00:22][jominiapplication.cpp:400]: Processing Tick: 1929.3.13.12
[03:00:23][jominiapplication.cpp:400]: Processing Tick: 1929.3.13.18
[03:00:23][jominiapplication.cpp:400]: Processing Tick: 1929.3.14
[03:00:24][jominiapplication.cpp:400]: Processing Tick: 1929.3.14.6
[03:00:24][jominiapplication.cpp:400]: Processing Tick: 1929.3.14.12
[03:00:25][jominiapplication.cpp:400]: Processing Tick: 1929.3.14.18
[03:00:25][jominiapplication.cpp:400]: Processing Tick: 1929.3.15
[03:00:27][jominiapplication.cpp:400]: Processing Tick: 1929.3.15.6
[03:00:28][jominiapplication.cpp:400]: Processing Tick: 1929.3.15.12
[03:00:28][jominiapplication.cpp:400]: Processing Tick: 1929.3.15.18
[03:00:29][jominiapplication.cpp:400]: Processing Tick: 1929.3.16
[03:00:30][jominiapplication.cpp:400]: Processing Tick: 1929.3.16.6
[03:00:30][jominiapplication.cpp:400]: Processing Tick: 1929.3.16.12
[03:00:31][jominiapplication.cpp:400]: Processing Tick: 1929.3.16.18
[03:00:31][jominiapplication.cpp:400]: Processing Tick: 1929.3.17
[03:00:32][jominiapplication.cpp:400]: Processing Tick: 1929.3.17.6
[03:00:32][jominiapplication.cpp:400]: Processing Tick: 1929.3.17.12
[03:00:33][jominiapplication.cpp:400]: Processing Tick: 1929.3.17.18
[03:00:33][jominiapplication.cpp:400]: Processing Tick: 1929.3.18
[03:00:34][jominiapplication.cpp:400]: Processing Tick: 1929.3.18.6
[03:00:35][jominiapplication.cpp:400]: Processing Tick: 1929.3.18.12
[03:00:35][jominiapplication.cpp:400]: Processing Tick: 1929.3.18.18
[03:00:36][jominiapplication.cpp:400]: Processing Tick: 1929.3.19
[03:00:36][jominiapplication.cpp:400]: Processing Tick: 1929.3.19.6
[03:00:37][jominiapplication.cpp:400]: Processing Tick: 1929.3.19.12
[03:00:37][jominiapplication.cpp:400]: Processing Tick: 1929.3.19.18
[03:00:38][jominiapplication.cpp:400]: Processing Tick: 1929.3.20
[03:00:38][jominiapplication.cpp:400]: Processing Tick: 1929.3.20.6
[03:00:39][jominiapplication.cpp:400]: Processing Tick: 1929.3.20.12
[03:00:39][jominiapplication.cpp:400]: Processing Tick: 1929.3.20.18
[03:00:40][jominiapplication.cpp:400]: Processing Tick: 1929.3.21
[03:00:41][jominiapplication.cpp:400]: Processing Tick: 1929.3.21.6
[03:00:41][jominiapplication.cpp:400]: Processing Tick: 1929.3.21.12
[03:00:42][jominiapplication.cpp:400]: Processing Tick: 1929.3.21.18
[03:00:42][jominiapplication.cpp:400]: Processing Tick: 1929.3.22
[03:00:44][jominiapplication.cpp:400]: Processing Tick: 1929.3.22.6
[03:00:44][jominiapplication.cpp:400]: Processing Tick: 1929.3.22.12
[03:00:45][jominiapplication.cpp:400]: Processing Tick: 1929.3.22.18
[03:00:46][jominiapplication.cpp:400]: Processing Tick: 1929.3.23
[03:00:46][jominiapplication.cpp:400]: Processing Tick: 1929.3.23.6
[03:00:47][jominiapplication.cpp:400]: Processing Tick: 1929.3.23.12
[03:00:47][jominiapplication.cpp:400]: Processing Tick: 1929.3.23.18
[03:00:48][jominiapplication.cpp:400]: Processing Tick: 1929.3.24
[03:00:48][jominiapplication.cpp:400]: Processing Tick: 1929.3.24.6
[03:00:49][jominiapplication.cpp:400]: Processing Tick: 1929.3.24.12
[03:00:49][jominiapplication.cpp:400]: Processing Tick: 1929.3.24.18
[03:00:50][jominiapplication.cpp:400]: Processing Tick: 1929.3.25
[03:00:51][jominiapplication.cpp:400]: Processing Tick: 1929.3.25.6
[03:00:51][jominiapplication.cpp:400]: Processing Tick: 1929.3.25.12
[03:00:52][jominiapplication.cpp:400]: Processing Tick: 1929.3.25.18
[03:00:52][jominiapplication.cpp:400]: Processing Tick: 1929.3.26
[03:00:53][jominiapplication.cpp:400]: Processing Tick: 1929.3.26.6
[03:00:53][jominiapplication.cpp:400]: Processing Tick: 1929.3.26.12
[03:00:54][jominiapplication.cpp:400]: Processing Tick: 1929.3.26.18
[03:00:54][jominiapplication.cpp:400]: Processing Tick: 1929.3.27
[03:00:55][jominiapplication.cpp:400]: Processing Tick: 1929.3.27.6
[03:00:55][jominiapplication.cpp:400]: Processing Tick: 1929.3.27.12
[03:00:56][jominiapplication.cpp:400]: Processing Tick: 1929.3.27.18
[03:00:56][jominiapplication.cpp:400]: Processing Tick: 1929.3.28
[03:00:57][jominiapplication.cpp:400]: Processing Tick: 1929.3.28.6
[03:00:57][jominiapplication.cpp:400]: Processing Tick: 1929.3.28.12
[03:00:58][jominiapplication.cpp:400]: Processing Tick: 1929.3.28.18
[03:00:58][jominiapplication.cpp:400]: Processing Tick: 1929.3.29
[03:01:00][jominiapplication.cpp:400]: Processing Tick: 1929.3.29.6
[03:01:01][jominiapplication.cpp:400]: Processing Tick: 1929.3.29.12
[03:01:01][jominiapplication.cpp:400]: Processing Tick: 1929.3.29.18
[03:01:02][jominiapplication.cpp:400]: Processing Tick: 1929.3.30
[03:01:03][jominiapplication.cpp:400]: Processing Tick: 1929.3.30.6
[03:01:03][jominiapplication.cpp:400]: Processing Tick: 1929.3.30.12
[03:01:04][jominiapplication.cpp:400]: Processing Tick: 1929.3.30.18
[03:01:04][jominiapplication.cpp:400]: Processing Tick: 1929.3.31
[03:01:05][jominiapplication.cpp:400]: Processing Tick: 1929.3.31.6
[03:01:05][jominiapplication.cpp:400]: Processing Tick: 1929.3.31.12
[03:01:06][jominiapplication.cpp:400]: Processing Tick: 1929.3.31.18
[03:01:06][jominiapplication.cpp:400]: Processing Tick: 1929.4.1
[03:01:10][jominiapplication.cpp:400]: Processing Tick: 1929.4.1.6
[03:01:10][jominiapplication.cpp:400]: Processing Tick: 1929.4.1.12
[03:01:11][jominiapplication.cpp:400]: Processing Tick: 1929.4.1.18
[03:01:11][jominiapplication.cpp:400]: Processing Tick: 1929.4.2
[03:01:12][jominiapplication.cpp:400]: Processing Tick: 1929.4.2.6
[03:01:12][jominiapplication.cpp:400]: Processing Tick: 1929.4.2.12
[03:01:13][jominiapplication.cpp:400]: Processing Tick: 1929.4.2.18
[03:01:13][jominiapplication.cpp:400]: Processing Tick: 1929.4.3
[03:01:14][jominiapplication.cpp:400]: Processing Tick: 1929.4.3.6
[03:01:14][jominiapplication.cpp:400]: Processing Tick: 1929.4.3.12
[03:01:15][jominiapplication.cpp:400]: Processing Tick: 1929.4.3.18
[03:01:15][jominiapplication.cpp:400]: Processing Tick: 1929.4.4
[03:01:16][jominiapplication.cpp:400]: Processing Tick: 1929.4.4.6
[03:01:16][jominiapplication.cpp:400]: Processing Tick: 1929.4.4.12
[03:01:17][jominiapplication.cpp:400]: Processing Tick: 1929.4.4.18
[03:01:17][jominiapplication.cpp:400]: Processing Tick: 1929.4.5
[03:01:19][jominiapplication.cpp:400]: Processing Tick: 1929.4.5.6
[03:01:20][jominiapplication.cpp:400]: Processing Tick: 1929.4.5.12
[03:01:20][jominiapplication.cpp:400]: Processing Tick: 1929.4.5.18
[03:01:21][jominiapplication.cpp:400]: Processing Tick: 1929.4.6
[03:01:22][jominiapplication.cpp:400]: Processing Tick: 1929.4.6.6
[03:01:22][jominiapplication.cpp:400]: Processing Tick: 1929.4.6.12
[03:01:23][jominiapplication.cpp:400]: Processing Tick: 1929.4.6.18
[03:01:23][jominiapplication.cpp:400]: Processing Tick: 1929.4.7
[03:01:24][jominiapplication.cpp:400]: Processing Tick: 1929.4.7.6
[03:01:24][jominiapplication.cpp:400]: Processing Tick: 1929.4.7.12
[03:01:25][jominiapplication.cpp:400]: Processing Tick: 1929.4.7.18
[03:01:25][jominiapplication.cpp:400]: Processing Tick: 1929.4.8
[03:01:26][jominiapplication.cpp:400]: Processing Tick: 1929.4.8.6
[03:01:26][jominiapplication.cpp:400]: Processing Tick: 1929.4.8.12
[03:01:27][jominiapplication.cpp:400]: Processing Tick: 1929.4.8.18
[03:01:27][jominiapplication.cpp:400]: Processing Tick: 1929.4.9
[03:01:28][jominiapplication.cpp:400]: Processing Tick: 1929.4.9.6
[03:01:29][jominiapplication.cpp:400]: Processing Tick: 1929.4.9.12
[03:01:29][jominiapplication.cpp:400]: Processing Tick: 1929.4.9.18
[03:01:30][jominiapplication.cpp:400]: Processing Tick: 1929.4.10
[03:01:30][jominiapplication.cpp:400]: Processing Tick: 1929.4.10.6
[03:01:31][jominiapplication.cpp:400]: Processing Tick: 1929.4.10.12
[03:01:31][jominiapplication.cpp:400]: Processing Tick: 1929.4.10.18
[03:01:32][jominiapplication.cpp:400]: Processing Tick: 1929.4.11
[03:01:32][jominiapplication.cpp:400]: Processing Tick: 1929.4.11.6
[03:01:33][jominiapplication.cpp:400]: Processing Tick: 1929.4.11.12
[03:01:33][jominiapplication.cpp:400]: Processing Tick: 1929.4.11.18
[03:01:34][jominiapplication.cpp:400]: Processing Tick: 1929.4.12
[03:01:36][jominiapplication.cpp:400]: Processing Tick: 1929.4.12.6
[03:01:36][jominiapplication.cpp:400]: Processing Tick: 1929.4.12.12
[03:01:37][jominiapplication.cpp:400]: Processing Tick: 1929.4.12.18
[03:01:37][jominiapplication.cpp:400]: Processing Tick: 1929.4.13
[03:01:38][jominiapplication.cpp:400]: Processing Tick: 1929.4.13.6
[03:01:38][jominiapplication.cpp:400]: Pause Toggled! Paused: true, PlayerID: 1
