[13:09:38][jominiapplication.cpp:435]: Changing game speed to: 2
[13:13:16][jominiapplication.cpp:435]: Pause Toggled! Paused: false, PlayerID: 0
[13:13:16][jominiapplication.cpp:435]: Processing Tick: 1855.2.28.12
[13:13:16][jominiapplication.cpp:435]: Processing Tick: 1855.2.28.18
[13:13:17][jominiapplication.cpp:435]: Processing Tick: 1855.3.1
[13:13:19][jominiapplication.cpp:435]: Processing Tick: 1855.3.1.6
[13:13:19][jominiapplication.cpp:435]: ================ 创建存档失败 ================
[13:13:19][jominiapplication.cpp:435]: 游戏未能创建一份存档。原因可能是：
——硬盘没有足够的空间
——文件权限问题
——杀毒软件或防勒索软件
——游戏文件损坏
——安装的Mod造成的问题
[13:13:19][jominiapplication.cpp:435]: ====================================================
[13:13:19][jominiapplication.cpp:435]: Processing Tick: 1855.3.1.12
[13:13:20][jominiapplication.cpp:435]: Processing Tick: 1855.3.1.18
[13:13:20][jominiapplication.cpp:435]: Processing Tick: 1855.3.2
[13:13:21][jominiapplication.cpp:435]: Processing Tick: 1855.3.2.6
[13:13:21][jominiapplication.cpp:435]: Processing Tick: 1855.3.2.12
[13:13:22][jominiapplication.cpp:435]: Processing Tick: 1855.3.2.18
[13:13:22][jominiapplication.cpp:435]: Processing Tick: 1855.3.3
[13:13:23][jominiapplication.cpp:435]: Processing Tick: 1855.3.3.6
[13:13:23][jominiapplication.cpp:435]: Processing Tick: 1855.3.3.12
[13:13:24][jominiapplication.cpp:435]: Processing Tick: 1855.3.3.18
[13:13:24][jominiapplication.cpp:435]: Processing Tick: 1855.3.4
[13:13:25][jominiapplication.cpp:435]: Processing Tick: 1855.3.4.6
[13:13:25][jominiapplication.cpp:435]: Processing Tick: 1855.3.4.12
[13:13:26][jominiapplication.cpp:435]: Processing Tick: 1855.3.4.18
[13:13:26][jominiapplication.cpp:435]: Processing Tick: 1855.3.5
[13:13:27][jominiapplication.cpp:435]: Processing Tick: 1855.3.5.6
[13:13:28][jominiapplication.cpp:435]: Processing Tick: 1855.3.5.12
[13:13:28][jominiapplication.cpp:435]: Processing Tick: 1855.3.5.18
[13:13:29][jominiapplication.cpp:435]: Processing Tick: 1855.3.6
[13:13:29][jominiapplication.cpp:435]: Processing Tick: 1855.3.6.6
[13:13:30][jominiapplication.cpp:435]: Processing Tick: 1855.3.6.12
[13:13:30][jominiapplication.cpp:435]: Processing Tick: 1855.3.6.18
[13:13:31][jominiapplication.cpp:435]: Processing Tick: 1855.3.7
[13:13:31][jominiapplication.cpp:435]: Processing Tick: 1855.3.7.6
[13:13:32][jominiapplication.cpp:435]: Processing Tick: 1855.3.7.12
[13:13:32][jominiapplication.cpp:435]: Processing Tick: 1855.3.7.18
[13:13:33][jominiapplication.cpp:435]: Processing Tick: 1855.3.8
[13:13:33][jominiapplication.cpp:435]: Processing Tick: 1855.3.8.6
[13:13:34][jominiapplication.cpp:435]: Processing Tick: 1855.3.8.12
[13:13:34][jominiapplication.cpp:435]: Processing Tick: 1855.3.8.18
[13:13:35][jominiapplication.cpp:435]: Processing Tick: 1855.3.9
[13:13:35][jominiapplication.cpp:435]: Processing Tick: 1855.3.9.6
[13:13:36][jominiapplication.cpp:435]: Processing Tick: 1855.3.9.12
[13:13:36][jominiapplication.cpp:435]: Processing Tick: 1855.3.9.18
[13:13:37][jominiapplication.cpp:435]: Processing Tick: 1855.3.10
[13:13:37][jominiapplication.cpp:435]: Processing Tick: 1855.3.10.6
[13:13:38][jominiapplication.cpp:435]: Processing Tick: 1855.3.10.12
[13:13:38][jominiapplication.cpp:435]: Processing Tick: 1855.3.10.18
[13:13:39][jominiapplication.cpp:435]: Processing Tick: 1855.3.11
[13:13:39][jominiapplication.cpp:435]: Processing Tick: 1855.3.11.6
[13:13:40][jominiapplication.cpp:435]: Processing Tick: 1855.3.11.12
[13:13:40][jominiapplication.cpp:435]: Processing Tick: 1855.3.11.18
[13:13:41][jominiapplication.cpp:435]: Processing Tick: 1855.3.12
[13:13:42][jominiapplication.cpp:435]: Processing Tick: 1855.3.12.6
[13:13:42][jominiapplication.cpp:435]: Processing Tick: 1855.3.12.12
[13:13:43][jominiapplication.cpp:435]: Processing Tick: 1855.3.12.18
[13:13:43][jominiapplication.cpp:435]: Processing Tick: 1855.3.13
[13:13:44][jominiapplication.cpp:435]: Processing Tick: 1855.3.13.6
[13:13:44][jominiapplication.cpp:435]: Processing Tick: 1855.3.13.12
[13:13:45][jominiapplication.cpp:435]: Processing Tick: 1855.3.13.18
[13:13:45][jominiapplication.cpp:435]: Processing Tick: 1855.3.14
[13:13:46][jominiapplication.cpp:435]: Processing Tick: 1855.3.14.6
[13:13:46][jominiapplication.cpp:435]: Processing Tick: 1855.3.14.12
[13:13:47][jominiapplication.cpp:435]: Processing Tick: 1855.3.14.18
[13:13:47][jominiapplication.cpp:435]: Processing Tick: 1855.3.15
[13:13:48][jominiapplication.cpp:435]: Processing Tick: 1855.3.15.6
[13:13:48][jominiapplication.cpp:435]: Processing Tick: 1855.3.15.12
[13:13:49][jominiapplication.cpp:435]: Processing Tick: 1855.3.15.18
[13:13:49][jominiapplication.cpp:435]: Processing Tick: 1855.3.16
[13:13:50][jominiapplication.cpp:435]: Processing Tick: 1855.3.16.6
[13:13:50][jominiapplication.cpp:435]: Processing Tick: 1855.3.16.12
[13:13:51][jominiapplication.cpp:435]: Processing Tick: 1855.3.16.18
[13:13:51][jominiapplication.cpp:435]: Processing Tick: 1855.3.17
[13:13:52][jominiapplication.cpp:435]: Processing Tick: 1855.3.17.6
[13:13:52][jominiapplication.cpp:435]: Processing Tick: 1855.3.17.12
[13:13:53][jominiapplication.cpp:435]: Processing Tick: 1855.3.17.18
[13:13:53][jominiapplication.cpp:435]: Processing Tick: 1855.3.18
[13:13:54][jominiapplication.cpp:435]: Processing Tick: 1855.3.18.6
[13:13:54][jominiapplication.cpp:435]: Processing Tick: 1855.3.18.12
[13:13:55][jominiapplication.cpp:435]: Processing Tick: 1855.3.18.18
[13:13:55][jominiapplication.cpp:435]: Processing Tick: 1855.3.19
[13:13:56][jominiapplication.cpp:435]: Processing Tick: 1855.3.19.6
[13:13:57][jominiapplication.cpp:435]: Processing Tick: 1855.3.19.12
[13:13:57][jominiapplication.cpp:435]: Processing Tick: 1855.3.19.18
[13:13:58][jominiapplication.cpp:435]: Processing Tick: 1855.3.20
[13:13:58][jominiapplication.cpp:435]: Processing Tick: 1855.3.20.6
[13:13:59][jominiapplication.cpp:435]: Processing Tick: 1855.3.20.12
[13:13:59][jominiapplication.cpp:435]: Processing Tick: 1855.3.20.18
[13:14:00][jominiapplication.cpp:435]: Processing Tick: 1855.3.21
[13:14:00][jominiapplication.cpp:435]: Processing Tick: 1855.3.21.6
[13:14:01][jominiapplication.cpp:435]: Processing Tick: 1855.3.21.12
[13:14:01][jominiapplication.cpp:435]: Processing Tick: 1855.3.21.18
[13:14:02][jominiapplication.cpp:435]: Processing Tick: 1855.3.22
[13:14:02][jominiapplication.cpp:435]: Processing Tick: 1855.3.22.6
[13:14:03][jominiapplication.cpp:435]: Processing Tick: 1855.3.22.12
[13:14:03][jominiapplication.cpp:435]: Processing Tick: 1855.3.22.18
[13:14:04][jominiapplication.cpp:435]: Processing Tick: 1855.3.23
[13:14:04][jominiapplication.cpp:435]: Processing Tick: 1855.3.23.6
[13:14:05][jominiapplication.cpp:435]: Processing Tick: 1855.3.23.12
[13:14:05][jominiapplication.cpp:435]: Processing Tick: 1855.3.23.18
[13:14:06][jominiapplication.cpp:435]: Processing Tick: 1855.3.24
[13:14:06][jominiapplication.cpp:435]: Processing Tick: 1855.3.24.6
[13:14:07][jominiapplication.cpp:435]: Processing Tick: 1855.3.24.12
[13:14:07][jominiapplication.cpp:435]: Processing Tick: 1855.3.24.18
[13:14:08][jominiapplication.cpp:435]: Processing Tick: 1855.3.25
[13:14:08][jominiapplication.cpp:435]: Pause Toggled! Paused: true, PlayerID: 0
[13:14:23][jominiapplication.cpp:435]: ================ 创建存档失败 ================
[13:14:23][jominiapplication.cpp:435]: 游戏未能创建一份存档。原因可能是：
——硬盘没有足够的空间
——文件权限问题
——杀毒软件或防勒索软件
——游戏文件损坏
——安装的Mod造成的问题
[13:14:23][jominiapplication.cpp:435]: ====================================================
