[18:20:48][jominiapplication.cpp:282]: Changing game speed to: 2
[18:21:21][jominiapplication.cpp:282]: Pause Toggled! Paused: false, PlayerID: 0
[18:21:21][jominiapplication.cpp:282]: Processing Tick: 1907.3.1.6
[18:21:22][jominiapplication.cpp:282]: Processing Tick: 1907.3.1.12
[18:21:22][jominiapplication.cpp:282]: Processing Tick: 1907.3.1.18
[18:21:23][jominiapplication.cpp:282]: Processing Tick: 1907.3.2
[18:21:24][jominiapplication.cpp:282]: Processing Tick: 1907.3.2.6
[18:21:24][jominiapplication.cpp:282]: Processing Tick: 1907.3.2.12
[18:21:25][jominiapplication.cpp:282]: Processing Tick: 1907.3.2.18
[18:21:26][jominiapplication.cpp:282]: Processing Tick: 1907.3.3
[18:21:26][jominiapplication.cpp:282]: Processing Tick: 1907.3.3.6
[18:21:27][jominiapplication.cpp:282]: Processing Tick: 1907.3.3.12
[18:21:27][jominiapplication.cpp:282]: Processing Tick: 1907.3.3.18
[18:21:28][jominiapplication.cpp:282]: Processing Tick: 1907.3.4
[18:21:28][jominiapplication.cpp:282]: Processing Tick: 1907.3.4.6
[18:21:29][jominiapplication.cpp:282]: Processing Tick: 1907.3.4.12
[18:21:29][jominiapplication.cpp:282]: Processing Tick: 1907.3.4.18
[18:21:30][jominiapplication.cpp:282]: Processing Tick: 1907.3.5
[18:21:30][jominiapplication.cpp:282]: Processing Tick: 1907.3.5.6
[18:21:31][jominiapplication.cpp:282]: Processing Tick: 1907.3.5.12
[18:21:31][jominiapplication.cpp:282]: Processing Tick: 1907.3.5.18
[18:21:32][jominiapplication.cpp:282]: Processing Tick: 1907.3.6
[18:21:32][jominiapplication.cpp:282]: Processing Tick: 1907.3.6.6
[18:21:33][jominiapplication.cpp:282]: Processing Tick: 1907.3.6.12
[18:21:33][jominiapplication.cpp:282]: Processing Tick: 1907.3.6.18
[18:21:34][jominiapplication.cpp:282]: Processing Tick: 1907.3.7
[18:21:34][jominiapplication.cpp:282]: Processing Tick: 1907.3.7.6
[18:21:35][jominiapplication.cpp:282]: Processing Tick: 1907.3.7.12
[18:21:36][jominiapplication.cpp:282]: Processing Tick: 1907.3.7.18
[18:21:36][jominiapplication.cpp:282]: Processing Tick: 1907.3.8
[18:21:37][jominiapplication.cpp:282]: Processing Tick: 1907.3.8.6
[18:21:37][jominiapplication.cpp:282]: Processing Tick: 1907.3.8.12
[18:21:38][jominiapplication.cpp:282]: Processing Tick: 1907.3.8.18
[18:21:38][jominiapplication.cpp:282]: Processing Tick: 1907.3.9
[18:21:40][jominiapplication.cpp:282]: Processing Tick: 1907.3.9.6
[18:21:40][jominiapplication.cpp:282]: Processing Tick: 1907.3.9.12
[18:21:41][jominiapplication.cpp:282]: Processing Tick: 1907.3.9.18
[18:21:41][jominiapplication.cpp:282]: Processing Tick: 1907.3.10
[18:21:42][jominiapplication.cpp:282]: Processing Tick: 1907.3.10.6
[18:21:42][jominiapplication.cpp:282]: Processing Tick: 1907.3.10.12
[18:21:43][jominiapplication.cpp:282]: Processing Tick: 1907.3.10.18
[18:21:43][jominiapplication.cpp:282]: Processing Tick: 1907.3.11
[18:21:44][jominiapplication.cpp:282]: Processing Tick: 1907.3.11.6
[18:21:44][jominiapplication.cpp:282]: Processing Tick: 1907.3.11.12
[18:21:45][jominiapplication.cpp:282]: Processing Tick: 1907.3.11.18
[18:21:45][jominiapplication.cpp:282]: Processing Tick: 1907.3.12
[18:21:46][jominiapplication.cpp:282]: Processing Tick: 1907.3.12.6
[18:21:46][jominiapplication.cpp:282]: Processing Tick: 1907.3.12.12
[18:21:47][jominiapplication.cpp:282]: Processing Tick: 1907.3.12.18
[18:21:47][jominiapplication.cpp:282]: Processing Tick: 1907.3.13
[18:21:48][jominiapplication.cpp:282]: Processing Tick: 1907.3.13.6
[18:21:48][jominiapplication.cpp:282]: Processing Tick: 1907.3.13.12
[18:21:49][jominiapplication.cpp:282]: Processing Tick: 1907.3.13.18
[18:21:49][jominiapplication.cpp:282]: Processing Tick: 1907.3.14
[18:21:50][jominiapplication.cpp:282]: Processing Tick: 1907.3.14.6
[18:21:50][jominiapplication.cpp:282]: Processing Tick: 1907.3.14.12
[18:21:51][jominiapplication.cpp:282]: Processing Tick: 1907.3.14.18
[18:21:51][jominiapplication.cpp:282]: Processing Tick: 1907.3.15
[18:21:52][jominiapplication.cpp:282]: Processing Tick: 1907.3.15.6
[18:21:53][jominiapplication.cpp:282]: Processing Tick: 1907.3.15.12
[18:21:53][jominiapplication.cpp:282]: Processing Tick: 1907.3.15.18
[18:21:54][jominiapplication.cpp:282]: Processing Tick: 1907.3.16
[18:21:55][jominiapplication.cpp:282]: Processing Tick: 1907.3.16.6
[18:21:56][jominiapplication.cpp:282]: Processing Tick: 1907.3.16.12
[18:21:56][jominiapplication.cpp:282]: Processing Tick: 1907.3.16.18
[18:21:57][jominiapplication.cpp:282]: Processing Tick: 1907.3.17
[18:21:57][jominiapplication.cpp:282]: Processing Tick: 1907.3.17.6
[18:21:58][jominiapplication.cpp:282]: Processing Tick: 1907.3.17.12
[18:21:58][jominiapplication.cpp:282]: Processing Tick: 1907.3.17.18
[18:21:59][jominiapplication.cpp:282]: Processing Tick: 1907.3.18
[18:22:00][jominiapplication.cpp:282]: Processing Tick: 1907.3.18.6
[18:22:00][jominiapplication.cpp:282]: Processing Tick: 1907.3.18.12
[18:22:01][jominiapplication.cpp:282]: Processing Tick: 1907.3.18.18
[18:22:01][jominiapplication.cpp:282]: Processing Tick: 1907.3.19
[18:22:02][jominiapplication.cpp:282]: Processing Tick: 1907.3.19.6
[18:22:02][jominiapplication.cpp:282]: Processing Tick: 1907.3.19.12
[18:22:03][jominiapplication.cpp:282]: Processing Tick: 1907.3.19.18
[18:22:03][jominiapplication.cpp:282]: Processing Tick: 1907.3.20
[18:22:04][jominiapplication.cpp:282]: Processing Tick: 1907.3.20.6
[18:22:04][jominiapplication.cpp:282]: Processing Tick: 1907.3.20.12
[18:22:05][jominiapplication.cpp:282]: Processing Tick: 1907.3.20.18
[18:22:05][jominiapplication.cpp:282]: Processing Tick: 1907.3.21
[18:22:06][jominiapplication.cpp:282]: Processing Tick: 1907.3.21.6
[18:22:06][jominiapplication.cpp:282]: Processing Tick: 1907.3.21.12
[18:22:07][jominiapplication.cpp:282]: Processing Tick: 1907.3.21.18
[18:22:07][jominiapplication.cpp:282]: Processing Tick: 1907.3.22
[18:22:08][jominiapplication.cpp:282]: Processing Tick: 1907.3.22.6
[18:22:08][jominiapplication.cpp:282]: Processing Tick: 1907.3.22.12
[18:22:09][jominiapplication.cpp:282]: Processing Tick: 1907.3.22.18
[18:22:09][jominiapplication.cpp:282]: Processing Tick: 1907.3.23
[18:22:11][jominiapplication.cpp:282]: Processing Tick: 1907.3.23.6
[18:22:11][jominiapplication.cpp:282]: Processing Tick: 1907.3.23.12
[18:22:12][jominiapplication.cpp:282]: Processing Tick: 1907.3.23.18
[18:22:12][jominiapplication.cpp:282]: Processing Tick: 1907.3.24
[18:22:13][jominiapplication.cpp:282]: Processing Tick: 1907.3.24.6
[18:22:14][jominiapplication.cpp:282]: Processing Tick: 1907.3.24.12
[18:22:14][jominiapplication.cpp:282]: Processing Tick: 1907.3.24.18
[18:22:15][jominiapplication.cpp:282]: Processing Tick: 1907.3.25
[18:22:15][jominiapplication.cpp:282]: Processing Tick: 1907.3.25.6
[18:22:16][jominiapplication.cpp:282]: Processing Tick: 1907.3.25.12
[18:22:16][jominiapplication.cpp:282]: Processing Tick: 1907.3.25.18
[18:22:17][jominiapplication.cpp:282]: Processing Tick: 1907.3.26
[18:22:17][jominiapplication.cpp:282]: Processing Tick: 1907.3.26.6
[18:22:18][jominiapplication.cpp:282]: Processing Tick: 1907.3.26.12
[18:22:18][jominiapplication.cpp:282]: Processing Tick: 1907.3.26.18
[18:22:19][jominiapplication.cpp:282]: Processing Tick: 1907.3.27
[18:22:19][jominiapplication.cpp:282]: Processing Tick: 1907.3.27.6
[18:22:20][jominiapplication.cpp:282]: Processing Tick: 1907.3.27.12
[18:22:20][jominiapplication.cpp:282]: Processing Tick: 1907.3.27.18
[18:22:21][jominiapplication.cpp:282]: Processing Tick: 1907.3.28
[18:22:21][jominiapplication.cpp:282]: Processing Tick: 1907.3.28.6
[18:22:22][jominiapplication.cpp:282]: Processing Tick: 1907.3.28.12
[18:22:22][jominiapplication.cpp:282]: Processing Tick: 1907.3.28.18
[18:22:23][jominiapplication.cpp:282]: Processing Tick: 1907.3.29
[18:22:24][jominiapplication.cpp:282]: Processing Tick: 1907.3.29.6
[18:22:24][jominiapplication.cpp:282]: Processing Tick: 1907.3.29.12
[18:22:25][jominiapplication.cpp:282]: Processing Tick: 1907.3.29.18
[18:22:25][jominiapplication.cpp:282]: Processing Tick: 1907.3.30
[18:22:27][jominiapplication.cpp:282]: Processing Tick: 1907.3.30.6
[18:22:28][jominiapplication.cpp:282]: Processing Tick: 1907.3.30.12
[18:22:29][jominiapplication.cpp:282]: Processing Tick: 1907.3.30.18
[18:22:29][jominiapplication.cpp:282]: Processing Tick: 1907.3.31
[18:22:30][jominiapplication.cpp:282]: Processing Tick: 1907.3.31.6
[18:22:31][jominiapplication.cpp:282]: Processing Tick: 1907.3.31.12
[18:22:31][jominiapplication.cpp:282]: Processing Tick: 1907.3.31.18
[18:22:32][jominiapplication.cpp:282]: Processing Tick: 1907.4.1
[18:22:35][jominiapplication.cpp:282]: Processing Tick: 1907.4.1.6
[18:22:35][jominiapplication.cpp:282]: Processing Tick: 1907.4.1.12
[18:22:36][jominiapplication.cpp:282]: Processing Tick: 1907.4.1.18
[18:22:36][jominiapplication.cpp:282]: Processing Tick: 1907.4.2
[18:22:37][jominiapplication.cpp:282]: Processing Tick: 1907.4.2.6
[18:22:37][jominiapplication.cpp:282]: Processing Tick: 1907.4.2.12
[18:22:38][jominiapplication.cpp:282]: Processing Tick: 1907.4.2.18
[18:22:38][jominiapplication.cpp:282]: Processing Tick: 1907.4.3
[18:22:39][jominiapplication.cpp:282]: Processing Tick: 1907.4.3.6
[18:22:39][jominiapplication.cpp:282]: Processing Tick: 1907.4.3.12
[18:22:40][jominiapplication.cpp:282]: Processing Tick: 1907.4.3.18
[18:22:40][jominiapplication.cpp:282]: Processing Tick: 1907.4.4
[18:22:41][jominiapplication.cpp:282]: Processing Tick: 1907.4.4.6
[18:22:41][jominiapplication.cpp:282]: Processing Tick: 1907.4.4.12
[18:22:42][jominiapplication.cpp:282]: Processing Tick: 1907.4.4.18
[18:22:42][jominiapplication.cpp:282]: Processing Tick: 1907.4.5
[18:22:43][jominiapplication.cpp:282]: Processing Tick: 1907.4.5.6
[18:22:44][jominiapplication.cpp:282]: Processing Tick: 1907.4.5.12
[18:22:44][jominiapplication.cpp:282]: Processing Tick: 1907.4.5.18
[18:22:45][jominiapplication.cpp:282]: Processing Tick: 1907.4.6
[18:22:46][jominiapplication.cpp:282]: Processing Tick: 1907.4.6.6
[18:22:47][jominiapplication.cpp:282]: Processing Tick: 1907.4.6.12
[18:22:47][jominiapplication.cpp:282]: Processing Tick: 1907.4.6.18
[18:22:48][jominiapplication.cpp:282]: Processing Tick: 1907.4.7
[18:22:48][jominiapplication.cpp:282]: Processing Tick: 1907.4.7.6
[18:22:49][jominiapplication.cpp:282]: Processing Tick: 1907.4.7.12
[18:22:49][jominiapplication.cpp:282]: Processing Tick: 1907.4.7.18
[18:22:50][jominiapplication.cpp:282]: Processing Tick: 1907.4.8
[18:22:51][jominiapplication.cpp:282]: Processing Tick: 1907.4.8.6
[18:22:51][jominiapplication.cpp:282]: Processing Tick: 1907.4.8.12
[18:22:52][jominiapplication.cpp:282]: Processing Tick: 1907.4.8.18
[18:22:52][jominiapplication.cpp:282]: Processing Tick: 1907.4.9
[18:22:53][jominiapplication.cpp:282]: Processing Tick: 1907.4.9.6
[18:22:53][jominiapplication.cpp:282]: Processing Tick: 1907.4.9.12
[18:22:54][jominiapplication.cpp:282]: Processing Tick: 1907.4.9.18
[18:22:54][jominiapplication.cpp:282]: Processing Tick: 1907.4.10
[18:22:55][jominiapplication.cpp:282]: Processing Tick: 1907.4.10.6
[18:22:55][jominiapplication.cpp:282]: Processing Tick: 1907.4.10.12
[18:22:56][jominiapplication.cpp:282]: Processing Tick: 1907.4.10.18
[18:22:56][jominiapplication.cpp:282]: Processing Tick: 1907.4.11
[18:22:57][jominiapplication.cpp:282]: Processing Tick: 1907.4.11.6
[18:22:57][jominiapplication.cpp:282]: Processing Tick: 1907.4.11.12
[18:22:58][jominiapplication.cpp:282]: Processing Tick: 1907.4.11.18
[18:22:58][jominiapplication.cpp:282]: Processing Tick: 1907.4.12
[18:22:59][jominiapplication.cpp:282]: Processing Tick: 1907.4.12.6
[18:23:00][jominiapplication.cpp:282]: Processing Tick: 1907.4.12.12
[18:23:00][jominiapplication.cpp:282]: Processing Tick: 1907.4.12.18
[18:23:01][jominiapplication.cpp:282]: Processing Tick: 1907.4.13
[18:23:02][jominiapplication.cpp:282]: Processing Tick: 1907.4.13.6
[18:23:03][jominiapplication.cpp:282]: Processing Tick: 1907.4.13.12
[18:23:03][jominiapplication.cpp:282]: Processing Tick: 1907.4.13.18
[18:23:04][jominiapplication.cpp:282]: Processing Tick: 1907.4.14
[18:23:04][jominiapplication.cpp:282]: Processing Tick: 1907.4.14.6
[18:23:05][jominiapplication.cpp:282]: Processing Tick: 1907.4.14.12
[18:23:05][jominiapplication.cpp:282]: Processing Tick: 1907.4.14.18
[18:23:06][jominiapplication.cpp:282]: Processing Tick: 1907.4.15
[18:23:07][jominiapplication.cpp:282]: Processing Tick: 1907.4.15.6
[18:23:07][jominiapplication.cpp:282]: Processing Tick: 1907.4.15.12
[18:23:08][jominiapplication.cpp:282]: Processing Tick: 1907.4.15.18
[18:23:08][jominiapplication.cpp:282]: Processing Tick: 1907.4.16
[18:23:09][jominiapplication.cpp:282]: Processing Tick: 1907.4.16.6
[18:23:09][jominiapplication.cpp:282]: Processing Tick: 1907.4.16.12
[18:23:10][jominiapplication.cpp:282]: Processing Tick: 1907.4.16.18
[18:23:10][jominiapplication.cpp:282]: Processing Tick: 1907.4.17
[18:23:11][jominiapplication.cpp:282]: Processing Tick: 1907.4.17.6
[18:23:11][jominiapplication.cpp:282]: Processing Tick: 1907.4.17.12
[18:23:12][jominiapplication.cpp:282]: Processing Tick: 1907.4.17.18
[18:23:13][jominiapplication.cpp:282]: Processing Tick: 1907.4.18
[18:23:14][jominiapplication.cpp:282]: Processing Tick: 1907.4.18.6
[18:23:14][jominiapplication.cpp:282]: Processing Tick: 1907.4.18.12
[18:23:15][jominiapplication.cpp:282]: Processing Tick: 1907.4.18.18
[18:23:15][jominiapplication.cpp:282]: Processing Tick: 1907.4.19
[18:23:16][jominiapplication.cpp:282]: Processing Tick: 1907.4.19.6
[18:23:16][jominiapplication.cpp:282]: Processing Tick: 1907.4.19.12
[18:23:17][jominiapplication.cpp:282]: Processing Tick: 1907.4.19.18
[18:23:17][jominiapplication.cpp:282]: Processing Tick: 1907.4.20
[18:23:19][jominiapplication.cpp:282]: Processing Tick: 1907.4.20.6
[18:23:19][jominiapplication.cpp:282]: Processing Tick: 1907.4.20.12
[18:23:20][jominiapplication.cpp:282]: Processing Tick: 1907.4.20.18
[18:23:20][jominiapplication.cpp:282]: Processing Tick: 1907.4.21
[18:23:21][jominiapplication.cpp:282]: Processing Tick: 1907.4.21.6
[18:23:21][jominiapplication.cpp:282]: Processing Tick: 1907.4.21.12
[18:23:22][jominiapplication.cpp:282]: Processing Tick: 1907.4.21.18
[18:23:23][jominiapplication.cpp:282]: Processing Tick: 1907.4.22
[18:23:23][jominiapplication.cpp:282]: Processing Tick: 1907.4.22.6
[18:23:24][jominiapplication.cpp:282]: Processing Tick: 1907.4.22.12
[18:23:24][jominiapplication.cpp:282]: Processing Tick: 1907.4.22.18
[18:23:25][jominiapplication.cpp:282]: Processing Tick: 1907.4.23
[18:23:25][jominiapplication.cpp:282]: Processing Tick: 1907.4.23.6
[18:23:26][jominiapplication.cpp:282]: Processing Tick: 1907.4.23.12
[18:23:26][jominiapplication.cpp:282]: Processing Tick: 1907.4.23.18
[18:23:27][jominiapplication.cpp:282]: Processing Tick: 1907.4.24
[18:23:27][jominiapplication.cpp:282]: Processing Tick: 1907.4.24.6
[18:23:28][jominiapplication.cpp:282]: Processing Tick: 1907.4.24.12
[18:23:28][jominiapplication.cpp:282]: Processing Tick: 1907.4.24.18
[18:23:29][jominiapplication.cpp:282]: Processing Tick: 1907.4.25
[18:23:29][jominiapplication.cpp:282]: Processing Tick: 1907.4.25.6
[18:23:30][jominiapplication.cpp:282]: Processing Tick: 1907.4.25.12
[18:23:31][jominiapplication.cpp:282]: Processing Tick: 1907.4.25.18
[18:23:31][jominiapplication.cpp:282]: Processing Tick: 1907.4.26
[18:23:32][jominiapplication.cpp:282]: Processing Tick: 1907.4.26.6
[18:23:32][jominiapplication.cpp:282]: Processing Tick: 1907.4.26.12
[18:23:33][jominiapplication.cpp:282]: Processing Tick: 1907.4.26.18
[18:23:33][jominiapplication.cpp:282]: Processing Tick: 1907.4.27
[18:23:35][jominiapplication.cpp:282]: Processing Tick: 1907.4.27.6
[18:23:35][jominiapplication.cpp:282]: Processing Tick: 1907.4.27.12
[18:23:36][jominiapplication.cpp:282]: Processing Tick: 1907.4.27.18
[18:23:36][jominiapplication.cpp:282]: Processing Tick: 1907.4.28
[18:23:37][jominiapplication.cpp:282]: Processing Tick: 1907.4.28.6
[18:23:38][jominiapplication.cpp:282]: Processing Tick: 1907.4.28.12
[18:23:38][jominiapplication.cpp:282]: Processing Tick: 1907.4.28.18
[18:23:39][jominiapplication.cpp:282]: Processing Tick: 1907.4.29
[18:23:39][jominiapplication.cpp:282]: Processing Tick: 1907.4.29.6
[18:23:40][jominiapplication.cpp:282]: Processing Tick: 1907.4.29.12
[18:23:40][jominiapplication.cpp:282]: Processing Tick: 1907.4.29.18
[18:23:41][jominiapplication.cpp:282]: Processing Tick: 1907.4.30
[18:23:42][jominiapplication.cpp:282]: Processing Tick: 1907.4.30.6
[18:23:42][jominiapplication.cpp:282]: Processing Tick: 1907.4.30.12
[18:23:43][jominiapplication.cpp:282]: Processing Tick: 1907.4.30.18
[18:23:43][jominiapplication.cpp:282]: Processing Tick: 1907.5.1
[18:23:46][jominiapplication.cpp:282]: Processing Tick: 1907.5.1.6
[18:23:47][jominiapplication.cpp:282]: Processing Tick: 1907.5.1.12
[18:23:47][jominiapplication.cpp:282]: Processing Tick: 1907.5.1.18
[18:23:48][jominiapplication.cpp:282]: Processing Tick: 1907.5.2
[18:23:48][jominiapplication.cpp:282]: Processing Tick: 1907.5.2.6
[18:23:49][jominiapplication.cpp:282]: Processing Tick: 1907.5.2.12
[18:23:49][jominiapplication.cpp:282]: Processing Tick: 1907.5.2.18
[18:23:50][jominiapplication.cpp:282]: Processing Tick: 1907.5.3
[18:23:50][jominiapplication.cpp:282]: Processing Tick: 1907.5.3.6
[18:23:51][jominiapplication.cpp:282]: Processing Tick: 1907.5.3.12
[18:23:51][jominiapplication.cpp:282]: Processing Tick: 1907.5.3.18
[18:23:52][jominiapplication.cpp:282]: Processing Tick: 1907.5.4
[18:23:54][jominiapplication.cpp:282]: Processing Tick: 1907.5.4.6
[18:23:54][jominiapplication.cpp:282]: Processing Tick: 1907.5.4.12
[18:23:55][jominiapplication.cpp:282]: Processing Tick: 1907.5.4.18
[18:23:55][jominiapplication.cpp:282]: Processing Tick: 1907.5.5
[18:23:56][jominiapplication.cpp:282]: Processing Tick: 1907.5.5.6
[18:23:56][jominiapplication.cpp:282]: Processing Tick: 1907.5.5.12
[18:23:57][jominiapplication.cpp:282]: Processing Tick: 1907.5.5.18
[18:23:57][jominiapplication.cpp:282]: Processing Tick: 1907.5.6
[18:23:58][jominiapplication.cpp:282]: Processing Tick: 1907.5.6.6
[18:23:59][jominiapplication.cpp:282]: Processing Tick: 1907.5.6.12
[18:23:59][jominiapplication.cpp:282]: Processing Tick: 1907.5.6.18
[18:24:00][jominiapplication.cpp:282]: Processing Tick: 1907.5.7
[18:24:00][jominiapplication.cpp:282]: Processing Tick: 1907.5.7.6
[18:24:01][jominiapplication.cpp:282]: Processing Tick: 1907.5.7.12
[18:24:01][jominiapplication.cpp:282]: Processing Tick: 1907.5.7.18
[18:24:02][jominiapplication.cpp:282]: Processing Tick: 1907.5.8
[18:24:02][jominiapplication.cpp:282]: Processing Tick: 1907.5.8.6
[18:24:03][jominiapplication.cpp:282]: Processing Tick: 1907.5.8.12
[18:24:09][jominiapplication.cpp:282]: Processing Tick: 1907.5.8.18
[18:24:09][jominiapplication.cpp:282]: Processing Tick: 1907.5.9
[18:24:10][jominiapplication.cpp:282]: Processing Tick: 1907.5.9.6
[18:24:10][jominiapplication.cpp:282]: Processing Tick: 1907.5.9.12
[18:24:11][jominiapplication.cpp:282]: Processing Tick: 1907.5.9.18
[18:24:11][jominiapplication.cpp:282]: Processing Tick: 1907.5.10
[18:24:12][jominiapplication.cpp:282]: Processing Tick: 1907.5.10.6
[18:24:12][jominiapplication.cpp:282]: Processing Tick: 1907.5.10.12
[18:24:13][jominiapplication.cpp:282]: Processing Tick: 1907.5.10.18
[18:24:13][jominiapplication.cpp:282]: Processing Tick: 1907.5.11
[18:24:15][jominiapplication.cpp:282]: Processing Tick: 1907.5.11.6
[18:24:15][jominiapplication.cpp:282]: Processing Tick: 1907.5.11.12
[18:24:16][jominiapplication.cpp:282]: Processing Tick: 1907.5.11.18
[18:24:16][jominiapplication.cpp:282]: Processing Tick: 1907.5.12
[18:24:17][jominiapplication.cpp:282]: Processing Tick: 1907.5.12.6
[18:24:17][jominiapplication.cpp:282]: Processing Tick: 1907.5.12.12
[18:24:18][jominiapplication.cpp:282]: Processing Tick: 1907.5.12.18
[18:24:18][jominiapplication.cpp:282]: Processing Tick: 1907.5.13
[18:24:19][jominiapplication.cpp:282]: Processing Tick: 1907.5.13.6
[18:24:20][jominiapplication.cpp:282]: Processing Tick: 1907.5.13.12
[18:24:20][jominiapplication.cpp:282]: Processing Tick: 1907.5.13.18
[18:24:21][jominiapplication.cpp:282]: Processing Tick: 1907.5.14
[18:24:21][jominiapplication.cpp:282]: Processing Tick: 1907.5.14.6
[18:24:22][jominiapplication.cpp:282]: Processing Tick: 1907.5.14.12
[18:24:22][jominiapplication.cpp:282]: Processing Tick: 1907.5.14.18
[18:24:23][jominiapplication.cpp:282]: Processing Tick: 1907.5.15
[18:24:23][jominiapplication.cpp:282]: Processing Tick: 1907.5.15.6
[18:24:24][jominiapplication.cpp:282]: Processing Tick: 1907.5.15.12
[18:24:24][jominiapplication.cpp:282]: Processing Tick: 1907.5.15.18
[18:24:25][jominiapplication.cpp:282]: Processing Tick: 1907.5.16
[18:24:25][jominiapplication.cpp:282]: Processing Tick: 1907.5.16.6
[18:24:26][jominiapplication.cpp:282]: Processing Tick: 1907.5.16.12
[18:24:26][jominiapplication.cpp:282]: Processing Tick: 1907.5.16.18
[18:24:27][jominiapplication.cpp:282]: Processing Tick: 1907.5.17
[18:24:27][jominiapplication.cpp:282]: Processing Tick: 1907.5.17.6
[18:24:28][jominiapplication.cpp:282]: Processing Tick: 1907.5.17.12
[18:24:29][jominiapplication.cpp:282]: Processing Tick: 1907.5.17.18
[18:24:29][jominiapplication.cpp:282]: Processing Tick: 1907.5.18
[18:24:31][jominiapplication.cpp:282]: Processing Tick: 1907.5.18.6
[18:24:31][jominiapplication.cpp:282]: Processing Tick: 1907.5.18.12
[18:24:32][jominiapplication.cpp:282]: Processing Tick: 1907.5.18.18
[18:24:32][jominiapplication.cpp:282]: Processing Tick: 1907.5.19
[18:24:33][jominiapplication.cpp:282]: Processing Tick: 1907.5.19.6
[18:24:33][jominiapplication.cpp:282]: Processing Tick: 1907.5.19.12
[18:24:34][jominiapplication.cpp:282]: Processing Tick: 1907.5.19.18
[18:24:34][jominiapplication.cpp:282]: Processing Tick: 1907.5.20
[18:24:35][jominiapplication.cpp:282]: Processing Tick: 1907.5.20.6
[18:24:35][jominiapplication.cpp:282]: Processing Tick: 1907.5.20.12
[18:24:36][jominiapplication.cpp:282]: Processing Tick: 1907.5.20.18
[18:24:36][jominiapplication.cpp:282]: Processing Tick: 1907.5.21
[18:24:37][jominiapplication.cpp:282]: Processing Tick: 1907.5.21.6
[18:24:37][jominiapplication.cpp:282]: Processing Tick: 1907.5.21.12
[18:24:38][jominiapplication.cpp:282]: Processing Tick: 1907.5.21.18
[18:24:39][jominiapplication.cpp:282]: Processing Tick: 1907.5.22
[18:24:39][jominiapplication.cpp:282]: Processing Tick: 1907.5.22.6
[18:24:40][jominiapplication.cpp:282]: Processing Tick: 1907.5.22.12
[18:24:40][jominiapplication.cpp:282]: Processing Tick: 1907.5.22.18
[18:24:41][jominiapplication.cpp:282]: Processing Tick: 1907.5.23
[18:24:41][jominiapplication.cpp:282]: Processing Tick: 1907.5.23.6
[18:24:42][jominiapplication.cpp:282]: Processing Tick: 1907.5.23.12
[18:24:42][jominiapplication.cpp:282]: Processing Tick: 1907.5.23.18
[18:24:43][jominiapplication.cpp:282]: Processing Tick: 1907.5.24
[18:24:43][jominiapplication.cpp:282]: Processing Tick: 1907.5.24.6
[18:24:44][jominiapplication.cpp:282]: Processing Tick: 1907.5.24.12
[18:24:44][jominiapplication.cpp:282]: Processing Tick: 1907.5.24.18
[18:24:45][jominiapplication.cpp:282]: Processing Tick: 1907.5.25
[18:24:46][jominiapplication.cpp:282]: Processing Tick: 1907.5.25.6
[18:24:47][jominiapplication.cpp:282]: Processing Tick: 1907.5.25.12
[18:24:47][jominiapplication.cpp:282]: Processing Tick: 1907.5.25.18
[18:24:48][jominiapplication.cpp:282]: Processing Tick: 1907.5.26
[18:24:48][jominiapplication.cpp:282]: Processing Tick: 1907.5.26.6
[18:24:49][jominiapplication.cpp:282]: Processing Tick: 1907.5.26.12
[18:24:49][jominiapplication.cpp:282]: Processing Tick: 1907.5.26.18
[18:24:50][jominiapplication.cpp:282]: Processing Tick: 1907.5.27
[18:24:51][jominiapplication.cpp:282]: Processing Tick: 1907.5.27.6
[18:24:51][jominiapplication.cpp:282]: Processing Tick: 1907.5.27.12
[18:24:52][jominiapplication.cpp:282]: Processing Tick: 1907.5.27.18
[18:24:52][jominiapplication.cpp:282]: Processing Tick: 1907.5.28
[18:24:53][jominiapplication.cpp:282]: Processing Tick: 1907.5.28.6
[18:24:53][jominiapplication.cpp:282]: Processing Tick: 1907.5.28.12
[18:24:54][jominiapplication.cpp:282]: Processing Tick: 1907.5.28.18
[18:24:54][jominiapplication.cpp:282]: Processing Tick: 1907.5.29
[18:24:55][jominiapplication.cpp:282]: Processing Tick: 1907.5.29.6
[18:24:55][jominiapplication.cpp:282]: Processing Tick: 1907.5.29.12
[18:24:56][jominiapplication.cpp:282]: Processing Tick: 1907.5.29.18
[18:24:56][jominiapplication.cpp:282]: Processing Tick: 1907.5.30
[18:24:57][jominiapplication.cpp:282]: Processing Tick: 1907.5.30.6
[18:24:58][jominiapplication.cpp:282]: Processing Tick: 1907.5.30.12
[18:24:58][jominiapplication.cpp:282]: Processing Tick: 1907.5.30.18
[18:24:59][jominiapplication.cpp:282]: Processing Tick: 1907.5.31
[18:24:59][jominiapplication.cpp:282]: Processing Tick: 1907.5.31.6
[18:25:00][jominiapplication.cpp:282]: Processing Tick: 1907.5.31.12
[18:25:00][jominiapplication.cpp:282]: Processing Tick: 1907.5.31.18
[18:25:01][jominiapplication.cpp:282]: Processing Tick: 1907.6.1
[18:25:04][jominiapplication.cpp:282]: Processing Tick: 1907.6.1.6
[18:25:05][jominiapplication.cpp:282]: Processing Tick: 1907.6.1.12
[18:25:05][jominiapplication.cpp:282]: Processing Tick: 1907.6.1.18
[18:25:06][jominiapplication.cpp:282]: Processing Tick: 1907.6.2
[18:25:06][jominiapplication.cpp:282]: Processing Tick: 1907.6.2.6
[18:25:07][jominiapplication.cpp:282]: Processing Tick: 1907.6.2.12
[18:25:07][jominiapplication.cpp:282]: Processing Tick: 1907.6.2.18
[18:25:08][jominiapplication.cpp:282]: Processing Tick: 1907.6.3
[18:25:09][jominiapplication.cpp:282]: Processing Tick: 1907.6.3.6
[18:25:09][jominiapplication.cpp:282]: Processing Tick: 1907.6.3.12
[18:25:10][jominiapplication.cpp:282]: Processing Tick: 1907.6.3.18
[18:25:10][jominiapplication.cpp:282]: Processing Tick: 1907.6.4
[18:25:11][jominiapplication.cpp:282]: Processing Tick: 1907.6.4.6
[18:25:11][jominiapplication.cpp:282]: Processing Tick: 1907.6.4.12
[18:25:12][jominiapplication.cpp:282]: Processing Tick: 1907.6.4.18
[18:25:12][jominiapplication.cpp:282]: Processing Tick: 1907.6.5
[18:25:13][jominiapplication.cpp:282]: Processing Tick: 1907.6.5.6
[18:25:13][jominiapplication.cpp:282]: Processing Tick: 1907.6.5.12
[18:25:14][jominiapplication.cpp:282]: Processing Tick: 1907.6.5.18
[18:25:14][jominiapplication.cpp:282]: Processing Tick: 1907.6.6
[18:25:15][jominiapplication.cpp:282]: Processing Tick: 1907.6.6.6
[18:25:16][jominiapplication.cpp:282]: Processing Tick: 1907.6.6.12
[18:25:16][jominiapplication.cpp:282]: Processing Tick: 1907.6.6.18
[18:25:17][jominiapplication.cpp:282]: Processing Tick: 1907.6.7
[18:25:17][jominiapplication.cpp:282]: Processing Tick: 1907.6.7.6
[18:25:18][jominiapplication.cpp:282]: Processing Tick: 1907.6.7.12
[18:25:18][jominiapplication.cpp:282]: Processing Tick: 1907.6.7.18
[18:25:19][jominiapplication.cpp:282]: Processing Tick: 1907.6.8
[18:25:20][jominiapplication.cpp:282]: Processing Tick: 1907.6.8.6
[18:25:21][jominiapplication.cpp:282]: Processing Tick: 1907.6.8.12
[18:25:21][jominiapplication.cpp:282]: Processing Tick: 1907.6.8.18
[18:25:22][jominiapplication.cpp:282]: Processing Tick: 1907.6.9
[18:25:22][jominiapplication.cpp:282]: Processing Tick: 1907.6.9.6
[18:25:23][jominiapplication.cpp:282]: Processing Tick: 1907.6.9.12
[18:25:24][jominiapplication.cpp:282]: Processing Tick: 1907.6.9.18
[18:25:24][jominiapplication.cpp:282]: Processing Tick: 1907.6.10
[18:25:25][jominiapplication.cpp:282]: Processing Tick: 1907.6.10.6
[18:25:25][jominiapplication.cpp:282]: Processing Tick: 1907.6.10.12
[18:25:26][jominiapplication.cpp:282]: Processing Tick: 1907.6.10.18
[18:25:26][jominiapplication.cpp:282]: Processing Tick: 1907.6.11
[18:25:27][jominiapplication.cpp:282]: Processing Tick: 1907.6.11.6
[18:25:28][jominiapplication.cpp:282]: Processing Tick: 1907.6.11.12
[18:25:28][jominiapplication.cpp:282]: Processing Tick: 1907.6.11.18
[18:25:29][jominiapplication.cpp:282]: Processing Tick: 1907.6.12
[18:25:29][jominiapplication.cpp:282]: Processing Tick: 1907.6.12.6
[18:25:30][jominiapplication.cpp:282]: Processing Tick: 1907.6.12.12
[18:25:30][jominiapplication.cpp:282]: Processing Tick: 1907.6.12.18
[18:25:31][jominiapplication.cpp:282]: Processing Tick: 1907.6.13
[18:25:31][jominiapplication.cpp:282]: Processing Tick: 1907.6.13.6
[18:25:32][jominiapplication.cpp:282]: Processing Tick: 1907.6.13.12
[18:25:32][jominiapplication.cpp:282]: Processing Tick: 1907.6.13.18
[18:25:33][jominiapplication.cpp:282]: Processing Tick: 1907.6.14
[18:25:34][jominiapplication.cpp:282]: Processing Tick: 1907.6.14.6
[18:25:34][jominiapplication.cpp:282]: Processing Tick: 1907.6.14.12
[18:25:35][jominiapplication.cpp:282]: Processing Tick: 1907.6.14.18
[18:25:35][jominiapplication.cpp:282]: Processing Tick: 1907.6.15
[18:25:37][jominiapplication.cpp:282]: Processing Tick: 1907.6.15.6
[18:25:37][jominiapplication.cpp:282]: Processing Tick: 1907.6.15.12
[18:25:38][jominiapplication.cpp:282]: Processing Tick: 1907.6.15.18
[18:25:38][jominiapplication.cpp:282]: Processing Tick: 1907.6.16
[18:25:39][jominiapplication.cpp:282]: Processing Tick: 1907.6.16.6
[18:25:39][jominiapplication.cpp:282]: Processing Tick: 1907.6.16.12
[18:25:40][jominiapplication.cpp:282]: Processing Tick: 1907.6.16.18
[18:25:40][jominiapplication.cpp:282]: Processing Tick: 1907.6.17
[18:25:41][jominiapplication.cpp:282]: Processing Tick: 1907.6.17.6
[18:25:41][jominiapplication.cpp:282]: Processing Tick: 1907.6.17.12
[18:25:42][jominiapplication.cpp:282]: Processing Tick: 1907.6.17.18
[18:25:43][jominiapplication.cpp:282]: Processing Tick: 1907.6.18
[18:25:43][jominiapplication.cpp:282]: Processing Tick: 1907.6.18.6
[18:25:44][jominiapplication.cpp:282]: Processing Tick: 1907.6.18.12
[18:25:44][jominiapplication.cpp:282]: Processing Tick: 1907.6.18.18
[18:25:45][jominiapplication.cpp:282]: Processing Tick: 1907.6.19
[18:25:45][jominiapplication.cpp:282]: Processing Tick: 1907.6.19.6
[18:25:46][jominiapplication.cpp:282]: Processing Tick: 1907.6.19.12
[18:25:46][jominiapplication.cpp:282]: Processing Tick: 1907.6.19.18
[18:25:47][jominiapplication.cpp:282]: Processing Tick: 1907.6.20
[18:25:47][jominiapplication.cpp:282]: Processing Tick: 1907.6.20.6
[18:25:48][jominiapplication.cpp:282]: Processing Tick: 1907.6.20.12
[18:25:48][jominiapplication.cpp:282]: Processing Tick: 1907.6.20.18
[18:25:49][jominiapplication.cpp:282]: Processing Tick: 1907.6.21
[18:25:49][jominiapplication.cpp:282]: Processing Tick: 1907.6.21.6
[18:25:50][jominiapplication.cpp:282]: Processing Tick: 1907.6.21.12
[18:25:51][jominiapplication.cpp:282]: Processing Tick: 1907.6.21.18
[18:25:51][jominiapplication.cpp:282]: Processing Tick: 1907.6.22
[18:25:53][jominiapplication.cpp:282]: Processing Tick: 1907.6.22.6
[18:25:53][jominiapplication.cpp:282]: Processing Tick: 1907.6.22.12
[18:25:54][jominiapplication.cpp:282]: Processing Tick: 1907.6.22.18
[18:25:54][jominiapplication.cpp:282]: Processing Tick: 1907.6.23
[18:25:55][jominiapplication.cpp:282]: Processing Tick: 1907.6.23.6
[18:25:55][jominiapplication.cpp:282]: Processing Tick: 1907.6.23.12
[18:25:56][jominiapplication.cpp:282]: Processing Tick: 1907.6.23.18
[18:25:56][jominiapplication.cpp:282]: Processing Tick: 1907.6.24
[18:25:57][jominiapplication.cpp:282]: Processing Tick: 1907.6.24.6
[18:25:57][jominiapplication.cpp:282]: Processing Tick: 1907.6.24.12
[18:25:58][jominiapplication.cpp:282]: Processing Tick: 1907.6.24.18
[18:25:59][jominiapplication.cpp:282]: Processing Tick: 1907.6.25
[18:25:59][jominiapplication.cpp:282]: Processing Tick: 1907.6.25.6
[18:26:00][jominiapplication.cpp:282]: Processing Tick: 1907.6.25.12
[18:26:00][jominiapplication.cpp:282]: Processing Tick: 1907.6.25.18
[18:26:01][jominiapplication.cpp:282]: Processing Tick: 1907.6.26
[18:26:01][jominiapplication.cpp:282]: Processing Tick: 1907.6.26.6
[18:26:02][jominiapplication.cpp:282]: Processing Tick: 1907.6.26.12
[18:26:02][jominiapplication.cpp:282]: Processing Tick: 1907.6.26.18
[18:26:03][jominiapplication.cpp:282]: Processing Tick: 1907.6.27
[18:26:03][jominiapplication.cpp:282]: Processing Tick: 1907.6.27.6
[18:26:04][jominiapplication.cpp:282]: Processing Tick: 1907.6.27.12
[18:26:04][jominiapplication.cpp:282]: Processing Tick: 1907.6.27.18
[18:26:05][jominiapplication.cpp:282]: Processing Tick: 1907.6.28
[18:26:06][jominiapplication.cpp:282]: Processing Tick: 1907.6.28.6
[18:26:06][jominiapplication.cpp:282]: Processing Tick: 1907.6.28.12
[18:26:07][jominiapplication.cpp:282]: Processing Tick: 1907.6.28.18
[18:26:07][jominiapplication.cpp:282]: Processing Tick: 1907.6.29
[18:26:08][jominiapplication.cpp:282]: Processing Tick: 1907.6.29.6
[18:26:09][jominiapplication.cpp:282]: Processing Tick: 1907.6.29.12
[18:26:09][jominiapplication.cpp:282]: Processing Tick: 1907.6.29.18
[18:26:10][jominiapplication.cpp:282]: Processing Tick: 1907.6.30
[18:26:11][jominiapplication.cpp:282]: Processing Tick: 1907.6.30.6
[18:26:11][jominiapplication.cpp:282]: Processing Tick: 1907.6.30.12
[18:26:12][jominiapplication.cpp:282]: Processing Tick: 1907.6.30.18
[18:26:12][jominiapplication.cpp:282]: Processing Tick: 1907.7.1
[18:26:15][jominiapplication.cpp:282]: Processing Tick: 1907.7.1.6
[18:26:15][jominiapplication.cpp:282]: Processing Tick: 1907.7.1.12
[18:26:16][jominiapplication.cpp:282]: Processing Tick: 1907.7.1.18
[18:26:16][jominiapplication.cpp:282]: Processing Tick: 1907.7.2
[18:26:17][jominiapplication.cpp:282]: Processing Tick: 1907.7.2.6
[18:26:17][jominiapplication.cpp:282]: Processing Tick: 1907.7.2.12
[18:26:18][jominiapplication.cpp:282]: Processing Tick: 1907.7.2.18
[18:26:18][jominiapplication.cpp:282]: Processing Tick: 1907.7.3
[18:26:19][jominiapplication.cpp:282]: Processing Tick: 1907.7.3.6
[18:26:20][jominiapplication.cpp:282]: Processing Tick: 1907.7.3.12
[18:26:20][jominiapplication.cpp:282]: Processing Tick: 1907.7.3.18
[18:26:21][jominiapplication.cpp:282]: Processing Tick: 1907.7.4
[18:26:21][jominiapplication.cpp:282]: Processing Tick: 1907.7.4.6
[18:26:22][jominiapplication.cpp:282]: Processing Tick: 1907.7.4.12
[18:26:22][jominiapplication.cpp:282]: Processing Tick: 1907.7.4.18
[18:26:23][jominiapplication.cpp:282]: Processing Tick: 1907.7.5
[18:26:23][jominiapplication.cpp:282]: Processing Tick: 1907.7.5.6
[18:26:24][jominiapplication.cpp:282]: Processing Tick: 1907.7.5.12
[18:26:24][jominiapplication.cpp:282]: Processing Tick: 1907.7.5.18
[18:26:25][jominiapplication.cpp:282]: Processing Tick: 1907.7.6
[18:26:26][jominiapplication.cpp:282]: Processing Tick: 1907.7.6.6
[18:26:27][jominiapplication.cpp:282]: Processing Tick: 1907.7.6.12
[18:26:27][jominiapplication.cpp:282]: Processing Tick: 1907.7.6.18
[18:26:28][jominiapplication.cpp:282]: Processing Tick: 1907.7.7
[18:26:28][jominiapplication.cpp:282]: Processing Tick: 1907.7.7.6
[18:26:29][jominiapplication.cpp:282]: Processing Tick: 1907.7.7.12
[18:26:29][jominiapplication.cpp:282]: Processing Tick: 1907.7.7.18
[18:26:30][jominiapplication.cpp:282]: Processing Tick: 1907.7.8
[18:26:31][jominiapplication.cpp:282]: Processing Tick: 1907.7.8.6
[18:26:31][jominiapplication.cpp:282]: Processing Tick: 1907.7.8.12
[18:26:32][jominiapplication.cpp:282]: Processing Tick: 1907.7.8.18
[18:26:32][jominiapplication.cpp:282]: Processing Tick: 1907.7.9
[18:26:33][jominiapplication.cpp:282]: Processing Tick: 1907.7.9.6
[18:26:33][jominiapplication.cpp:282]: Processing Tick: 1907.7.9.12
[18:26:34][jominiapplication.cpp:282]: Processing Tick: 1907.7.9.18
[18:26:34][jominiapplication.cpp:282]: Processing Tick: 1907.7.10
[18:26:35][jominiapplication.cpp:282]: Processing Tick: 1907.7.10.6
[18:26:35][jominiapplication.cpp:282]: Processing Tick: 1907.7.10.12
[18:26:36][jominiapplication.cpp:282]: Processing Tick: 1907.7.10.18
[18:26:36][jominiapplication.cpp:282]: Processing Tick: 1907.7.11
[18:26:37][jominiapplication.cpp:282]: Processing Tick: 1907.7.11.6
[18:26:38][jominiapplication.cpp:282]: Processing Tick: 1907.7.11.12
[18:26:38][jominiapplication.cpp:282]: Processing Tick: 1907.7.11.18
[18:26:39][jominiapplication.cpp:282]: Processing Tick: 1907.7.12
[18:26:39][jominiapplication.cpp:282]: Processing Tick: 1907.7.12.6
[18:26:40][jominiapplication.cpp:282]: Processing Tick: 1907.7.12.12
[18:26:40][jominiapplication.cpp:282]: Processing Tick: 1907.7.12.18
[18:26:41][jominiapplication.cpp:282]: Processing Tick: 1907.7.13
[18:26:42][jominiapplication.cpp:282]: Processing Tick: 1907.7.13.6
[18:26:43][jominiapplication.cpp:282]: Processing Tick: 1907.7.13.12
[18:26:43][jominiapplication.cpp:282]: Processing Tick: 1907.7.13.18
[18:26:44][jominiapplication.cpp:282]: Processing Tick: 1907.7.14
[18:26:44][jominiapplication.cpp:282]: Processing Tick: 1907.7.14.6
[18:26:45][jominiapplication.cpp:282]: Processing Tick: 1907.7.14.12
[18:26:45][jominiapplication.cpp:282]: Processing Tick: 1907.7.14.18
[18:26:46][jominiapplication.cpp:282]: Processing Tick: 1907.7.15
[18:26:47][jominiapplication.cpp:282]: Processing Tick: 1907.7.15.6
[18:26:47][jominiapplication.cpp:282]: Processing Tick: 1907.7.15.12
[18:26:48][jominiapplication.cpp:282]: Processing Tick: 1907.7.15.18
[18:26:48][jominiapplication.cpp:282]: Processing Tick: 1907.7.16
[18:26:49][jominiapplication.cpp:282]: Processing Tick: 1907.7.16.6
[18:26:49][jominiapplication.cpp:282]: Processing Tick: 1907.7.16.12
[18:26:50][jominiapplication.cpp:282]: Processing Tick: 1907.7.16.18
[18:26:50][jominiapplication.cpp:282]: Processing Tick: 1907.7.17
[18:26:51][jominiapplication.cpp:282]: Processing Tick: 1907.7.17.6
[18:26:51][jominiapplication.cpp:282]: Processing Tick: 1907.7.17.12
[18:26:52][jominiapplication.cpp:282]: Processing Tick: 1907.7.17.18
[18:26:53][jominiapplication.cpp:282]: Processing Tick: 1907.7.18
[18:26:53][jominiapplication.cpp:282]: Processing Tick: 1907.7.18.6
[18:26:54][jominiapplication.cpp:282]: Processing Tick: 1907.7.18.12
[18:26:54][jominiapplication.cpp:282]: Processing Tick: 1907.7.18.18
[18:26:55][jominiapplication.cpp:282]: Processing Tick: 1907.7.19
[18:26:55][jominiapplication.cpp:282]: Processing Tick: 1907.7.19.6
[18:26:56][jominiapplication.cpp:282]: Processing Tick: 1907.7.19.12
[18:26:56][jominiapplication.cpp:282]: Processing Tick: 1907.7.19.18
[18:26:57][jominiapplication.cpp:282]: Processing Tick: 1907.7.20
[18:26:59][jominiapplication.cpp:282]: Processing Tick: 1907.7.20.6
[18:26:59][jominiapplication.cpp:282]: Processing Tick: 1907.7.20.12
[18:27:00][jominiapplication.cpp:282]: Processing Tick: 1907.7.20.18
[18:27:00][jominiapplication.cpp:282]: Processing Tick: 1907.7.21
[18:27:01][jominiapplication.cpp:282]: Processing Tick: 1907.7.21.6
[18:27:01][jominiapplication.cpp:282]: Processing Tick: 1907.7.21.12
[18:27:02][jominiapplication.cpp:282]: Processing Tick: 1907.7.21.18
[18:27:03][jominiapplication.cpp:282]: Processing Tick: 1907.7.22
[18:27:03][jominiapplication.cpp:282]: Processing Tick: 1907.7.22.6
[18:27:04][jominiapplication.cpp:282]: Processing Tick: 1907.7.22.12
[18:27:04][jominiapplication.cpp:282]: Processing Tick: 1907.7.22.18
[18:27:05][jominiapplication.cpp:282]: Processing Tick: 1907.7.23
[18:27:05][jominiapplication.cpp:282]: Processing Tick: 1907.7.23.6
[18:27:06][jominiapplication.cpp:282]: Processing Tick: 1907.7.23.12
[18:27:06][jominiapplication.cpp:282]: Processing Tick: 1907.7.23.18
[18:27:07][jominiapplication.cpp:282]: Processing Tick: 1907.7.24
[18:27:07][jominiapplication.cpp:282]: Processing Tick: 1907.7.24.6
[18:27:08][jominiapplication.cpp:282]: Processing Tick: 1907.7.24.12
[18:27:09][jominiapplication.cpp:282]: Processing Tick: 1907.7.24.18
[18:27:09][jominiapplication.cpp:282]: Processing Tick: 1907.7.25
[18:27:10][jominiapplication.cpp:282]: Processing Tick: 1907.7.25.6
[18:27:10][jominiapplication.cpp:282]: Processing Tick: 1907.7.25.12
[18:27:11][jominiapplication.cpp:282]: Processing Tick: 1907.7.25.18
[18:27:11][jominiapplication.cpp:282]: Processing Tick: 1907.7.26
[18:27:12][jominiapplication.cpp:282]: Processing Tick: 1907.7.26.6
[18:27:12][jominiapplication.cpp:282]: Processing Tick: 1907.7.26.12
[18:27:13][jominiapplication.cpp:282]: Processing Tick: 1907.7.26.18
[18:27:13][jominiapplication.cpp:282]: Processing Tick: 1907.7.27
[18:27:15][jominiapplication.cpp:282]: Processing Tick: 1907.7.27.6
[18:27:15][jominiapplication.cpp:282]: Processing Tick: 1907.7.27.12
[18:27:16][jominiapplication.cpp:282]: Processing Tick: 1907.7.27.18
[18:27:16][jominiapplication.cpp:282]: Processing Tick: 1907.7.28
[18:27:17][jominiapplication.cpp:282]: Processing Tick: 1907.7.28.6
[18:27:17][jominiapplication.cpp:282]: Processing Tick: 1907.7.28.12
[18:27:18][jominiapplication.cpp:282]: Processing Tick: 1907.7.28.18
[18:27:18][jominiapplication.cpp:282]: Processing Tick: 1907.7.29
[18:27:19][jominiapplication.cpp:282]: Processing Tick: 1907.7.29.6
[18:27:19][jominiapplication.cpp:282]: Processing Tick: 1907.7.29.12
[18:27:20][jominiapplication.cpp:282]: Processing Tick: 1907.7.29.18
[18:27:20][jominiapplication.cpp:282]: Processing Tick: 1907.7.30
[18:27:21][jominiapplication.cpp:282]: Processing Tick: 1907.7.30.6
[18:27:22][jominiapplication.cpp:282]: Processing Tick: 1907.7.30.12
[18:27:22][jominiapplication.cpp:282]: Processing Tick: 1907.7.30.18
[18:27:23][jominiapplication.cpp:282]: Processing Tick: 1907.7.31
[18:27:23][jominiapplication.cpp:282]: Processing Tick: 1907.7.31.6
[18:27:24][jominiapplication.cpp:282]: Processing Tick: 1907.7.31.12
[18:27:24][jominiapplication.cpp:282]: Processing Tick: 1907.7.31.18
[18:27:25][jominiapplication.cpp:282]: Processing Tick: 1907.8.1
[18:27:28][jominiapplication.cpp:282]: Processing Tick: 1907.8.1.6
[18:27:28][jominiapplication.cpp:282]: Processing Tick: 1907.8.1.12
[18:27:28][jominiapplication.cpp:282]: Processing Tick: 1907.8.1.18
[18:27:29][jominiapplication.cpp:282]: Processing Tick: 1907.8.2
[18:27:29][jominiapplication.cpp:282]: Processing Tick: 1907.8.2.6
[18:27:30][jominiapplication.cpp:282]: Processing Tick: 1907.8.2.12
[18:27:31][jominiapplication.cpp:282]: Processing Tick: 1907.8.2.18
[18:27:31][jominiapplication.cpp:282]: Processing Tick: 1907.8.3
[18:27:32][jominiapplication.cpp:282]: Processing Tick: 1907.8.3.6
[18:27:33][jominiapplication.cpp:282]: Processing Tick: 1907.8.3.12
[18:27:34][jominiapplication.cpp:282]: Processing Tick: 1907.8.3.18
[18:27:34][jominiapplication.cpp:282]: Processing Tick: 1907.8.4
[18:27:35][jominiapplication.cpp:282]: Processing Tick: 1907.8.4.6
[18:27:35][jominiapplication.cpp:282]: Processing Tick: 1907.8.4.12
[18:27:36][jominiapplication.cpp:282]: Processing Tick: 1907.8.4.18
[18:27:36][jominiapplication.cpp:282]: Processing Tick: 1907.8.5
[18:27:37][jominiapplication.cpp:282]: Processing Tick: 1907.8.5.6
[18:27:37][jominiapplication.cpp:282]: Processing Tick: 1907.8.5.12
[18:27:38][jominiapplication.cpp:282]: Processing Tick: 1907.8.5.18
[18:27:38][jominiapplication.cpp:282]: Processing Tick: 1907.8.6
[18:27:39][jominiapplication.cpp:282]: Processing Tick: 1907.8.6.6
[18:27:40][jominiapplication.cpp:282]: Processing Tick: 1907.8.6.12
[18:27:40][jominiapplication.cpp:282]: Processing Tick: 1907.8.6.18
[18:27:41][jominiapplication.cpp:282]: Processing Tick: 1907.8.7
[18:27:41][jominiapplication.cpp:282]: Processing Tick: 1907.8.7.6
[18:27:42][jominiapplication.cpp:282]: Processing Tick: 1907.8.7.12
[18:27:42][jominiapplication.cpp:282]: Processing Tick: 1907.8.7.18
[18:27:43][jominiapplication.cpp:282]: Processing Tick: 1907.8.8
[18:27:43][jominiapplication.cpp:282]: Processing Tick: 1907.8.8.6
[18:27:44][jominiapplication.cpp:282]: Processing Tick: 1907.8.8.12
[18:27:44][jominiapplication.cpp:282]: Processing Tick: 1907.8.8.18
[18:27:45][jominiapplication.cpp:282]: Processing Tick: 1907.8.9
[18:27:46][jominiapplication.cpp:282]: Processing Tick: 1907.8.9.6
[18:27:46][jominiapplication.cpp:282]: Processing Tick: 1907.8.9.12
[18:27:47][jominiapplication.cpp:282]: Processing Tick: 1907.8.9.18
[18:27:47][jominiapplication.cpp:282]: Processing Tick: 1907.8.10
[18:27:49][jominiapplication.cpp:282]: Processing Tick: 1907.8.10.6
[18:27:49][jominiapplication.cpp:282]: Processing Tick: 1907.8.10.12
[18:27:50][jominiapplication.cpp:282]: Processing Tick: 1907.8.10.18
[18:27:50][jominiapplication.cpp:282]: Processing Tick: 1907.8.11
[18:27:51][jominiapplication.cpp:282]: Processing Tick: 1907.8.11.6
[18:27:51][jominiapplication.cpp:282]: Processing Tick: 1907.8.11.12
[18:27:52][jominiapplication.cpp:282]: Processing Tick: 1907.8.11.18
[18:27:52][jominiapplication.cpp:282]: Processing Tick: 1907.8.12
[18:27:53][jominiapplication.cpp:282]: Processing Tick: 1907.8.12.6
[18:27:54][jominiapplication.cpp:282]: Processing Tick: 1907.8.12.12
[18:27:54][jominiapplication.cpp:282]: Processing Tick: 1907.8.12.18
[18:27:55][jominiapplication.cpp:282]: Processing Tick: 1907.8.13
[18:27:55][jominiapplication.cpp:282]: Processing Tick: 1907.8.13.6
[18:27:56][jominiapplication.cpp:282]: Processing Tick: 1907.8.13.12
[18:27:56][jominiapplication.cpp:282]: Processing Tick: 1907.8.13.18
[18:27:57][jominiapplication.cpp:282]: Processing Tick: 1907.8.14
[18:27:57][jominiapplication.cpp:282]: Processing Tick: 1907.8.14.6
[18:27:58][jominiapplication.cpp:282]: Processing Tick: 1907.8.14.12
[18:27:58][jominiapplication.cpp:282]: Processing Tick: 1907.8.14.18
[18:27:59][jominiapplication.cpp:282]: Processing Tick: 1907.8.15
[18:28:00][jominiapplication.cpp:282]: Processing Tick: 1907.8.15.6
[18:28:00][jominiapplication.cpp:282]: Processing Tick: 1907.8.15.12
[18:28:01][jominiapplication.cpp:282]: Processing Tick: 1907.8.15.18
[18:28:01][jominiapplication.cpp:282]: Processing Tick: 1907.8.16
[18:28:02][jominiapplication.cpp:282]: Processing Tick: 1907.8.16.6
[18:28:02][jominiapplication.cpp:282]: Processing Tick: 1907.8.16.12
[18:28:03][jominiapplication.cpp:282]: Processing Tick: 1907.8.16.18
[18:28:03][jominiapplication.cpp:282]: Processing Tick: 1907.8.17
[18:28:05][jominiapplication.cpp:282]: Processing Tick: 1907.8.17.6
[18:28:05][jominiapplication.cpp:282]: Processing Tick: 1907.8.17.12
[18:28:06][jominiapplication.cpp:282]: Processing Tick: 1907.8.17.18
[18:28:06][jominiapplication.cpp:282]: Processing Tick: 1907.8.18
[18:28:07][jominiapplication.cpp:282]: Processing Tick: 1907.8.18.6
[18:28:07][jominiapplication.cpp:282]: Processing Tick: 1907.8.18.12
[18:28:08][jominiapplication.cpp:282]: Processing Tick: 1907.8.18.18
[18:28:08][jominiapplication.cpp:282]: Processing Tick: 1907.8.19
[18:28:09][jominiapplication.cpp:282]: Processing Tick: 1907.8.19.6
[18:28:10][jominiapplication.cpp:282]: Processing Tick: 1907.8.19.12
[18:28:10][jominiapplication.cpp:282]: Processing Tick: 1907.8.19.18
[18:28:11][jominiapplication.cpp:282]: Processing Tick: 1907.8.20
[18:28:11][jominiapplication.cpp:282]: Processing Tick: 1907.8.20.6
[18:28:12][jominiapplication.cpp:282]: Processing Tick: 1907.8.20.12
[18:28:12][jominiapplication.cpp:282]: Processing Tick: 1907.8.20.18
[18:28:13][jominiapplication.cpp:282]: Processing Tick: 1907.8.21
[18:28:13][jominiapplication.cpp:282]: Processing Tick: 1907.8.21.6
[18:28:14][jominiapplication.cpp:282]: Processing Tick: 1907.8.21.12
[18:28:14][jominiapplication.cpp:282]: Processing Tick: 1907.8.21.18
[18:28:15][jominiapplication.cpp:282]: Processing Tick: 1907.8.22
[18:28:15][jominiapplication.cpp:282]: Processing Tick: 1907.8.22.6
[18:28:16][jominiapplication.cpp:282]: Processing Tick: 1907.8.22.12
[18:28:16][jominiapplication.cpp:282]: Processing Tick: 1907.8.22.18
[18:28:17][jominiapplication.cpp:282]: Processing Tick: 1907.8.23
[18:28:18][jominiapplication.cpp:282]: Processing Tick: 1907.8.23.6
[18:28:18][jominiapplication.cpp:282]: Processing Tick: 1907.8.23.12
[18:28:19][jominiapplication.cpp:282]: Processing Tick: 1907.8.23.18
[18:28:19][jominiapplication.cpp:282]: Processing Tick: 1907.8.24
[18:28:21][jominiapplication.cpp:282]: Processing Tick: 1907.8.24.6
[18:28:21][jominiapplication.cpp:282]: Processing Tick: 1907.8.24.12
[18:28:22][jominiapplication.cpp:282]: Processing Tick: 1907.8.24.18
[18:28:22][jominiapplication.cpp:282]: Processing Tick: 1907.8.25
[18:28:23][jominiapplication.cpp:282]: Processing Tick: 1907.8.25.6
[18:28:23][jominiapplication.cpp:282]: Processing Tick: 1907.8.25.12
[18:28:24][jominiapplication.cpp:282]: Processing Tick: 1907.8.25.18
[18:28:25][jominiapplication.cpp:282]: Processing Tick: 1907.8.26
[18:28:25][jominiapplication.cpp:282]: Processing Tick: 1907.8.26.6
[18:28:26][jominiapplication.cpp:282]: Processing Tick: 1907.8.26.12
[18:28:26][jominiapplication.cpp:282]: Processing Tick: 1907.8.26.18
[18:28:27][jominiapplication.cpp:282]: Processing Tick: 1907.8.27
[18:28:27][jominiapplication.cpp:282]: Processing Tick: 1907.8.27.6
[18:28:28][jominiapplication.cpp:282]: Processing Tick: 1907.8.27.12
[18:28:28][jominiapplication.cpp:282]: Processing Tick: 1907.8.27.18
[18:28:29][jominiapplication.cpp:282]: Processing Tick: 1907.8.28
[18:28:29][jominiapplication.cpp:282]: Processing Tick: 1907.8.28.6
[18:28:30][jominiapplication.cpp:282]: Processing Tick: 1907.8.28.12
[18:28:30][jominiapplication.cpp:282]: Processing Tick: 1907.8.28.18
[18:28:31][jominiapplication.cpp:282]: Processing Tick: 1907.8.29
[18:28:31][jominiapplication.cpp:282]: Processing Tick: 1907.8.29.6
[18:28:32][jominiapplication.cpp:282]: Processing Tick: 1907.8.29.12
[18:28:32][jominiapplication.cpp:282]: Processing Tick: 1907.8.29.18
[18:28:33][jominiapplication.cpp:282]: Processing Tick: 1907.8.30
[18:28:34][jominiapplication.cpp:282]: Processing Tick: 1907.8.30.6
[18:28:34][jominiapplication.cpp:282]: Processing Tick: 1907.8.30.12
[18:28:35][jominiapplication.cpp:282]: Processing Tick: 1907.8.30.18
[18:28:35][jominiapplication.cpp:282]: Processing Tick: 1907.8.31
[18:28:37][jominiapplication.cpp:282]: Processing Tick: 1907.8.31.6
[18:28:38][jominiapplication.cpp:282]: Processing Tick: 1907.8.31.12
[18:28:38][jominiapplication.cpp:282]: Processing Tick: 1907.8.31.18
[18:28:39][jominiapplication.cpp:282]: Processing Tick: 1907.9.1
[18:28:42][jominiapplication.cpp:282]: Processing Tick: 1907.9.1.6
[18:28:42][jominiapplication.cpp:282]: Processing Tick: 1907.9.1.12
[18:28:42][jominiapplication.cpp:282]: Processing Tick: 1907.9.1.18
[18:28:43][jominiapplication.cpp:282]: Processing Tick: 1907.9.2
[18:28:44][jominiapplication.cpp:282]: Processing Tick: 1907.9.2.6
[18:28:44][jominiapplication.cpp:282]: Processing Tick: 1907.9.2.12
[18:28:45][jominiapplication.cpp:282]: Processing Tick: 1907.9.2.18
[18:28:45][jominiapplication.cpp:282]: Processing Tick: 1907.9.3
[18:28:46][jominiapplication.cpp:282]: Processing Tick: 1907.9.3.6
[18:28:46][jominiapplication.cpp:282]: Processing Tick: 1907.9.3.12
[18:28:47][jominiapplication.cpp:282]: Processing Tick: 1907.9.3.18
[18:28:47][jominiapplication.cpp:282]: Processing Tick: 1907.9.4
[18:28:48][jominiapplication.cpp:282]: Processing Tick: 1907.9.4.6
[18:28:49][jominiapplication.cpp:282]: Processing Tick: 1907.9.4.12
[18:28:49][jominiapplication.cpp:282]: Processing Tick: 1907.9.4.18
[18:28:50][jominiapplication.cpp:282]: Processing Tick: 1907.9.5
[18:28:50][jominiapplication.cpp:282]: Processing Tick: 1907.9.5.6
[18:28:51][jominiapplication.cpp:282]: Processing Tick: 1907.9.5.12
[18:28:51][jominiapplication.cpp:282]: Processing Tick: 1907.9.5.18
[18:28:52][jominiapplication.cpp:282]: Processing Tick: 1907.9.6
[18:28:53][jominiapplication.cpp:282]: Processing Tick: 1907.9.6.6
[18:28:53][jominiapplication.cpp:282]: Processing Tick: 1907.9.6.12
[18:28:54][jominiapplication.cpp:282]: Processing Tick: 1907.9.6.18
[18:28:54][jominiapplication.cpp:282]: Processing Tick: 1907.9.7
[18:28:56][jominiapplication.cpp:282]: Processing Tick: 1907.9.7.6
[18:28:57][jominiapplication.cpp:282]: Processing Tick: 1907.9.7.12
[18:28:57][jominiapplication.cpp:282]: Processing Tick: 1907.9.7.18
[18:28:58][jominiapplication.cpp:282]: Processing Tick: 1907.9.8
[18:28:58][jominiapplication.cpp:282]: Processing Tick: 1907.9.8.6
[18:28:59][jominiapplication.cpp:282]: Processing Tick: 1907.9.8.12
[18:28:59][jominiapplication.cpp:282]: Processing Tick: 1907.9.8.18
[18:29:00][jominiapplication.cpp:282]: Processing Tick: 1907.9.9
[18:29:01][jominiapplication.cpp:282]: Processing Tick: 1907.9.9.6
[18:29:01][jominiapplication.cpp:282]: Processing Tick: 1907.9.9.12
[18:29:02][jominiapplication.cpp:282]: Processing Tick: 1907.9.9.18
[18:29:02][jominiapplication.cpp:282]: Processing Tick: 1907.9.10
[18:29:03][jominiapplication.cpp:282]: Processing Tick: 1907.9.10.6
[18:29:03][jominiapplication.cpp:282]: Processing Tick: 1907.9.10.12
[18:29:04][jominiapplication.cpp:282]: Processing Tick: 1907.9.10.18
[18:29:04][jominiapplication.cpp:282]: Processing Tick: 1907.9.11
[18:29:05][jominiapplication.cpp:282]: Processing Tick: 1907.9.11.6
[18:29:05][jominiapplication.cpp:282]: Processing Tick: 1907.9.11.12
[18:29:06][jominiapplication.cpp:282]: Processing Tick: 1907.9.11.18
[18:29:06][jominiapplication.cpp:282]: Processing Tick: 1907.9.12
[18:29:07][jominiapplication.cpp:282]: Processing Tick: 1907.9.12.6
[18:29:07][jominiapplication.cpp:282]: Processing Tick: 1907.9.12.12
[18:29:08][jominiapplication.cpp:282]: Processing Tick: 1907.9.12.18
[18:29:08][jominiapplication.cpp:282]: Processing Tick: 1907.9.13
[18:29:09][jominiapplication.cpp:282]: Processing Tick: 1907.9.13.6
[18:29:10][jominiapplication.cpp:282]: Processing Tick: 1907.9.13.12
[18:29:10][jominiapplication.cpp:282]: Processing Tick: 1907.9.13.18
[18:29:11][jominiapplication.cpp:282]: Processing Tick: 1907.9.14
[18:29:13][jominiapplication.cpp:282]: Processing Tick: 1907.9.14.6
[18:29:13][jominiapplication.cpp:282]: Processing Tick: 1907.9.14.12
[18:29:14][jominiapplication.cpp:282]: Processing Tick: 1907.9.14.18
[18:29:14][jominiapplication.cpp:282]: Processing Tick: 1907.9.15
[18:29:15][jominiapplication.cpp:282]: Processing Tick: 1907.9.15.6
[18:29:15][jominiapplication.cpp:282]: Processing Tick: 1907.9.15.12
[18:29:16][jominiapplication.cpp:282]: Processing Tick: 1907.9.15.18
[18:29:16][jominiapplication.cpp:282]: Processing Tick: 1907.9.16
[18:29:17][jominiapplication.cpp:282]: Processing Tick: 1907.9.16.6
[18:29:17][jominiapplication.cpp:282]: Processing Tick: 1907.9.16.12
[18:29:18][jominiapplication.cpp:282]: Processing Tick: 1907.9.16.18
[18:29:18][jominiapplication.cpp:282]: Processing Tick: 1907.9.17
[18:29:19][jominiapplication.cpp:282]: Processing Tick: 1907.9.17.6
[18:29:20][jominiapplication.cpp:282]: Processing Tick: 1907.9.17.12
[18:29:20][jominiapplication.cpp:282]: Processing Tick: 1907.9.17.18
[18:29:21][jominiapplication.cpp:282]: Processing Tick: 1907.9.18
[18:29:21][jominiapplication.cpp:282]: Processing Tick: 1907.9.18.6
[18:29:22][jominiapplication.cpp:282]: Processing Tick: 1907.9.18.12
[18:29:22][jominiapplication.cpp:282]: Processing Tick: 1907.9.18.18
[18:29:23][jominiapplication.cpp:282]: Processing Tick: 1907.9.19
[18:29:24][jominiapplication.cpp:282]: Processing Tick: 1907.9.19.6
[18:29:24][jominiapplication.cpp:282]: Processing Tick: 1907.9.19.12
[18:29:25][jominiapplication.cpp:282]: Processing Tick: 1907.9.19.18
[18:29:25][jominiapplication.cpp:282]: Processing Tick: 1907.9.20
[18:29:26][jominiapplication.cpp:282]: Processing Tick: 1907.9.20.6
[18:29:26][jominiapplication.cpp:282]: Processing Tick: 1907.9.20.12
[18:29:27][jominiapplication.cpp:282]: Processing Tick: 1907.9.20.18
[18:29:27][jominiapplication.cpp:282]: Processing Tick: 1907.9.21
[18:29:29][jominiapplication.cpp:282]: Pause Toggled! Paused: true, PlayerID: 1
[18:31:03][jominiapplication.cpp:282]: Changing game speed to: 2
[18:31:37][jominiapplication.cpp:282]: Changing game speed to: 2
[18:32:01][jominiapplication.cpp:282]: Pause Toggled! Paused: false, PlayerID: 0
[18:32:01][jominiapplication.cpp:282]: Processing Tick: 1907.8.1.6
[18:32:01][jominiapplication.cpp:282]: Processing Tick: 1907.8.1.12
[18:32:02][jominiapplication.cpp:282]: Processing Tick: 1907.8.1.18
[18:32:02][jominiapplication.cpp:282]: Processing Tick: 1907.8.2
[18:32:03][jominiapplication.cpp:282]: Processing Tick: 1907.8.2.6
[18:32:03][jominiapplication.cpp:282]: Processing Tick: 1907.8.2.12
[18:32:04][jominiapplication.cpp:282]: Processing Tick: 1907.8.2.18
[18:32:04][jominiapplication.cpp:282]: Processing Tick: 1907.8.3
[18:32:06][jominiapplication.cpp:282]: Processing Tick: 1907.8.3.6
[18:32:07][jominiapplication.cpp:282]: Processing Tick: 1907.8.3.12
[18:32:07][jominiapplication.cpp:282]: Processing Tick: 1907.8.3.18
[18:32:08][jominiapplication.cpp:282]: Processing Tick: 1907.8.4
[18:32:08][jominiapplication.cpp:282]: Processing Tick: 1907.8.4.6
[18:32:09][jominiapplication.cpp:282]: Processing Tick: 1907.8.4.12
[18:32:09][jominiapplication.cpp:282]: Processing Tick: 1907.8.4.18
[18:32:10][jominiapplication.cpp:282]: Processing Tick: 1907.8.5
[18:32:10][jominiapplication.cpp:282]: Processing Tick: 1907.8.5.6
[18:32:11][jominiapplication.cpp:282]: Processing Tick: 1907.8.5.12
[18:32:11][jominiapplication.cpp:282]: Processing Tick: 1907.8.5.18
[18:32:12][jominiapplication.cpp:282]: Processing Tick: 1907.8.6
[18:32:13][jominiapplication.cpp:282]: Processing Tick: 1907.8.6.6
[18:32:13][jominiapplication.cpp:282]: Processing Tick: 1907.8.6.12
[18:32:14][jominiapplication.cpp:282]: Processing Tick: 1907.8.6.18
[18:32:14][jominiapplication.cpp:282]: Processing Tick: 1907.8.7
[18:32:15][jominiapplication.cpp:282]: Processing Tick: 1907.8.7.6
[18:32:15][jominiapplication.cpp:282]: Processing Tick: 1907.8.7.12
[18:32:16][jominiapplication.cpp:282]: Processing Tick: 1907.8.7.18
[18:32:16][jominiapplication.cpp:282]: Processing Tick: 1907.8.8
[18:32:17][jominiapplication.cpp:282]: Processing Tick: 1907.8.8.6
[18:32:18][jominiapplication.cpp:282]: Processing Tick: 1907.8.8.12
[18:32:18][jominiapplication.cpp:282]: Processing Tick: 1907.8.8.18
[18:32:19][jominiapplication.cpp:282]: Processing Tick: 1907.8.9
[18:32:19][jominiapplication.cpp:282]: Processing Tick: 1907.8.9.6
[18:32:20][jominiapplication.cpp:282]: Processing Tick: 1907.8.9.12
[18:32:20][jominiapplication.cpp:282]: Processing Tick: 1907.8.9.18
[18:32:21][jominiapplication.cpp:282]: Processing Tick: 1907.8.10
[18:32:23][jominiapplication.cpp:282]: Processing Tick: 1907.8.10.6
[18:32:23][jominiapplication.cpp:282]: Processing Tick: 1907.8.10.12
[18:32:24][jominiapplication.cpp:282]: Processing Tick: 1907.8.10.18
[18:32:24][jominiapplication.cpp:282]: Processing Tick: 1907.8.11
[18:32:25][jominiapplication.cpp:282]: Processing Tick: 1907.8.11.6
[18:32:26][jominiapplication.cpp:282]: Processing Tick: 1907.8.11.12
[18:32:26][jominiapplication.cpp:282]: Processing Tick: 1907.8.11.18
[18:32:27][jominiapplication.cpp:282]: Processing Tick: 1907.8.12
[18:32:27][jominiapplication.cpp:282]: Processing Tick: 1907.8.12.6
[18:32:28][jominiapplication.cpp:282]: Processing Tick: 1907.8.12.12
[18:32:28][jominiapplication.cpp:282]: Processing Tick: 1907.8.12.18
[18:32:29][jominiapplication.cpp:282]: Processing Tick: 1907.8.13
[18:32:29][jominiapplication.cpp:282]: Processing Tick: 1907.8.13.6
[18:32:30][jominiapplication.cpp:282]: Processing Tick: 1907.8.13.12
[18:32:30][jominiapplication.cpp:282]: Processing Tick: 1907.8.13.18
[18:32:31][jominiapplication.cpp:282]: Processing Tick: 1907.8.14
[18:32:31][jominiapplication.cpp:282]: Processing Tick: 1907.8.14.6
[18:32:32][jominiapplication.cpp:282]: Processing Tick: 1907.8.14.12
[18:32:33][jominiapplication.cpp:282]: Processing Tick: 1907.8.14.18
[18:32:33][jominiapplication.cpp:282]: Processing Tick: 1907.8.15
[18:32:34][jominiapplication.cpp:282]: Processing Tick: 1907.8.15.6
[18:32:34][jominiapplication.cpp:282]: Processing Tick: 1907.8.15.12
[18:32:35][jominiapplication.cpp:282]: Processing Tick: 1907.8.15.18
[18:32:35][jominiapplication.cpp:282]: Processing Tick: 1907.8.16
[18:32:36][jominiapplication.cpp:282]: Processing Tick: 1907.8.16.6
[18:32:36][jominiapplication.cpp:282]: Processing Tick: 1907.8.16.12
[18:32:37][jominiapplication.cpp:282]: Processing Tick: 1907.8.16.18
[18:32:37][jominiapplication.cpp:282]: Processing Tick: 1907.8.17
[18:32:39][jominiapplication.cpp:282]: Processing Tick: 1907.8.17.6
[18:32:40][jominiapplication.cpp:282]: Processing Tick: 1907.8.17.12
[18:32:40][jominiapplication.cpp:282]: Processing Tick: 1907.8.17.18
[18:32:41][jominiapplication.cpp:282]: Processing Tick: 1907.8.18
[18:32:41][jominiapplication.cpp:282]: Processing Tick: 1907.8.18.6
[18:32:42][jominiapplication.cpp:282]: Processing Tick: 1907.8.18.12
[18:32:42][jominiapplication.cpp:282]: Processing Tick: 1907.8.18.18
[18:32:43][jominiapplication.cpp:282]: Processing Tick: 1907.8.19
[18:32:44][jominiapplication.cpp:282]: Processing Tick: 1907.8.19.6
[18:32:44][jominiapplication.cpp:282]: Processing Tick: 1907.8.19.12
[18:32:45][jominiapplication.cpp:282]: Processing Tick: 1907.8.19.18
[18:32:45][jominiapplication.cpp:282]: Processing Tick: 1907.8.20
[18:32:46][jominiapplication.cpp:282]: Processing Tick: 1907.8.20.6
[18:32:46][jominiapplication.cpp:282]: Processing Tick: 1907.8.20.12
[18:32:47][jominiapplication.cpp:282]: Processing Tick: 1907.8.20.18
[18:32:47][jominiapplication.cpp:282]: Processing Tick: 1907.8.21
[18:32:48][jominiapplication.cpp:282]: Processing Tick: 1907.8.21.6
[18:32:48][jominiapplication.cpp:282]: Processing Tick: 1907.8.21.12
[18:32:49][jominiapplication.cpp:282]: Processing Tick: 1907.8.21.18
[18:32:49][jominiapplication.cpp:282]: Processing Tick: 1907.8.22
[18:32:50][jominiapplication.cpp:282]: Processing Tick: 1907.8.22.6
[18:32:50][jominiapplication.cpp:282]: Processing Tick: 1907.8.22.12
[18:32:51][jominiapplication.cpp:282]: Processing Tick: 1907.8.22.18
[18:32:51][jominiapplication.cpp:282]: Processing Tick: 1907.8.23
[18:32:52][jominiapplication.cpp:282]: Processing Tick: 1907.8.23.6
[18:32:53][jominiapplication.cpp:282]: Processing Tick: 1907.8.23.12
[18:32:53][jominiapplication.cpp:282]: Processing Tick: 1907.8.23.18
[18:32:54][jominiapplication.cpp:282]: Processing Tick: 1907.8.24
[18:32:56][jominiapplication.cpp:282]: Processing Tick: 1907.8.24.6
[18:32:56][jominiapplication.cpp:282]: Processing Tick: 1907.8.24.12
[18:32:57][jominiapplication.cpp:282]: Processing Tick: 1907.8.24.18
[18:32:57][jominiapplication.cpp:282]: Processing Tick: 1907.8.25
[18:32:58][jominiapplication.cpp:282]: Processing Tick: 1907.8.25.6
[18:32:58][jominiapplication.cpp:282]: Processing Tick: 1907.8.25.12
[18:32:59][jominiapplication.cpp:282]: Processing Tick: 1907.8.25.18
[18:32:59][jominiapplication.cpp:282]: Processing Tick: 1907.8.26
[18:33:00][jominiapplication.cpp:282]: Processing Tick: 1907.8.26.6
[18:33:01][jominiapplication.cpp:282]: Processing Tick: 1907.8.26.12
[18:33:01][jominiapplication.cpp:282]: Processing Tick: 1907.8.26.18
[18:33:02][jominiapplication.cpp:282]: Processing Tick: 1907.8.27
[18:33:02][jominiapplication.cpp:282]: Processing Tick: 1907.8.27.6
[18:33:03][jominiapplication.cpp:282]: Processing Tick: 1907.8.27.12
[18:33:03][jominiapplication.cpp:282]: Processing Tick: 1907.8.27.18
[18:33:04][jominiapplication.cpp:282]: Processing Tick: 1907.8.28
[18:33:04][jominiapplication.cpp:282]: Processing Tick: 1907.8.28.6
[18:33:05][jominiapplication.cpp:282]: Processing Tick: 1907.8.28.12
[18:33:05][jominiapplication.cpp:282]: Processing Tick: 1907.8.28.18
[18:33:06][jominiapplication.cpp:282]: Processing Tick: 1907.8.29
[18:33:07][jominiapplication.cpp:282]: Processing Tick: 1907.8.29.6
[18:33:07][jominiapplication.cpp:282]: Processing Tick: 1907.8.29.12
[18:33:08][jominiapplication.cpp:282]: Processing Tick: 1907.8.29.18
[18:33:08][jominiapplication.cpp:282]: Processing Tick: 1907.8.30
[18:33:09][jominiapplication.cpp:282]: Processing Tick: 1907.8.30.6
[18:33:09][jominiapplication.cpp:282]: Processing Tick: 1907.8.30.12
[18:33:10][jominiapplication.cpp:282]: Processing Tick: 1907.8.30.18
[18:33:10][jominiapplication.cpp:282]: Processing Tick: 1907.8.31
[18:33:12][jominiapplication.cpp:282]: Processing Tick: 1907.8.31.6
[18:33:13][jominiapplication.cpp:282]: Processing Tick: 1907.8.31.12
[18:33:13][jominiapplication.cpp:282]: Processing Tick: 1907.8.31.18
[18:33:14][jominiapplication.cpp:282]: Processing Tick: 1907.9.1
[18:33:17][jominiapplication.cpp:282]: Processing Tick: 1907.9.1.6
[18:33:17][jominiapplication.cpp:282]: Processing Tick: 1907.9.1.12
[18:33:18][jominiapplication.cpp:282]: Processing Tick: 1907.9.1.18
[18:33:18][jominiapplication.cpp:282]: Processing Tick: 1907.9.2
[18:33:19][jominiapplication.cpp:282]: Processing Tick: 1907.9.2.6
[18:33:19][jominiapplication.cpp:282]: Processing Tick: 1907.9.2.12
[18:33:20][jominiapplication.cpp:282]: Processing Tick: 1907.9.2.18
[18:33:20][jominiapplication.cpp:282]: Processing Tick: 1907.9.3
[18:33:21][jominiapplication.cpp:282]: Processing Tick: 1907.9.3.6
[18:33:21][jominiapplication.cpp:282]: Processing Tick: 1907.9.3.12
[18:33:22][jominiapplication.cpp:282]: Processing Tick: 1907.9.3.18
[18:33:22][jominiapplication.cpp:282]: Processing Tick: 1907.9.4
[18:33:23][jominiapplication.cpp:282]: Processing Tick: 1907.9.4.6
[18:33:23][jominiapplication.cpp:282]: Processing Tick: 1907.9.4.12
[18:33:24][jominiapplication.cpp:282]: Processing Tick: 1907.9.4.18
[18:33:24][jominiapplication.cpp:282]: Processing Tick: 1907.9.5
[18:33:25][jominiapplication.cpp:282]: Processing Tick: 1907.9.5.6
[18:33:25][jominiapplication.cpp:282]: Processing Tick: 1907.9.5.12
[18:33:26][jominiapplication.cpp:282]: Processing Tick: 1907.9.5.18
[18:33:26][jominiapplication.cpp:282]: Processing Tick: 1907.9.6
[18:33:27][jominiapplication.cpp:282]: Processing Tick: 1907.9.6.6
[18:33:28][jominiapplication.cpp:282]: Processing Tick: 1907.9.6.12
[18:33:28][jominiapplication.cpp:282]: Processing Tick: 1907.9.6.18
[18:33:29][jominiapplication.cpp:282]: Processing Tick: 1907.9.7
[18:33:30][jominiapplication.cpp:282]: Processing Tick: 1907.9.7.6
[18:33:31][jominiapplication.cpp:282]: Processing Tick: 1907.9.7.12
[18:33:31][jominiapplication.cpp:282]: Processing Tick: 1907.9.7.18
[18:33:32][jominiapplication.cpp:282]: Processing Tick: 1907.9.8
[18:33:32][jominiapplication.cpp:282]: Processing Tick: 1907.9.8.6
[18:33:33][jominiapplication.cpp:282]: Processing Tick: 1907.9.8.12
[18:33:33][jominiapplication.cpp:282]: Processing Tick: 1907.9.8.18
[18:33:34][jominiapplication.cpp:282]: Processing Tick: 1907.9.9
[18:33:34][jominiapplication.cpp:282]: Processing Tick: 1907.9.9.6
[18:33:35][jominiapplication.cpp:282]: Processing Tick: 1907.9.9.12
[18:33:35][jominiapplication.cpp:282]: Processing Tick: 1907.9.9.18
[18:33:36][jominiapplication.cpp:282]: Processing Tick: 1907.9.10
[18:33:36][jominiapplication.cpp:282]: Processing Tick: 1907.9.10.6
[18:33:37][jominiapplication.cpp:282]: Processing Tick: 1907.9.10.12
[18:33:37][jominiapplication.cpp:282]: Processing Tick: 1907.9.10.18
[18:33:38][jominiapplication.cpp:282]: Processing Tick: 1907.9.11
[18:33:38][jominiapplication.cpp:282]: Processing Tick: 1907.9.11.6
[18:33:39][jominiapplication.cpp:282]: Processing Tick: 1907.9.11.12
[18:33:39][jominiapplication.cpp:282]: Processing Tick: 1907.9.11.18
[18:33:40][jominiapplication.cpp:282]: Processing Tick: 1907.9.12
[18:33:40][jominiapplication.cpp:282]: Processing Tick: 1907.9.12.6
[18:33:41][jominiapplication.cpp:282]: Processing Tick: 1907.9.12.12
[18:33:41][jominiapplication.cpp:282]: Processing Tick: 1907.9.12.18
[18:33:42][jominiapplication.cpp:282]: Processing Tick: 1907.9.13
[18:33:43][jominiapplication.cpp:282]: Processing Tick: 1907.9.13.6
[18:33:43][jominiapplication.cpp:282]: Processing Tick: 1907.9.13.12
[18:33:44][jominiapplication.cpp:282]: Processing Tick: 1907.9.13.18
[18:33:44][jominiapplication.cpp:282]: Processing Tick: 1907.9.14
[18:33:47][jominiapplication.cpp:282]: Processing Tick: 1907.9.14.6
[18:33:47][jominiapplication.cpp:282]: Processing Tick: 1907.9.14.12
[18:33:48][jominiapplication.cpp:282]: Processing Tick: 1907.9.14.18
[18:33:49][jominiapplication.cpp:282]: Processing Tick: 1907.9.15
[18:33:49][jominiapplication.cpp:282]: Processing Tick: 1907.9.15.6
[18:33:50][jominiapplication.cpp:282]: Processing Tick: 1907.9.15.12
[18:33:50][jominiapplication.cpp:282]: Processing Tick: 1907.9.15.18
[18:33:51][jominiapplication.cpp:282]: Processing Tick: 1907.9.16
[18:33:52][jominiapplication.cpp:282]: Processing Tick: 1907.9.16.6
[18:33:52][jominiapplication.cpp:282]: Processing Tick: 1907.9.16.12
[18:33:53][jominiapplication.cpp:282]: Processing Tick: 1907.9.16.18
[18:33:53][jominiapplication.cpp:282]: Processing Tick: 1907.9.17
[18:33:54][jominiapplication.cpp:282]: Processing Tick: 1907.9.17.6
[18:33:54][jominiapplication.cpp:282]: Processing Tick: 1907.9.17.12
[18:33:55][jominiapplication.cpp:282]: Processing Tick: 1907.9.17.18
[18:33:55][jominiapplication.cpp:282]: Processing Tick: 1907.9.18
[18:33:56][jominiapplication.cpp:282]: Processing Tick: 1907.9.18.6
[18:33:57][jominiapplication.cpp:282]: Processing Tick: 1907.9.18.12
[18:33:57][jominiapplication.cpp:282]: Processing Tick: 1907.9.18.18
[18:33:58][jominiapplication.cpp:282]: Processing Tick: 1907.9.19
[18:33:58][jominiapplication.cpp:282]: Processing Tick: 1907.9.19.6
[18:33:59][jominiapplication.cpp:282]: Processing Tick: 1907.9.19.12
[18:33:59][jominiapplication.cpp:282]: Processing Tick: 1907.9.19.18
[18:34:00][jominiapplication.cpp:282]: Processing Tick: 1907.9.20
[18:34:00][jominiapplication.cpp:282]: Processing Tick: 1907.9.20.6
[18:34:01][jominiapplication.cpp:282]: Processing Tick: 1907.9.20.12
[18:34:01][jominiapplication.cpp:282]: Processing Tick: 1907.9.20.18
[18:34:02][jominiapplication.cpp:282]: Processing Tick: 1907.9.21
[18:34:04][jominiapplication.cpp:282]: Processing Tick: 1907.9.21.6
[18:34:04][jominiapplication.cpp:282]: Processing Tick: 1907.9.21.12
[18:34:05][jominiapplication.cpp:282]: Processing Tick: 1907.9.21.18
[18:34:05][jominiapplication.cpp:282]: Processing Tick: 1907.9.22
[18:34:06][jominiapplication.cpp:282]: Processing Tick: 1907.9.22.6
[18:34:06][jominiapplication.cpp:282]: Processing Tick: 1907.9.22.12
[18:34:07][jominiapplication.cpp:282]: Processing Tick: 1907.9.22.18
[18:34:07][jominiapplication.cpp:282]: Processing Tick: 1907.9.23
[18:34:08][jominiapplication.cpp:282]: Processing Tick: 1907.9.23.6
[18:34:08][jominiapplication.cpp:282]: Processing Tick: 1907.9.23.12
[18:34:09][jominiapplication.cpp:282]: Processing Tick: 1907.9.23.18
[18:34:09][jominiapplication.cpp:282]: Processing Tick: 1907.9.24
[18:34:10][jominiapplication.cpp:282]: Processing Tick: 1907.9.24.6
[18:34:11][jominiapplication.cpp:282]: Processing Tick: 1907.9.24.12
[18:34:11][jominiapplication.cpp:282]: Processing Tick: 1907.9.24.18
[18:34:12][jominiapplication.cpp:282]: Processing Tick: 1907.9.25
[18:34:12][jominiapplication.cpp:282]: Processing Tick: 1907.9.25.6
[18:34:13][jominiapplication.cpp:282]: Processing Tick: 1907.9.25.12
[18:34:13][jominiapplication.cpp:282]: Processing Tick: 1907.9.25.18
[18:34:14][jominiapplication.cpp:282]: Processing Tick: 1907.9.26
[18:34:14][jominiapplication.cpp:282]: Processing Tick: 1907.9.26.6
[18:34:15][jominiapplication.cpp:282]: Processing Tick: 1907.9.26.12
[18:34:15][jominiapplication.cpp:282]: Processing Tick: 1907.9.26.18
[18:34:16][jominiapplication.cpp:282]: Processing Tick: 1907.9.27
[18:34:16][jominiapplication.cpp:282]: Processing Tick: 1907.9.27.6
[18:34:17][jominiapplication.cpp:282]: Processing Tick: 1907.9.27.12
[18:34:18][jominiapplication.cpp:282]: Processing Tick: 1907.9.27.18
[18:34:18][jominiapplication.cpp:282]: Processing Tick: 1907.9.28
[18:34:20][jominiapplication.cpp:282]: Processing Tick: 1907.9.28.6
[18:34:21][jominiapplication.cpp:282]: Processing Tick: 1907.9.28.12
[18:34:21][jominiapplication.cpp:282]: Processing Tick: 1907.9.28.18
[18:34:22][jominiapplication.cpp:282]: Processing Tick: 1907.9.29
[18:34:22][jominiapplication.cpp:282]: Processing Tick: 1907.9.29.6
[18:34:23][jominiapplication.cpp:282]: Processing Tick: 1907.9.29.12
[18:34:23][jominiapplication.cpp:282]: Processing Tick: 1907.9.29.18
[18:34:24][jominiapplication.cpp:282]: Processing Tick: 1907.9.30
[18:34:25][jominiapplication.cpp:282]: Processing Tick: 1907.9.30.6
[18:34:25][jominiapplication.cpp:282]: Processing Tick: 1907.9.30.12
[18:34:26][jominiapplication.cpp:282]: Processing Tick: 1907.9.30.18
[18:34:26][jominiapplication.cpp:282]: Processing Tick: 1907.10.1
[18:34:29][jominiapplication.cpp:282]: Processing Tick: 1907.10.1.6
[18:34:30][jominiapplication.cpp:282]: Processing Tick: 1907.10.1.12
[18:34:30][jominiapplication.cpp:282]: Processing Tick: 1907.10.1.18
[18:34:31][jominiapplication.cpp:282]: Processing Tick: 1907.10.2
[18:34:31][jominiapplication.cpp:282]: Processing Tick: 1907.10.2.6
[18:34:32][jominiapplication.cpp:282]: Processing Tick: 1907.10.2.12
[18:34:32][jominiapplication.cpp:282]: Processing Tick: 1907.10.2.18
[18:34:33][jominiapplication.cpp:282]: Processing Tick: 1907.10.3
[18:34:33][jominiapplication.cpp:282]: Processing Tick: 1907.10.3.6
[18:34:34][jominiapplication.cpp:282]: Processing Tick: 1907.10.3.12
[18:34:34][jominiapplication.cpp:282]: Processing Tick: 1907.10.3.18
[18:34:35][jominiapplication.cpp:282]: Processing Tick: 1907.10.4
[18:34:36][jominiapplication.cpp:282]: Processing Tick: 1907.10.4.6
[18:34:36][jominiapplication.cpp:282]: Processing Tick: 1907.10.4.12
[18:34:37][jominiapplication.cpp:282]: Processing Tick: 1907.10.4.18
[18:34:37][jominiapplication.cpp:282]: Processing Tick: 1907.10.5
[18:34:39][jominiapplication.cpp:282]: Processing Tick: 1907.10.5.6
[18:34:40][jominiapplication.cpp:282]: Processing Tick: 1907.10.5.12
[18:34:40][jominiapplication.cpp:282]: Processing Tick: 1907.10.5.18
[18:34:41][jominiapplication.cpp:282]: Processing Tick: 1907.10.6
[18:34:41][jominiapplication.cpp:282]: Processing Tick: 1907.10.6.6
[18:34:42][jominiapplication.cpp:282]: Processing Tick: 1907.10.6.12
[18:34:42][jominiapplication.cpp:282]: Processing Tick: 1907.10.6.18
[18:34:43][jominiapplication.cpp:282]: Processing Tick: 1907.10.7
[18:34:44][jominiapplication.cpp:282]: Processing Tick: 1907.10.7.6
[18:34:44][jominiapplication.cpp:282]: Processing Tick: 1907.10.7.12
[18:34:45][jominiapplication.cpp:282]: Processing Tick: 1907.10.7.18
[18:34:45][jominiapplication.cpp:282]: Processing Tick: 1907.10.8
[18:34:46][jominiapplication.cpp:282]: Processing Tick: 1907.10.8.6
[18:34:46][jominiapplication.cpp:282]: Processing Tick: 1907.10.8.12
[18:34:47][jominiapplication.cpp:282]: Processing Tick: 1907.10.8.18
[18:34:47][jominiapplication.cpp:282]: Processing Tick: 1907.10.9
[18:34:48][jominiapplication.cpp:282]: Processing Tick: 1907.10.9.6
[18:34:49][jominiapplication.cpp:282]: Processing Tick: 1907.10.9.12
[18:34:49][jominiapplication.cpp:282]: Processing Tick: 1907.10.9.18
[18:34:50][jominiapplication.cpp:282]: Processing Tick: 1907.10.10
[18:34:50][jominiapplication.cpp:282]: Processing Tick: 1907.10.10.6
[18:34:51][jominiapplication.cpp:282]: Processing Tick: 1907.10.10.12
[18:34:51][jominiapplication.cpp:282]: Processing Tick: 1907.10.10.18
[18:34:52][jominiapplication.cpp:282]: Processing Tick: 1907.10.11
[18:34:52][jominiapplication.cpp:282]: Processing Tick: 1907.10.11.6
[18:34:53][jominiapplication.cpp:282]: Processing Tick: 1907.10.11.12
[18:34:54][jominiapplication.cpp:282]: Processing Tick: 1907.10.11.18
[18:34:54][jominiapplication.cpp:282]: Processing Tick: 1907.10.12
[18:34:56][jominiapplication.cpp:282]: Processing Tick: 1907.10.12.6
[18:34:56][jominiapplication.cpp:282]: Processing Tick: 1907.10.12.12
[18:34:57][jominiapplication.cpp:282]: Processing Tick: 1907.10.12.18
[18:34:57][jominiapplication.cpp:282]: Processing Tick: 1907.10.13
[18:34:58][jominiapplication.cpp:282]: Processing Tick: 1907.10.13.6
[18:34:58][jominiapplication.cpp:282]: Processing Tick: 1907.10.13.12
[18:34:59][jominiapplication.cpp:282]: Processing Tick: 1907.10.13.18
[18:34:59][jominiapplication.cpp:282]: Processing Tick: 1907.10.14
[18:35:00][jominiapplication.cpp:282]: Processing Tick: 1907.10.14.6
[18:35:00][jominiapplication.cpp:282]: Processing Tick: 1907.10.14.12
[18:35:01][jominiapplication.cpp:282]: Processing Tick: 1907.10.14.18
[18:35:02][jominiapplication.cpp:282]: Processing Tick: 1907.10.15
[18:35:02][jominiapplication.cpp:282]: Processing Tick: 1907.10.15.6
[18:35:03][jominiapplication.cpp:282]: Processing Tick: 1907.10.15.12
[18:35:03][jominiapplication.cpp:282]: Processing Tick: 1907.10.15.18
[18:35:04][jominiapplication.cpp:282]: Processing Tick: 1907.10.16
[18:35:04][jominiapplication.cpp:282]: Processing Tick: 1907.10.16.6
[18:35:05][jominiapplication.cpp:282]: Processing Tick: 1907.10.16.12
[18:35:05][jominiapplication.cpp:282]: Processing Tick: 1907.10.16.18
[18:35:06][jominiapplication.cpp:282]: Processing Tick: 1907.10.17
[18:35:06][jominiapplication.cpp:282]: Processing Tick: 1907.10.17.6
[18:35:07][jominiapplication.cpp:282]: Processing Tick: 1907.10.17.12
[18:35:08][jominiapplication.cpp:282]: Processing Tick: 1907.10.17.18
[18:35:08][jominiapplication.cpp:282]: Processing Tick: 1907.10.18
[18:35:09][jominiapplication.cpp:282]: Processing Tick: 1907.10.18.6
[18:35:09][jominiapplication.cpp:282]: Processing Tick: 1907.10.18.12
[18:35:10][jominiapplication.cpp:282]: Processing Tick: 1907.10.18.18
[18:35:10][jominiapplication.cpp:282]: Processing Tick: 1907.10.19
[18:35:12][jominiapplication.cpp:282]: Processing Tick: 1907.10.19.6
[18:35:13][jominiapplication.cpp:282]: Processing Tick: 1907.10.19.12
[18:35:13][jominiapplication.cpp:282]: Processing Tick: 1907.10.19.18
[18:35:14][jominiapplication.cpp:282]: Processing Tick: 1907.10.20
[18:35:14][jominiapplication.cpp:282]: Processing Tick: 1907.10.20.6
[18:35:15][jominiapplication.cpp:282]: Processing Tick: 1907.10.20.12
[18:35:15][jominiapplication.cpp:282]: Processing Tick: 1907.10.20.18
[18:35:16][jominiapplication.cpp:282]: Processing Tick: 1907.10.21
[18:35:16][jominiapplication.cpp:282]: Processing Tick: 1907.10.21.6
[18:35:17][jominiapplication.cpp:282]: Processing Tick: 1907.10.21.12
[18:35:18][jominiapplication.cpp:282]: Processing Tick: 1907.10.21.18
[18:35:18][jominiapplication.cpp:282]: Processing Tick: 1907.10.22
[18:35:19][jominiapplication.cpp:282]: Processing Tick: 1907.10.22.6
[18:35:19][jominiapplication.cpp:282]: Processing Tick: 1907.10.22.12
[18:35:20][jominiapplication.cpp:282]: Processing Tick: 1907.10.22.18
[18:35:21][jominiapplication.cpp:282]: Processing Tick: 1907.10.23
[18:35:21][jominiapplication.cpp:282]: Processing Tick: 1907.10.23.6
[18:35:22][jominiapplication.cpp:282]: Processing Tick: 1907.10.23.12
[18:35:22][jominiapplication.cpp:282]: Processing Tick: 1907.10.23.18
[18:35:23][jominiapplication.cpp:282]: Processing Tick: 1907.10.24
[18:35:23][jominiapplication.cpp:282]: Processing Tick: 1907.10.24.6
[18:35:24][jominiapplication.cpp:282]: Processing Tick: 1907.10.24.12
[18:35:24][jominiapplication.cpp:282]: Processing Tick: 1907.10.24.18
[18:35:25][jominiapplication.cpp:282]: Processing Tick: 1907.10.25
[18:35:26][jominiapplication.cpp:282]: Processing Tick: 1907.10.25.6
[18:35:26][jominiapplication.cpp:282]: Processing Tick: 1907.10.25.12
[18:35:27][jominiapplication.cpp:282]: Processing Tick: 1907.10.25.18
[18:35:27][jominiapplication.cpp:282]: Processing Tick: 1907.10.26
[18:35:29][jominiapplication.cpp:282]: Processing Tick: 1907.10.26.6
[18:35:30][jominiapplication.cpp:282]: Processing Tick: 1907.10.26.12
[18:35:30][jominiapplication.cpp:282]: Processing Tick: 1907.10.26.18
[18:35:31][jominiapplication.cpp:282]: Processing Tick: 1907.10.27
[18:35:31][jominiapplication.cpp:282]: Processing Tick: 1907.10.27.6
[18:35:32][jominiapplication.cpp:282]: Processing Tick: 1907.10.27.12
[18:35:32][jominiapplication.cpp:282]: Processing Tick: 1907.10.27.18
[18:35:33][jominiapplication.cpp:282]: Processing Tick: 1907.10.28
[18:35:34][jominiapplication.cpp:282]: Processing Tick: 1907.10.28.6
[18:35:34][jominiapplication.cpp:282]: Processing Tick: 1907.10.28.12
[18:35:35][jominiapplication.cpp:282]: Processing Tick: 1907.10.28.18
[18:35:35][jominiapplication.cpp:282]: Processing Tick: 1907.10.29
[18:35:36][jominiapplication.cpp:282]: Processing Tick: 1907.10.29.6
[18:35:36][jominiapplication.cpp:282]: Processing Tick: 1907.10.29.12
[18:35:37][jominiapplication.cpp:282]: Processing Tick: 1907.10.29.18
[18:35:37][jominiapplication.cpp:282]: Processing Tick: 1907.10.30
[18:35:38][jominiapplication.cpp:282]: Processing Tick: 1907.10.30.6
[18:35:38][jominiapplication.cpp:282]: Processing Tick: 1907.10.30.12
[18:35:39][jominiapplication.cpp:282]: Processing Tick: 1907.10.30.18
[18:35:39][jominiapplication.cpp:282]: Processing Tick: 1907.10.31
[18:35:40][jominiapplication.cpp:282]: Processing Tick: 1907.10.31.6
[18:35:40][jominiapplication.cpp:282]: Processing Tick: 1907.10.31.12
[18:35:41][jominiapplication.cpp:282]: Processing Tick: 1907.10.31.18
[18:35:42][jominiapplication.cpp:282]: Processing Tick: 1907.11.1
[18:35:44][jominiapplication.cpp:282]: Processing Tick: 1907.11.1.6
[18:35:45][jominiapplication.cpp:282]: Processing Tick: 1907.11.1.12
[18:35:45][jominiapplication.cpp:282]: Processing Tick: 1907.11.1.18
[18:35:46][jominiapplication.cpp:282]: Processing Tick: 1907.11.2
[18:35:48][jominiapplication.cpp:282]: Processing Tick: 1907.11.2.6
[18:35:48][jominiapplication.cpp:282]: Processing Tick: 1907.11.2.12
[18:35:49][jominiapplication.cpp:282]: Processing Tick: 1907.11.2.18
[18:35:49][jominiapplication.cpp:282]: Processing Tick: 1907.11.3
[18:35:50][jominiapplication.cpp:282]: Processing Tick: 1907.11.3.6
[18:35:50][jominiapplication.cpp:282]: Processing Tick: 1907.11.3.12
[18:35:51][jominiapplication.cpp:282]: Processing Tick: 1907.11.3.18
[18:35:51][jominiapplication.cpp:282]: Processing Tick: 1907.11.4
[18:35:52][jominiapplication.cpp:282]: Processing Tick: 1907.11.4.6
[18:35:53][jominiapplication.cpp:282]: Processing Tick: 1907.11.4.12
[18:35:53][jominiapplication.cpp:282]: Processing Tick: 1907.11.4.18
[18:35:54][jominiapplication.cpp:282]: Processing Tick: 1907.11.5
[18:35:54][jominiapplication.cpp:282]: Processing Tick: 1907.11.5.6
[18:35:55][jominiapplication.cpp:282]: Processing Tick: 1907.11.5.12
[18:35:55][jominiapplication.cpp:282]: Processing Tick: 1907.11.5.18
[18:35:56][jominiapplication.cpp:282]: Processing Tick: 1907.11.6
[18:35:56][jominiapplication.cpp:282]: Processing Tick: 1907.11.6.6
[18:35:57][jominiapplication.cpp:282]: Processing Tick: 1907.11.6.12
[18:35:57][jominiapplication.cpp:282]: Processing Tick: 1907.11.6.18
[18:35:58][jominiapplication.cpp:282]: Processing Tick: 1907.11.7
[18:35:58][jominiapplication.cpp:282]: Processing Tick: 1907.11.7.6
[18:35:59][jominiapplication.cpp:282]: Processing Tick: 1907.11.7.12
[18:35:59][jominiapplication.cpp:282]: Processing Tick: 1907.11.7.18
[18:36:00][jominiapplication.cpp:282]: Processing Tick: 1907.11.8
[18:36:01][jominiapplication.cpp:282]: Processing Tick: 1907.11.8.6
[18:36:01][jominiapplication.cpp:282]: Processing Tick: 1907.11.8.12
[18:36:02][jominiapplication.cpp:282]: Processing Tick: 1907.11.8.18
[18:36:02][jominiapplication.cpp:282]: Processing Tick: 1907.11.9
[18:36:04][jominiapplication.cpp:282]: Processing Tick: 1907.11.9.6
[18:36:04][jominiapplication.cpp:282]: Processing Tick: 1907.11.9.12
[18:36:05][jominiapplication.cpp:282]: Processing Tick: 1907.11.9.18
[18:36:06][jominiapplication.cpp:282]: Processing Tick: 1907.11.10
[18:36:06][jominiapplication.cpp:282]: Processing Tick: 1907.11.10.6
[18:36:07][jominiapplication.cpp:282]: Processing Tick: 1907.11.10.12
[18:36:07][jominiapplication.cpp:282]: Processing Tick: 1907.11.10.18
[18:36:08][jominiapplication.cpp:282]: Processing Tick: 1907.11.11
[18:36:08][jominiapplication.cpp:282]: Processing Tick: 1907.11.11.6
[18:36:09][jominiapplication.cpp:282]: Processing Tick: 1907.11.11.12
[18:36:09][jominiapplication.cpp:282]: Processing Tick: 1907.11.11.18
[18:36:10][jominiapplication.cpp:282]: Processing Tick: 1907.11.12
[18:36:10][jominiapplication.cpp:282]: Processing Tick: 1907.11.12.6
[18:36:11][jominiapplication.cpp:282]: Processing Tick: 1907.11.12.12
[18:36:11][jominiapplication.cpp:282]: Processing Tick: 1907.11.12.18
[18:36:12][jominiapplication.cpp:282]: Processing Tick: 1907.11.13
[18:36:13][jominiapplication.cpp:282]: Processing Tick: 1907.11.13.6
[18:36:13][jominiapplication.cpp:282]: Processing Tick: 1907.11.13.12
[18:36:14][jominiapplication.cpp:282]: Processing Tick: 1907.11.13.18
[18:36:14][jominiapplication.cpp:282]: Processing Tick: 1907.11.14
[18:36:15][jominiapplication.cpp:282]: Processing Tick: 1907.11.14.6
[18:36:15][jominiapplication.cpp:282]: Processing Tick: 1907.11.14.12
[18:36:16][jominiapplication.cpp:282]: Processing Tick: 1907.11.14.18
[18:36:16][jominiapplication.cpp:282]: Processing Tick: 1907.11.15
[18:36:17][jominiapplication.cpp:282]: Processing Tick: 1907.11.15.6
[18:36:17][jominiapplication.cpp:282]: Processing Tick: 1907.11.15.12
[18:36:18][jominiapplication.cpp:282]: Processing Tick: 1907.11.15.18
[18:36:18][jominiapplication.cpp:282]: Processing Tick: 1907.11.16
[18:36:20][jominiapplication.cpp:282]: Processing Tick: 1907.11.16.6
[18:36:21][jominiapplication.cpp:282]: Processing Tick: 1907.11.16.12
[18:36:21][jominiapplication.cpp:282]: Processing Tick: 1907.11.16.18
[18:36:22][jominiapplication.cpp:282]: Processing Tick: 1907.11.17
[18:36:22][jominiapplication.cpp:282]: Processing Tick: 1907.11.17.6
[18:36:23][jominiapplication.cpp:282]: Processing Tick: 1907.11.17.12
[18:36:23][jominiapplication.cpp:282]: Processing Tick: 1907.11.17.18
[18:36:24][jominiapplication.cpp:282]: Processing Tick: 1907.11.18
[18:36:24][jominiapplication.cpp:282]: Processing Tick: 1907.11.18.6
[18:36:25][jominiapplication.cpp:282]: Processing Tick: 1907.11.18.12
[18:36:25][jominiapplication.cpp:282]: Processing Tick: 1907.11.18.18
[18:36:26][jominiapplication.cpp:282]: Processing Tick: 1907.11.19
[18:36:27][jominiapplication.cpp:282]: Processing Tick: 1907.11.19.6
[18:36:27][jominiapplication.cpp:282]: Processing Tick: 1907.11.19.12
[18:36:28][jominiapplication.cpp:282]: Processing Tick: 1907.11.19.18
[18:36:28][jominiapplication.cpp:282]: Processing Tick: 1907.11.20
[18:36:29][jominiapplication.cpp:282]: Processing Tick: 1907.11.20.6
[18:36:29][jominiapplication.cpp:282]: Processing Tick: 1907.11.20.12
[18:36:30][jominiapplication.cpp:282]: Processing Tick: 1907.11.20.18
[18:36:30][jominiapplication.cpp:282]: Processing Tick: 1907.11.21
[18:36:31][jominiapplication.cpp:282]: Processing Tick: 1907.11.21.6
[18:36:31][jominiapplication.cpp:282]: Processing Tick: 1907.11.21.12
[18:36:32][jominiapplication.cpp:282]: Processing Tick: 1907.11.21.18
[18:36:33][jominiapplication.cpp:282]: Processing Tick: 1907.11.22
[18:36:33][jominiapplication.cpp:282]: Processing Tick: 1907.11.22.6
[18:36:34][jominiapplication.cpp:282]: Processing Tick: 1907.11.22.12
[18:36:34][jominiapplication.cpp:282]: Processing Tick: 1907.11.22.18
[18:36:35][jominiapplication.cpp:282]: Processing Tick: 1907.11.23
[18:36:36][jominiapplication.cpp:282]: Processing Tick: 1907.11.23.6
[18:36:37][jominiapplication.cpp:282]: Processing Tick: 1907.11.23.12
[18:36:37][jominiapplication.cpp:282]: Processing Tick: 1907.11.23.18
[18:36:38][jominiapplication.cpp:282]: Processing Tick: 1907.11.24
[18:36:38][jominiapplication.cpp:282]: Processing Tick: 1907.11.24.6
[18:36:39][jominiapplication.cpp:282]: Processing Tick: 1907.11.24.12
[18:36:39][jominiapplication.cpp:282]: Processing Tick: 1907.11.24.18
[18:36:40][jominiapplication.cpp:282]: Processing Tick: 1907.11.25
[18:36:40][jominiapplication.cpp:282]: Processing Tick: 1907.11.25.6
[18:36:41][jominiapplication.cpp:282]: Processing Tick: 1907.11.25.12
[18:36:41][jominiapplication.cpp:282]: Processing Tick: 1907.11.25.18
[18:36:42][jominiapplication.cpp:282]: Processing Tick: 1907.11.26
[18:36:42][jominiapplication.cpp:282]: Processing Tick: 1907.11.26.6
[18:36:43][jominiapplication.cpp:282]: Processing Tick: 1907.11.26.12
[18:36:43][jominiapplication.cpp:282]: Processing Tick: 1907.11.26.18
[18:36:44][jominiapplication.cpp:282]: Processing Tick: 1907.11.27
[18:36:44][jominiapplication.cpp:282]: Processing Tick: 1907.11.27.6
[18:36:45][jominiapplication.cpp:282]: Processing Tick: 1907.11.27.12
[18:36:46][jominiapplication.cpp:282]: Processing Tick: 1907.11.27.18
[18:36:46][jominiapplication.cpp:282]: Processing Tick: 1907.11.28
[18:36:47][jominiapplication.cpp:282]: Processing Tick: 1907.11.28.6
[18:36:47][jominiapplication.cpp:282]: Processing Tick: 1907.11.28.12
[18:36:48][jominiapplication.cpp:282]: Processing Tick: 1907.11.28.18
[18:36:48][jominiapplication.cpp:282]: Processing Tick: 1907.11.29
[18:36:49][jominiapplication.cpp:282]: Processing Tick: 1907.11.29.6
[18:36:49][jominiapplication.cpp:282]: Processing Tick: 1907.11.29.12
[18:36:50][jominiapplication.cpp:282]: Processing Tick: 1907.11.29.18
[18:36:50][jominiapplication.cpp:282]: Processing Tick: 1907.11.30
[18:36:52][jominiapplication.cpp:282]: Processing Tick: 1907.11.30.6
[18:36:52][jominiapplication.cpp:282]: Processing Tick: 1907.11.30.12
[18:36:53][jominiapplication.cpp:282]: Processing Tick: 1907.11.30.18
[18:36:53][jominiapplication.cpp:282]: Processing Tick: 1907.12.1
[18:36:56][jominiapplication.cpp:282]: Processing Tick: 1907.12.1.6
[18:36:57][jominiapplication.cpp:282]: Processing Tick: 1907.12.1.12
[18:36:57][jominiapplication.cpp:282]: Processing Tick: 1907.12.1.18
[18:36:58][jominiapplication.cpp:282]: Processing Tick: 1907.12.2
[18:36:58][jominiapplication.cpp:282]: Processing Tick: 1907.12.2.6
[18:36:59][jominiapplication.cpp:282]: Processing Tick: 1907.12.2.12
[18:36:59][jominiapplication.cpp:282]: Processing Tick: 1907.12.2.18
[18:37:00][jominiapplication.cpp:282]: Processing Tick: 1907.12.3
[18:37:00][jominiapplication.cpp:282]: Processing Tick: 1907.12.3.6
[18:37:01][jominiapplication.cpp:282]: Processing Tick: 1907.12.3.12
[18:37:01][jominiapplication.cpp:282]: Processing Tick: 1907.12.3.18
[18:37:02][jominiapplication.cpp:282]: Processing Tick: 1907.12.4
[18:37:02][jominiapplication.cpp:282]: Processing Tick: 1907.12.4.6
[18:37:03][jominiapplication.cpp:282]: Processing Tick: 1907.12.4.12
[18:37:04][jominiapplication.cpp:282]: Processing Tick: 1907.12.4.18
[18:37:04][jominiapplication.cpp:282]: Processing Tick: 1907.12.5
[18:37:05][jominiapplication.cpp:282]: Processing Tick: 1907.12.5.6
[18:37:05][jominiapplication.cpp:282]: Processing Tick: 1907.12.5.12
[18:37:06][jominiapplication.cpp:282]: Processing Tick: 1907.12.5.18
[18:37:06][jominiapplication.cpp:282]: Processing Tick: 1907.12.6
[18:37:07][jominiapplication.cpp:282]: Processing Tick: 1907.12.6.6
[18:37:07][jominiapplication.cpp:282]: Processing Tick: 1907.12.6.12
[18:37:08][jominiapplication.cpp:282]: Processing Tick: 1907.12.6.18
[18:37:08][jominiapplication.cpp:282]: Processing Tick: 1907.12.7
[18:37:10][jominiapplication.cpp:282]: Processing Tick: 1907.12.7.6
[18:37:10][jominiapplication.cpp:282]: Processing Tick: 1907.12.7.12
[18:37:11][jominiapplication.cpp:282]: Processing Tick: 1907.12.7.18
[18:37:11][jominiapplication.cpp:282]: Processing Tick: 1907.12.8
[18:37:12][jominiapplication.cpp:282]: Processing Tick: 1907.12.8.6
[18:37:13][jominiapplication.cpp:282]: Processing Tick: 1907.12.8.12
[18:37:13][jominiapplication.cpp:282]: Processing Tick: 1907.12.8.18
[18:37:14][jominiapplication.cpp:282]: Processing Tick: 1907.12.9
[18:37:14][jominiapplication.cpp:282]: Processing Tick: 1907.12.9.6
[18:37:15][jominiapplication.cpp:282]: Processing Tick: 1907.12.9.12
[18:37:15][jominiapplication.cpp:282]: Processing Tick: 1907.12.9.18
[18:37:16][jominiapplication.cpp:282]: Processing Tick: 1907.12.10
[18:37:16][jominiapplication.cpp:282]: Processing Tick: 1907.12.10.6
[18:37:17][jominiapplication.cpp:282]: Processing Tick: 1907.12.10.12
[18:37:17][jominiapplication.cpp:282]: Processing Tick: 1907.12.10.18
[18:37:18][jominiapplication.cpp:282]: Processing Tick: 1907.12.11
[18:37:18][jominiapplication.cpp:282]: Processing Tick: 1907.12.11.6
[18:37:19][jominiapplication.cpp:282]: Processing Tick: 1907.12.11.12
[18:37:19][jominiapplication.cpp:282]: Processing Tick: 1907.12.11.18
[18:37:20][jominiapplication.cpp:282]: Processing Tick: 1907.12.12
[18:37:20][jominiapplication.cpp:282]: Processing Tick: 1907.12.12.6
[18:37:21][jominiapplication.cpp:282]: Processing Tick: 1907.12.12.12
[18:37:21][jominiapplication.cpp:282]: Processing Tick: 1907.12.12.18
[18:37:22][jominiapplication.cpp:282]: Processing Tick: 1907.12.13
[18:37:23][jominiapplication.cpp:282]: Processing Tick: 1907.12.13.6
[18:37:23][jominiapplication.cpp:282]: Processing Tick: 1907.12.13.12
[18:37:24][jominiapplication.cpp:282]: Processing Tick: 1907.12.13.18
[18:37:24][jominiapplication.cpp:282]: Processing Tick: 1907.12.14
[18:37:26][jominiapplication.cpp:282]: Processing Tick: 1907.12.14.6
[18:37:26][jominiapplication.cpp:282]: Processing Tick: 1907.12.14.12
[18:37:27][jominiapplication.cpp:282]: Processing Tick: 1907.12.14.18
[18:37:27][jominiapplication.cpp:282]: Processing Tick: 1907.12.15
[18:37:28][jominiapplication.cpp:282]: Processing Tick: 1907.12.15.6
[18:37:28][jominiapplication.cpp:282]: Processing Tick: 1907.12.15.12
[18:37:29][jominiapplication.cpp:282]: Processing Tick: 1907.12.15.18
[18:37:29][jominiapplication.cpp:282]: Processing Tick: 1907.12.16
[18:37:30][jominiapplication.cpp:282]: Processing Tick: 1907.12.16.6
[18:37:30][jominiapplication.cpp:282]: Processing Tick: 1907.12.16.12
[18:37:31][jominiapplication.cpp:282]: Processing Tick: 1907.12.16.18
[18:37:31][jominiapplication.cpp:282]: Processing Tick: 1907.12.17
[18:37:32][jominiapplication.cpp:282]: Processing Tick: 1907.12.17.6
[18:37:33][jominiapplication.cpp:282]: Processing Tick: 1907.12.17.12
[18:37:33][jominiapplication.cpp:282]: Processing Tick: 1907.12.17.18
[18:37:34][jominiapplication.cpp:282]: Processing Tick: 1907.12.18
[18:37:34][jominiapplication.cpp:282]: Processing Tick: 1907.12.18.6
[18:37:35][jominiapplication.cpp:282]: Processing Tick: 1907.12.18.12
[18:37:35][jominiapplication.cpp:282]: Processing Tick: 1907.12.18.18
[18:37:36][jominiapplication.cpp:282]: Processing Tick: 1907.12.19
[18:37:36][jominiapplication.cpp:282]: Processing Tick: 1907.12.19.6
[18:37:37][jominiapplication.cpp:282]: Processing Tick: 1907.12.19.12
[18:37:37][jominiapplication.cpp:282]: Processing Tick: 1907.12.19.18
[18:37:38][jominiapplication.cpp:282]: Processing Tick: 1907.12.20
[18:37:38][jominiapplication.cpp:282]: Processing Tick: 1907.12.20.6
[18:37:39][jominiapplication.cpp:282]: Processing Tick: 1907.12.20.12
[18:37:39][jominiapplication.cpp:282]: Processing Tick: 1907.12.20.18
[18:37:40][jominiapplication.cpp:282]: Processing Tick: 1907.12.21
