[14:29:15][jominiapplication.cpp:400]: Processing Tick: 1973.11.8.12
[14:29:16][jominiapplication.cpp:400]: Processing Tick: 1973.11.8.18
[14:29:17][jominiapplication.cpp:400]: Processing Tick: 1973.11.9
[14:29:18][jominiapplication.cpp:400]: Processing Tick: 1973.11.9.6
[14:29:19][jominiapplication.cpp:400]: Processing Tick: 1973.11.9.12
[14:29:20][jominiapplication.cpp:400]: Processing Tick: 1973.11.9.18
[14:29:20][jominiapplication.cpp:400]: Processing Tick: 1973.11.10
[14:29:22][jominiapplication.cpp:400]: Processing Tick: 1973.11.10.6
[14:29:23][jominiapplication.cpp:400]: Processing Tick: 1973.11.10.12
[14:29:24][jominiapplication.cpp:400]: Processing Tick: 1973.11.10.18
[14:29:24][jominiapplication.cpp:400]: Processing Tick: 1973.11.11
[14:29:26][jominiapplication.cpp:400]: Processing Tick: 1973.11.11.6
[14:29:27][jominiapplication.cpp:400]: Processing Tick: 1973.11.11.12
[14:29:28][jominiapplication.cpp:400]: Processing Tick: 1973.11.11.18
[14:29:28][jominiapplication.cpp:400]: Processing Tick: 1973.11.12
[14:29:30][jominiapplication.cpp:400]: Processing Tick: 1973.11.12.6
[14:29:31][jominiapplication.cpp:400]: Processing Tick: 1973.11.12.12
[14:29:32][jominiapplication.cpp:400]: Processing Tick: 1973.11.12.18
[14:29:33][jominiapplication.cpp:400]: Processing Tick: 1973.11.13
[14:29:38][jominiapplication.cpp:400]: Processing Tick: 1973.11.13.6
[14:29:39][jominiapplication.cpp:400]: Processing Tick: 1973.11.13.12
[14:29:39][jominiapplication.cpp:400]: Processing Tick: 1973.11.13.18
[14:29:40][jominiapplication.cpp:400]: Processing Tick: 1973.11.14
[14:29:42][jominiapplication.cpp:400]: Processing Tick: 1973.11.14.6
[14:29:43][jominiapplication.cpp:400]: Processing Tick: 1973.11.14.12
[14:29:43][jominiapplication.cpp:400]: Processing Tick: 1973.11.14.18
[14:29:44][jominiapplication.cpp:400]: Processing Tick: 1973.11.15
[14:29:45][jominiapplication.cpp:400]: Processing Tick: 1973.11.15.6
[14:29:46][jominiapplication.cpp:400]: Processing Tick: 1973.11.15.12
[14:29:47][jominiapplication.cpp:400]: Processing Tick: 1973.11.15.18
[14:29:48][jominiapplication.cpp:400]: Processing Tick: 1973.11.16
[14:29:50][jominiapplication.cpp:400]: Processing Tick: 1973.11.16.6
[14:29:51][jominiapplication.cpp:400]: Processing Tick: 1973.11.16.12
[14:29:51][jominiapplication.cpp:400]: Processing Tick: 1973.11.16.18
[14:29:52][jominiapplication.cpp:400]: Processing Tick: 1973.11.17
[14:29:54][jominiapplication.cpp:400]: Processing Tick: 1973.11.17.6
[14:29:55][jominiapplication.cpp:400]: Processing Tick: 1973.11.17.12
[14:29:55][jominiapplication.cpp:400]: Processing Tick: 1973.11.17.18
[14:29:56][jominiapplication.cpp:400]: Processing Tick: 1973.11.18
[14:29:57][jominiapplication.cpp:400]: Processing Tick: 1973.11.18.6
[14:29:58][jominiapplication.cpp:400]: Processing Tick: 1973.11.18.12
[14:29:59][jominiapplication.cpp:400]: Processing Tick: 1973.11.18.18
[14:29:59][jominiapplication.cpp:400]: Processing Tick: 1973.11.19
[14:30:01][jominiapplication.cpp:400]: Processing Tick: 1973.11.19.6
[14:30:02][jominiapplication.cpp:400]: Processing Tick: 1973.11.19.12
[14:30:02][jominiapplication.cpp:400]: Processing Tick: 1973.11.19.18
[14:30:03][jominiapplication.cpp:400]: Processing Tick: 1973.11.20
[14:30:08][jominiapplication.cpp:400]: Processing Tick: 1973.11.20.6
[14:30:09][jominiapplication.cpp:400]: Processing Tick: 1973.11.20.12
[14:30:10][jominiapplication.cpp:400]: Processing Tick: 1973.11.20.18
[14:30:11][jominiapplication.cpp:400]: Processing Tick: 1973.11.21
[14:30:12][jominiapplication.cpp:400]: Processing Tick: 1973.11.21.6
[14:30:13][jominiapplication.cpp:400]: Processing Tick: 1973.11.21.12
[14:30:14][jominiapplication.cpp:400]: Processing Tick: 1973.11.21.18
[14:30:14][jominiapplication.cpp:400]: Processing Tick: 1973.11.22
[14:30:16][jominiapplication.cpp:400]: Processing Tick: 1973.11.22.6
[14:30:17][jominiapplication.cpp:400]: Processing Tick: 1973.11.22.12
[14:30:17][jominiapplication.cpp:400]: Processing Tick: 1973.11.22.18
[14:30:18][jominiapplication.cpp:400]: Processing Tick: 1973.11.23
[14:30:20][jominiapplication.cpp:400]: Processing Tick: 1973.11.23.6
[14:30:21][jominiapplication.cpp:400]: Processing Tick: 1973.11.23.12
[14:30:21][jominiapplication.cpp:400]: Processing Tick: 1973.11.23.18
[14:30:22][jominiapplication.cpp:400]: Processing Tick: 1973.11.24
[14:30:23][jominiapplication.cpp:400]: Processing Tick: 1973.11.24.6
[14:30:24][jominiapplication.cpp:400]: Processing Tick: 1973.11.24.12
[14:30:25][jominiapplication.cpp:400]: Processing Tick: 1973.11.24.18
[14:30:26][jominiapplication.cpp:400]: Processing Tick: 1973.11.25
[14:30:27][jominiapplication.cpp:400]: Processing Tick: 1973.11.25.6
[14:30:28][jominiapplication.cpp:400]: Processing Tick: 1973.11.25.12
[14:30:29][jominiapplication.cpp:400]: Processing Tick: 1973.11.25.18
[14:30:29][jominiapplication.cpp:400]: Processing Tick: 1973.11.26
[14:30:31][jominiapplication.cpp:400]: Processing Tick: 1973.11.26.6
[14:30:32][jominiapplication.cpp:400]: Processing Tick: 1973.11.26.12
[14:30:33][jominiapplication.cpp:400]: Processing Tick: 1973.11.26.18
[14:30:33][jominiapplication.cpp:400]: Processing Tick: 1973.11.27
[14:30:39][jominiapplication.cpp:400]: Processing Tick: 1973.11.27.6
[14:30:40][jominiapplication.cpp:400]: Processing Tick: 1973.11.27.12
[14:30:41][jominiapplication.cpp:400]: Processing Tick: 1973.11.27.18
[14:30:42][jominiapplication.cpp:400]: Processing Tick: 1973.11.28
[14:30:44][jominiapplication.cpp:400]: Processing Tick: 1973.11.28.6
[14:30:45][jominiapplication.cpp:400]: Processing Tick: 1973.11.28.12
[14:30:46][jominiapplication.cpp:400]: Processing Tick: 1973.11.28.18
[14:30:46][jominiapplication.cpp:400]: Processing Tick: 1973.11.29
[14:30:48][jominiapplication.cpp:400]: Processing Tick: 1973.11.29.6
[14:30:49][jominiapplication.cpp:400]: Processing Tick: 1973.11.29.12
[14:30:50][jominiapplication.cpp:400]: Processing Tick: 1973.11.29.18
[14:30:50][jominiapplication.cpp:400]: Processing Tick: 1973.11.30
[14:30:52][jominiapplication.cpp:400]: Processing Tick: 1973.11.30.6
[14:30:53][jominiapplication.cpp:400]: Processing Tick: 1973.11.30.12
[14:30:53][jominiapplication.cpp:400]: Processing Tick: 1973.11.30.18
[14:30:54][jominiapplication.cpp:400]: Processing Tick: 1973.12.1
[14:30:59][jominiapplication.cpp:400]: Processing Tick: 1973.12.1.6
[14:30:59][jominiapplication.cpp:400]: Processing Tick: 1973.12.1.12
[14:31:00][jominiapplication.cpp:400]: Processing Tick: 1973.12.1.18
[14:31:01][jominiapplication.cpp:400]: Processing Tick: 1973.12.2
[14:31:02][jominiapplication.cpp:400]: Processing Tick: 1973.12.2.6
[14:31:03][jominiapplication.cpp:400]: Processing Tick: 1973.12.2.12
[14:31:04][jominiapplication.cpp:400]: Processing Tick: 1973.12.2.18
[14:31:04][jominiapplication.cpp:400]: Processing Tick: 1973.12.3
[14:31:06][jominiapplication.cpp:400]: Processing Tick: 1973.12.3.6
[14:31:06][jominiapplication.cpp:400]: Processing Tick: 1973.12.3.12
[14:31:07][jominiapplication.cpp:400]: Processing Tick: 1973.12.3.18
[14:31:08][jominiapplication.cpp:400]: Processing Tick: 1973.12.4
[14:31:12][jominiapplication.cpp:400]: Processing Tick: 1973.12.4.6
[14:31:13][jominiapplication.cpp:400]: Processing Tick: 1973.12.4.12
[14:31:14][jominiapplication.cpp:400]: Processing Tick: 1973.12.4.18
[14:31:15][jominiapplication.cpp:400]: Processing Tick: 1973.12.5
[14:31:16][jominiapplication.cpp:400]: Processing Tick: 1973.12.5.6
[14:31:17][jominiapplication.cpp:400]: Processing Tick: 1973.12.5.12
[14:31:18][jominiapplication.cpp:400]: Processing Tick: 1973.12.5.18
[14:31:18][jominiapplication.cpp:400]: Processing Tick: 1973.12.6
[14:31:20][jominiapplication.cpp:400]: Processing Tick: 1973.12.6.6
[14:31:20][jominiapplication.cpp:400]: Processing Tick: 1973.12.6.12
[14:31:21][jominiapplication.cpp:400]: Processing Tick: 1973.12.6.18
[14:31:22][jominiapplication.cpp:400]: Processing Tick: 1973.12.7
[14:31:24][jominiapplication.cpp:400]: Processing Tick: 1973.12.7.6
[14:31:24][jominiapplication.cpp:400]: Processing Tick: 1973.12.7.12
[14:31:25][jominiapplication.cpp:400]: Processing Tick: 1973.12.7.18
[14:31:26][jominiapplication.cpp:400]: Processing Tick: 1973.12.8
[14:31:27][jominiapplication.cpp:400]: Processing Tick: 1973.12.8.6
[14:31:28][jominiapplication.cpp:400]: Processing Tick: 1973.12.8.12
[14:31:28][jominiapplication.cpp:400]: Processing Tick: 1973.12.8.18
[14:31:29][jominiapplication.cpp:400]: Processing Tick: 1973.12.9
[14:31:30][jominiapplication.cpp:400]: Processing Tick: 1973.12.9.6
[14:31:31][jominiapplication.cpp:400]: Processing Tick: 1973.12.9.12
[14:31:32][jominiapplication.cpp:400]: Processing Tick: 1973.12.9.18
[14:31:32][jominiapplication.cpp:400]: Processing Tick: 1973.12.10
[14:31:34][jominiapplication.cpp:400]: Processing Tick: 1973.12.10.6
[14:31:34][jominiapplication.cpp:400]: Processing Tick: 1973.12.10.12
[14:31:35][jominiapplication.cpp:400]: Processing Tick: 1973.12.10.18
[14:31:35][jominiapplication.cpp:400]: Processing Tick: 1973.12.11
[14:31:40][jominiapplication.cpp:400]: Processing Tick: 1973.12.11.6
[14:31:41][jominiapplication.cpp:400]: Processing Tick: 1973.12.11.12
[14:31:42][jominiapplication.cpp:400]: Processing Tick: 1973.12.11.18
[14:31:43][jominiapplication.cpp:400]: Processing Tick: 1973.12.12
[14:31:44][jominiapplication.cpp:400]: Processing Tick: 1973.12.12.6
[14:31:45][jominiapplication.cpp:400]: Processing Tick: 1973.12.12.12
[14:31:45][jominiapplication.cpp:400]: Processing Tick: 1973.12.12.18
[14:31:46][jominiapplication.cpp:400]: Processing Tick: 1973.12.13
[14:31:47][jominiapplication.cpp:400]: Processing Tick: 1973.12.13.6
[14:31:48][jominiapplication.cpp:400]: Processing Tick: 1973.12.13.12
[14:31:49][jominiapplication.cpp:400]: Processing Tick: 1973.12.13.18
[14:31:49][jominiapplication.cpp:400]: Processing Tick: 1973.12.14
[14:31:51][jominiapplication.cpp:400]: Processing Tick: 1973.12.14.6
[14:31:52][jominiapplication.cpp:400]: Processing Tick: 1973.12.14.12
[14:31:52][jominiapplication.cpp:400]: Processing Tick: 1973.12.14.18
[14:31:53][jominiapplication.cpp:400]: Processing Tick: 1973.12.15
[14:31:55][jominiapplication.cpp:400]: Processing Tick: 1973.12.15.6
[14:31:56][jominiapplication.cpp:400]: Processing Tick: 1973.12.15.12
[14:31:56][jominiapplication.cpp:400]: Processing Tick: 1973.12.15.18
[14:31:57][jominiapplication.cpp:400]: Processing Tick: 1973.12.16
[14:31:59][jominiapplication.cpp:400]: Processing Tick: 1973.12.16.6
[14:32:00][jominiapplication.cpp:400]: Processing Tick: 1973.12.16.12
[14:32:01][jominiapplication.cpp:400]: Processing Tick: 1973.12.16.18
[14:32:02][jominiapplication.cpp:400]: Processing Tick: 1973.12.17
[14:32:03][jominiapplication.cpp:400]: Processing Tick: 1973.12.17.6
[14:32:04][jominiapplication.cpp:400]: Processing Tick: 1973.12.17.12
[14:32:05][jominiapplication.cpp:400]: Processing Tick: 1973.12.17.18
[14:32:06][jominiapplication.cpp:400]: Processing Tick: 1973.12.18
[14:32:12][jominiapplication.cpp:400]: Processing Tick: 1973.12.18.6
[14:32:13][jominiapplication.cpp:400]: Processing Tick: 1973.12.18.12
[14:32:13][jominiapplication.cpp:400]: Processing Tick: 1973.12.18.18
[14:32:14][jominiapplication.cpp:400]: Processing Tick: 1973.12.19
[14:32:16][jominiapplication.cpp:400]: Processing Tick: 1973.12.19.6
[14:32:17][jominiapplication.cpp:400]: Processing Tick: 1973.12.19.12
[14:32:18][jominiapplication.cpp:400]: Processing Tick: 1973.12.19.18
[14:32:18][jominiapplication.cpp:400]: Processing Tick: 1973.12.20
[14:32:20][jominiapplication.cpp:400]: Processing Tick: 1973.12.20.6
[14:32:21][jominiapplication.cpp:400]: Processing Tick: 1973.12.20.12
[14:32:22][jominiapplication.cpp:400]: Processing Tick: 1973.12.20.18
[14:32:22][jominiapplication.cpp:400]: Processing Tick: 1973.12.21
[14:32:24][jominiapplication.cpp:400]: Processing Tick: 1973.12.21.6
[14:32:25][jominiapplication.cpp:400]: Processing Tick: 1973.12.21.12
[14:32:26][jominiapplication.cpp:400]: Processing Tick: 1973.12.21.18
[14:32:27][jominiapplication.cpp:400]: Processing Tick: 1973.12.22
[14:32:29][jominiapplication.cpp:400]: Processing Tick: 1973.12.22.6
[14:32:29][jominiapplication.cpp:400]: Processing Tick: 1973.12.22.12
[14:32:30][jominiapplication.cpp:400]: Processing Tick: 1973.12.22.18
[14:32:31][jominiapplication.cpp:400]: Processing Tick: 1973.12.23
[14:32:33][jominiapplication.cpp:400]: Processing Tick: 1973.12.23.6
[14:32:34][jominiapplication.cpp:400]: Processing Tick: 1973.12.23.12
[14:32:35][jominiapplication.cpp:400]: Processing Tick: 1973.12.23.18
[14:32:36][jominiapplication.cpp:400]: Processing Tick: 1973.12.24
[14:32:37][jominiapplication.cpp:400]: Processing Tick: 1973.12.24.6
[14:32:38][jominiapplication.cpp:400]: Processing Tick: 1973.12.24.12
[14:32:39][jominiapplication.cpp:400]: Processing Tick: 1973.12.24.18
[14:32:40][jominiapplication.cpp:400]: Processing Tick: 1973.12.25
[14:32:45][jominiapplication.cpp:400]: Processing Tick: 1973.12.25.6
[14:32:46][jominiapplication.cpp:400]: Processing Tick: 1973.12.25.12
[14:32:47][jominiapplication.cpp:400]: Processing Tick: 1973.12.25.18
[14:32:48][jominiapplication.cpp:400]: Processing Tick: 1973.12.26
[14:32:50][jominiapplication.cpp:400]: Processing Tick: 1973.12.26.6
[14:32:51][jominiapplication.cpp:400]: Processing Tick: 1973.12.26.12
[14:32:51][jominiapplication.cpp:400]: Processing Tick: 1973.12.26.18
[14:32:52][jominiapplication.cpp:400]: Processing Tick: 1973.12.27
[14:32:54][jominiapplication.cpp:400]: Processing Tick: 1973.12.27.6
[14:32:54][jominiapplication.cpp:400]: Processing Tick: 1973.12.27.12
[14:32:55][jominiapplication.cpp:400]: Processing Tick: 1973.12.27.18
[14:32:56][jominiapplication.cpp:400]: Processing Tick: 1973.12.28
[14:32:58][jominiapplication.cpp:400]: Processing Tick: 1973.12.28.6
[14:32:58][jominiapplication.cpp:400]: Processing Tick: 1973.12.28.12
[14:32:59][jominiapplication.cpp:400]: Processing Tick: 1973.12.28.18
[14:33:00][jominiapplication.cpp:400]: Processing Tick: 1973.12.29
[14:33:02][jominiapplication.cpp:400]: Processing Tick: 1973.12.29.6
[14:33:03][jominiapplication.cpp:400]: Processing Tick: 1973.12.29.12
[14:33:04][jominiapplication.cpp:400]: Processing Tick: 1973.12.29.18
[14:33:04][jominiapplication.cpp:400]: Processing Tick: 1973.12.30
[14:33:06][jominiapplication.cpp:400]: Processing Tick: 1973.12.30.6
[14:33:07][jominiapplication.cpp:400]: Processing Tick: 1973.12.30.12
[14:33:08][jominiapplication.cpp:400]: Processing Tick: 1973.12.30.18
[14:33:09][jominiapplication.cpp:400]: Processing Tick: 1973.12.31
[14:33:10][jominiapplication.cpp:400]: Processing Tick: 1973.12.31.6
[14:33:11][jominiapplication.cpp:400]: Processing Tick: 1973.12.31.12
[14:33:12][jominiapplication.cpp:400]: Processing Tick: 1973.12.31.18
[14:33:13][jominiapplication.cpp:400]: Processing Tick: 1974.1.1
[14:33:22][jominiapplication.cpp:400]: Processing Tick: 1974.1.1.6
[14:33:23][jominiapplication.cpp:400]: Processing Tick: 1974.1.1.12
[14:33:24][jominiapplication.cpp:400]: Processing Tick: 1974.1.1.18
[14:33:25][jominiapplication.cpp:400]: Processing Tick: 1974.1.2
[14:33:27][jominiapplication.cpp:400]: Processing Tick: 1974.1.2.6
[14:33:28][jominiapplication.cpp:400]: Processing Tick: 1974.1.2.12
[14:33:28][jominiapplication.cpp:400]: Processing Tick: 1974.1.2.18
[14:33:29][jominiapplication.cpp:400]: Processing Tick: 1974.1.3
[14:33:31][jominiapplication.cpp:400]: Processing Tick: 1974.1.3.6
[14:33:32][jominiapplication.cpp:400]: Processing Tick: 1974.1.3.12
[14:33:33][jominiapplication.cpp:400]: Processing Tick: 1974.1.3.18
[14:33:33][jominiapplication.cpp:400]: Processing Tick: 1974.1.4
[14:33:35][jominiapplication.cpp:400]: Processing Tick: 1974.1.4.6
[14:33:36][jominiapplication.cpp:400]: Processing Tick: 1974.1.4.12
[14:33:37][jominiapplication.cpp:400]: Processing Tick: 1974.1.4.18
[14:33:37][jominiapplication.cpp:400]: Processing Tick: 1974.1.5
[14:33:39][jominiapplication.cpp:400]: Processing Tick: 1974.1.5.6
[14:33:40][jominiapplication.cpp:400]: Processing Tick: 1974.1.5.12
[14:33:41][jominiapplication.cpp:400]: Processing Tick: 1974.1.5.18
[14:33:42][jominiapplication.cpp:400]: Processing Tick: 1974.1.6
[14:33:44][jominiapplication.cpp:400]: Processing Tick: 1974.1.6.6
[14:33:45][jominiapplication.cpp:400]: Processing Tick: 1974.1.6.12
[14:33:45][jominiapplication.cpp:400]: Processing Tick: 1974.1.6.18
[14:33:46][jominiapplication.cpp:400]: Processing Tick: 1974.1.7
[14:33:48][jominiapplication.cpp:400]: Processing Tick: 1974.1.7.6
[14:33:49][jominiapplication.cpp:400]: Processing Tick: 1974.1.7.12
[14:33:50][jominiapplication.cpp:400]: Processing Tick: 1974.1.7.18
[14:33:50][jominiapplication.cpp:400]: Processing Tick: 1974.1.8
[14:33:56][jominiapplication.cpp:400]: Processing Tick: 1974.1.8.6
[14:33:57][jominiapplication.cpp:400]: Processing Tick: 1974.1.8.12
[14:33:58][jominiapplication.cpp:400]: Processing Tick: 1974.1.8.18
[14:33:59][jominiapplication.cpp:400]: Processing Tick: 1974.1.9
[14:34:01][jominiapplication.cpp:400]: Processing Tick: 1974.1.9.6
[14:34:02][jominiapplication.cpp:400]: Processing Tick: 1974.1.9.12
[14:34:03][jominiapplication.cpp:400]: Processing Tick: 1974.1.9.18
[14:34:04][jominiapplication.cpp:400]: Processing Tick: 1974.1.10
[14:34:06][jominiapplication.cpp:400]: Processing Tick: 1974.1.10.6
[14:34:07][jominiapplication.cpp:400]: Processing Tick: 1974.1.10.12
[14:34:08][jominiapplication.cpp:400]: Processing Tick: 1974.1.10.18
[14:34:08][jominiapplication.cpp:400]: Processing Tick: 1974.1.11
[14:34:10][jominiapplication.cpp:400]: Processing Tick: 1974.1.11.6
[14:34:11][jominiapplication.cpp:400]: Processing Tick: 1974.1.11.12
[14:34:12][jominiapplication.cpp:400]: Processing Tick: 1974.1.11.18
[14:34:13][jominiapplication.cpp:400]: Processing Tick: 1974.1.12
[14:34:15][jominiapplication.cpp:400]: Processing Tick: 1974.1.12.6
[14:34:16][jominiapplication.cpp:400]: Processing Tick: 1974.1.12.12
[14:34:17][jominiapplication.cpp:400]: Processing Tick: 1974.1.12.18
[14:34:18][jominiapplication.cpp:400]: Processing Tick: 1974.1.13
[14:34:19][jominiapplication.cpp:400]: Processing Tick: 1974.1.13.6
[14:34:21][jominiapplication.cpp:400]: Processing Tick: 1974.1.13.12
[14:34:22][jominiapplication.cpp:400]: Processing Tick: 1974.1.13.18
[14:34:23][jominiapplication.cpp:400]: Processing Tick: 1974.1.14
[14:34:25][jominiapplication.cpp:400]: Processing Tick: 1974.1.14.6
[14:34:26][jominiapplication.cpp:400]: Processing Tick: 1974.1.14.12
[14:34:26][jominiapplication.cpp:400]: Processing Tick: 1974.1.14.18
[14:34:27][jominiapplication.cpp:400]: Processing Tick: 1974.1.15
[14:34:32][jominiapplication.cpp:400]: Processing Tick: 1974.1.15.6
[14:34:34][jominiapplication.cpp:400]: Processing Tick: 1974.1.15.12
[14:34:35][jominiapplication.cpp:400]: Processing Tick: 1974.1.15.18
[14:34:36][jominiapplication.cpp:400]: Processing Tick: 1974.1.16
[14:34:37][jominiapplication.cpp:400]: Processing Tick: 1974.1.16.6
[14:34:38][jominiapplication.cpp:400]: Processing Tick: 1974.1.16.12
[14:34:39][jominiapplication.cpp:400]: Processing Tick: 1974.1.16.18
[14:34:40][jominiapplication.cpp:400]: Processing Tick: 1974.1.17
[14:34:41][jominiapplication.cpp:400]: Processing Tick: 1974.1.17.6
[14:34:42][jominiapplication.cpp:400]: Processing Tick: 1974.1.17.12
[14:34:42][jominiapplication.cpp:400]: Processing Tick: 1974.1.17.18
[14:34:43][jominiapplication.cpp:400]: Processing Tick: 1974.1.18
[14:34:45][jominiapplication.cpp:400]: Processing Tick: 1974.1.18.6
[14:34:45][jominiapplication.cpp:400]: Processing Tick: 1974.1.18.12
[14:34:46][jominiapplication.cpp:400]: Processing Tick: 1974.1.18.18
[14:34:47][jominiapplication.cpp:400]: Processing Tick: 1974.1.19
[14:34:48][jominiapplication.cpp:400]: Processing Tick: 1974.1.19.6
[14:34:49][jominiapplication.cpp:400]: Processing Tick: 1974.1.19.12
[14:34:49][jominiapplication.cpp:400]: Processing Tick: 1974.1.19.18
[14:34:50][jominiapplication.cpp:400]: Processing Tick: 1974.1.20
[14:34:52][jominiapplication.cpp:400]: Processing Tick: 1974.1.20.6
[14:34:53][jominiapplication.cpp:400]: Processing Tick: 1974.1.20.12
[14:34:54][jominiapplication.cpp:400]: Processing Tick: 1974.1.20.18
[14:34:55][jominiapplication.cpp:400]: Processing Tick: 1974.1.21
[14:34:57][jominiapplication.cpp:400]: Processing Tick: 1974.1.21.6
[14:34:58][jominiapplication.cpp:400]: Processing Tick: 1974.1.21.12
[14:34:59][jominiapplication.cpp:400]: Processing Tick: 1974.1.21.18
[14:35:00][jominiapplication.cpp:400]: Processing Tick: 1974.1.22
[14:35:06][jominiapplication.cpp:400]: Processing Tick: 1974.1.22.6
[14:35:07][jominiapplication.cpp:400]: Processing Tick: 1974.1.22.12
[14:35:08][jominiapplication.cpp:400]: Processing Tick: 1974.1.22.18
[14:35:09][jominiapplication.cpp:400]: Processing Tick: 1974.1.23
[14:35:11][jominiapplication.cpp:400]: Processing Tick: 1974.1.23.6
[14:35:12][jominiapplication.cpp:400]: Processing Tick: 1974.1.23.12
[14:35:14][jominiapplication.cpp:400]: Processing Tick: 1974.1.23.18
[14:35:14][jominiapplication.cpp:400]: Processing Tick: 1974.1.24
[14:35:16][jominiapplication.cpp:400]: Processing Tick: 1974.1.24.6
[14:35:17][jominiapplication.cpp:400]: Processing Tick: 1974.1.24.12
[14:35:18][jominiapplication.cpp:400]: Processing Tick: 1974.1.24.18
[14:35:18][jominiapplication.cpp:400]: Processing Tick: 1974.1.25
[14:35:20][jominiapplication.cpp:400]: Processing Tick: 1974.1.25.6
[14:35:21][jominiapplication.cpp:400]: Processing Tick: 1974.1.25.12
[14:35:21][jominiapplication.cpp:400]: Processing Tick: 1974.1.25.18
[14:35:22][jominiapplication.cpp:400]: Processing Tick: 1974.1.26
[14:35:24][jominiapplication.cpp:400]: Processing Tick: 1974.1.26.6
[14:35:25][jominiapplication.cpp:400]: Processing Tick: 1974.1.26.12
[14:35:26][jominiapplication.cpp:400]: Processing Tick: 1974.1.26.18
[14:35:27][jominiapplication.cpp:400]: Processing Tick: 1974.1.27
[14:35:28][jominiapplication.cpp:400]: Processing Tick: 1974.1.27.6
[14:35:29][jominiapplication.cpp:400]: Processing Tick: 1974.1.27.12
[14:35:30][jominiapplication.cpp:400]: Processing Tick: 1974.1.27.18
[14:35:31][jominiapplication.cpp:400]: Processing Tick: 1974.1.28
[14:35:33][jominiapplication.cpp:400]: Processing Tick: 1974.1.28.6
[14:35:34][jominiapplication.cpp:400]: Processing Tick: 1974.1.28.12
[14:35:35][jominiapplication.cpp:400]: Processing Tick: 1974.1.28.18
[14:35:36][jominiapplication.cpp:400]: Processing Tick: 1974.1.29
[14:35:41][jominiapplication.cpp:400]: Processing Tick: 1974.1.29.6
[14:35:43][jominiapplication.cpp:400]: Processing Tick: 1974.1.29.12
[14:35:44][jominiapplication.cpp:400]: Processing Tick: 1974.1.29.18
[14:35:45][jominiapplication.cpp:400]: Processing Tick: 1974.1.30
[14:35:47][jominiapplication.cpp:400]: Processing Tick: 1974.1.30.6
[14:35:48][jominiapplication.cpp:400]: Processing Tick: 1974.1.30.12
[14:35:49][jominiapplication.cpp:400]: Processing Tick: 1974.1.30.18
[14:35:50][jominiapplication.cpp:400]: Processing Tick: 1974.1.31
[14:35:52][jominiapplication.cpp:400]: Processing Tick: 1974.1.31.6
[14:35:53][jominiapplication.cpp:400]: Processing Tick: 1974.1.31.12
[14:35:54][jominiapplication.cpp:400]: Processing Tick: 1974.1.31.18
[14:35:55][jominiapplication.cpp:400]: Processing Tick: 1974.2.1
[14:35:59][jominiapplication.cpp:400]: Processing Tick: 1974.2.1.6
[14:36:00][jominiapplication.cpp:400]: Processing Tick: 1974.2.1.12
[14:36:01][jominiapplication.cpp:400]: Processing Tick: 1974.2.1.18
[14:36:02][jominiapplication.cpp:400]: Processing Tick: 1974.2.2
[14:36:04][jominiapplication.cpp:400]: Processing Tick: 1974.2.2.6
[14:36:05][jominiapplication.cpp:400]: Processing Tick: 1974.2.2.12
[14:36:06][jominiapplication.cpp:400]: Processing Tick: 1974.2.2.18
[14:36:07][jominiapplication.cpp:400]: Processing Tick: 1974.2.3
[14:36:09][jominiapplication.cpp:400]: Processing Tick: 1974.2.3.6
[14:36:10][jominiapplication.cpp:400]: Processing Tick: 1974.2.3.12
[14:36:11][jominiapplication.cpp:400]: Processing Tick: 1974.2.3.18
[14:36:12][jominiapplication.cpp:400]: Processing Tick: 1974.2.4
[14:36:14][jominiapplication.cpp:400]: Processing Tick: 1974.2.4.6
[14:36:15][jominiapplication.cpp:400]: Processing Tick: 1974.2.4.12
[14:36:16][jominiapplication.cpp:400]: Processing Tick: 1974.2.4.18
[14:36:17][jominiapplication.cpp:400]: Processing Tick: 1974.2.5
[14:36:23][jominiapplication.cpp:400]: Processing Tick: 1974.2.5.6
[14:36:24][jominiapplication.cpp:400]: Processing Tick: 1974.2.5.12
[14:36:25][jominiapplication.cpp:400]: Processing Tick: 1974.2.5.18
[14:36:26][jominiapplication.cpp:400]: Pause Toggled! Paused: true, PlayerID: 1
[14:37:00][jominiapplication.cpp:400]: Pause Toggled! Paused: false, PlayerID: 0
[14:37:01][jominiapplication.cpp:400]: Processing Tick: 1974.2.6
[14:37:02][jominiapplication.cpp:400]: Processing Tick: 1974.2.6.6
[14:37:03][jominiapplication.cpp:400]: Processing Tick: 1974.2.6.12
[14:37:04][jominiapplication.cpp:400]: Processing Tick: 1974.2.6.18
[14:37:05][jominiapplication.cpp:400]: Processing Tick: 1974.2.7
[14:37:09][jominiapplication.cpp:400]: Processing Tick: 1974.2.7.6
[14:37:12][jominiapplication.cpp:400]: Processing Tick: 1974.2.7.12
[14:37:13][jominiapplication.cpp:400]: Processing Tick: 1974.2.7.18
[14:37:14][jominiapplication.cpp:400]: Processing Tick: 1974.2.8
[14:37:16][jominiapplication.cpp:400]: Processing Tick: 1974.2.8.6
[14:37:17][jominiapplication.cpp:400]: Processing Tick: 1974.2.8.12
[14:37:18][jominiapplication.cpp:400]: Processing Tick: 1974.2.8.18
[14:37:20][jominiapplication.cpp:400]: Processing Tick: 1974.2.9
[14:37:22][jominiapplication.cpp:400]: Processing Tick: 1974.2.9.6
[14:37:23][jominiapplication.cpp:400]: Processing Tick: 1974.2.9.12
[14:37:24][jominiapplication.cpp:400]: Processing Tick: 1974.2.9.18
[14:37:26][jominiapplication.cpp:400]: Processing Tick: 1974.2.10
[14:37:28][jominiapplication.cpp:400]: Processing Tick: 1974.2.10.6
[14:37:29][jominiapplication.cpp:400]: Processing Tick: 1974.2.10.12
[14:37:31][jominiapplication.cpp:400]: Processing Tick: 1974.2.10.18
[14:37:32][jominiapplication.cpp:400]: Processing Tick: 1974.2.11
[14:37:34][jominiapplication.cpp:400]: Processing Tick: 1974.2.11.6
[14:37:35][jominiapplication.cpp:400]: Processing Tick: 1974.2.11.12
[14:37:36][jominiapplication.cpp:400]: Processing Tick: 1974.2.11.18
[14:37:37][jominiapplication.cpp:400]: Processing Tick: 1974.2.12
[14:37:44][jominiapplication.cpp:400]: Processing Tick: 1974.2.12.6
[14:37:46][jominiapplication.cpp:400]: Processing Tick: 1974.2.12.12
[14:37:47][jominiapplication.cpp:400]: Processing Tick: 1974.2.12.18
[14:37:48][jominiapplication.cpp:400]: Processing Tick: 1974.2.13
[14:37:51][jominiapplication.cpp:400]: Processing Tick: 1974.2.13.6
[14:37:52][jominiapplication.cpp:400]: Processing Tick: 1974.2.13.12
[14:37:53][jominiapplication.cpp:400]: Processing Tick: 1974.2.13.18
[14:37:54][jominiapplication.cpp:400]: Processing Tick: 1974.2.14
[14:37:57][jominiapplication.cpp:400]: Processing Tick: 1974.2.14.6
[14:37:58][jominiapplication.cpp:400]: Processing Tick: 1974.2.14.12
[14:38:00][jominiapplication.cpp:400]: Processing Tick: 1974.2.14.18
[14:38:02][jominiapplication.cpp:400]: Processing Tick: 1974.2.15
[14:38:05][jominiapplication.cpp:400]: Processing Tick: 1974.2.15.6
[14:38:07][jominiapplication.cpp:400]: Processing Tick: 1974.2.15.12
[14:38:08][jominiapplication.cpp:400]: Pause Toggled! Paused: true, PlayerID: 1
[14:39:25][jominiapplication.cpp:400]: Pause Toggled! Paused: false, PlayerID: 0
[14:39:25][jominiapplication.cpp:400]: Processing Tick: 1974.2.15.18
[14:39:26][jominiapplication.cpp:400]: Processing Tick: 1974.2.16
[14:39:28][jominiapplication.cpp:400]: Processing Tick: 1974.2.16.6
[14:39:29][jominiapplication.cpp:400]: Processing Tick: 1974.2.16.12
[14:39:30][jominiapplication.cpp:400]: Processing Tick: 1974.2.16.18
[14:39:31][jominiapplication.cpp:400]: Processing Tick: 1974.2.17
[14:39:33][jominiapplication.cpp:400]: Processing Tick: 1974.2.17.6
[14:39:34][jominiapplication.cpp:400]: Processing Tick: 1974.2.17.12
[14:39:35][jominiapplication.cpp:400]: Processing Tick: 1974.2.17.18
[14:39:37][jominiapplication.cpp:400]: Processing Tick: 1974.2.18
[14:39:39][jominiapplication.cpp:400]: Processing Tick: 1974.2.18.6
[14:39:40][jominiapplication.cpp:400]: Processing Tick: 1974.2.18.12
[14:39:41][jominiapplication.cpp:400]: Processing Tick: 1974.2.18.18
[14:39:42][jominiapplication.cpp:400]: Processing Tick: 1974.2.19
[14:39:48][jominiapplication.cpp:400]: Processing Tick: 1974.2.19.6
[14:39:50][jominiapplication.cpp:400]: Processing Tick: 1974.2.19.12
[14:39:51][jominiapplication.cpp:400]: Processing Tick: 1974.2.19.18
[14:39:52][jominiapplication.cpp:400]: Processing Tick: 1974.2.20
[14:39:54][jominiapplication.cpp:400]: Processing Tick: 1974.2.20.6
[14:39:55][jominiapplication.cpp:400]: Processing Tick: 1974.2.20.12
[14:39:57][jominiapplication.cpp:400]: Processing Tick: 1974.2.20.18
[14:39:58][jominiapplication.cpp:400]: Processing Tick: 1974.2.21
[14:39:59][jominiapplication.cpp:400]: Processing Tick: 1974.2.21.6
[14:40:00][jominiapplication.cpp:400]: Processing Tick: 1974.2.21.12
[14:40:01][jominiapplication.cpp:400]: Processing Tick: 1974.2.21.18
[14:40:03][jominiapplication.cpp:400]: Processing Tick: 1974.2.22
[14:40:05][jominiapplication.cpp:400]: Processing Tick: 1974.2.22.6
[14:40:06][jominiapplication.cpp:400]: Processing Tick: 1974.2.22.12
[14:40:07][jominiapplication.cpp:400]: Processing Tick: 1974.2.22.18
[14:40:08][jominiapplication.cpp:400]: Processing Tick: 1974.2.23
[14:40:10][jominiapplication.cpp:400]: Processing Tick: 1974.2.23.6
[14:40:11][jominiapplication.cpp:400]: Processing Tick: 1974.2.23.12
[14:40:12][jominiapplication.cpp:400]: Processing Tick: 1974.2.23.18
[14:40:14][jominiapplication.cpp:400]: Processing Tick: 1974.2.24
[14:40:16][jominiapplication.cpp:400]: Processing Tick: 1974.2.24.6
[14:40:17][jominiapplication.cpp:400]: Processing Tick: 1974.2.24.12
[14:40:18][jominiapplication.cpp:400]: Processing Tick: 1974.2.24.18
[14:40:19][jominiapplication.cpp:400]: Processing Tick: 1974.2.25
[14:40:21][jominiapplication.cpp:400]: Processing Tick: 1974.2.25.6
[14:40:23][jominiapplication.cpp:400]: Processing Tick: 1974.2.25.12
[14:40:24][jominiapplication.cpp:400]: Processing Tick: 1974.2.25.18
[14:40:25][jominiapplication.cpp:400]: Processing Tick: 1974.2.26
[14:40:31][jominiapplication.cpp:400]: Processing Tick: 1974.2.26.6
[14:40:32][jominiapplication.cpp:400]: Processing Tick: 1974.2.26.12
[14:40:33][jominiapplication.cpp:400]: Processing Tick: 1974.2.26.18
[14:40:35][jominiapplication.cpp:400]: Processing Tick: 1974.2.27
[14:40:37][jominiapplication.cpp:400]: Processing Tick: 1974.2.27.6
[14:40:38][jominiapplication.cpp:400]: Processing Tick: 1974.2.27.12
[14:40:39][jominiapplication.cpp:400]: Processing Tick: 1974.2.27.18
[14:40:40][jominiapplication.cpp:400]: Processing Tick: 1974.2.28
[14:40:42][jominiapplication.cpp:400]: Processing Tick: 1974.2.28.6
[14:40:43][jominiapplication.cpp:400]: Processing Tick: 1974.2.28.12
[14:40:44][jominiapplication.cpp:400]: Processing Tick: 1974.2.28.18
[14:40:45][jominiapplication.cpp:400]: Processing Tick: 1974.3.1
[14:40:50][jominiapplication.cpp:400]: Processing Tick: 1974.3.1.6
[14:40:51][jominiapplication.cpp:400]: Processing Tick: 1974.3.1.12
[14:40:52][jominiapplication.cpp:400]: Processing Tick: 1974.3.1.18
[14:40:53][jominiapplication.cpp:400]: Processing Tick: 1974.3.2
[14:40:55][jominiapplication.cpp:400]: Processing Tick: 1974.3.2.6
[14:40:56][jominiapplication.cpp:400]: Processing Tick: 1974.3.2.12
[14:40:57][jominiapplication.cpp:400]: Processing Tick: 1974.3.2.18
[14:40:58][jominiapplication.cpp:400]: Processing Tick: 1974.3.3
[14:41:00][jominiapplication.cpp:400]: Processing Tick: 1974.3.3.6
[14:41:01][jominiapplication.cpp:400]: Processing Tick: 1974.3.3.12
[14:41:03][jominiapplication.cpp:400]: Processing Tick: 1974.3.3.18
[14:41:03][jominiapplication.cpp:400]: Processing Tick: 1974.3.4
[14:41:05][jominiapplication.cpp:400]: Processing Tick: 1974.3.4.6
[14:41:06][jominiapplication.cpp:400]: Processing Tick: 1974.3.4.12
[14:41:07][jominiapplication.cpp:400]: Processing Tick: 1974.3.4.18
[14:41:08][jominiapplication.cpp:400]: Processing Tick: 1974.3.5
[14:41:14][jominiapplication.cpp:400]: Processing Tick: 1974.3.5.6
[14:41:15][jominiapplication.cpp:400]: Processing Tick: 1974.3.5.12
[14:41:16][jominiapplication.cpp:400]: Processing Tick: 1974.3.5.18
[14:41:17][jominiapplication.cpp:400]: Processing Tick: 1974.3.6
[14:41:19][jominiapplication.cpp:400]: Processing Tick: 1974.3.6.6
[14:41:20][jominiapplication.cpp:400]: Processing Tick: 1974.3.6.12
[14:41:21][jominiapplication.cpp:400]: Processing Tick: 1974.3.6.18
[14:41:22][jominiapplication.cpp:400]: Processing Tick: 1974.3.7
[14:41:24][jominiapplication.cpp:400]: Processing Tick: 1974.3.7.6
[14:41:25][jominiapplication.cpp:400]: Processing Tick: 1974.3.7.12
[14:41:26][jominiapplication.cpp:400]: Processing Tick: 1974.3.7.18
[14:41:27][jominiapplication.cpp:400]: Processing Tick: 1974.3.8
[14:41:28][jominiapplication.cpp:400]: Processing Tick: 1974.3.8.6
[14:41:29][jominiapplication.cpp:400]: Processing Tick: 1974.3.8.12
[14:41:30][jominiapplication.cpp:400]: Processing Tick: 1974.3.8.18
[14:41:31][jominiapplication.cpp:400]: Processing Tick: 1974.3.9
[14:41:33][jominiapplication.cpp:400]: Processing Tick: 1974.3.9.6
[14:41:35][jominiapplication.cpp:400]: Processing Tick: 1974.3.9.12
[14:41:36][jominiapplication.cpp:400]: Processing Tick: 1974.3.9.18
[14:41:37][jominiapplication.cpp:400]: Processing Tick: 1974.3.10
[14:41:39][jominiapplication.cpp:400]: Processing Tick: 1974.3.10.6
[14:41:40][jominiapplication.cpp:400]: Processing Tick: 1974.3.10.12
[14:41:41][jominiapplication.cpp:400]: Processing Tick: 1974.3.10.18
[14:41:43][jominiapplication.cpp:400]: Processing Tick: 1974.3.11
[14:41:44][jominiapplication.cpp:400]: Processing Tick: 1974.3.11.6
[14:41:45][jominiapplication.cpp:400]: Processing Tick: 1974.3.11.12
[14:41:46][jominiapplication.cpp:400]: Processing Tick: 1974.3.11.18
[14:41:47][jominiapplication.cpp:400]: Processing Tick: 1974.3.12
[14:41:53][jominiapplication.cpp:400]: Processing Tick: 1974.3.12.6
[14:41:54][jominiapplication.cpp:400]: Processing Tick: 1974.3.12.12
[14:41:55][jominiapplication.cpp:400]: Processing Tick: 1974.3.12.18
[14:41:56][jominiapplication.cpp:400]: Processing Tick: 1974.3.13
[14:41:58][jominiapplication.cpp:400]: Processing Tick: 1974.3.13.6
[14:41:59][jominiapplication.cpp:400]: Processing Tick: 1974.3.13.12
[14:42:00][jominiapplication.cpp:400]: Processing Tick: 1974.3.13.18
[14:42:01][jominiapplication.cpp:400]: Processing Tick: 1974.3.14
[14:42:03][jominiapplication.cpp:400]: Processing Tick: 1974.3.14.6
[14:42:04][jominiapplication.cpp:400]: Processing Tick: 1974.3.14.12
[14:42:05][jominiapplication.cpp:400]: Processing Tick: 1974.3.14.18
[14:42:06][jominiapplication.cpp:400]: Processing Tick: 1974.3.15
[14:42:09][jominiapplication.cpp:400]: Processing Tick: 1974.3.15.6
[14:42:10][jominiapplication.cpp:400]: Processing Tick: 1974.3.15.12
[14:42:12][jominiapplication.cpp:400]: Processing Tick: 1974.3.15.18
[14:42:13][jominiapplication.cpp:400]: Processing Tick: 1974.3.16
[14:42:15][jominiapplication.cpp:400]: Processing Tick: 1974.3.16.6
[14:42:16][jominiapplication.cpp:400]: Processing Tick: 1974.3.16.12
[14:42:17][jominiapplication.cpp:400]: Processing Tick: 1974.3.16.18
[14:42:18][jominiapplication.cpp:400]: Processing Tick: 1974.3.17
[14:42:20][jominiapplication.cpp:400]: Processing Tick: 1974.3.17.6
[14:42:21][jominiapplication.cpp:400]: Processing Tick: 1974.3.17.12
[14:42:22][jominiapplication.cpp:400]: Processing Tick: 1974.3.17.18
[14:42:23][jominiapplication.cpp:400]: Processing Tick: 1974.3.18
[14:42:25][jominiapplication.cpp:400]: Processing Tick: 1974.3.18.6
[14:42:26][jominiapplication.cpp:400]: Processing Tick: 1974.3.18.12
[14:42:27][jominiapplication.cpp:400]: Processing Tick: 1974.3.18.18
[14:42:28][jominiapplication.cpp:400]: Processing Tick: 1974.3.19
[14:42:33][jominiapplication.cpp:400]: Processing Tick: 1974.3.19.6
[14:42:35][jominiapplication.cpp:400]: Processing Tick: 1974.3.19.12
[14:42:36][jominiapplication.cpp:400]: Processing Tick: 1974.3.19.18
[14:42:37][jominiapplication.cpp:400]: Processing Tick: 1974.3.20
[14:42:39][jominiapplication.cpp:400]: Processing Tick: 1974.3.20.6
[14:42:40][jominiapplication.cpp:400]: Processing Tick: 1974.3.20.12
[14:42:41][jominiapplication.cpp:400]: Processing Tick: 1974.3.20.18
[14:42:41][jominiapplication.cpp:400]: Processing Tick: 1974.3.21
[14:42:43][jominiapplication.cpp:400]: Processing Tick: 1974.3.21.6
[14:42:44][jominiapplication.cpp:400]: Processing Tick: 1974.3.21.12
[14:42:45][jominiapplication.cpp:400]: Processing Tick: 1974.3.21.18
[14:42:46][jominiapplication.cpp:400]: Processing Tick: 1974.3.22
[14:42:48][jominiapplication.cpp:400]: Processing Tick: 1974.3.22.6
[14:42:49][jominiapplication.cpp:400]: Processing Tick: 1974.3.22.12
[14:42:51][jominiapplication.cpp:400]: Processing Tick: 1974.3.22.18
[14:42:52][jominiapplication.cpp:400]: Processing Tick: 1974.3.23
[14:42:53][jominiapplication.cpp:400]: Processing Tick: 1974.3.23.6
[14:42:54][jominiapplication.cpp:400]: Processing Tick: 1974.3.23.12
[14:42:55][jominiapplication.cpp:400]: Processing Tick: 1974.3.23.18
[14:42:56][jominiapplication.cpp:400]: Processing Tick: 1974.3.24
[14:42:58][jominiapplication.cpp:400]: Processing Tick: 1974.3.24.6
[14:42:59][jominiapplication.cpp:400]: Processing Tick: 1974.3.24.12
[14:43:00][jominiapplication.cpp:400]: Processing Tick: 1974.3.24.18
[14:43:01][jominiapplication.cpp:400]: Processing Tick: 1974.3.25
[14:43:03][jominiapplication.cpp:400]: Processing Tick: 1974.3.25.6
[14:43:04][jominiapplication.cpp:400]: Processing Tick: 1974.3.25.12
[14:43:05][jominiapplication.cpp:400]: Processing Tick: 1974.3.25.18
[14:43:06][jominiapplication.cpp:400]: Processing Tick: 1974.3.26
[14:43:12][jominiapplication.cpp:400]: Processing Tick: 1974.3.26.6
[14:43:13][jominiapplication.cpp:400]: Processing Tick: 1974.3.26.12
[14:43:14][jominiapplication.cpp:400]: Processing Tick: 1974.3.26.18
[14:43:15][jominiapplication.cpp:400]: Pause Toggled! Paused: true, PlayerID: 1
[14:44:26][jominiapplication.cpp:400]: Pause Toggled! Paused: false, PlayerID: 0
[14:44:26][jominiapplication.cpp:400]: Processing Tick: 1974.3.27
[14:44:28][jominiapplication.cpp:400]: Processing Tick: 1974.3.27.6
[14:44:29][jominiapplication.cpp:400]: Processing Tick: 1974.3.27.12
[14:44:30][jominiapplication.cpp:400]: Processing Tick: 1974.3.27.18
[14:44:31][jominiapplication.cpp:400]: Processing Tick: 1974.3.28
[14:44:33][jominiapplication.cpp:400]: Processing Tick: 1974.3.28.6
[14:44:34][jominiapplication.cpp:400]: Processing Tick: 1974.3.28.12
[14:44:35][jominiapplication.cpp:400]: Processing Tick: 1974.3.28.18
[14:44:36][jominiapplication.cpp:400]: Processing Tick: 1974.3.29
[14:44:38][jominiapplication.cpp:400]: Processing Tick: 1974.3.29.6
[14:44:39][jominiapplication.cpp:400]: Processing Tick: 1974.3.29.12
[14:44:40][jominiapplication.cpp:400]: Processing Tick: 1974.3.29.18
[14:44:41][jominiapplication.cpp:400]: Processing Tick: 1974.3.30
[14:44:43][jominiapplication.cpp:400]: Processing Tick: 1974.3.30.6
[14:44:44][jominiapplication.cpp:400]: Processing Tick: 1974.3.30.12
[14:44:45][jominiapplication.cpp:400]: Processing Tick: 1974.3.30.18
[14:44:45][jominiapplication.cpp:400]: Processing Tick: 1974.3.31
[14:44:47][jominiapplication.cpp:400]: Processing Tick: 1974.3.31.6
[14:44:49][jominiapplication.cpp:400]: Processing Tick: 1974.3.31.12
[14:44:49][jominiapplication.cpp:400]: Processing Tick: 1974.3.31.18
[14:44:50][jominiapplication.cpp:400]: Processing Tick: 1974.4.1
[14:44:56][jominiapplication.cpp:400]: Processing Tick: 1974.4.1.6
[14:44:57][jominiapplication.cpp:400]: Processing Tick: 1974.4.1.12
[14:44:59][jominiapplication.cpp:400]: Processing Tick: 1974.4.1.18
[14:44:59][jominiapplication.cpp:400]: Processing Tick: 1974.4.2
[14:45:05][jominiapplication.cpp:400]: Processing Tick: 1974.4.2.6
[14:45:06][jominiapplication.cpp:400]: Processing Tick: 1974.4.2.12
[14:45:07][jominiapplication.cpp:400]: Processing Tick: 1974.4.2.18
[14:45:09][jominiapplication.cpp:400]: Processing Tick: 1974.4.3
[14:45:11][jominiapplication.cpp:400]: Processing Tick: 1974.4.3.6
[14:45:12][jominiapplication.cpp:400]: Processing Tick: 1974.4.3.12
[14:45:12][jominiapplication.cpp:400]: Processing Tick: 1974.4.3.18
[14:45:13][jominiapplication.cpp:400]: Processing Tick: 1974.4.4
[14:45:15][jominiapplication.cpp:400]: Processing Tick: 1974.4.4.6
[14:45:17][jominiapplication.cpp:400]: Processing Tick: 1974.4.4.12
[14:45:18][jominiapplication.cpp:400]: Processing Tick: 1974.4.4.18
[14:45:19][jominiapplication.cpp:400]: Processing Tick: 1974.4.5
[14:45:21][jominiapplication.cpp:400]: Processing Tick: 1974.4.5.6
[14:45:22][jominiapplication.cpp:400]: Processing Tick: 1974.4.5.12
[14:45:23][jominiapplication.cpp:400]: Processing Tick: 1974.4.5.18
[14:45:24][jominiapplication.cpp:400]: Processing Tick: 1974.4.6
[14:45:26][jominiapplication.cpp:400]: Processing Tick: 1974.4.6.6
[14:45:27][jominiapplication.cpp:400]: Processing Tick: 1974.4.6.12
[14:45:28][jominiapplication.cpp:400]: Processing Tick: 1974.4.6.18
[14:45:29][jominiapplication.cpp:400]: Processing Tick: 1974.4.7
[14:45:32][jominiapplication.cpp:400]: Processing Tick: 1974.4.7.6
[14:45:33][jominiapplication.cpp:400]: Processing Tick: 1974.4.7.12
[14:45:34][jominiapplication.cpp:400]: Processing Tick: 1974.4.7.18
[14:45:35][jominiapplication.cpp:400]: Processing Tick: 1974.4.8
[14:45:37][jominiapplication.cpp:400]: Processing Tick: 1974.4.8.6
[14:45:38][jominiapplication.cpp:400]: Processing Tick: 1974.4.8.12
[14:45:39][jominiapplication.cpp:400]: Processing Tick: 1974.4.8.18
[14:45:40][jominiapplication.cpp:400]: Processing Tick: 1974.4.9
[14:45:46][jominiapplication.cpp:400]: Processing Tick: 1974.4.9.6
[14:45:47][jominiapplication.cpp:400]: Processing Tick: 1974.4.9.12
[14:45:47][jominiapplication.cpp:400]: Processing Tick: 1974.4.9.18
[14:45:48][jominiapplication.cpp:400]: Processing Tick: 1974.4.10
[14:45:50][jominiapplication.cpp:400]: Processing Tick: 1974.4.10.6
[14:45:51][jominiapplication.cpp:400]: Processing Tick: 1974.4.10.12
[14:45:53][jominiapplication.cpp:400]: Processing Tick: 1974.4.10.18
[14:45:54][jominiapplication.cpp:400]: Processing Tick: 1974.4.11
[14:45:56][jominiapplication.cpp:400]: Processing Tick: 1974.4.11.6
[14:45:57][jominiapplication.cpp:400]: Processing Tick: 1974.4.11.12
[14:45:58][jominiapplication.cpp:400]: Processing Tick: 1974.4.11.18
[14:45:59][jominiapplication.cpp:400]: Processing Tick: 1974.4.12
[14:46:01][jominiapplication.cpp:400]: Processing Tick: 1974.4.12.6
[14:46:02][jominiapplication.cpp:400]: Processing Tick: 1974.4.12.12
[14:46:03][jominiapplication.cpp:400]: Processing Tick: 1974.4.12.18
[14:46:04][jominiapplication.cpp:400]: Processing Tick: 1974.4.13
[14:46:06][jominiapplication.cpp:400]: Processing Tick: 1974.4.13.6
[14:46:07][jominiapplication.cpp:400]: Processing Tick: 1974.4.13.12
[14:46:08][jominiapplication.cpp:400]: Processing Tick: 1974.4.13.18
[14:46:10][jominiapplication.cpp:400]: Processing Tick: 1974.4.14
[14:46:12][jominiapplication.cpp:400]: Processing Tick: 1974.4.14.6
[14:46:13][jominiapplication.cpp:400]: Processing Tick: 1974.4.14.12
[14:46:14][jominiapplication.cpp:400]: Processing Tick: 1974.4.14.18
[14:46:15][jominiapplication.cpp:400]: Processing Tick: 1974.4.15
[14:46:17][jominiapplication.cpp:400]: Processing Tick: 1974.4.15.6
[14:46:18][jominiapplication.cpp:400]: Processing Tick: 1974.4.15.12
[14:46:19][jominiapplication.cpp:400]: Processing Tick: 1974.4.15.18
[14:46:20][jominiapplication.cpp:400]: Processing Tick: 1974.4.16
[14:46:25][jominiapplication.cpp:400]: Processing Tick: 1974.4.16.6
[14:46:26][jominiapplication.cpp:400]: Processing Tick: 1974.4.16.12
[14:46:27][jominiapplication.cpp:400]: Processing Tick: 1974.4.16.18
[14:46:28][jominiapplication.cpp:400]: Processing Tick: 1974.4.17
[14:46:30][jominiapplication.cpp:400]: Processing Tick: 1974.4.17.6
[14:46:31][jominiapplication.cpp:400]: Processing Tick: 1974.4.17.12
[14:46:31][jominiapplication.cpp:400]: Processing Tick: 1974.4.17.18
[14:46:33][jominiapplication.cpp:400]: Processing Tick: 1974.4.18
[14:46:34][jominiapplication.cpp:400]: Processing Tick: 1974.4.18.6
[14:46:35][jominiapplication.cpp:400]: Processing Tick: 1974.4.18.12
[14:46:36][jominiapplication.cpp:400]: Processing Tick: 1974.4.18.18
[14:46:37][jominiapplication.cpp:400]: Processing Tick: 1974.4.19
[14:46:39][jominiapplication.cpp:400]: Processing Tick: 1974.4.19.6
[14:46:40][jominiapplication.cpp:400]: Processing Tick: 1974.4.19.12
[14:46:41][jominiapplication.cpp:400]: Processing Tick: 1974.4.19.18
[14:46:42][jominiapplication.cpp:400]: Processing Tick: 1974.4.20
[14:46:44][jominiapplication.cpp:400]: Processing Tick: 1974.4.20.6
[14:46:45][jominiapplication.cpp:400]: Processing Tick: 1974.4.20.12
[14:46:46][jominiapplication.cpp:400]: Processing Tick: 1974.4.20.18
[14:46:47][jominiapplication.cpp:400]: Processing Tick: 1974.4.21
[14:46:49][jominiapplication.cpp:400]: Processing Tick: 1974.4.21.6
[14:46:50][jominiapplication.cpp:400]: Processing Tick: 1974.4.21.12
[14:46:52][jominiapplication.cpp:400]: Processing Tick: 1974.4.21.18
[14:46:53][jominiapplication.cpp:400]: Processing Tick: 1974.4.22
[14:46:55][jominiapplication.cpp:400]: Processing Tick: 1974.4.22.6
[14:46:56][jominiapplication.cpp:400]: Processing Tick: 1974.4.22.12
[14:46:57][jominiapplication.cpp:400]: Processing Tick: 1974.4.22.18
[14:46:58][jominiapplication.cpp:400]: Processing Tick: 1974.4.23
[14:47:04][jominiapplication.cpp:400]: Processing Tick: 1974.4.23.6
[14:47:05][jominiapplication.cpp:400]: Processing Tick: 1974.4.23.12
[14:47:06][jominiapplication.cpp:400]: Processing Tick: 1974.4.23.18
[14:47:07][jominiapplication.cpp:400]: Processing Tick: 1974.4.24
[14:47:09][jominiapplication.cpp:400]: Pause Toggled! Paused: true, PlayerID: 1
[14:47:30][jominiapplication.cpp:400]: Pause Toggled! Paused: false, PlayerID: 0
[14:47:30][jominiapplication.cpp:400]: Processing Tick: 1974.4.24.6
[14:47:31][jominiapplication.cpp:400]: Processing Tick: 1974.4.24.12
[14:47:32][jominiapplication.cpp:400]: Processing Tick: 1974.4.24.18
[14:47:33][jominiapplication.cpp:400]: Processing Tick: 1974.4.25
[14:47:35][jominiapplication.cpp:400]: Processing Tick: 1974.4.25.6
[14:47:36][jominiapplication.cpp:400]: Processing Tick: 1974.4.25.12
[14:47:37][jominiapplication.cpp:400]: Processing Tick: 1974.4.25.18
[14:47:38][jominiapplication.cpp:400]: Processing Tick: 1974.4.26
[14:47:40][jominiapplication.cpp:400]: Pause Toggled! Paused: true, PlayerID: 1
[14:47:45][jominiapplication.cpp:400]: Pause Toggled! Paused: false, PlayerID: 0
[14:47:45][jominiapplication.cpp:400]: Processing Tick: 1974.4.26.6
[14:47:46][jominiapplication.cpp:400]: Processing Tick: 1974.4.26.12
[14:47:47][jominiapplication.cpp:400]: Processing Tick: 1974.4.26.18
[14:47:48][jominiapplication.cpp:400]: Processing Tick: 1974.4.27
[14:47:50][jominiapplication.cpp:400]: Processing Tick: 1974.4.27.6
[14:47:51][jominiapplication.cpp:400]: Processing Tick: 1974.4.27.12
[14:47:52][jominiapplication.cpp:400]: Processing Tick: 1974.4.27.18
[14:47:53][jominiapplication.cpp:400]: Processing Tick: 1974.4.28
[14:47:55][jominiapplication.cpp:400]: Processing Tick: 1974.4.28.6
[14:47:56][jominiapplication.cpp:400]: Processing Tick: 1974.4.28.12
[14:47:57][jominiapplication.cpp:400]: Processing Tick: 1974.4.28.18
[14:47:59][jominiapplication.cpp:400]: Processing Tick: 1974.4.29
[14:48:01][jominiapplication.cpp:400]: Processing Tick: 1974.4.29.6
[14:48:02][jominiapplication.cpp:400]: Processing Tick: 1974.4.29.12
[14:48:03][jominiapplication.cpp:400]: Processing Tick: 1974.4.29.18
[14:48:04][jominiapplication.cpp:400]: Processing Tick: 1974.4.30
[14:48:10][jominiapplication.cpp:400]: Processing Tick: 1974.4.30.6
[14:48:12][jominiapplication.cpp:400]: Processing Tick: 1974.4.30.12
[14:48:13][jominiapplication.cpp:400]: Processing Tick: 1974.4.30.18
[14:48:14][jominiapplication.cpp:400]: Processing Tick: 1974.5.1
[14:48:20][jominiapplication.cpp:400]: Processing Tick: 1974.5.1.6
[14:48:21][jominiapplication.cpp:400]: Processing Tick: 1974.5.1.12
[14:48:22][jominiapplication.cpp:400]: Processing Tick: 1974.5.1.18
[14:48:23][jominiapplication.cpp:400]: Processing Tick: 1974.5.2
[14:48:25][jominiapplication.cpp:400]: Processing Tick: 1974.5.2.6
[14:48:26][jominiapplication.cpp:400]: Processing Tick: 1974.5.2.12
[14:48:27][jominiapplication.cpp:400]: Processing Tick: 1974.5.2.18
[14:48:29][jominiapplication.cpp:400]: Processing Tick: 1974.5.3
[14:48:31][jominiapplication.cpp:400]: Processing Tick: 1974.5.3.6
[14:48:32][jominiapplication.cpp:400]: Processing Tick: 1974.5.3.12
[14:48:33][jominiapplication.cpp:400]: Processing Tick: 1974.5.3.18
[14:48:34][jominiapplication.cpp:400]: Processing Tick: 1974.5.4
[14:48:36][jominiapplication.cpp:400]: Processing Tick: 1974.5.4.6
[14:48:37][jominiapplication.cpp:400]: Processing Tick: 1974.5.4.12
[14:48:38][jominiapplication.cpp:400]: Processing Tick: 1974.5.4.18
[14:48:39][jominiapplication.cpp:400]: Processing Tick: 1974.5.5
[14:48:41][jominiapplication.cpp:400]: Processing Tick: 1974.5.5.6
[14:48:43][jominiapplication.cpp:400]: Processing Tick: 1974.5.5.12
[14:48:44][jominiapplication.cpp:400]: Processing Tick: 1974.5.5.18
[14:48:45][jominiapplication.cpp:400]: Processing Tick: 1974.5.6
[14:48:47][jominiapplication.cpp:400]: Pause Toggled! Paused: true, PlayerID: 1
[14:50:00][jominiapplication.cpp:400]: Pause Toggled! Paused: false, PlayerID: 0
[14:50:00][jominiapplication.cpp:400]: Processing Tick: 1974.5.6.6
[14:50:01][jominiapplication.cpp:400]: Processing Tick: 1974.5.6.12
[14:50:02][jominiapplication.cpp:400]: Processing Tick: 1974.5.6.18
[14:50:03][jominiapplication.cpp:400]: Processing Tick: 1974.5.7
[14:50:10][jominiapplication.cpp:400]: Processing Tick: 1974.5.7.6
[14:50:11][jominiapplication.cpp:400]: Processing Tick: 1974.5.7.12
[14:50:12][jominiapplication.cpp:400]: Processing Tick: 1974.5.7.18
[14:50:14][jominiapplication.cpp:400]: Pause Toggled! Paused: true, PlayerID: 1
[14:51:05][jominiapplication.cpp:400]: Pause Toggled! Paused: false, PlayerID: 0
[14:51:05][jominiapplication.cpp:400]: Processing Tick: 1974.5.8
[14:51:07][jominiapplication.cpp:400]: Processing Tick: 1974.5.8.6
[14:51:08][jominiapplication.cpp:400]: Processing Tick: 1974.5.8.12
[14:51:09][jominiapplication.cpp:400]: Processing Tick: 1974.5.8.18
[14:51:10][jominiapplication.cpp:400]: Processing Tick: 1974.5.9
[14:51:12][jominiapplication.cpp:400]: Processing Tick: 1974.5.9.6
[14:51:13][jominiapplication.cpp:400]: Processing Tick: 1974.5.9.12
[14:51:14][jominiapplication.cpp:400]: Processing Tick: 1974.5.9.18
[14:51:15][jominiapplication.cpp:400]: Processing Tick: 1974.5.10
[14:51:17][jominiapplication.cpp:400]: Processing Tick: 1974.5.10.6
[14:51:19][jominiapplication.cpp:400]: Processing Tick: 1974.5.10.12
[14:51:20][jominiapplication.cpp:400]: Processing Tick: 1974.5.10.18
[14:51:21][jominiapplication.cpp:400]: Processing Tick: 1974.5.11
[14:51:23][jominiapplication.cpp:400]: Processing Tick: 1974.5.11.6
[14:51:24][jominiapplication.cpp:400]: Processing Tick: 1974.5.11.12
[14:51:26][jominiapplication.cpp:400]: Processing Tick: 1974.5.11.18
[14:51:27][jominiapplication.cpp:400]: Processing Tick: 1974.5.12
[14:51:28][jominiapplication.cpp:400]: Processing Tick: 1974.5.12.6
[14:51:30][jominiapplication.cpp:400]: Processing Tick: 1974.5.12.12
[14:51:31][jominiapplication.cpp:400]: Processing Tick: 1974.5.12.18
[14:51:32][jominiapplication.cpp:400]: Processing Tick: 1974.5.13
[14:51:34][jominiapplication.cpp:400]: Processing Tick: 1974.5.13.6
[14:51:35][jominiapplication.cpp:400]: Processing Tick: 1974.5.13.12
[14:51:36][jominiapplication.cpp:400]: Processing Tick: 1974.5.13.18
[14:51:37][jominiapplication.cpp:400]: Processing Tick: 1974.5.14
[14:51:44][jominiapplication.cpp:400]: Processing Tick: 1974.5.14.6
[14:51:46][jominiapplication.cpp:400]: Processing Tick: 1974.5.14.12
[14:51:47][jominiapplication.cpp:400]: Processing Tick: 1974.5.14.18
[14:51:48][jominiapplication.cpp:400]: Processing Tick: 1974.5.15
[14:51:50][jominiapplication.cpp:400]: Processing Tick: 1974.5.15.6
[14:51:51][jominiapplication.cpp:400]: Processing Tick: 1974.5.15.12
[14:51:52][jominiapplication.cpp:400]: Processing Tick: 1974.5.15.18
[14:51:53][jominiapplication.cpp:400]: Processing Tick: 1974.5.16
[14:51:55][jominiapplication.cpp:400]: Processing Tick: 1974.5.16.6
[14:51:56][jominiapplication.cpp:400]: Processing Tick: 1974.5.16.12
[14:51:57][jominiapplication.cpp:400]: Processing Tick: 1974.5.16.18
[14:51:58][jominiapplication.cpp:400]: Processing Tick: 1974.5.17
[14:52:00][jominiapplication.cpp:400]: Processing Tick: 1974.5.17.6
[14:52:01][jominiapplication.cpp:400]: Processing Tick: 1974.5.17.12
[14:52:02][jominiapplication.cpp:400]: Processing Tick: 1974.5.17.18
[14:52:03][jominiapplication.cpp:400]: Processing Tick: 1974.5.18
[14:52:05][jominiapplication.cpp:400]: Processing Tick: 1974.5.18.6
[14:52:06][jominiapplication.cpp:400]: Processing Tick: 1974.5.18.12
[14:52:08][jominiapplication.cpp:400]: Processing Tick: 1974.5.18.18
[14:52:09][jominiapplication.cpp:400]: Processing Tick: 1974.5.19
[14:52:11][jominiapplication.cpp:400]: Processing Tick: 1974.5.19.6
[14:52:12][jominiapplication.cpp:400]: Processing Tick: 1974.5.19.12
[14:52:13][jominiapplication.cpp:400]: Processing Tick: 1974.5.19.18
[14:52:14][jominiapplication.cpp:400]: Processing Tick: 1974.5.20
[14:52:16][jominiapplication.cpp:400]: Processing Tick: 1974.5.20.6
[14:52:17][jominiapplication.cpp:400]: Processing Tick: 1974.5.20.12
[14:52:18][jominiapplication.cpp:400]: Processing Tick: 1974.5.20.18
[14:52:19][jominiapplication.cpp:400]: Processing Tick: 1974.5.21
[14:52:26][jominiapplication.cpp:400]: Processing Tick: 1974.5.21.6
[14:52:27][jominiapplication.cpp:400]: Processing Tick: 1974.5.21.12
[14:52:28][jominiapplication.cpp:400]: Processing Tick: 1974.5.21.18
[14:52:29][jominiapplication.cpp:400]: Processing Tick: 1974.5.22
[14:52:31][jominiapplication.cpp:400]: Processing Tick: 1974.5.22.6
[14:52:32][jominiapplication.cpp:400]: Processing Tick: 1974.5.22.12
[14:52:33][jominiapplication.cpp:400]: Processing Tick: 1974.5.22.18
[14:52:34][jominiapplication.cpp:400]: Processing Tick: 1974.5.23
[14:52:36][jominiapplication.cpp:400]: Processing Tick: 1974.5.23.6
[14:52:37][jominiapplication.cpp:400]: Processing Tick: 1974.5.23.12
[14:52:38][jominiapplication.cpp:400]: Processing Tick: 1974.5.23.18
[14:52:39][jominiapplication.cpp:400]: Processing Tick: 1974.5.24
[14:52:42][jominiapplication.cpp:400]: Processing Tick: 1974.5.24.6
[14:52:43][jominiapplication.cpp:400]: Processing Tick: 1974.5.24.12
[14:52:44][jominiapplication.cpp:400]: Processing Tick: 1974.5.24.18
[14:52:45][jominiapplication.cpp:400]: Processing Tick: 1974.5.25
[14:52:47][jominiapplication.cpp:400]: Processing Tick: 1974.5.25.6
[14:52:48][jominiapplication.cpp:400]: Processing Tick: 1974.5.25.12
[14:52:49][jominiapplication.cpp:400]: Processing Tick: 1974.5.25.18
[14:52:50][jominiapplication.cpp:400]: Processing Tick: 1974.5.26
[14:52:52][jominiapplication.cpp:400]: Processing Tick: 1974.5.26.6
[14:52:53][jominiapplication.cpp:400]: Processing Tick: 1974.5.26.12
[14:52:55][jominiapplication.cpp:400]: Processing Tick: 1974.5.26.18
[14:52:55][jominiapplication.cpp:400]: Processing Tick: 1974.5.27
[14:52:57][jominiapplication.cpp:400]: Processing Tick: 1974.5.27.6
[14:52:58][jominiapplication.cpp:400]: Processing Tick: 1974.5.27.12
[14:52:59][jominiapplication.cpp:400]: Processing Tick: 1974.5.27.18
[14:53:01][jominiapplication.cpp:400]: Processing Tick: 1974.5.28
[14:53:06][jominiapplication.cpp:400]: Processing Tick: 1974.5.28.6
[14:53:08][jominiapplication.cpp:400]: Processing Tick: 1974.5.28.12
[14:53:09][jominiapplication.cpp:400]: Processing Tick: 1974.5.28.18
[14:53:10][jominiapplication.cpp:400]: Processing Tick: 1974.5.29
[14:53:12][jominiapplication.cpp:400]: Processing Tick: 1974.5.29.6
[14:53:13][jominiapplication.cpp:400]: Processing Tick: 1974.5.29.12
[14:53:15][jominiapplication.cpp:400]: Processing Tick: 1974.5.29.18
[14:53:16][jominiapplication.cpp:400]: Processing Tick: 1974.5.30
[14:53:18][jominiapplication.cpp:400]: Processing Tick: 1974.5.30.6
[14:53:19][jominiapplication.cpp:400]: Processing Tick: 1974.5.30.12
[14:53:20][jominiapplication.cpp:400]: Processing Tick: 1974.5.30.18
[14:53:21][jominiapplication.cpp:400]: Processing Tick: 1974.5.31
[14:53:23][jominiapplication.cpp:400]: Processing Tick: 1974.5.31.6
[14:53:24][jominiapplication.cpp:400]: Processing Tick: 1974.5.31.12
[14:53:25][jominiapplication.cpp:400]: Processing Tick: 1974.5.31.18
[14:53:26][jominiapplication.cpp:400]: Processing Tick: 1974.6.1
[14:53:32][jominiapplication.cpp:400]: Processing Tick: 1974.6.1.6
[14:53:33][jominiapplication.cpp:400]: Processing Tick: 1974.6.1.12
[14:53:34][jominiapplication.cpp:400]: Processing Tick: 1974.6.1.18
[14:53:35][jominiapplication.cpp:400]: Processing Tick: 1974.6.2
[14:53:37][jominiapplication.cpp:400]: Processing Tick: 1974.6.2.6
[14:53:38][jominiapplication.cpp:400]: Processing Tick: 1974.6.2.12
[14:53:39][jominiapplication.cpp:400]: Processing Tick: 1974.6.2.18
[14:53:40][jominiapplication.cpp:400]: Processing Tick: 1974.6.3
[14:53:43][jominiapplication.cpp:400]: Processing Tick: 1974.6.3.6
[14:53:44][jominiapplication.cpp:400]: Processing Tick: 1974.6.3.12
[14:53:45][jominiapplication.cpp:400]: Processing Tick: 1974.6.3.18
[14:53:46][jominiapplication.cpp:400]: Processing Tick: 1974.6.4
[14:53:53][jominiapplication.cpp:400]: Processing Tick: 1974.6.4.6
[14:53:55][jominiapplication.cpp:400]: Processing Tick: 1974.6.4.12
[14:53:56][jominiapplication.cpp:400]: Processing Tick: 1974.6.4.18
[14:53:57][jominiapplication.cpp:400]: Processing Tick: 1974.6.5
[14:53:59][jominiapplication.cpp:400]: Processing Tick: 1974.6.5.6
[14:54:00][jominiapplication.cpp:400]: Processing Tick: 1974.6.5.12
[14:54:01][jominiapplication.cpp:400]: Processing Tick: 1974.6.5.18
[14:54:02][jominiapplication.cpp:400]: Processing Tick: 1974.6.6
[14:54:04][jominiapplication.cpp:400]: Processing Tick: 1974.6.6.6
[14:54:05][jominiapplication.cpp:400]: Processing Tick: 1974.6.6.12
[14:54:06][jominiapplication.cpp:400]: Processing Tick: 1974.6.6.18
[14:54:07][jominiapplication.cpp:400]: Processing Tick: 1974.6.7
[14:54:09][jominiapplication.cpp:400]: Processing Tick: 1974.6.7.6
[14:54:10][jominiapplication.cpp:400]: Processing Tick: 1974.6.7.12
[14:54:11][jominiapplication.cpp:400]: Processing Tick: 1974.6.7.18
[14:54:12][jominiapplication.cpp:400]: Processing Tick: 1974.6.8
[14:54:15][jominiapplication.cpp:400]: Processing Tick: 1974.6.8.6
[14:54:16][jominiapplication.cpp:400]: Processing Tick: 1974.6.8.12
[14:54:17][jominiapplication.cpp:400]: Processing Tick: 1974.6.8.18
[14:54:18][jominiapplication.cpp:400]: Processing Tick: 1974.6.9
[14:54:20][jominiapplication.cpp:400]: Processing Tick: 1974.6.9.6
[14:54:21][jominiapplication.cpp:400]: Processing Tick: 1974.6.9.12
[14:54:23][jominiapplication.cpp:400]: Processing Tick: 1974.6.9.18
[14:54:24][jominiapplication.cpp:400]: Processing Tick: 1974.6.10
[14:54:26][jominiapplication.cpp:400]: Processing Tick: 1974.6.10.6
[14:54:27][jominiapplication.cpp:400]: Processing Tick: 1974.6.10.12
[14:54:28][jominiapplication.cpp:400]: Processing Tick: 1974.6.10.18
[14:54:29][jominiapplication.cpp:400]: Processing Tick: 1974.6.11
[14:54:36][jominiapplication.cpp:400]: Processing Tick: 1974.6.11.6
[14:54:38][jominiapplication.cpp:400]: Processing Tick: 1974.6.11.12
[14:54:39][jominiapplication.cpp:400]: Processing Tick: 1974.6.11.18
[14:54:41][jominiapplication.cpp:400]: Processing Tick: 1974.6.12
[14:54:42][jominiapplication.cpp:400]: Processing Tick: 1974.6.12.6
[14:54:44][jominiapplication.cpp:400]: Processing Tick: 1974.6.12.12
[14:54:45][jominiapplication.cpp:400]: Processing Tick: 1974.6.12.18
[14:54:46][jominiapplication.cpp:400]: Processing Tick: 1974.6.13
[14:54:48][jominiapplication.cpp:400]: Processing Tick: 1974.6.13.6
[14:54:49][jominiapplication.cpp:400]: Processing Tick: 1974.6.13.12
[14:54:50][jominiapplication.cpp:400]: Processing Tick: 1974.6.13.18
[14:54:51][jominiapplication.cpp:400]: Processing Tick: 1974.6.14
[14:54:53][jominiapplication.cpp:400]: Processing Tick: 1974.6.14.6
[14:54:55][jominiapplication.cpp:400]: Processing Tick: 1974.6.14.12
[14:54:56][jominiapplication.cpp:400]: Processing Tick: 1974.6.14.18
[14:54:57][jominiapplication.cpp:400]: Processing Tick: 1974.6.15
[14:54:59][jominiapplication.cpp:400]: Processing Tick: 1974.6.15.6
[14:55:00][jominiapplication.cpp:400]: Processing Tick: 1974.6.15.12
[14:55:02][jominiapplication.cpp:400]: Processing Tick: 1974.6.15.18
[14:55:02][jominiapplication.cpp:400]: Processing Tick: 1974.6.16
[14:55:05][jominiapplication.cpp:400]: Processing Tick: 1974.6.16.6
[14:55:06][jominiapplication.cpp:400]: Processing Tick: 1974.6.16.12
[14:55:07][jominiapplication.cpp:400]: Processing Tick: 1974.6.16.18
[14:55:08][jominiapplication.cpp:400]: Processing Tick: 1974.6.17
[14:55:10][jominiapplication.cpp:400]: Processing Tick: 1974.6.17.6
[14:55:11][jominiapplication.cpp:400]: Processing Tick: 1974.6.17.12
[14:55:12][jominiapplication.cpp:400]: Pause Toggled! Paused: true, PlayerID: 1
[14:57:26][jominiapplication.cpp:400]: Pause Toggled! Paused: false, PlayerID: 0
[14:57:27][jominiapplication.cpp:400]: Processing Tick: 1974.6.17.18
[14:57:27][jominiapplication.cpp:400]: Processing Tick: 1974.6.18
[14:57:34][jominiapplication.cpp:400]: Processing Tick: 1974.6.18.6
[14:57:35][jominiapplication.cpp:400]: Processing Tick: 1974.6.18.12
[14:57:36][jominiapplication.cpp:400]: Processing Tick: 1974.6.18.18
[14:57:37][jominiapplication.cpp:400]: Processing Tick: 1974.6.19
[14:57:39][jominiapplication.cpp:400]: Processing Tick: 1974.6.19.6
[14:57:40][jominiapplication.cpp:400]: Processing Tick: 1974.6.19.12
[14:57:42][jominiapplication.cpp:400]: Processing Tick: 1974.6.19.18
[14:57:43][jominiapplication.cpp:400]: Processing Tick: 1974.6.20
[14:57:44][jominiapplication.cpp:400]: Processing Tick: 1974.6.20.6
[14:57:46][jominiapplication.cpp:400]: Processing Tick: 1974.6.20.12
[14:57:47][jominiapplication.cpp:400]: Processing Tick: 1974.6.20.18
[14:57:48][jominiapplication.cpp:400]: Processing Tick: 1974.6.21
[14:57:50][jominiapplication.cpp:400]: Processing Tick: 1974.6.21.6
[14:57:51][jominiapplication.cpp:400]: Processing Tick: 1974.6.21.12
[14:57:52][jominiapplication.cpp:400]: Processing Tick: 1974.6.21.18
[14:57:53][jominiapplication.cpp:400]: Processing Tick: 1974.6.22
[14:57:56][jominiapplication.cpp:400]: Processing Tick: 1974.6.22.6
[14:57:58][jominiapplication.cpp:400]: Processing Tick: 1974.6.22.12
[14:57:59][jominiapplication.cpp:400]: Processing Tick: 1974.6.22.18
[14:58:00][jominiapplication.cpp:400]: Processing Tick: 1974.6.23
[14:58:03][jominiapplication.cpp:400]: Processing Tick: 1974.6.23.6
[14:58:04][jominiapplication.cpp:400]: Processing Tick: 1974.6.23.12
[14:58:05][jominiapplication.cpp:400]: Processing Tick: 1974.6.23.18
[14:58:06][jominiapplication.cpp:400]: Processing Tick: 1974.6.24
[14:58:08][jominiapplication.cpp:400]: Processing Tick: 1974.6.24.6
[14:58:10][jominiapplication.cpp:400]: Processing Tick: 1974.6.24.12
[14:58:11][jominiapplication.cpp:400]: Processing Tick: 1974.6.24.18
[14:58:12][jominiapplication.cpp:400]: Processing Tick: 1974.6.25
[14:58:18][jominiapplication.cpp:400]: Processing Tick: 1974.6.25.6
[14:58:19][jominiapplication.cpp:400]: Processing Tick: 1974.6.25.12
[14:58:21][jominiapplication.cpp:400]: Processing Tick: 1974.6.25.18
[14:58:21][jominiapplication.cpp:400]: Processing Tick: 1974.6.26
[14:58:23][jominiapplication.cpp:400]: Processing Tick: 1974.6.26.6
[14:58:24][jominiapplication.cpp:400]: Processing Tick: 1974.6.26.12
[14:58:25][jominiapplication.cpp:400]: Processing Tick: 1974.6.26.18
[14:58:27][jominiapplication.cpp:400]: Processing Tick: 1974.6.27
[14:58:29][jominiapplication.cpp:400]: Processing Tick: 1974.6.27.6
[14:58:30][jominiapplication.cpp:400]: Processing Tick: 1974.6.27.12
[14:58:31][jominiapplication.cpp:400]: Processing Tick: 1974.6.27.18
[14:58:32][jominiapplication.cpp:400]: Processing Tick: 1974.6.28
[14:58:35][jominiapplication.cpp:400]: Processing Tick: 1974.6.28.6
[14:58:36][jominiapplication.cpp:400]: Processing Tick: 1974.6.28.12
[14:58:37][jominiapplication.cpp:400]: Processing Tick: 1974.6.28.18
[14:58:38][jominiapplication.cpp:400]: Processing Tick: 1974.6.29
[14:58:40][jominiapplication.cpp:400]: Processing Tick: 1974.6.29.6
[14:58:41][jominiapplication.cpp:400]: Processing Tick: 1974.6.29.12
[14:58:42][jominiapplication.cpp:400]: Processing Tick: 1974.6.29.18
[14:58:43][jominiapplication.cpp:400]: Processing Tick: 1974.6.30
[14:58:45][jominiapplication.cpp:400]: Processing Tick: 1974.6.30.6
[14:58:46][jominiapplication.cpp:400]: Processing Tick: 1974.6.30.12
[14:58:48][jominiapplication.cpp:400]: Processing Tick: 1974.6.30.18
[14:58:48][jominiapplication.cpp:400]: Processing Tick: 1974.7.1
[14:58:54][jominiapplication.cpp:400]: Processing Tick: 1974.7.1.6
[14:58:55][jominiapplication.cpp:400]: Processing Tick: 1974.7.1.12
[14:58:56][jominiapplication.cpp:400]: Processing Tick: 1974.7.1.18
[14:58:57][jominiapplication.cpp:400]: Processing Tick: 1974.7.2
[14:59:03][jominiapplication.cpp:400]: Processing Tick: 1974.7.2.6
[14:59:04][jominiapplication.cpp:400]: Processing Tick: 1974.7.2.12
[14:59:05][jominiapplication.cpp:400]: Processing Tick: 1974.7.2.18
[14:59:06][jominiapplication.cpp:400]: Processing Tick: 1974.7.3
[14:59:08][jominiapplication.cpp:400]: Processing Tick: 1974.7.3.6
[14:59:09][jominiapplication.cpp:400]: Processing Tick: 1974.7.3.12
[14:59:10][jominiapplication.cpp:400]: Processing Tick: 1974.7.3.18
[14:59:11][jominiapplication.cpp:400]: Processing Tick: 1974.7.4
[14:59:13][jominiapplication.cpp:400]: Processing Tick: 1974.7.4.6
[14:59:14][jominiapplication.cpp:400]: Processing Tick: 1974.7.4.12
[14:59:15][jominiapplication.cpp:400]: Processing Tick: 1974.7.4.18
[14:59:16][jominiapplication.cpp:400]: Processing Tick: 1974.7.5
[14:59:18][jominiapplication.cpp:400]: Processing Tick: 1974.7.5.6
[14:59:19][jominiapplication.cpp:400]: Processing Tick: 1974.7.5.12
[14:59:21][jominiapplication.cpp:400]: Processing Tick: 1974.7.5.18
[14:59:22][jominiapplication.cpp:400]: Processing Tick: 1974.7.6
[14:59:24][jominiapplication.cpp:400]: Processing Tick: 1974.7.6.6
[14:59:25][jominiapplication.cpp:400]: Processing Tick: 1974.7.6.12
[14:59:26][jominiapplication.cpp:400]: Processing Tick: 1974.7.6.18
[14:59:27][jominiapplication.cpp:400]: Processing Tick: 1974.7.7
[14:59:29][jominiapplication.cpp:400]: Processing Tick: 1974.7.7.6
[14:59:30][jominiapplication.cpp:400]: Processing Tick: 1974.7.7.12
[14:59:31][jominiapplication.cpp:400]: Processing Tick: 1974.7.7.18
[14:59:32][jominiapplication.cpp:400]: Processing Tick: 1974.7.8
[14:59:35][jominiapplication.cpp:400]: Processing Tick: 1974.7.8.6
[14:59:36][jominiapplication.cpp:400]: Processing Tick: 1974.7.8.12
[14:59:37][jominiapplication.cpp:400]: Processing Tick: 1974.7.8.18
[14:59:38][jominiapplication.cpp:400]: Processing Tick: 1974.7.9
[14:59:44][jominiapplication.cpp:400]: Processing Tick: 1974.7.9.6
[14:59:46][jominiapplication.cpp:400]: Processing Tick: 1974.7.9.12
[14:59:48][jominiapplication.cpp:400]: Processing Tick: 1974.7.9.18
[14:59:49][jominiapplication.cpp:400]: Processing Tick: 1974.7.10
[14:59:52][jominiapplication.cpp:400]: Processing Tick: 1974.7.10.6
[14:59:53][jominiapplication.cpp:400]: Processing Tick: 1974.7.10.12
[14:59:54][jominiapplication.cpp:400]: Processing Tick: 1974.7.10.18
[14:59:55][jominiapplication.cpp:400]: Processing Tick: 1974.7.11
[14:59:58][jominiapplication.cpp:400]: Processing Tick: 1974.7.11.6
[14:59:59][jominiapplication.cpp:400]: Processing Tick: 1974.7.11.12
[15:00:00][jominiapplication.cpp:400]: Processing Tick: 1974.7.11.18
[15:00:02][jominiapplication.cpp:400]: Processing Tick: 1974.7.12
[15:00:04][jominiapplication.cpp:400]: Processing Tick: 1974.7.12.6
[15:00:05][jominiapplication.cpp:400]: Processing Tick: 1974.7.12.12
[15:00:07][jominiapplication.cpp:400]: Processing Tick: 1974.7.12.18
[15:00:08][jominiapplication.cpp:400]: Processing Tick: 1974.7.13
[15:00:10][jominiapplication.cpp:400]: Processing Tick: 1974.7.13.6
[15:00:11][jominiapplication.cpp:400]: Processing Tick: 1974.7.13.12
[15:00:12][jominiapplication.cpp:400]: Processing Tick: 1974.7.13.18
[15:00:13][jominiapplication.cpp:400]: Processing Tick: 1974.7.14
[15:00:16][jominiapplication.cpp:400]: Processing Tick: 1974.7.14.6
[15:00:17][jominiapplication.cpp:400]: Processing Tick: 1974.7.14.12
[15:00:18][jominiapplication.cpp:400]: Processing Tick: 1974.7.14.18
[15:00:20][jominiapplication.cpp:400]: Processing Tick: 1974.7.15
[15:00:23][jominiapplication.cpp:400]: Processing Tick: 1974.7.15.6
[15:00:24][jominiapplication.cpp:400]: Processing Tick: 1974.7.15.12
[15:00:25][jominiapplication.cpp:400]: Processing Tick: 1974.7.15.18
[15:00:25][jominiapplication.cpp:400]: Processing Tick: 1974.7.16
[15:00:31][jominiapplication.cpp:400]: Processing Tick: 1974.7.16.6
[15:00:32][jominiapplication.cpp:400]: Processing Tick: 1974.7.16.12
[15:00:33][jominiapplication.cpp:400]: Processing Tick: 1974.7.16.18
[15:00:34][jominiapplication.cpp:400]: Processing Tick: 1974.7.17
[15:00:36][jominiapplication.cpp:400]: Processing Tick: 1974.7.17.6
[15:00:37][jominiapplication.cpp:400]: Processing Tick: 1974.7.17.12
[15:00:38][jominiapplication.cpp:400]: Processing Tick: 1974.7.17.18
[15:00:39][jominiapplication.cpp:400]: Processing Tick: 1974.7.18
[15:00:43][jominiapplication.cpp:400]: Processing Tick: 1974.7.18.6
[15:00:44][jominiapplication.cpp:400]: Processing Tick: 1974.7.18.12
[15:00:45][jominiapplication.cpp:400]: Processing Tick: 1974.7.18.18
[15:00:46][jominiapplication.cpp:400]: Processing Tick: 1974.7.19
[15:00:47][jominiapplication.cpp:400]: Processing Tick: 1974.7.19.6
[15:00:48][jominiapplication.cpp:400]: Processing Tick: 1974.7.19.12
[15:00:49][jominiapplication.cpp:400]: Processing Tick: 1974.7.19.18
[15:00:50][jominiapplication.cpp:400]: Processing Tick: 1974.7.20
[15:00:52][jominiapplication.cpp:400]: Processing Tick: 1974.7.20.6
[15:00:53][jominiapplication.cpp:400]: Processing Tick: 1974.7.20.12
[15:00:54][jominiapplication.cpp:400]: Processing Tick: 1974.7.20.18
[15:00:55][jominiapplication.cpp:400]: Processing Tick: 1974.7.21
[15:00:56][jominiapplication.cpp:400]: Processing Tick: 1974.7.21.6
[15:00:57][jominiapplication.cpp:400]: Processing Tick: 1974.7.21.12
[15:00:58][jominiapplication.cpp:400]: Processing Tick: 1974.7.21.18
[15:00:59][jominiapplication.cpp:400]: Processing Tick: 1974.7.22
[15:01:01][jominiapplication.cpp:400]: Processing Tick: 1974.7.22.6
[15:01:02][jominiapplication.cpp:400]: Processing Tick: 1974.7.22.12
[15:01:03][jominiapplication.cpp:400]: Processing Tick: 1974.7.22.18
[15:01:04][jominiapplication.cpp:400]: Processing Tick: 1974.7.23
[15:01:09][jominiapplication.cpp:400]: Processing Tick: 1974.7.23.6
[15:01:10][jominiapplication.cpp:400]: Processing Tick: 1974.7.23.12
[15:01:11][jominiapplication.cpp:400]: Processing Tick: 1974.7.23.18
[15:01:12][jominiapplication.cpp:400]: Processing Tick: 1974.7.24
[15:01:14][jominiapplication.cpp:400]: Processing Tick: 1974.7.24.6
[15:01:15][jominiapplication.cpp:400]: Processing Tick: 1974.7.24.12
[15:01:15][jominiapplication.cpp:400]: Processing Tick: 1974.7.24.18
[15:01:16][jominiapplication.cpp:400]: Processing Tick: 1974.7.25
[15:01:18][jominiapplication.cpp:400]: Processing Tick: 1974.7.25.6
[15:01:19][jominiapplication.cpp:400]: Processing Tick: 1974.7.25.12
[15:01:20][jominiapplication.cpp:400]: Processing Tick: 1974.7.25.18
[15:01:20][jominiapplication.cpp:400]: Processing Tick: 1974.7.26
[15:01:22][jominiapplication.cpp:400]: Processing Tick: 1974.7.26.6
[15:01:23][jominiapplication.cpp:400]: Processing Tick: 1974.7.26.12
[15:01:23][jominiapplication.cpp:400]: Processing Tick: 1974.7.26.18
[15:01:24][jominiapplication.cpp:400]: Processing Tick: 1974.7.27
[15:01:26][jominiapplication.cpp:400]: Processing Tick: 1974.7.27.6
[15:01:27][jominiapplication.cpp:400]: Processing Tick: 1974.7.27.12
[15:01:28][jominiapplication.cpp:400]: Processing Tick: 1974.7.27.18
[15:01:28][jominiapplication.cpp:400]: Processing Tick: 1974.7.28
[15:01:30][jominiapplication.cpp:400]: Processing Tick: 1974.7.28.6
[15:01:31][jominiapplication.cpp:400]: Processing Tick: 1974.7.28.12
[15:01:32][jominiapplication.cpp:400]: Processing Tick: 1974.7.28.18
[15:01:33][jominiapplication.cpp:400]: Processing Tick: 1974.7.29
[15:01:34][jominiapplication.cpp:400]: Processing Tick: 1974.7.29.6
[15:01:35][jominiapplication.cpp:400]: Processing Tick: 1974.7.29.12
[15:01:36][jominiapplication.cpp:400]: Processing Tick: 1974.7.29.18
[15:01:37][jominiapplication.cpp:400]: Processing Tick: 1974.7.30
[15:01:43][jominiapplication.cpp:400]: Processing Tick: 1974.7.30.6
[15:01:44][jominiapplication.cpp:400]: Processing Tick: 1974.7.30.12
[15:01:45][jominiapplication.cpp:400]: Processing Tick: 1974.7.30.18
[15:01:45][jominiapplication.cpp:400]: Processing Tick: 1974.7.31
[15:01:47][jominiapplication.cpp:400]: Processing Tick: 1974.7.31.6
[15:01:48][jominiapplication.cpp:400]: Processing Tick: 1974.7.31.12
[15:01:48][jominiapplication.cpp:400]: Processing Tick: 1974.7.31.18
[15:01:49][jominiapplication.cpp:400]: Processing Tick: 1974.8.1
[15:01:54][jominiapplication.cpp:400]: Processing Tick: 1974.8.1.6
[15:01:55][jominiapplication.cpp:400]: Processing Tick: 1974.8.1.12
[15:01:56][jominiapplication.cpp:400]: Processing Tick: 1974.8.1.18
[15:01:57][jominiapplication.cpp:400]: Processing Tick: 1974.8.2
[15:01:58][jominiapplication.cpp:400]: Processing Tick: 1974.8.2.6
[15:01:59][jominiapplication.cpp:400]: Processing Tick: 1974.8.2.12
[15:02:00][jominiapplication.cpp:400]: Processing Tick: 1974.8.2.18
[15:02:00][jominiapplication.cpp:400]: Processing Tick: 1974.8.3
[15:02:02][jominiapplication.cpp:400]: Processing Tick: 1974.8.3.6
[15:02:03][jominiapplication.cpp:400]: Processing Tick: 1974.8.3.12
[15:02:04][jominiapplication.cpp:400]: Processing Tick: 1974.8.3.18
[15:02:04][jominiapplication.cpp:400]: Processing Tick: 1974.8.4
[15:02:06][jominiapplication.cpp:400]: Processing Tick: 1974.8.4.6
[15:02:07][jominiapplication.cpp:400]: Processing Tick: 1974.8.4.12
[15:02:08][jominiapplication.cpp:400]: Processing Tick: 1974.8.4.18
[15:02:09][jominiapplication.cpp:400]: Processing Tick: 1974.8.5
[15:02:10][jominiapplication.cpp:400]: Processing Tick: 1974.8.5.6
[15:02:11][jominiapplication.cpp:400]: Processing Tick: 1974.8.5.12
[15:02:12][jominiapplication.cpp:400]: Processing Tick: 1974.8.5.18
[15:02:12][jominiapplication.cpp:400]: Processing Tick: 1974.8.6
[15:02:18][jominiapplication.cpp:400]: Processing Tick: 1974.8.6.6
[15:02:19][jominiapplication.cpp:400]: Processing Tick: 1974.8.6.12
[15:02:20][jominiapplication.cpp:400]: Processing Tick: 1974.8.6.18
[15:02:20][jominiapplication.cpp:400]: Processing Tick: 1974.8.7
[15:02:22][jominiapplication.cpp:400]: Processing Tick: 1974.8.7.6
[15:02:23][jominiapplication.cpp:400]: Processing Tick: 1974.8.7.12
[15:02:24][jominiapplication.cpp:400]: Processing Tick: 1974.8.7.18
[15:02:24][jominiapplication.cpp:400]: Processing Tick: 1974.8.8
[15:02:26][jominiapplication.cpp:400]: Processing Tick: 1974.8.8.6
[15:02:27][jominiapplication.cpp:400]: Processing Tick: 1974.8.8.12
[15:02:28][jominiapplication.cpp:400]: Processing Tick: 1974.8.8.18
[15:02:28][jominiapplication.cpp:400]: Processing Tick: 1974.8.9
[15:02:30][jominiapplication.cpp:400]: Processing Tick: 1974.8.9.6
[15:02:31][jominiapplication.cpp:400]: Processing Tick: 1974.8.9.12
[15:02:32][jominiapplication.cpp:400]: Processing Tick: 1974.8.9.18
[15:02:32][jominiapplication.cpp:400]: Processing Tick: 1974.8.10
[15:02:34][jominiapplication.cpp:400]: Processing Tick: 1974.8.10.6
[15:02:34][jominiapplication.cpp:400]: Processing Tick: 1974.8.10.12
[15:02:35][jominiapplication.cpp:400]: Processing Tick: 1974.8.10.18
[15:02:36][jominiapplication.cpp:400]: Processing Tick: 1974.8.11
[15:02:37][jominiapplication.cpp:400]: Processing Tick: 1974.8.11.6
[15:02:38][jominiapplication.cpp:400]: Processing Tick: 1974.8.11.12
[15:02:39][jominiapplication.cpp:400]: Processing Tick: 1974.8.11.18
[15:02:40][jominiapplication.cpp:400]: Processing Tick: 1974.8.12
[15:02:43][jominiapplication.cpp:400]: Processing Tick: 1974.8.12.6
[15:02:45][jominiapplication.cpp:400]: Processing Tick: 1974.8.12.12
[15:02:46][jominiapplication.cpp:400]: Processing Tick: 1974.8.12.18
[15:02:47][jominiapplication.cpp:400]: Processing Tick: 1974.8.13
[15:02:58][jominiapplication.cpp:400]: Processing Tick: 1974.8.13.6
[15:03:00][jominiapplication.cpp:400]: Processing Tick: 1974.8.13.12
[15:03:02][jominiapplication.cpp:400]: Processing Tick: 1974.8.13.18
[15:03:03][jominiapplication.cpp:400]: Processing Tick: 1974.8.14
[15:03:06][jominiapplication.cpp:400]: Processing Tick: 1974.8.14.6
[15:03:07][jominiapplication.cpp:400]: Processing Tick: 1974.8.14.12
[15:03:08][jominiapplication.cpp:400]: Processing Tick: 1974.8.14.18
[15:03:09][jominiapplication.cpp:400]: Processing Tick: 1974.8.15
[15:03:10][jominiapplication.cpp:400]: Processing Tick: 1974.8.15.6
[15:03:11][jominiapplication.cpp:400]: Processing Tick: 1974.8.15.12
[15:03:11][jominiapplication.cpp:400]: Processing Tick: 1974.8.15.18
[15:03:12][jominiapplication.cpp:400]: Processing Tick: 1974.8.16
[15:03:14][jominiapplication.cpp:400]: Processing Tick: 1974.8.16.6
[15:03:15][jominiapplication.cpp:400]: Processing Tick: 1974.8.16.12
[15:03:16][jominiapplication.cpp:400]: Processing Tick: 1974.8.16.18
[15:03:17][jominiapplication.cpp:400]: Processing Tick: 1974.8.17
[15:03:19][jominiapplication.cpp:400]: Processing Tick: 1974.8.17.6
[15:03:19][jominiapplication.cpp:400]: Processing Tick: 1974.8.17.12
[15:03:20][jominiapplication.cpp:400]: Processing Tick: 1974.8.17.18
[15:03:21][jominiapplication.cpp:400]: Processing Tick: 1974.8.18
[15:03:23][jominiapplication.cpp:400]: Processing Tick: 1974.8.18.6
[15:03:24][jominiapplication.cpp:400]: Processing Tick: 1974.8.18.12
[15:03:25][jominiapplication.cpp:400]: Processing Tick: 1974.8.18.18
[15:03:26][jominiapplication.cpp:400]: Processing Tick: 1974.8.19
[15:03:28][jominiapplication.cpp:400]: Processing Tick: 1974.8.19.6
[15:03:29][jominiapplication.cpp:400]: Processing Tick: 1974.8.19.12
[15:03:29][jominiapplication.cpp:400]: Processing Tick: 1974.8.19.18
[15:03:30][jominiapplication.cpp:400]: Processing Tick: 1974.8.20
[15:03:36][jominiapplication.cpp:400]: Processing Tick: 1974.8.20.6
[15:03:37][jominiapplication.cpp:400]: Processing Tick: 1974.8.20.12
[15:03:38][jominiapplication.cpp:400]: Processing Tick: 1974.8.20.18
[15:03:40][jominiapplication.cpp:400]: Processing Tick: 1974.8.21
[15:03:42][jominiapplication.cpp:400]: Processing Tick: 1974.8.21.6
[15:03:43][jominiapplication.cpp:400]: Processing Tick: 1974.8.21.12
[15:03:43][jominiapplication.cpp:400]: Processing Tick: 1974.8.21.18
[15:03:44][jominiapplication.cpp:400]: Processing Tick: 1974.8.22
[15:03:46][jominiapplication.cpp:400]: Processing Tick: 1974.8.22.6
[15:03:47][jominiapplication.cpp:400]: Processing Tick: 1974.8.22.12
[15:03:47][jominiapplication.cpp:400]: Processing Tick: 1974.8.22.18
[15:03:48][jominiapplication.cpp:400]: Processing Tick: 1974.8.23
[15:03:50][jominiapplication.cpp:400]: Processing Tick: 1974.8.23.6
[15:03:51][jominiapplication.cpp:400]: Processing Tick: 1974.8.23.12
[15:03:51][jominiapplication.cpp:400]: Processing Tick: 1974.8.23.18
[15:03:52][jominiapplication.cpp:400]: Processing Tick: 1974.8.24
[15:03:54][jominiapplication.cpp:400]: Processing Tick: 1974.8.24.6
[15:03:55][jominiapplication.cpp:400]: Processing Tick: 1974.8.24.12
[15:03:56][jominiapplication.cpp:400]: Processing Tick: 1974.8.24.18
[15:03:57][jominiapplication.cpp:400]: Processing Tick: 1974.8.25
[15:03:58][jominiapplication.cpp:400]: Processing Tick: 1974.8.25.6
[15:03:59][jominiapplication.cpp:400]: Processing Tick: 1974.8.25.12
[15:04:00][jominiapplication.cpp:400]: Processing Tick: 1974.8.25.18
[15:04:01][jominiapplication.cpp:400]: Processing Tick: 1974.8.26
[15:04:03][jominiapplication.cpp:400]: Processing Tick: 1974.8.26.6
[15:04:03][jominiapplication.cpp:400]: Processing Tick: 1974.8.26.12
[15:04:04][jominiapplication.cpp:400]: Processing Tick: 1974.8.26.18
[15:04:05][jominiapplication.cpp:400]: Processing Tick: 1974.8.27
[15:04:11][jominiapplication.cpp:400]: Processing Tick: 1974.8.27.6
[15:04:12][jominiapplication.cpp:400]: Processing Tick: 1974.8.27.12
[15:04:13][jominiapplication.cpp:400]: Processing Tick: 1974.8.27.18
[15:04:14][jominiapplication.cpp:400]: Processing Tick: 1974.8.28
[15:04:17][jominiapplication.cpp:400]: Processing Tick: 1974.8.28.6
[15:04:18][jominiapplication.cpp:400]: Processing Tick: 1974.8.28.12
[15:04:20][jominiapplication.cpp:400]: Processing Tick: 1974.8.28.18
[15:04:21][jominiapplication.cpp:400]: Processing Tick: 1974.8.29
[15:04:24][jominiapplication.cpp:400]: Processing Tick: 1974.8.29.6
[15:04:25][jominiapplication.cpp:400]: Processing Tick: 1974.8.29.12
[15:04:26][jominiapplication.cpp:400]: Processing Tick: 1974.8.29.18
[15:04:26][jominiapplication.cpp:400]: Processing Tick: 1974.8.30
[15:04:28][jominiapplication.cpp:400]: Processing Tick: 1974.8.30.6
[15:04:29][jominiapplication.cpp:400]: Processing Tick: 1974.8.30.12
[15:04:30][jominiapplication.cpp:400]: Processing Tick: 1974.8.30.18
[15:04:31][jominiapplication.cpp:400]: Processing Tick: 1974.8.31
[15:04:33][jominiapplication.cpp:400]: Processing Tick: 1974.8.31.6
[15:04:33][jominiapplication.cpp:400]: Processing Tick: 1974.8.31.12
[15:04:34][jominiapplication.cpp:400]: Processing Tick: 1974.8.31.18
[15:04:35][jominiapplication.cpp:400]: Processing Tick: 1974.9.1
[15:04:41][jominiapplication.cpp:400]: Processing Tick: 1974.9.1.6
[15:04:42][jominiapplication.cpp:400]: Processing Tick: 1974.9.1.12
[15:04:43][jominiapplication.cpp:400]: Processing Tick: 1974.9.1.18
[15:04:43][jominiapplication.cpp:400]: Processing Tick: 1974.9.2
[15:04:45][jominiapplication.cpp:400]: Processing Tick: 1974.9.2.6
[15:04:46][jominiapplication.cpp:400]: Processing Tick: 1974.9.2.12
[15:04:47][jominiapplication.cpp:400]: Processing Tick: 1974.9.2.18
[15:04:48][jominiapplication.cpp:400]: Processing Tick: 1974.9.3
[15:04:53][jominiapplication.cpp:400]: Processing Tick: 1974.9.3.6
[15:04:54][jominiapplication.cpp:400]: Processing Tick: 1974.9.3.12
[15:04:56][jominiapplication.cpp:400]: Processing Tick: 1974.9.3.18
[15:04:57][jominiapplication.cpp:400]: Processing Tick: 1974.9.4
[15:04:59][jominiapplication.cpp:400]: Processing Tick: 1974.9.4.6
[15:05:01][jominiapplication.cpp:400]: Processing Tick: 1974.9.4.12
[15:05:02][jominiapplication.cpp:400]: Processing Tick: 1974.9.4.18
[15:05:04][jominiapplication.cpp:400]: Processing Tick: 1974.9.5
[15:05:06][jominiapplication.cpp:400]: Processing Tick: 1974.9.5.6
[15:05:07][jominiapplication.cpp:400]: Processing Tick: 1974.9.5.12
[15:05:08][jominiapplication.cpp:400]: Processing Tick: 1974.9.5.18
[15:05:09][jominiapplication.cpp:400]: Processing Tick: 1974.9.6
[15:05:11][jominiapplication.cpp:400]: Processing Tick: 1974.9.6.6
[15:05:11][jominiapplication.cpp:400]: Processing Tick: 1974.9.6.12
[15:05:12][jominiapplication.cpp:400]: Processing Tick: 1974.9.6.18
[15:05:13][jominiapplication.cpp:400]: Processing Tick: 1974.9.7
[15:05:15][jominiapplication.cpp:400]: Processing Tick: 1974.9.7.6
[15:05:16][jominiapplication.cpp:400]: Processing Tick: 1974.9.7.12
[15:05:17][jominiapplication.cpp:400]: Processing Tick: 1974.9.7.18
[15:05:17][jominiapplication.cpp:400]: Processing Tick: 1974.9.8
[15:05:20][jominiapplication.cpp:400]: Processing Tick: 1974.9.8.6
[15:05:21][jominiapplication.cpp:400]: Processing Tick: 1974.9.8.12
[15:05:22][jominiapplication.cpp:400]: Processing Tick: 1974.9.8.18
[15:05:24][jominiapplication.cpp:400]: Processing Tick: 1974.9.9
[15:05:26][jominiapplication.cpp:400]: Processing Tick: 1974.9.9.6
[15:05:27][jominiapplication.cpp:400]: Processing Tick: 1974.9.9.12
[15:05:28][jominiapplication.cpp:400]: Processing Tick: 1974.9.9.18
[15:05:29][jominiapplication.cpp:400]: Processing Tick: 1974.9.10
[15:05:34][jominiapplication.cpp:400]: Processing Tick: 1974.9.10.6
[15:05:35][jominiapplication.cpp:400]: Processing Tick: 1974.9.10.12
[15:05:36][jominiapplication.cpp:400]: Processing Tick: 1974.9.10.18
[15:05:37][jominiapplication.cpp:400]: Processing Tick: 1974.9.11
[15:05:39][jominiapplication.cpp:400]: Processing Tick: 1974.9.11.6
[15:05:40][jominiapplication.cpp:400]: Processing Tick: 1974.9.11.12
[15:05:41][jominiapplication.cpp:400]: Processing Tick: 1974.9.11.18
[15:05:41][jominiapplication.cpp:400]: Processing Tick: 1974.9.12
[15:05:43][jominiapplication.cpp:400]: Processing Tick: 1974.9.12.6
[15:05:44][jominiapplication.cpp:400]: Processing Tick: 1974.9.12.12
[15:05:45][jominiapplication.cpp:400]: Processing Tick: 1974.9.12.18
[15:05:46][jominiapplication.cpp:400]: Processing Tick: 1974.9.13
[15:05:48][jominiapplication.cpp:400]: Processing Tick: 1974.9.13.6
[15:05:49][jominiapplication.cpp:400]: Processing Tick: 1974.9.13.12
[15:05:50][jominiapplication.cpp:400]: Processing Tick: 1974.9.13.18
[15:05:52][jominiapplication.cpp:400]: Processing Tick: 1974.9.14
[15:05:54][jominiapplication.cpp:400]: Processing Tick: 1974.9.14.6
[15:05:55][jominiapplication.cpp:400]: Processing Tick: 1974.9.14.12
[15:05:56][jominiapplication.cpp:400]: Processing Tick: 1974.9.14.18
[15:05:57][jominiapplication.cpp:400]: Processing Tick: 1974.9.15
[15:05:58][jominiapplication.cpp:400]: Processing Tick: 1974.9.15.6
[15:05:59][jominiapplication.cpp:400]: Processing Tick: 1974.9.15.12
[15:06:00][jominiapplication.cpp:400]: Processing Tick: 1974.9.15.18
[15:06:01][jominiapplication.cpp:400]: Processing Tick: 1974.9.16
[15:06:03][jominiapplication.cpp:400]: Processing Tick: 1974.9.16.6
[15:06:04][jominiapplication.cpp:400]: Processing Tick: 1974.9.16.12
[15:06:04][jominiapplication.cpp:400]: Processing Tick: 1974.9.16.18
[15:06:05][jominiapplication.cpp:400]: Processing Tick: 1974.9.17
[15:06:11][jominiapplication.cpp:400]: Processing Tick: 1974.9.17.6
[15:06:12][jominiapplication.cpp:400]: Processing Tick: 1974.9.17.12
[15:06:13][jominiapplication.cpp:400]: Processing Tick: 1974.9.17.18
[15:06:13][jominiapplication.cpp:400]: Processing Tick: 1974.9.18
[15:06:15][jominiapplication.cpp:400]: Processing Tick: 1974.9.18.6
[15:06:16][jominiapplication.cpp:400]: Processing Tick: 1974.9.18.12
[15:06:17][jominiapplication.cpp:400]: Processing Tick: 1974.9.18.18
[15:06:18][jominiapplication.cpp:400]: Processing Tick: 1974.9.19
[15:06:19][jominiapplication.cpp:400]: Processing Tick: 1974.9.19.6
[15:06:20][jominiapplication.cpp:400]: Processing Tick: 1974.9.19.12
[15:06:21][jominiapplication.cpp:400]: Processing Tick: 1974.9.19.18
[15:06:22][jominiapplication.cpp:400]: Processing Tick: 1974.9.20
[15:06:24][jominiapplication.cpp:400]: Processing Tick: 1974.9.20.6
[15:06:25][jominiapplication.cpp:400]: Processing Tick: 1974.9.20.12
[15:06:25][jominiapplication.cpp:400]: Processing Tick: 1974.9.20.18
[15:06:26][jominiapplication.cpp:400]: Processing Tick: 1974.9.21
[15:06:28][jominiapplication.cpp:400]: Processing Tick: 1974.9.21.6
[15:06:29][jominiapplication.cpp:400]: Processing Tick: 1974.9.21.12
[15:06:30][jominiapplication.cpp:400]: Processing Tick: 1974.9.21.18
[15:06:31][jominiapplication.cpp:400]: Processing Tick: 1974.9.22
[15:06:32][jominiapplication.cpp:400]: Processing Tick: 1974.9.22.6
[15:06:33][jominiapplication.cpp:400]: Processing Tick: 1974.9.22.12
[15:06:34][jominiapplication.cpp:400]: Processing Tick: 1974.9.22.18
[15:06:35][jominiapplication.cpp:400]: Processing Tick: 1974.9.23
[15:06:37][jominiapplication.cpp:400]: Processing Tick: 1974.9.23.6
[15:06:38][jominiapplication.cpp:400]: Processing Tick: 1974.9.23.12
[15:06:39][jominiapplication.cpp:400]: Processing Tick: 1974.9.23.18
[15:06:39][jominiapplication.cpp:400]: Processing Tick: 1974.9.24
[15:06:44][jominiapplication.cpp:400]: Processing Tick: 1974.9.24.6
[15:06:45][jominiapplication.cpp:400]: Processing Tick: 1974.9.24.12
[15:06:46][jominiapplication.cpp:400]: Processing Tick: 1974.9.24.18
[15:06:47][jominiapplication.cpp:400]: Processing Tick: 1974.9.25
[15:06:48][jominiapplication.cpp:400]: Processing Tick: 1974.9.25.6
[15:06:49][jominiapplication.cpp:400]: Processing Tick: 1974.9.25.12
[15:06:50][jominiapplication.cpp:400]: Processing Tick: 1974.9.25.18
[15:06:51][jominiapplication.cpp:400]: Processing Tick: 1974.9.26
[15:06:52][jominiapplication.cpp:400]: Processing Tick: 1974.9.26.6
[15:06:53][jominiapplication.cpp:400]: Processing Tick: 1974.9.26.12
[15:06:54][jominiapplication.cpp:400]: Processing Tick: 1974.9.26.18
[15:06:55][jominiapplication.cpp:400]: Processing Tick: 1974.9.27
[15:06:56][jominiapplication.cpp:400]: Processing Tick: 1974.9.27.6
[15:06:57][jominiapplication.cpp:400]: Processing Tick: 1974.9.27.12
[15:06:58][jominiapplication.cpp:400]: Processing Tick: 1974.9.27.18
[15:06:59][jominiapplication.cpp:400]: Processing Tick: 1974.9.28
[15:07:01][jominiapplication.cpp:400]: Processing Tick: 1974.9.28.6
[15:07:02][jominiapplication.cpp:400]: Processing Tick: 1974.9.28.12
[15:07:03][jominiapplication.cpp:400]: Processing Tick: 1974.9.28.18
[15:07:04][jominiapplication.cpp:400]: Processing Tick: 1974.9.29
[15:07:05][jominiapplication.cpp:400]: Processing Tick: 1974.9.29.6
[15:07:06][jominiapplication.cpp:400]: Processing Tick: 1974.9.29.12
[15:07:07][jominiapplication.cpp:400]: Processing Tick: 1974.9.29.18
[15:07:08][jominiapplication.cpp:400]: Processing Tick: 1974.9.30
[15:07:10][jominiapplication.cpp:400]: Processing Tick: 1974.9.30.6
[15:07:10][jominiapplication.cpp:400]: Processing Tick: 1974.9.30.12
[15:07:11][jominiapplication.cpp:400]: Processing Tick: 1974.9.30.18
[15:07:12][jominiapplication.cpp:400]: Processing Tick: 1974.10.1
[15:07:20][jominiapplication.cpp:400]: Processing Tick: 1974.10.1.6
[15:07:21][jominiapplication.cpp:400]: Processing Tick: 1974.10.1.12
[15:07:22][jominiapplication.cpp:400]: Processing Tick: 1974.10.1.18
[15:07:23][jominiapplication.cpp:400]: Processing Tick: 1974.10.2
[15:07:25][jominiapplication.cpp:400]: Processing Tick: 1974.10.2.6
[15:07:26][jominiapplication.cpp:400]: Processing Tick: 1974.10.2.12
[15:07:26][jominiapplication.cpp:400]: Processing Tick: 1974.10.2.18
[15:07:27][jominiapplication.cpp:400]: Processing Tick: 1974.10.3
[15:07:29][jominiapplication.cpp:400]: Processing Tick: 1974.10.3.6
[15:07:30][jominiapplication.cpp:400]: Processing Tick: 1974.10.3.12
[15:07:31][jominiapplication.cpp:400]: Processing Tick: 1974.10.3.18
[15:07:31][jominiapplication.cpp:400]: Processing Tick: 1974.10.4
[15:07:33][jominiapplication.cpp:400]: Processing Tick: 1974.10.4.6
[15:07:34][jominiapplication.cpp:400]: Processing Tick: 1974.10.4.12
[15:07:35][jominiapplication.cpp:400]: Processing Tick: 1974.10.4.18
[15:07:36][jominiapplication.cpp:400]: Processing Tick: 1974.10.5
[15:07:38][jominiapplication.cpp:400]: Processing Tick: 1974.10.5.6
[15:07:39][jominiapplication.cpp:400]: Processing Tick: 1974.10.5.12
[15:07:39][jominiapplication.cpp:400]: Processing Tick: 1974.10.5.18
[15:07:40][jominiapplication.cpp:400]: Processing Tick: 1974.10.6
[15:07:42][jominiapplication.cpp:400]: Processing Tick: 1974.10.6.6
[15:07:43][jominiapplication.cpp:400]: Processing Tick: 1974.10.6.12
[15:07:44][jominiapplication.cpp:400]: Processing Tick: 1974.10.6.18
[15:07:45][jominiapplication.cpp:400]: Processing Tick: 1974.10.7
[15:07:46][jominiapplication.cpp:400]: Processing Tick: 1974.10.7.6
[15:07:48][jominiapplication.cpp:400]: Processing Tick: 1974.10.7.12
[15:07:49][jominiapplication.cpp:400]: Processing Tick: 1974.10.7.18
[15:07:50][jominiapplication.cpp:400]: Processing Tick: 1974.10.8
[15:07:56][jominiapplication.cpp:400]: Processing Tick: 1974.10.8.6
[15:07:58][jominiapplication.cpp:400]: Processing Tick: 1974.10.8.12
[15:07:58][jominiapplication.cpp:400]: Processing Tick: 1974.10.8.18
[15:07:59][jominiapplication.cpp:400]: Processing Tick: 1974.10.9
[15:08:01][jominiapplication.cpp:400]: Processing Tick: 1974.10.9.6
[15:08:02][jominiapplication.cpp:400]: Processing Tick: 1974.10.9.12
[15:08:03][jominiapplication.cpp:400]: Processing Tick: 1974.10.9.18
[15:08:04][jominiapplication.cpp:400]: Processing Tick: 1974.10.10
[15:08:06][jominiapplication.cpp:400]: Processing Tick: 1974.10.10.6
[15:08:07][jominiapplication.cpp:400]: Processing Tick: 1974.10.10.12
[15:08:08][jominiapplication.cpp:400]: Processing Tick: 1974.10.10.18
[15:08:10][jominiapplication.cpp:400]: Processing Tick: 1974.10.11
[15:08:13][jominiapplication.cpp:400]: Processing Tick: 1974.10.11.6
[15:08:14][jominiapplication.cpp:400]: Processing Tick: 1974.10.11.12
[15:08:15][jominiapplication.cpp:400]: Processing Tick: 1974.10.11.18
[15:08:16][jominiapplication.cpp:400]: Processing Tick: 1974.10.12
[15:08:17][jominiapplication.cpp:400]: Processing Tick: 1974.10.12.6
[15:08:19][jominiapplication.cpp:400]: Processing Tick: 1974.10.12.12
[15:08:19][jominiapplication.cpp:400]: Processing Tick: 1974.10.12.18
[15:08:20][jominiapplication.cpp:400]: Processing Tick: 1974.10.13
[15:08:22][jominiapplication.cpp:400]: Processing Tick: 1974.10.13.6
[15:08:23][jominiapplication.cpp:400]: Processing Tick: 1974.10.13.12
[15:08:24][jominiapplication.cpp:400]: Processing Tick: 1974.10.13.18
[15:08:24][jominiapplication.cpp:400]: Processing Tick: 1974.10.14
[15:08:26][jominiapplication.cpp:400]: Processing Tick: 1974.10.14.6
[15:08:27][jominiapplication.cpp:400]: Processing Tick: 1974.10.14.12
[15:08:28][jominiapplication.cpp:400]: Processing Tick: 1974.10.14.18
[15:08:28][jominiapplication.cpp:400]: Processing Tick: 1974.10.15
[15:08:34][jominiapplication.cpp:400]: Processing Tick: 1974.10.15.6
[15:08:34][jominiapplication.cpp:400]: Processing Tick: 1974.10.15.12
[15:08:35][jominiapplication.cpp:400]: Processing Tick: 1974.10.15.18
[15:08:36][jominiapplication.cpp:400]: Processing Tick: 1974.10.16
[15:08:37][jominiapplication.cpp:400]: Processing Tick: 1974.10.16.6
[15:08:38][jominiapplication.cpp:400]: Processing Tick: 1974.10.16.12
[15:08:39][jominiapplication.cpp:400]: Processing Tick: 1974.10.16.18
[15:08:40][jominiapplication.cpp:400]: Processing Tick: 1974.10.17
[15:08:41][jominiapplication.cpp:400]: Processing Tick: 1974.10.17.6
[15:08:42][jominiapplication.cpp:400]: Processing Tick: 1974.10.17.12
[15:08:43][jominiapplication.cpp:400]: Processing Tick: 1974.10.17.18
[15:08:44][jominiapplication.cpp:400]: Processing Tick: 1974.10.18
[15:08:46][jominiapplication.cpp:400]: Processing Tick: 1974.10.18.6
[15:08:47][jominiapplication.cpp:400]: Processing Tick: 1974.10.18.12
[15:08:48][jominiapplication.cpp:400]: Processing Tick: 1974.10.18.18
[15:08:49][jominiapplication.cpp:400]: Processing Tick: 1974.10.19
[15:08:51][jominiapplication.cpp:400]: Processing Tick: 1974.10.19.6
[15:08:52][jominiapplication.cpp:400]: Processing Tick: 1974.10.19.12
[15:08:52][jominiapplication.cpp:400]: Processing Tick: 1974.10.19.18
[15:08:53][jominiapplication.cpp:400]: Processing Tick: 1974.10.20
[15:08:55][jominiapplication.cpp:400]: Processing Tick: 1974.10.20.6
[15:08:56][jominiapplication.cpp:400]: Processing Tick: 1974.10.20.12
[15:08:57][jominiapplication.cpp:400]: Processing Tick: 1974.10.20.18
[15:08:58][jominiapplication.cpp:400]: Processing Tick: 1974.10.21
[15:09:00][jominiapplication.cpp:400]: Processing Tick: 1974.10.21.6
[15:09:01][jominiapplication.cpp:400]: Processing Tick: 1974.10.21.12
[15:09:01][jominiapplication.cpp:400]: Processing Tick: 1974.10.21.18
[15:09:02][jominiapplication.cpp:400]: Processing Tick: 1974.10.22
[15:09:08][jominiapplication.cpp:400]: Processing Tick: 1974.10.22.6
[15:09:10][jominiapplication.cpp:400]: Processing Tick: 1974.10.22.12
[15:09:11][jominiapplication.cpp:400]: Pause Toggled! Paused: true, PlayerID: 0
