[18:27:31][city_graphics_type.cpp:307]: Could not find a city graphics mesh for building building_porcelein_industry
[18:27:31][city_graphics_type.cpp:307]: Could not find a city graphics mesh for building building_luxury_clothes_industry
[18:27:31][city_graphics_type.cpp:307]: Could not find a city graphics mesh for building building_luxury_furniture_industry
[18:27:31][city_graphics_type.cpp:307]: Could not find a city graphics mesh for building building_primary_school
[18:27:31][city_graphics_type.cpp:307]: Could not find a city graphics mesh for building building_porcelein_industry
[18:27:31][city_graphics_type.cpp:307]: Could not find a city graphics mesh for building building_primary_school
[18:27:31][city_graphics_type.cpp:307]: Could not find a city graphics mesh for building building_middle_school
[18:27:31][city_graphics_type.cpp:307]: Could not find a city graphics mesh for building building_luxury_furniture_industry
[18:27:31][city_graphics_type.cpp:307]: Could not find a city graphics mesh for building building_middle_school
[18:27:31][city_graphics_type.cpp:307]: Could not find a city graphics mesh for building building_middle_school
[18:27:31][city_graphics_type.cpp:307]: Could not find a city graphics mesh for building building_luxury_clothes_industry
[18:27:31][city_graphics_type.cpp:307]: Could not find a city graphics mesh for building building_porcelein_industry
[18:27:31][city_graphics_type.cpp:307]: Could not find a city graphics mesh for building building_luxury_clothes_industry
[18:27:31][city_graphics_type.cpp:307]: Could not find a city graphics mesh for building building_luxury_clothes_industry
[18:27:31][city_graphics_type.cpp:307]: Could not find a city graphics mesh for building building_luxury_furniture_industry
[18:27:31][city_graphics_type.cpp:307]: Could not find a city graphics mesh for building building_luxury_furniture_industry
[18:27:31][city_graphics_type.cpp:307]: Could not find a city graphics mesh for building building_luxury_furniture_industry
[18:27:31][city_graphics_type.cpp:307]: Could not find a city graphics mesh for building building_middle_school
[18:27:31][city_graphics_type.cpp:307]: Could not find a city graphics mesh for building building_middle_school
[18:27:31][city_graphics_type.cpp:307]: Could not find a city graphics mesh for building building_luxury_clothes_industry
[18:27:31][city_graphics_type.cpp:307]: Could not find a city graphics mesh for building building_middle_school
[18:27:31][city_graphics_type.cpp:307]: Could not find a city graphics mesh for building building_luxury_clothes_industry
[18:27:31][city_graphics_type.cpp:307]: Could not find a city graphics mesh for building building_luxury_clothes_industry
[18:27:31][city_graphics_type.cpp:307]: Could not find a city graphics mesh for building building_middle_school
[18:27:31][city_graphics_type.cpp:307]: Could not find a city graphics mesh for building building_primary_school
[18:27:31][city_graphics_type.cpp:307]: Could not find a city graphics mesh for building building_luxury_clothes_industry
[18:27:31][city_graphics_type.cpp:307]: Could not find a city graphics mesh for building building_porcelein_industry
[18:27:31][city_graphics_type.cpp:307]: Could not find a city graphics mesh for building building_porcelein_industry
[18:27:31][city_graphics_type.cpp:307]: Could not find a city graphics mesh for building building_middle_school
[18:27:31][city_graphics_type.cpp:307]: Could not find a city graphics mesh for building building_luxury_clothes_industry
[18:27:31][city_graphics_type.cpp:307]: Could not find a city graphics mesh for building building_primary_school
[18:27:31][city_graphics_type.cpp:307]: Could not find a city graphics mesh for building building_primary_school
[18:27:31][city_graphics_type.cpp:307]: Could not find a city graphics mesh for building building_primary_school
[18:27:31][city_graphics_type.cpp:307]: Could not find a city graphics mesh for building building_luxury_furniture_industry
[18:27:31][city_graphics_type.cpp:307]: Could not find a city graphics mesh for building building_luxury_clothes_industry
[18:27:31][city_graphics_type.cpp:307]: Could not find a city graphics mesh for building building_luxury_clothes_industry
[18:27:31][city_graphics_type.cpp:307]: Could not find a city graphics mesh for building building_luxury_clothes_industry
[18:27:31][city_graphics_type.cpp:307]: Could not find a city graphics mesh for building building_primary_school
[18:27:31][city_graphics_type.cpp:307]: Could not find a city graphics mesh for building building_middle_school
[18:27:31][city_graphics_type.cpp:307]: Could not find a city graphics mesh for building building_primary_school
[18:27:31][city_graphics_type.cpp:307]: Could not find a city graphics mesh for building building_middle_school
[18:27:31][city_graphics_type.cpp:307]: Could not find a city graphics mesh for building building_middle_school
[18:27:31][city_graphics_type.cpp:307]: Could not find a city graphics mesh for building building_luxury_furniture_industry
[18:27:31][city_graphics_type.cpp:307]: Could not find a city graphics mesh for building building_middle_school
[18:27:31][city_graphics_type.cpp:307]: Could not find a city graphics mesh for building building_porcelein_industry
[18:27:31][city_graphics_type.cpp:307]: Could not find a city graphics mesh for building building_porcelein_industry
[18:27:31][city_graphics_type.cpp:307]: Could not find a city graphics mesh for building building_middle_school
[18:27:31][city_graphics_type.cpp:307]: Could not find a city graphics mesh for building building_primary_school
[18:27:31][city_graphics_type.cpp:307]: Could not find a city graphics mesh for building building_luxury_furniture_industry
[18:27:31][city_graphics_type.cpp:307]: Could not find a city graphics mesh for building building_luxury_furniture_industry
[18:27:31][city_graphics_type.cpp:307]: Could not find a city graphics mesh for building building_primary_school
[18:27:31][city_graphics_type.cpp:307]: Could not find a city graphics mesh for building building_middle_school
[18:27:31][city_graphics_type.cpp:307]: Could not find a city graphics mesh for building building_luxury_furniture_industry
[18:27:31][city_graphics_type.cpp:307]: Could not find a city graphics mesh for building building_primary_school
[18:27:31][city_graphics_type.cpp:307]: Could not find a city graphics mesh for building building_primary_school
[18:27:31][city_graphics_type.cpp:307]: Could not find a city graphics mesh for building building_luxury_furniture_industry
[18:27:31][city_graphics_type.cpp:307]: Could not find a city graphics mesh for building building_ptf
[18:27:31][city_graphics_type.cpp:307]: Could not find a city graphics mesh for building building_porcelein_industry
[18:27:31][city_graphics_type.cpp:307]: Could not find a city graphics mesh for building building_primary_school
[18:27:31][city_graphics_type.cpp:307]: Could not find a city graphics mesh for building building_middle_school
[18:27:31][city_graphics_type.cpp:307]: Could not find a city graphics mesh for building building_middle_school
[18:27:31][city_graphics_type.cpp:307]: Could not find a city graphics mesh for building building_luxury_clothes_industry
[18:27:31][city_graphics_type.cpp:307]: Could not find a city graphics mesh for building building_middle_school
[18:27:31][city_graphics_type.cpp:307]: Could not find a city graphics mesh for building building_luxury_furniture_industry
[18:27:31][city_graphics_type.cpp:307]: Could not find a city graphics mesh for building building_middle_school
[18:27:31][city_graphics_type.cpp:307]: Could not find a city graphics mesh for building building_middle_school
[18:27:31][city_graphics_type.cpp:307]: Could not find a city graphics mesh for building building_middle_school
[18:27:31][city_graphics_type.cpp:307]: Could not find a city graphics mesh for building building_middle_school
[18:27:31][city_graphics_type.cpp:307]: Could not find a city graphics mesh for building building_primary_school
[18:27:31][city_graphics_type.cpp:307]: Could not find a city graphics mesh for building building_middle_school
[18:27:31][city_graphics_type.cpp:307]: Could not find a city graphics mesh for building building_porcelein_industry
[18:27:31][city_graphics_type.cpp:307]: Could not find a city graphics mesh for building building_primary_school
[18:27:31][city_graphics_type.cpp:307]: Could not find a city graphics mesh for building building_luxury_furniture_industry
[18:27:31][city_graphics_type.cpp:307]: Could not find a city graphics mesh for building building_primary_school
[18:27:31][city_graphics_type.cpp:307]: Could not find a city graphics mesh for building building_luxury_clothes_industry
[18:27:31][city_graphics_type.cpp:307]: Could not find a city graphics mesh for building building_porcelein_industry
[18:27:31][city_graphics_type.cpp:307]: Could not find a city graphics mesh for building building_luxury_furniture_industry
[18:27:31][city_graphics_type.cpp:307]: Could not find a city graphics mesh for building building_primary_school
[18:27:31][city_graphics_type.cpp:307]: Could not find a city graphics mesh for building building_primary_school
[18:27:31][city_graphics_type.cpp:307]: Could not find a city graphics mesh for building building_porcelein_industry
[18:27:31][city_graphics_type.cpp:307]: Could not find a city graphics mesh for building building_primary_school
[18:27:31][city_graphics_type.cpp:307]: Could not find a city graphics mesh for building building_middle_school
[18:27:31][city_graphics_type.cpp:307]: Could not find a city graphics mesh for building building_luxury_clothes_industry
[18:27:31][city_graphics_type.cpp:307]: Could not find a city graphics mesh for building building_luxury_clothes_industry
[18:27:31][city_graphics_type.cpp:307]: Could not find a city graphics mesh for building building_luxury_clothes_industry
[18:27:31][city_graphics_type.cpp:307]: Could not find a city graphics mesh for building building_luxury_furniture_industry
[18:27:31][city_graphics_type.cpp:307]: Could not find a city graphics mesh for building building_porcelein_industry
[18:27:31][jomini_script_system.cpp:262]: Script system error!
  Error: arable_land_country trigger [ Wrong scope for trigger: state, expected country ]
  Script location: file: common/buildings/LD_buildings.txt line: 163

[18:27:31][jomini_script_system.cpp:262]: Script system error!
  Error: arable_land_country trigger [ Wrong scope for trigger: state, expected country ]
  Script location: file: common/buildings/LD_buildings.txt line: 163

[18:27:31][jomini_script_system.cpp:262]: Script system error!
  Error: arable_land_country trigger [ Wrong scope for trigger: state, expected country ]
  Script location: file: common/buildings/LD_buildings.txt line: 163

[18:27:31][jomini_script_system.cpp:262]: Script system error!
  Error: arable_land_country trigger [ Wrong scope for trigger: state, expected country ]
  Script location: file: common/buildings/LD_buildings.txt line: 163

[18:27:31][jomini_script_system.cpp:262]: Script system error!
  Error: arable_land_country trigger [ Wrong scope for trigger: state, expected country ]
  Script location: file: common/buildings/LD_buildings.txt line: 163

[18:27:31][jomini_script_system.cpp:262]: Script system error!
  Error: arable_land_country trigger [ Wrong scope for trigger: state, expected country ]
  Script location: file: common/buildings/LD_buildings.txt line: 163

[18:27:31][jomini_script_system.cpp:262]: Script system error!
  Error: arable_land_country trigger [ Wrong scope for trigger: state, expected country ]
  Script location: file: common/buildings/LD_buildings.txt line: 163

[18:27:31][jomini_script_system.cpp:262]: Script system error!
  Error: arable_land_country trigger [ Wrong scope for trigger: state, expected country ]
  Script location: file: common/buildings/LD_buildings.txt line: 163

[18:27:31][city_graphics_type.cpp:307]: Could not find a city graphics mesh for building building_middle_school
[18:27:31][city_graphics_type.cpp:307]: Could not find a city graphics mesh for building building_primary_school
[18:27:31][city_graphics_type.cpp:307]: Could not find a city graphics mesh for building building_porcelein_industry
[18:27:31][city_graphics_type.cpp:307]: Could not find a city graphics mesh for building building_luxury_furniture_industry
[18:27:31][city_graphics_type.cpp:307]: Could not find a city graphics mesh for building building_primary_school
[18:27:31][city_graphics_type.cpp:307]: Could not find a city graphics mesh for building building_primary_school
[18:27:32][jomini_script_system.cpp:262]: Script system error!
  Error: change_variable effect [ Division/modulo by zero ]
  Script location: file: common/scripted_effects/00_victoria_scripted_effects.txt line: 3109 file: common/journal_entries/00_italian_unification.txt line: 54

[18:27:32][jomini_script_system.cpp:262]: Script system error!
  Error: change_variable effect [ Division/modulo by zero ]
  Script location: file: common/scripted_effects/00_victoria_scripted_effects.txt line: 3109 file: common/journal_entries/00_italian_unification.txt line: 54

[18:27:32][jomini_script_system.cpp:262]: Script system error!
  Error: change_variable effect [ Division/modulo by zero ]
  Script location: file: common/scripted_effects/00_victoria_scripted_effects.txt line: 3109 file: common/journal_entries/00_italian_unification.txt line: 54

[18:27:32][jomini_script_system.cpp:262]: Script system error!
  Error: change_variable effect [ Division/modulo by zero ]
  Script location: file: common/scripted_effects/00_victoria_scripted_effects.txt line: 3109 file: common/journal_entries/00_italian_unification.txt line: 54

[18:27:32][jomini_script_system.cpp:262]: Script system error!
  Error: change_variable effect [ Division/modulo by zero ]
  Script location: file: common/scripted_effects/00_victoria_scripted_effects.txt line: 3109 file: common/journal_entries/00_italian_unification.txt line: 54

[18:27:32][jomini_script_system.cpp:262]: Script system error!
  Error: change_variable effect [ Division/modulo by zero ]
  Script location: file: common/scripted_effects/00_victoria_scripted_effects.txt line: 3109 file: common/journal_entries/00_italian_unification.txt line: 54

[18:27:32][jomini_script_system.cpp:262]: Script system error!
  Error: change_variable effect [ Division/modulo by zero ]
  Script location: file: common/scripted_effects/00_victoria_scripted_effects.txt line: 3109 file: common/journal_entries/00_italian_unification.txt line: 54

[18:27:32][city_graphics_type.cpp:307]: Could not find a city graphics mesh for building building_primary_school
[18:27:32][city_graphics_type.cpp:307]: Could not find a city graphics mesh for building building_middle_school
[18:27:32][city_graphics_type.cpp:307]: Could not find a city graphics mesh for building building_middle_school
[18:27:32][city_graphics_type.cpp:307]: Could not find a city graphics mesh for building building_primary_school
[18:27:32][city_graphics_type.cpp:307]: Could not find a city graphics mesh for building building_primary_school
[18:27:32][city_graphics_type.cpp:307]: Could not find a city graphics mesh for building building_porcelein_industry
[18:27:32][city_graphics_type.cpp:307]: Could not find a city graphics mesh for building building_primary_school
[18:27:32][city_graphics_type.cpp:307]: Could not find a city graphics mesh for building building_middle_school
[18:27:32][city_graphics_type.cpp:307]: Could not find a city graphics mesh for building building_luxury_clothes_industry
[18:27:32][city_graphics_type.cpp:307]: Could not find a city graphics mesh for building building_luxury_furniture_industry
[18:27:32][city_graphics_type.cpp:307]: Could not find a city graphics mesh for building building_primary_school
[18:27:32][city_graphics_type.cpp:307]: Could not find a city graphics mesh for building building_middle_school
[18:27:32][city_graphics_type.cpp:307]: Could not find a city graphics mesh for building building_porcelein_industry
[18:27:32][city_graphics_type.cpp:307]: Could not find a city graphics mesh for building building_luxury_clothes_industry
[18:27:32][city_graphics_type.cpp:307]: Could not find a city graphics mesh for building building_middle_school
[18:27:32][city_graphics_type.cpp:307]: Could not find a city graphics mesh for building building_luxury_furniture_industry
[18:27:32][city_graphics_type.cpp:307]: Could not find a city graphics mesh for building building_luxury_furniture_industry
[18:27:32][city_graphics_type.cpp:307]: Could not find a city graphics mesh for building building_porcelein_industry
[18:27:32][city_graphics_type.cpp:307]: Could not find a city graphics mesh for building building_middle_school
[18:27:32][city_graphics_type.cpp:307]: Could not find a city graphics mesh for building building_primary_school
[18:27:32][city_graphics_type.cpp:307]: Could not find a city graphics mesh for building building_luxury_furniture_industry
[18:27:33][jomini_script_system.cpp:262]: Script system error!
  Error: arable_land_country trigger [ Wrong scope for trigger: state, expected country ]
  Script location: file: common/buildings/LD_buildings.txt line: 163

[18:27:33][jomini_script_system.cpp:262]: Script system error!
  Error: arable_land_country trigger [ Wrong scope for trigger: state, expected country ]
  Script location: file: common/buildings/LD_buildings.txt line: 163

[18:27:33][jomini_script_system.cpp:262]: Script system error!
  Error: arable_land_country trigger [ Wrong scope for trigger: state, expected country ]
  Script location: file: common/buildings/LD_buildings.txt line: 163

[18:27:33][jomini_script_system.cpp:262]: Script system error!
  Error: arable_land_country trigger [ Wrong scope for trigger: state, expected country ]
  Script location: file: common/buildings/LD_buildings.txt line: 163

[18:27:33][jomini_script_system.cpp:262]: Script system error!
  Error: arable_land_country trigger [ Wrong scope for trigger: state, expected country ]
  Script location: file: common/buildings/LD_buildings.txt line: 163

[18:27:33][jomini_script_system.cpp:262]: Script system error!
  Error: arable_land_country trigger [ Wrong scope for trigger: state, expected country ]
  Script location: file: common/buildings/LD_buildings.txt line: 163

[18:27:33][jomini_script_system.cpp:262]: Script system error!
  Error: arable_land_country trigger [ Wrong scope for trigger: state, expected country ]
  Script location: file: common/buildings/LD_buildings.txt line: 163

[18:27:33][jomini_script_system.cpp:262]: Script system error!
  Error: arable_land_country trigger [ Wrong scope for trigger: state, expected country ]
  Script location: file: common/buildings/LD_buildings.txt line: 163

[18:27:33][jomini_script_system.cpp:262]: Script system error!
  Error: arable_land_country trigger [ Wrong scope for trigger: state, expected country ]
  Script location: file: common/buildings/LD_buildings.txt line: 163

[18:27:33][jomini_script_system.cpp:262]: Script system error!
  Error: arable_land_country trigger [ Wrong scope for trigger: state, expected country ]
  Script location: file: common/buildings/LD_buildings.txt line: 163

[18:27:33][jomini_script_system.cpp:262]: Script system error!
  Error: arable_land_country trigger [ Wrong scope for trigger: state, expected country ]
  Script location: file: common/buildings/LD_buildings.txt line: 163

[18:27:33][jomini_script_system.cpp:262]: Script system error!
  Error: arable_land_country trigger [ Wrong scope for trigger: state, expected country ]
  Script location: file: common/buildings/LD_buildings.txt line: 163

[18:27:33][jomini_script_system.cpp:262]: Script system error!
  Error: arable_land_country trigger [ Wrong scope for trigger: state, expected country ]
  Script location: file: common/buildings/LD_buildings.txt line: 163

[18:27:33][jomini_script_system.cpp:262]: Script system error!
  Error: arable_land_country trigger [ Wrong scope for trigger: state, expected country ]
  Script location: file: common/buildings/LD_buildings.txt line: 163

[18:27:33][jomini_script_system.cpp:262]: Script system error!
  Error: arable_land_country trigger [ Wrong scope for trigger: state, expected country ]
  Script location: file: common/buildings/LD_buildings.txt line: 163

[18:27:33][jomini_script_system.cpp:262]: Script system error!
  Error: arable_land_country trigger [ Wrong scope for trigger: state, expected country ]
  Script location: file: common/buildings/LD_buildings.txt line: 163

[18:27:33][jomini_script_system.cpp:262]: Script system error!
  Error: arable_land_country trigger [ Wrong scope for trigger: state, expected country ]
  Script location: file: common/buildings/LD_buildings.txt line: 163

[18:27:33][jomini_script_system.cpp:262]: Script system error!
  Error: arable_land_country trigger [ Wrong scope for trigger: state, expected country ]
  Script location: file: common/buildings/LD_buildings.txt line: 163

[18:27:33][jomini_script_system.cpp:262]: Script system error!
  Error: arable_land_country trigger [ Wrong scope for trigger: state, expected country ]
  Script location: file: common/buildings/LD_buildings.txt line: 163

[18:27:33][jomini_script_system.cpp:262]: Script system error!
  Error: arable_land_country trigger [ Wrong scope for trigger: state, expected country ]
  Script location: file: common/buildings/LD_buildings.txt line: 163

[18:27:33][jomini_script_system.cpp:262]: Script system error!
  Error: arable_land_country trigger [ Wrong scope for trigger: state, expected country ]
  Script location: file: common/buildings/LD_buildings.txt line: 163

[18:27:33][jomini_script_system.cpp:262]: Script system error!
  Error: arable_land_country trigger [ Wrong scope for trigger: state, expected country ]
  Script location: file: common/buildings/LD_buildings.txt line: 163

[18:27:33][jomini_script_system.cpp:262]: Script system error!
  Error: arable_land_country trigger [ Wrong scope for trigger: state, expected country ]
  Script location: file: common/buildings/LD_buildings.txt line: 163

[18:27:33][jomini_script_system.cpp:262]: Script system error!
  Error: arable_land_country trigger [ Wrong scope for trigger: state, expected country ]
  Script location: file: common/buildings/LD_buildings.txt line: 163

[18:27:33][city_graphics_type.cpp:307]: Could not find a city graphics mesh for building building_primary_school
[18:27:33][city_graphics_type.cpp:307]: Could not find a city graphics mesh for building building_primary_school
[18:27:33][city_graphics_type.cpp:307]: Could not find a city graphics mesh for building building_middle_school
[18:27:33][city_graphics_type.cpp:307]: Could not find a city graphics mesh for building building_primary_school
[18:27:33][city_graphics_type.cpp:307]: Could not find a city graphics mesh for building building_middle_school
[18:27:33][city_graphics_type.cpp:307]: Could not find a city graphics mesh for building building_primary_school
[18:27:33][city_graphics_type.cpp:307]: Could not find a city graphics mesh for building building_middle_school
[18:27:33][city_graphics_type.cpp:307]: Could not find a city graphics mesh for building building_primary_school
[18:27:33][city_graphics_type.cpp:307]: Could not find a city graphics mesh for building building_luxury_clothes_industry
[18:27:33][city_graphics_type.cpp:307]: Could not find a city graphics mesh for building building_middle_school
[18:27:33][city_graphics_type.cpp:307]: Could not find a city graphics mesh for building building_primary_school
[18:27:33][jomini_script_system.cpp:262]: Script system error!
  Error: arable_land_country trigger [ Wrong scope for trigger: state, expected country ]
  Script location: file: common/buildings/LD_buildings.txt line: 163

[18:27:33][jomini_script_system.cpp:262]: Script system error!
  Error: arable_land_country trigger [ Wrong scope for trigger: state, expected country ]
  Script location: file: common/buildings/LD_buildings.txt line: 163

[18:27:33][jomini_script_system.cpp:262]: Script system error!
  Error: arable_land_country trigger [ Wrong scope for trigger: state, expected country ]
  Script location: file: common/buildings/LD_buildings.txt line: 163

[18:27:33][jomini_script_system.cpp:262]: Script system error!
  Error: arable_land_country trigger [ Wrong scope for trigger: state, expected country ]
  Script location: file: common/buildings/LD_buildings.txt line: 163

[18:27:33][jomini_script_system.cpp:262]: Script system error!
  Error: arable_land_country trigger [ Wrong scope for trigger: state, expected country ]
  Script location: file: common/buildings/LD_buildings.txt line: 163

[18:27:33][jomini_script_system.cpp:262]: Script system error!
  Error: arable_land_country trigger [ Wrong scope for trigger: state, expected country ]
  Script location: file: common/buildings/LD_buildings.txt line: 163

[18:27:33][jomini_script_system.cpp:262]: Script system error!
  Error: arable_land_country trigger [ Wrong scope for trigger: state, expected country ]
  Script location: file: common/buildings/LD_buildings.txt line: 163

[18:27:33][jomini_script_system.cpp:262]: Script system error!
  Error: arable_land_country trigger [ Wrong scope for trigger: state, expected country ]
  Script location: file: common/buildings/LD_buildings.txt line: 163

[18:27:33][jomini_script_system.cpp:262]: Script system error!
  Error: arable_land_country trigger [ Wrong scope for trigger: state, expected country ]
  Script location: file: common/buildings/LD_buildings.txt line: 163

[18:27:33][jomini_script_system.cpp:262]: Script system error!
  Error: arable_land_country trigger [ Wrong scope for trigger: state, expected country ]
  Script location: file: common/buildings/LD_buildings.txt line: 163

[18:27:33][jomini_script_system.cpp:262]: Script system error!
  Error: arable_land_country trigger [ Wrong scope for trigger: state, expected country ]
  Script location: file: common/buildings/LD_buildings.txt line: 163

[18:27:33][jomini_script_system.cpp:262]: Script system error!
  Error: arable_land_country trigger [ Wrong scope for trigger: state, expected country ]
  Script location: file: common/buildings/LD_buildings.txt line: 163

[18:27:33][jomini_script_system.cpp:262]: Script system error!
  Error: arable_land_country trigger [ Wrong scope for trigger: state, expected country ]
  Script location: file: common/buildings/LD_buildings.txt line: 163

[18:27:33][jomini_script_system.cpp:262]: Script system error!
  Error: arable_land_country trigger [ Wrong scope for trigger: state, expected country ]
  Script location: file: common/buildings/LD_buildings.txt line: 163

[18:27:33][jomini_script_system.cpp:262]: Script system error!
  Error: arable_land_country trigger [ Wrong scope for trigger: state, expected country ]
  Script location: file: common/buildings/LD_buildings.txt line: 163

[18:27:33][jomini_script_system.cpp:262]: Script system error!
  Error: arable_land_country trigger [ Wrong scope for trigger: state, expected country ]
  Script location: file: common/buildings/LD_buildings.txt line: 163

[18:27:33][jomini_script_system.cpp:262]: Script system error!
  Error: arable_land_country trigger [ Wrong scope for trigger: state, expected country ]
  Script location: file: common/buildings/LD_buildings.txt line: 163

[18:27:33][jomini_script_system.cpp:262]: Script system error!
  Error: arable_land_country trigger [ Wrong scope for trigger: state, expected country ]
  Script location: file: common/buildings/LD_buildings.txt line: 163

[18:27:33][jomini_script_system.cpp:262]: Script system error!
  Error: arable_land_country trigger [ Wrong scope for trigger: state, expected country ]
  Script location: file: common/buildings/LD_buildings.txt line: 163

[18:27:33][jomini_script_system.cpp:262]: Script system error!
  Error: arable_land_country trigger [ Wrong scope for trigger: state, expected country ]
  Script location: file: common/buildings/LD_buildings.txt line: 163

[18:27:33][jomini_script_system.cpp:262]: Script system error!
  Error: arable_land_country trigger [ Wrong scope for trigger: state, expected country ]
  Script location: file: common/buildings/LD_buildings.txt line: 163

[18:27:33][jomini_script_system.cpp:262]: Script system error!
  Error: arable_land_country trigger [ Wrong scope for trigger: state, expected country ]
  Script location: file: common/buildings/LD_buildings.txt line: 163

[18:27:33][jomini_script_system.cpp:262]: Script system error!
  Error: arable_land_country trigger [ Wrong scope for trigger: state, expected country ]
  Script location: file: common/buildings/LD_buildings.txt line: 163

[18:27:33][jomini_script_system.cpp:262]: Script system error!
  Error: arable_land_country trigger [ Wrong scope for trigger: state, expected country ]
  Script location: file: common/buildings/LD_buildings.txt line: 163

[18:27:33][jomini_script_system.cpp:262]: Script system error!
  Error: arable_land_country trigger [ Wrong scope for trigger: state, expected country ]
  Script location: file: common/buildings/LD_buildings.txt line: 163

[18:27:33][jomini_script_system.cpp:262]: Script system error!
  Error: arable_land_country trigger [ Wrong scope for trigger: state, expected country ]
  Script location: file: common/buildings/LD_buildings.txt line: 163

[18:27:33][jomini_script_system.cpp:262]: Script system error!
  Error: arable_land_country trigger [ Wrong scope for trigger: state, expected country ]
  Script location: file: common/buildings/LD_buildings.txt line: 163

[18:27:33][jomini_script_system.cpp:262]: Script system error!
  Error: arable_land_country trigger [ Wrong scope for trigger: state, expected country ]
  Script location: file: common/buildings/LD_buildings.txt line: 163

[18:27:33][jomini_script_system.cpp:262]: Script system error!
  Error: arable_land_country trigger [ Wrong scope for trigger: state, expected country ]
  Script location: file: common/buildings/LD_buildings.txt line: 163

[18:27:33][jomini_script_system.cpp:262]: Script system error!
  Error: arable_land_country trigger [ Wrong scope for trigger: state, expected country ]
  Script location: file: common/buildings/LD_buildings.txt line: 163

[18:27:33][jomini_script_system.cpp:262]: Script system error!
  Error: arable_land_country trigger [ Wrong scope for trigger: state, expected country ]
  Script location: file: common/buildings/LD_buildings.txt line: 163

[18:27:33][jomini_script_system.cpp:262]: Script system error!
  Error: arable_land_country trigger [ Wrong scope for trigger: state, expected country ]
  Script location: file: common/buildings/LD_buildings.txt line: 163

[18:27:33][jomini_script_system.cpp:262]: Script system error!
  Error: arable_land_country trigger [ Wrong scope for trigger: state, expected country ]
  Script location: file: common/buildings/LD_buildings.txt line: 163

[18:27:33][jomini_script_system.cpp:262]: Script system error!
  Error: arable_land_country trigger [ Wrong scope for trigger: state, expected country ]
  Script location: file: common/buildings/LD_buildings.txt line: 163

[18:27:33][jomini_script_system.cpp:262]: Script system error!
  Error: arable_land_country trigger [ Wrong scope for trigger: state, expected country ]
  Script location: file: common/buildings/LD_buildings.txt line: 163

[18:27:33][jomini_script_system.cpp:262]: Script system error!
  Error: arable_land_country trigger [ Wrong scope for trigger: state, expected country ]
  Script location: file: common/buildings/LD_buildings.txt line: 163

[18:27:33][jomini_script_system.cpp:262]: Script system error!
  Error: arable_land_country trigger [ Wrong scope for trigger: state, expected country ]
  Script location: file: common/buildings/LD_buildings.txt line: 163

[18:27:33][jomini_script_system.cpp:262]: Script system error!
  Error: arable_land_country trigger [ Wrong scope for trigger: state, expected country ]
  Script location: file: common/buildings/LD_buildings.txt line: 163

[18:27:33][jomini_script_system.cpp:262]: Script system error!
  Error: arable_land_country trigger [ Wrong scope for trigger: state, expected country ]
  Script location: file: common/buildings/LD_buildings.txt line: 163

[18:27:33][jomini_script_system.cpp:262]: Script system error!
  Error: arable_land_country trigger [ Wrong scope for trigger: state, expected country ]
  Script location: file: common/buildings/LD_buildings.txt line: 163

[18:27:33][jomini_script_system.cpp:262]: Script system error!
  Error: arable_land_country trigger [ Wrong scope for trigger: state, expected country ]
  Script location: file: common/buildings/LD_buildings.txt line: 163

[18:27:33][jomini_script_system.cpp:262]: Script system error!
  Error: arable_land_country trigger [ Wrong scope for trigger: state, expected country ]
  Script location: file: common/buildings/LD_buildings.txt line: 163

[18:27:33][jomini_script_system.cpp:262]: Script system error!
  Error: arable_land_country trigger [ Wrong scope for trigger: state, expected country ]
  Script location: file: common/buildings/LD_buildings.txt line: 163

[18:27:33][jomini_script_system.cpp:262]: Script system error!
  Error: arable_land_country trigger [ Wrong scope for trigger: state, expected country ]
  Script location: file: common/buildings/LD_buildings.txt line: 163

[18:27:34][city_graphics_type.cpp:307]: Could not find a city graphics mesh for building building_porcelein_industry
[18:27:34][city_graphics_type.cpp:307]: Could not find a city graphics mesh for building building_porcelein_industry
[18:27:34][city_graphics_type.cpp:307]: Could not find a city graphics mesh for building building_luxury_clothes_industry
[18:27:34][jomini_script_system.cpp:262]: Script system error!
  Error: arable_land_country trigger [ Wrong scope for trigger: state, expected country ]
  Script location: file: common/buildings/LD_buildings.txt line: 163

[18:27:34][jomini_script_system.cpp:262]: Script system error!
  Error: arable_land_country trigger [ Wrong scope for trigger: state, expected country ]
  Script location: file: common/buildings/LD_buildings.txt line: 163

[18:27:34][jomini_script_system.cpp:262]: Script system error!
  Error: arable_land_country trigger [ Wrong scope for trigger: state, expected country ]
  Script location: file: common/buildings/LD_buildings.txt line: 163

[18:27:34][jomini_script_system.cpp:262]: Script system error!
  Error: arable_land_country trigger [ Wrong scope for trigger: state, expected country ]
  Script location: file: common/buildings/LD_buildings.txt line: 163

[18:27:34][jomini_script_system.cpp:262]: Script system error!
  Error: arable_land_country trigger [ Wrong scope for trigger: state, expected country ]
  Script location: file: common/buildings/LD_buildings.txt line: 163

[18:27:34][jomini_script_system.cpp:262]: Script system error!
  Error: arable_land_country trigger [ Wrong scope for trigger: state, expected country ]
  Script location: file: common/buildings/LD_buildings.txt line: 163

[18:27:34][jomini_script_system.cpp:262]: Script system error!
  Error: arable_land_country trigger [ Wrong scope for trigger: state, expected country ]
  Script location: file: common/buildings/LD_buildings.txt line: 163

[18:27:34][jomini_script_system.cpp:262]: Script system error!
  Error: arable_land_country trigger [ Wrong scope for trigger: state, expected country ]
  Script location: file: common/buildings/LD_buildings.txt line: 163

[18:27:34][jomini_script_system.cpp:262]: Script system error!
  Error: arable_land_country trigger [ Wrong scope for trigger: state, expected country ]
  Script location: file: common/buildings/LD_buildings.txt line: 163

[18:27:34][jomini_script_system.cpp:262]: Script system error!
  Error: arable_land_country trigger [ Wrong scope for trigger: state, expected country ]
  Script location: file: common/buildings/LD_buildings.txt line: 163

[18:27:34][jomini_script_system.cpp:262]: Script system error!
  Error: arable_land_country trigger [ Wrong scope for trigger: state, expected country ]
  Script location: file: common/buildings/LD_buildings.txt line: 163

[18:27:34][jomini_script_system.cpp:262]: Script system error!
  Error: arable_land_country trigger [ Wrong scope for trigger: state, expected country ]
  Script location: file: common/buildings/LD_buildings.txt line: 163

[18:27:34][city_graphics_type.cpp:307]: Could not find a city graphics mesh for building building_primary_school
[18:27:34][city_graphics_type.cpp:307]: Could not find a city graphics mesh for building building_middle_school
[18:27:34][city_graphics_type.cpp:307]: Could not find a city graphics mesh for building building_primary_school
[18:27:34][city_graphics_type.cpp:307]: Could not find a city graphics mesh for building building_middle_school
[18:27:34][city_graphics_type.cpp:307]: Could not find a city graphics mesh for building building_luxury_clothes_industry
[18:27:34][city_graphics_type.cpp:307]: Could not find a city graphics mesh for building building_primary_school
[18:27:34][city_graphics_type.cpp:307]: Could not find a city graphics mesh for building building_middle_school
[18:27:34][city_graphics_type.cpp:307]: Could not find a city graphics mesh for building building_primary_school
[18:27:34][city_graphics_type.cpp:307]: Could not find a city graphics mesh for building building_middle_school
[18:27:34][jomini_script_system.cpp:262]: Script system error!
  Error: arable_land_country trigger [ Wrong scope for trigger: state, expected country ]
  Script location: file: common/buildings/LD_buildings.txt line: 163

[18:27:34][jomini_script_system.cpp:262]: Script system error!
  Error: arable_land_country trigger [ Wrong scope for trigger: state, expected country ]
  Script location: file: common/buildings/LD_buildings.txt line: 163

[18:27:34][jomini_script_system.cpp:262]: Script system error!
  Error: arable_land_country trigger [ Wrong scope for trigger: state, expected country ]
  Script location: file: common/buildings/LD_buildings.txt line: 163

[18:27:34][jomini_script_system.cpp:262]: Script system error!
  Error: arable_land_country trigger [ Wrong scope for trigger: state, expected country ]
  Script location: file: common/buildings/LD_buildings.txt line: 163

[18:27:34][jomini_script_system.cpp:262]: Script system error!
  Error: arable_land_country trigger [ Wrong scope for trigger: state, expected country ]
  Script location: file: common/buildings/LD_buildings.txt line: 163

[18:27:34][jomini_script_system.cpp:262]: Script system error!
  Error: arable_land_country trigger [ Wrong scope for trigger: state, expected country ]
  Script location: file: common/buildings/LD_buildings.txt line: 163

[18:27:34][jomini_script_system.cpp:262]: Script system error!
  Error: arable_land_country trigger [ Wrong scope for trigger: state, expected country ]
  Script location: file: common/buildings/LD_buildings.txt line: 163

[18:27:34][jomini_script_system.cpp:262]: Script system error!
  Error: arable_land_country trigger [ Wrong scope for trigger: state, expected country ]
  Script location: file: common/buildings/LD_buildings.txt line: 163

[18:27:34][jomini_script_system.cpp:262]: Script system error!
  Error: arable_land_country trigger [ Wrong scope for trigger: state, expected country ]
  Script location: file: common/buildings/LD_buildings.txt line: 163

[18:27:34][jomini_script_system.cpp:262]: Script system error!
  Error: arable_land_country trigger [ Wrong scope for trigger: state, expected country ]
  Script location: file: common/buildings/LD_buildings.txt line: 163

[18:27:34][jomini_script_system.cpp:262]: Script system error!
  Error: arable_land_country trigger [ Wrong scope for trigger: state, expected country ]
  Script location: file: common/buildings/LD_buildings.txt line: 163

[18:27:34][jomini_script_system.cpp:262]: Script system error!
  Error: arable_land_country trigger [ Wrong scope for trigger: state, expected country ]
  Script location: file: common/buildings/LD_buildings.txt line: 163

[18:27:34][jomini_script_system.cpp:262]: Script system error!
  Error: arable_land_country trigger [ Wrong scope for trigger: state, expected country ]
  Script location: file: common/buildings/LD_buildings.txt line: 163

[18:27:34][jomini_script_system.cpp:262]: Script system error!
  Error: arable_land_country trigger [ Wrong scope for trigger: state, expected country ]
  Script location: file: common/buildings/LD_buildings.txt line: 163

[18:27:34][jomini_script_system.cpp:262]: Script system error!
  Error: arable_land_country trigger [ Wrong scope for trigger: state, expected country ]
  Script location: file: common/buildings/LD_buildings.txt line: 163

[18:27:34][jomini_script_system.cpp:262]: Script system error!
  Error: arable_land_country trigger [ Wrong scope for trigger: state, expected country ]
  Script location: file: common/buildings/LD_buildings.txt line: 163

[18:27:34][jomini_script_system.cpp:262]: Script system error!
  Error: arable_land_country trigger [ Wrong scope for trigger: state, expected country ]
  Script location: file: common/buildings/LD_buildings.txt line: 163

[18:27:34][jomini_script_system.cpp:262]: Script system error!
  Error: arable_land_country trigger [ Wrong scope for trigger: state, expected country ]
  Script location: file: common/buildings/LD_buildings.txt line: 163

[18:27:34][jomini_script_system.cpp:262]: Script system error!
  Error: arable_land_country trigger [ Wrong scope for trigger: state, expected country ]
  Script location: file: common/buildings/LD_buildings.txt line: 163

[18:27:34][jomini_script_system.cpp:262]: Script system error!
  Error: arable_land_country trigger [ Wrong scope for trigger: state, expected country ]
  Script location: file: common/buildings/LD_buildings.txt line: 163

[18:27:34][jomini_script_system.cpp:262]: Script system error!
  Error: arable_land_country trigger [ Wrong scope for trigger: state, expected country ]
  Script location: file: common/buildings/LD_buildings.txt line: 163

[18:27:34][jomini_script_system.cpp:262]: Script system error!
  Error: arable_land_country trigger [ Wrong scope for trigger: state, expected country ]
  Script location: file: common/buildings/LD_buildings.txt line: 163

[18:27:34][jomini_script_system.cpp:262]: Script system error!
  Error: arable_land_country trigger [ Wrong scope for trigger: state, expected country ]
  Script location: file: common/buildings/LD_buildings.txt line: 163

[18:27:34][jomini_script_system.cpp:262]: Script system error!
  Error: arable_land_country trigger [ Wrong scope for trigger: state, expected country ]
  Script location: file: common/buildings/LD_buildings.txt line: 163

[18:27:34][jomini_script_system.cpp:262]: Script system error!
  Error: arable_land_country trigger [ Wrong scope for trigger: state, expected country ]
  Script location: file: common/buildings/LD_buildings.txt line: 163

[18:27:34][jomini_script_system.cpp:262]: Script system error!
  Error: arable_land_country trigger [ Wrong scope for trigger: state, expected country ]
  Script location: file: common/buildings/LD_buildings.txt line: 163

[18:27:34][jomini_script_system.cpp:262]: Script system error!
  Error: arable_land_country trigger [ Wrong scope for trigger: state, expected country ]
  Script location: file: common/buildings/LD_buildings.txt line: 163

[18:27:34][jomini_script_system.cpp:262]: Script system error!
  Error: arable_land_country trigger [ Wrong scope for trigger: state, expected country ]
  Script location: file: common/buildings/LD_buildings.txt line: 163

[18:27:34][jomini_script_system.cpp:262]: Script system error!
  Error: arable_land_country trigger [ Wrong scope for trigger: state, expected country ]
  Script location: file: common/buildings/LD_buildings.txt line: 163

[18:27:34][jomini_script_system.cpp:262]: Script system error!
  Error: arable_land_country trigger [ Wrong scope for trigger: state, expected country ]
  Script location: file: common/buildings/LD_buildings.txt line: 163

[18:27:35][city_graphics_type.cpp:307]: Could not find a city graphics mesh for building building_middle_school
[18:27:35][city_graphics_type.cpp:307]: Could not find a city graphics mesh for building building_porcelein_industry
[18:27:35][city_graphics_type.cpp:307]: Could not find a city graphics mesh for building building_primary_school
[18:27:35][city_graphics_type.cpp:307]: Could not find a city graphics mesh for building building_luxury_clothes_industry
[18:27:35][city_graphics_type.cpp:307]: Could not find a city graphics mesh for building building_middle_school
[18:27:35][city_graphics_type.cpp:307]: Could not find a city graphics mesh for building building_middle_school
[18:27:35][city_graphics_type.cpp:307]: Could not find a city graphics mesh for building building_middle_school
[18:27:35][city_graphics_type.cpp:307]: Could not find a city graphics mesh for building building_primary_school
[18:27:35][city_graphics_type.cpp:307]: Could not find a city graphics mesh for building building_primary_school
[18:27:35][city_graphics_type.cpp:307]: Could not find a city graphics mesh for building building_primary_school
[18:27:35][city_graphics_type.cpp:307]: Could not find a city graphics mesh for building building_middle_school
[18:27:35][city_graphics_type.cpp:307]: Could not find a city graphics mesh for building building_luxury_clothes_industry
[18:27:35][city_graphics_type.cpp:307]: Could not find a city graphics mesh for building building_luxury_furniture_industry
[18:27:35][jomini_script_system.cpp:262]: Script system error!
  Error: arable_land_country trigger [ Wrong scope for trigger: state, expected country ]
  Script location: file: common/buildings/LD_buildings.txt line: 163

[18:27:35][jomini_script_system.cpp:262]: Script system error!
  Error: arable_land_country trigger [ Wrong scope for trigger: state, expected country ]
  Script location: file: common/buildings/LD_buildings.txt line: 163

[18:27:35][jomini_script_system.cpp:262]: Script system error!
  Error: arable_land_country trigger [ Wrong scope for trigger: state, expected country ]
  Script location: file: common/buildings/LD_buildings.txt line: 163

[18:27:35][jomini_script_system.cpp:262]: Script system error!
  Error: arable_land_country trigger [ Wrong scope for trigger: state, expected country ]
  Script location: file: common/buildings/LD_buildings.txt line: 163

[18:27:35][jomini_script_system.cpp:262]: Script system error!
  Error: arable_land_country trigger [ Wrong scope for trigger: state, expected country ]
  Script location: file: common/buildings/LD_buildings.txt line: 163

[18:27:35][jomini_script_system.cpp:262]: Script system error!
  Error: arable_land_country trigger [ Wrong scope for trigger: state, expected country ]
  Script location: file: common/buildings/LD_buildings.txt line: 163

[18:27:35][jomini_script_system.cpp:262]: Script system error!
  Error: arable_land_country trigger [ Wrong scope for trigger: state, expected country ]
  Script location: file: common/buildings/LD_buildings.txt line: 163

[18:27:35][jomini_script_system.cpp:262]: Script system error!
  Error: arable_land_country trigger [ Wrong scope for trigger: state, expected country ]
  Script location: file: common/buildings/LD_buildings.txt line: 163

[18:27:35][jomini_script_system.cpp:262]: Script system error!
  Error: arable_land_country trigger [ Wrong scope for trigger: state, expected country ]
  Script location: file: common/buildings/LD_buildings.txt line: 163

[18:27:35][jomini_script_system.cpp:262]: Script system error!
  Error: arable_land_country trigger [ Wrong scope for trigger: state, expected country ]
  Script location: file: common/buildings/LD_buildings.txt line: 163

[18:27:35][jomini_script_system.cpp:262]: Script system error!
  Error: arable_land_country trigger [ Wrong scope for trigger: state, expected country ]
  Script location: file: common/buildings/LD_buildings.txt line: 163

[18:27:35][jomini_script_system.cpp:262]: Script system error!
  Error: arable_land_country trigger [ Wrong scope for trigger: state, expected country ]
  Script location: file: common/buildings/LD_buildings.txt line: 163

[18:27:35][jomini_script_system.cpp:262]: Script system error!
  Error: arable_land_country trigger [ Wrong scope for trigger: state, expected country ]
  Script location: file: common/buildings/LD_buildings.txt line: 163

[18:27:35][jomini_script_system.cpp:262]: Script system error!
  Error: arable_land_country trigger [ Wrong scope for trigger: state, expected country ]
  Script location: file: common/buildings/LD_buildings.txt line: 163

[18:27:35][jomini_script_system.cpp:262]: Script system error!
  Error: arable_land_country trigger [ Wrong scope for trigger: state, expected country ]
  Script location: file: common/buildings/LD_buildings.txt line: 163

[18:27:35][jomini_script_system.cpp:262]: Script system error!
  Error: arable_land_country trigger [ Wrong scope for trigger: state, expected country ]
  Script location: file: common/buildings/LD_buildings.txt line: 163

[18:27:35][jomini_script_system.cpp:262]: Script system error!
  Error: arable_land_country trigger [ Wrong scope for trigger: state, expected country ]
  Script location: file: common/buildings/LD_buildings.txt line: 163

[18:27:35][jomini_script_system.cpp:262]: Script system error!
  Error: arable_land_country trigger [ Wrong scope for trigger: state, expected country ]
  Script location: file: common/buildings/LD_buildings.txt line: 163

[18:27:35][jomini_script_system.cpp:262]: Script system error!
  Error: arable_land_country trigger [ Wrong scope for trigger: state, expected country ]
  Script location: file: common/buildings/LD_buildings.txt line: 163

[18:27:35][jomini_script_system.cpp:262]: Script system error!
  Error: arable_land_country trigger [ Wrong scope for trigger: state, expected country ]
  Script location: file: common/buildings/LD_buildings.txt line: 163

[18:27:35][jomini_script_system.cpp:262]: Script system error!
  Error: arable_land_country trigger [ Wrong scope for trigger: state, expected country ]
  Script location: file: common/buildings/LD_buildings.txt line: 163

[18:27:35][jomini_script_system.cpp:262]: Script system error!
  Error: arable_land_country trigger [ Wrong scope for trigger: state, expected country ]
  Script location: file: common/buildings/LD_buildings.txt line: 163

[18:27:35][jomini_script_system.cpp:262]: Script system error!
  Error: arable_land_country trigger [ Wrong scope for trigger: state, expected country ]
  Script location: file: common/buildings/LD_buildings.txt line: 163

[18:27:35][jomini_script_system.cpp:262]: Script system error!
  Error: arable_land_country trigger [ Wrong scope for trigger: state, expected country ]
  Script location: file: common/buildings/LD_buildings.txt line: 163

[18:27:35][jomini_script_system.cpp:262]: Script system error!
  Error: arable_land_country trigger [ Wrong scope for trigger: state, expected country ]
  Script location: file: common/buildings/LD_buildings.txt line: 163

[18:27:35][jomini_script_system.cpp:262]: Script system error!
  Error: arable_land_country trigger [ Wrong scope for trigger: state, expected country ]
  Script location: file: common/buildings/LD_buildings.txt line: 163

[18:27:35][jomini_script_system.cpp:262]: Script system error!
  Error: arable_land_country trigger [ Wrong scope for trigger: state, expected country ]
  Script location: file: common/buildings/LD_buildings.txt line: 163

[18:27:35][jomini_script_system.cpp:262]: Script system error!
  Error: arable_land_country trigger [ Wrong scope for trigger: state, expected country ]
  Script location: file: common/buildings/LD_buildings.txt line: 163

[18:27:35][jomini_script_system.cpp:262]: Script system error!
  Error: arable_land_country trigger [ Wrong scope for trigger: state, expected country ]
  Script location: file: common/buildings/LD_buildings.txt line: 163

[18:27:35][jomini_script_system.cpp:262]: Script system error!
  Error: arable_land_country trigger [ Wrong scope for trigger: state, expected country ]
  Script location: file: common/buildings/LD_buildings.txt line: 163

[18:27:35][pdx_data_factory.cpp:1341]: Failed to find type '1' in '1.2'.
[18:27:35][pdx_data_factory.cpp:1348]: Could not find promote for '1' in '1.2'.
[18:27:35][pdx_data_factory.cpp:1032]: Failed converting statement for '1.2'
[18:27:36][city_graphics_type.cpp:307]: Could not find a city graphics mesh for building building_primary_school
[18:27:36][city_graphics_type.cpp:307]: Could not find a city graphics mesh for building building_primary_school
[18:27:36][city_graphics_type.cpp:307]: Could not find a city graphics mesh for building building_middle_school
[18:27:36][city_graphics_type.cpp:307]: Could not find a city graphics mesh for building building_primary_school
[18:27:36][city_graphics_type.cpp:307]: Could not find a city graphics mesh for building building_middle_school
[18:27:36][city_graphics_type.cpp:307]: Could not find a city graphics mesh for building building_middle_school
[18:27:36][city_graphics_type.cpp:307]: Could not find a city graphics mesh for building building_porcelein_industry
[18:27:36][city_graphics_type.cpp:307]: Could not find a city graphics mesh for building building_middle_school
[18:27:36][city_graphics_type.cpp:307]: Could not find a city graphics mesh for building building_primary_school
[18:27:36][city_graphics_type.cpp:307]: Could not find a city graphics mesh for building building_primary_school
[18:27:36][city_graphics_type.cpp:307]: Could not find a city graphics mesh for building building_middle_school
[18:27:36][city_graphics_type.cpp:307]: Could not find a city graphics mesh for building building_primary_school
[18:27:36][city_graphics_type.cpp:307]: Could not find a city graphics mesh for building building_primary_school
[18:27:36][pdx_data_factory.cpp:1341]: Failed to find type '1' in '1.2'.
[18:27:36][pdx_data_factory.cpp:1348]: Could not find promote for '1' in '1.2'.
[18:27:36][pdx_data_factory.cpp:1032]: Failed converting statement for '1.2'
[18:27:36][pdx_data_factory.cpp:1341]: Failed to find type '1' in '1.2'.
[18:27:36][pdx_data_factory.cpp:1348]: Could not find promote for '1' in '1.2'.
[18:27:36][pdx_data_factory.cpp:1032]: Failed converting statement for '1.2'
[18:27:36][pdx_data_factory.cpp:1341]: Failed to find type '1' in '1.2'.
[18:27:36][pdx_data_factory.cpp:1348]: Could not find promote for '1' in '1.2'.
[18:27:36][pdx_data_factory.cpp:1032]: Failed converting statement for '1.2'
[18:27:36][pdx_data_factory.cpp:1341]: Failed to find type '1' in '1.2'.
[18:27:36][pdx_data_factory.cpp:1348]: Could not find promote for '1' in '1.2'.
[18:27:36][pdx_data_factory.cpp:1032]: Failed converting statement for '1.2'
[18:27:37][pdx_data_factory.cpp:1341]: Failed to find type '1' in '1.2'.
[18:27:37][pdx_data_factory.cpp:1348]: Could not find promote for '1' in '1.2'.
[18:27:37][pdx_data_factory.cpp:1032]: Failed converting statement for '1.2'
[18:27:37][pdx_data_factory.cpp:1341]: Failed to find type '1' in '1.2'.
[18:27:37][pdx_data_factory.cpp:1348]: Could not find promote for '1' in '1.2'.
[18:27:37][pdx_data_factory.cpp:1032]: Failed converting statement for '1.2'
[18:27:37][pdx_data_factory.cpp:1341]: Failed to find type '1' in '1.2'.
[18:27:37][pdx_data_factory.cpp:1348]: Could not find promote for '1' in '1.2'.
[18:27:37][pdx_data_factory.cpp:1032]: Failed converting statement for '1.2'
[18:27:37][pdx_data_factory.cpp:1341]: Failed to find type '1' in '1.2'.
[18:27:37][pdx_data_factory.cpp:1348]: Could not find promote for '1' in '1.2'.
[18:27:37][pdx_data_factory.cpp:1032]: Failed converting statement for '1.2'
[18:27:37][pdx_data_factory.cpp:1341]: Failed to find type '1' in '1.2'.
[18:27:37][pdx_data_factory.cpp:1348]: Could not find promote for '1' in '1.2'.
[18:27:37][pdx_data_factory.cpp:1032]: Failed converting statement for '1.2'
[18:27:37][pdx_data_factory.cpp:1341]: Failed to find type '1' in '1.2'.
[18:27:37][pdx_data_factory.cpp:1348]: Could not find promote for '1' in '1.2'.
[18:27:37][pdx_data_factory.cpp:1032]: Failed converting statement for '1.2'
[18:27:38][pdx_data_factory.cpp:1341]: Failed to find type '1' in '1.2'.
[18:27:38][pdx_data_factory.cpp:1348]: Could not find promote for '1' in '1.2'.
[18:27:38][pdx_data_factory.cpp:1032]: Failed converting statement for '1.2'
[18:27:38][pdx_data_factory.cpp:1341]: Failed to find type '1' in '1.2'.
[18:27:38][pdx_data_factory.cpp:1348]: Could not find promote for '1' in '1.2'.
[18:27:38][pdx_data_factory.cpp:1032]: Failed converting statement for '1.2'
[18:27:38][pdx_data_factory.cpp:1341]: Failed to find type '1' in '1.2'.
[18:27:38][pdx_data_factory.cpp:1348]: Could not find promote for '1' in '1.2'.
[18:27:38][pdx_data_factory.cpp:1032]: Failed converting statement for '1.2'
[18:27:38][pdx_data_factory.cpp:1341]: Failed to find type '1' in '1.2'.
[18:27:38][pdx_data_factory.cpp:1348]: Could not find promote for '1' in '1.2'.
[18:27:38][pdx_data_factory.cpp:1032]: Failed converting statement for '1.2'
[18:27:38][pdx_data_factory.cpp:1341]: Failed to find type '1' in '1.2'.
[18:27:38][pdx_data_factory.cpp:1348]: Could not find promote for '1' in '1.2'.
[18:27:38][pdx_data_factory.cpp:1032]: Failed converting statement for '1.2'
[18:27:39][pdx_data_factory.cpp:1341]: Failed to find type '1' in '1.2'.
[18:27:39][pdx_data_factory.cpp:1348]: Could not find promote for '1' in '1.2'.
[18:27:39][pdx_data_factory.cpp:1032]: Failed converting statement for '1.2'
[18:27:39][pdx_data_factory.cpp:1341]: Failed to find type '1' in '1.2'.
[18:27:39][pdx_data_factory.cpp:1348]: Could not find promote for '1' in '1.2'.
[18:27:39][pdx_data_factory.cpp:1032]: Failed converting statement for '1.2'
[18:27:39][pdx_data_factory.cpp:1341]: Failed to find type '1' in '1.2'.
[18:27:39][pdx_data_factory.cpp:1348]: Could not find promote for '1' in '1.2'.
[18:27:39][pdx_data_factory.cpp:1032]: Failed converting statement for '1.2'
[18:27:39][pdx_data_factory.cpp:1341]: Failed to find type '1' in '1.2'.
[18:27:39][pdx_data_factory.cpp:1348]: Could not find promote for '1' in '1.2'.
[18:27:39][pdx_data_factory.cpp:1032]: Failed converting statement for '1.2'
