[10:45:50][gamestatetick.cpp:2054]: TickTask Performance Events Log. TickTask Type: UpdateAI, LogID: 5, Time: 109ms
Executing Command, handle_failed_money_spending_attempt_command, 0 ms, 0 ms      
  ExecuteGameCommand, 0 ms, 0 ms      
    PreExecute, 0 ms, 0 ms      
    Locked, 0 ms, 0 ms      
      InternalExecute, 0 ms, 0 ms      
    PostExecute, 0 ms, 0 ms      
  Command Executed, 0 ms, 0 ms      
Executing Command, handle_failed_authority_spending_attempt_command, 0 ms, 0 ms      
  ExecuteGameCommand, 0 ms, 0 ms      
    PreExecute, 0 ms, 0 ms      
    Locked, 0 ms, 0 ms      
      InternalExecute, 0 ms, 0 ms      
    PostExecute, 0 ms, 0 ms      
  Command Executed, 0 ms, 0 ms      
Executing Command, cancel_trade_route, 0 ms, 0 ms      
  ExecuteGameCommand, 0 ms, 0 ms      
    PreExecute, 0 ms, 0 ms      
    Locked, 0 ms, 0 ms      
      InternalExecute, 0 ms, 0 ms      
    PostExecute, 0 ms, 0 ms      
  Command Executed, 0 ms, 0 ms      
Executing Command, establish_trade_route, 0 ms, 0 ms      
  ExecuteGameCommand, 0 ms, 0 ms      
    PreExecute, 0 ms, 0 ms      
    Locked, 0 ms, 0 ms      
      InternalExecute, 0 ms, 0 ms      
    PostExecute, 0 ms, 0 ms      
  Command Executed, 0 ms, 0 ms      
Executing Command, handle_failed_money_spending_attempt_command, 0 ms, 0 ms      
  ExecuteGameCommand, 0 ms, 0 ms      
    PreExecute, 0 ms, 0 ms      
    Locked, 0 ms, 0 ms      
      InternalExecute, 0 ms, 0 ms      
    PostExecute, 0 ms, 0 ms      
  Command Executed, 0 ms, 0 ms      
Executing Command, handle_failed_money_spending_attempt_command, 0 ms, 0 ms      
  ExecuteGameCommand, 0 ms, 0 ms      
    PreExecute, 0 ms, 0 ms      
    Locked, 0 ms, 0 ms      
      InternalExecute, 0 ms, 0 ms      
    PostExecute, 0 ms, 0 ms      
  Command Executed, 0 ms, 0 ms      
Executing Command, handle_failed_money_spending_attempt_command, 0 ms, 0 ms      
  ExecuteGameCommand, 0 ms, 0 ms      
    PreExecute, 0 ms, 0 ms      
    Locked, 0 ms, 0 ms      
      InternalExecute, 0 ms, 0 ms      
    PostExecute, 0 ms, 0 ms      
  Command Executed, 0 ms, 0 ms      
Executing Command, handle_failed_money_spending_attempt_command, 0 ms, 0 ms      
  ExecuteGameCommand, 0 ms, 0 ms      
    PreExecute, 0 ms, 0 ms      
    Locked, 0 ms, 0 ms      
      InternalExecute, 0 ms, 0 ms      
    PostExecute, 0 ms, 0 ms      
  Command Executed, 0 ms, 0 ms      
Executing Command, handle_failed_money_spending_attempt_command, 0 ms, 0 ms      
  ExecuteGameCommand, 0 ms, 0 ms      
    PreExecute, 0 ms, 0 ms      
    Locked, 0 ms, 0 ms      
      InternalExecute, 0 ms, 0 ms      
    PostExecute, 0 ms, 0 ms      
  Command Executed, 0 ms, 0 ms      
Executing Command, handle_failed_money_spending_attempt_command, 0 ms, 0 ms      
  ExecuteGameCommand, 0 ms, 0 ms      
    PreExecute, 0 ms, 0 ms      
    Locked, 0 ms, 0 ms      
      InternalExecute, 0 ms, 0 ms      
    PostExecute, 0 ms, 0 ms      
  Command Executed, 0 ms, 0 ms      
Executing Command, handle_failed_authority_spending_attempt_command, 0 ms, 0 ms      
  ExecuteGameCommand, 0 ms, 0 ms      
    PreExecute, 0 ms, 0 ms      
    Locked, 0 ms, 0 ms      
      InternalExecute, 0 ms, 0 ms      
    PostExecute, 0 ms, 0 ms      
  Command Executed, 0 ms, 0 ms      
Executing Command, handle_failed_money_spending_attempt_command, 0 ms, 0 ms      
  ExecuteGameCommand, 0 ms, 0 ms      
    PreExecute, 0 ms, 0 ms      
    Locked, 0 ms, 0 ms      
      InternalExecute, 0 ms, 0 ms      
    PostExecute, 0 ms, 0 ms      
  Command Executed, 0 ms, 0 ms      
Executing Command, handle_failed_authority_spending_attempt_command, 0 ms, 0 ms      
  ExecuteGameCommand, 0 ms, 0 ms      
    PreExecute, 0 ms, 0 ms      
    Locked, 0 ms, 0 ms      
      InternalExecute, 0 ms, 0 ms      
    PostExecute, 0 ms, 0 ms      
  Command Executed, 0 ms, 0 ms      
Executing Command, handle_failed_money_spending_attempt_command, 0 ms, 0 ms      
  ExecuteGameCommand, 0 ms, 0 ms      
    PreExecute, 0 ms, 0 ms      
    Locked, 0 ms, 0 ms      
      InternalExecute, 0 ms, 0 ms      
    PostExecute, 0 ms, 0 ms      
  Command Executed, 0 ms, 0 ms      
Executing Command, handle_failed_money_spending_attempt_command, 0 ms, 0 ms      
  ExecuteGameCommand, 0 ms, 0 ms      
    PreExecute, 0 ms, 0 ms      
    Locked, 0 ms, 0 ms      
      InternalExecute, 0 ms, 0 ms      
    PostExecute, 0 ms, 0 ms      
  Command Executed, 0 ms, 0 ms      
Executing Command, set_peace_acceptance_command, 0 ms, 0 ms      
  ExecuteGameCommand, 0 ms, 0 ms      
    PreExecute, 0 ms, 0 ms      
    Locked, 0 ms, 0 ms      
      InternalExecute, 0 ms, 0 ms      
    PostExecute, 0 ms, 0 ms      
  Command Executed, 0 ms, 0 ms      
Executing Command, handle_failed_money_spending_attempt_command, 0 ms, 0 ms      
  ExecuteGameCommand, 0 ms, 0 ms      
    PreExecute, 0 ms, 0 ms      
    Locked, 0 ms, 0 ms      
      InternalExecute, 0 ms, 0 ms      
    PostExecute, 0 ms, 0 ms      
  Command Executed, 0 ms, 0 ms      
Executing Command, handle_failed_money_spending_attempt_command, 0 ms, 0 ms      
  ExecuteGameCommand, 0 ms, 0 ms      
    PreExecute, 0 ms, 0 ms      
    Locked, 0 ms, 0 ms      
      InternalExecute, 0 ms, 0 ms      
    PostExecute, 0 ms, 0 ms      
  Command Executed, 0 ms, 0 ms      
Executing Command, handle_failed_money_spending_attempt_command, 0 ms, 0 ms      
  ExecuteGameCommand, 0 ms, 0 ms      
    PreExecute, 0 ms, 0 ms      
    Locked, 0 ms, 0 ms      
      InternalExecute, 0 ms, 0 ms      
    PostExecute, 0 ms, 0 ms      
  Command Executed, 0 ms, 0 ms      
Executing Command, handle_failed_money_spending_attempt_command, 0 ms, 0 ms      
  ExecuteGameCommand, 0 ms, 0 ms      
    PreExecute, 0 ms, 0 ms      
    Locked, 0 ms, 0 ms      
      InternalExecute, 0 ms, 0 ms      
    PostExecute, 0 ms, 0 ms      
  Command Executed, 0 ms, 0 ms      
Executing Command, handle_failed_money_spending_attempt_command, 0 ms, 0 ms      
  ExecuteGameCommand, 0 ms, 0 ms      
    PreExecute, 0 ms, 0 ms      
    Locked, 0 ms, 0 ms      
      InternalExecute, 0 ms, 0 ms      
    PostExecute, 0 ms, 0 ms      
  Command Executed, 0 ms, 0 ms      
Executing Command, handle_failed_money_spending_attempt_command, 0 ms, 0 ms      
  ExecuteGameCommand, 0 ms, 0 ms      
    PreExecute, 0 ms, 0 ms      
    Locked, 0 ms, 0 ms      
      InternalExecute, 0 ms, 0 ms      
    PostExecute, 0 ms, 0 ms      
  Command Executed, 0 ms, 0 ms      
Executing Command, handle_failed_money_spending_attempt_command, 0 ms, 0 ms      
  ExecuteGameCommand, 0 ms, 0 ms      
    PreExecute, 0 ms, 0 ms      
    Locked, 0 ms, 0 ms      
      InternalExecute, 0 ms, 0 ms      
    PostExecute, 0 ms, 0 ms      
  Command Executed, 0 ms, 0 ms      
Executing Command, handle_failed_money_spending_attempt_command, 0 ms, 0 ms      
  ExecuteGameCommand, 0 ms, 0 ms      
    PreExecute, 0 ms, 0 ms      
    Locked, 0 ms, 0 ms      
      InternalExecute, 0 ms, 0 ms      
    PostExecute, 0 ms, 0 ms      
  Command Executed, 0 ms, 0 ms      
Executing Command, handle_failed_money_spending_attempt_command, 0 ms, 0 ms      
  ExecuteGameCommand, 0 ms, 0 ms      
    PreExecute, 0 ms, 0 ms      
    Locked, 0 ms, 0 ms      
      InternalExecute, 0 ms, 0 ms      
    PostExecute, 0 ms, 0 ms      
  Command Executed, 0 ms, 0 ms      
Executing Command, handle_failed_authority_spending_attempt_command, 0 ms, 0 ms      
  ExecuteGameCommand, 0 ms, 0 ms      
    PreExecute, 0 ms, 0 ms      
    Locked, 0 ms, 0 ms      
      InternalExecute, 0 ms, 0 ms      
    PostExecute, 0 ms, 0 ms      
  Command Executed, 0 ms, 0 ms      
Executing Command, handle_failed_money_spending_attempt_command, 0 ms, 0 ms      
  ExecuteGameCommand, 0 ms, 0 ms      
    PreExecute, 0 ms, 0 ms      
    Locked, 0 ms, 0 ms      
      InternalExecute, 0 ms, 0 ms      
    PostExecute, 0 ms, 0 ms      
  Command Executed, 0 ms, 0 ms      
Executing Command, handle_failed_money_spending_attempt_command, 0 ms, 0 ms      
  ExecuteGameCommand, 0 ms, 0 ms      
    PreExecute, 0 ms, 0 ms      
    Locked, 0 ms, 0 ms      
      InternalExecute, 0 ms, 0 ms      
    PostExecute, 0 ms, 0 ms      
  Command Executed, 0 ms, 0 ms      
Executing Command, handle_failed_money_spending_attempt_command, 0 ms, 0 ms      
  ExecuteGameCommand, 0 ms, 0 ms      
    PreExecute, 0 ms, 0 ms      
    Locked, 0 ms, 0 ms      
      InternalExecute, 0 ms, 0 ms      
    PostExecute, 0 ms, 0 ms      
  Command Executed, 0 ms, 0 ms      
Executing Command, deploy_military_formation_to_front, 1 ms,           
  ExecuteGameCommand, 37 ms, 109 ms    
    PreExecute, 37 ms, 37 ms     
    Locked, 37 ms, 109 ms    
      InternalExecute, 37 ms, 109 ms    
    PostExecute, 109 ms, 109 ms    
  Command Executed, 109 ms,           
[10:45:50][city_graphics_type.cpp:307]: Could not find a city graphics mesh for building building_luxury_furniture_industry
[10:45:53][city_graphics_type.cpp:307]: Could not find a city graphics mesh for building building_luxury_furniture_industry
[10:45:53][city_graphics_type.cpp:307]: Could not find a city graphics mesh for building building_porcelein_industry
[10:45:53][city_graphics_type.cpp:307]: Could not find a city graphics mesh for building building_porcelein_industry
[10:45:53][city_graphics_type.cpp:307]: Could not find a city graphics mesh for building building_luxury_furniture_industry
[10:46:02][gamestatetick.cpp:2054]: TickTask Performance Events Log. TickTask Type: UpdateAI, LogID: 6, Time: 611ms
Executing Command, handle_failed_money_spending_attempt_command, 0 ms, 0 ms      
  ExecuteGameCommand, 0 ms, 0 ms      
    PreExecute, 0 ms, 0 ms      
    Locked, 0 ms, 0 ms      
      InternalExecute, 0 ms, 0 ms      
    PostExecute, 0 ms, 0 ms      
  Command Executed, 0 ms, 0 ms      
Executing Command, add_ai_memory_command, 0 ms, 0 ms      
  ExecuteGameCommand, 0 ms, 0 ms      
    PreExecute, 0 ms, 0 ms      
    Locked, 0 ms, 0 ms      
      InternalExecute, 0 ms, 0 ms      
    PostExecute, 0 ms, 0 ms      
  Command Executed, 0 ms, 0 ms      
Executing Command, handle_failed_money_spending_attempt_command, 0 ms, 0 ms      
  ExecuteGameCommand, 0 ms, 0 ms      
    PreExecute, 0 ms, 0 ms      
    Locked, 0 ms, 0 ms      
      InternalExecute, 0 ms, 0 ms      
    PostExecute, 0 ms, 0 ms      
  Command Executed, 0 ms, 0 ms      
Executing Command, handle_failed_money_spending_attempt_command, 0 ms, 0 ms      
  ExecuteGameCommand, 0 ms, 0 ms      
    PreExecute, 0 ms, 0 ms      
    Locked, 0 ms, 0 ms      
      InternalExecute, 0 ms, 0 ms      
    PostExecute, 0 ms, 0 ms      
  Command Executed, 0 ms, 0 ms      
Executing Command, handle_failed_money_spending_attempt_command, 0 ms, 0 ms      
  ExecuteGameCommand, 0 ms, 0 ms      
    PreExecute, 0 ms, 0 ms      
    Locked, 0 ms, 0 ms      
      InternalExecute, 0 ms, 0 ms      
    PostExecute, 0 ms, 0 ms      
  Command Executed, 0 ms, 0 ms      
Executing Command, handle_failed_money_spending_attempt_command, 0 ms, 0 ms      
  ExecuteGameCommand, 0 ms, 0 ms      
    PreExecute, 0 ms, 0 ms      
    Locked, 0 ms, 0 ms      
      InternalExecute, 0 ms, 0 ms      
    PostExecute, 0 ms, 0 ms      
  Command Executed, 0 ms, 0 ms      
Executing Command, handle_failed_money_spending_attempt_command, 0 ms, 0 ms      
  ExecuteGameCommand, 0 ms, 0 ms      
    PreExecute, 0 ms, 0 ms      
    Locked, 0 ms, 0 ms      
      InternalExecute, 0 ms, 0 ms      
    PostExecute, 0 ms, 0 ms      
  Command Executed, 0 ms, 0 ms      
Executing Command, handle_failed_money_spending_attempt_command, 0 ms, 0 ms      
  ExecuteGameCommand, 0 ms, 0 ms      
    PreExecute, 0 ms, 0 ms      
    Locked, 0 ms, 0 ms      
      InternalExecute, 0 ms, 0 ms      
    PostExecute, 0 ms, 0 ms      
  Command Executed, 0 ms, 0 ms      
Executing Command, handle_failed_money_spending_attempt_command, 0 ms, 0 ms      
  ExecuteGameCommand, 0 ms, 0 ms      
    PreExecute, 0 ms, 0 ms      
    Locked, 0 ms, 0 ms      
      InternalExecute, 0 ms, 0 ms      
    PostExecute, 0 ms, 0 ms      
  Command Executed, 0 ms, 0 ms      
Executing Command, handle_failed_money_spending_attempt_command, 0 ms, 0 ms      
  ExecuteGameCommand, 0 ms, 0 ms      
    PreExecute, 0 ms, 0 ms      
    Locked, 0 ms, 0 ms      
      InternalExecute, 0 ms, 0 ms      
    PostExecute, 0 ms, 0 ms      
  Command Executed, 0 ms, 0 ms      
Executing Command, handle_failed_money_spending_attempt_command, 0 ms, 0 ms      
  ExecuteGameCommand, 0 ms, 0 ms      
    PreExecute, 0 ms, 0 ms      
    Locked, 0 ms, 0 ms      
      InternalExecute, 0 ms, 0 ms      
    PostExecute, 0 ms, 0 ms      
  Command Executed, 0 ms, 0 ms      
Executing Command, handle_failed_money_spending_attempt_command, 0 ms, 0 ms      
  ExecuteGameCommand, 0 ms, 0 ms      
    PreExecute, 0 ms, 0 ms      
    Locked, 0 ms, 0 ms      
      InternalExecute, 0 ms, 0 ms      
    PostExecute, 0 ms, 0 ms      
  Command Executed, 0 ms, 0 ms      
Executing Command, handle_failed_money_spending_attempt_command, 0 ms, 0 ms      
  ExecuteGameCommand, 0 ms, 0 ms      
    PreExecute, 0 ms, 0 ms      
    Locked, 0 ms, 0 ms      
      InternalExecute, 0 ms, 0 ms      
    PostExecute, 0 ms, 0 ms      
  Command Executed, 0 ms, 0 ms      
Executing Command, handle_failed_money_spending_attempt_command, 0 ms, 0 ms      
  ExecuteGameCommand, 0 ms, 0 ms      
    PreExecute, 0 ms, 0 ms      
    Locked, 0 ms, 0 ms      
      InternalExecute, 0 ms, 0 ms      
    PostExecute, 0 ms, 0 ms      
  Command Executed, 0 ms, 0 ms      
Executing Command, handle_failed_authority_spending_attempt_command, 0 ms, 0 ms      
  ExecuteGameCommand, 0 ms, 0 ms      
    PreExecute, 0 ms, 0 ms      
    Locked, 0 ms, 0 ms      
      InternalExecute, 0 ms, 0 ms      
    PostExecute, 0 ms, 0 ms      
  Command Executed, 0 ms, 0 ms      
Executing Command, handle_failed_money_spending_attempt_command, 0 ms, 0 ms      
  ExecuteGameCommand, 0 ms, 0 ms      
    PreExecute, 0 ms, 0 ms      
    Locked, 0 ms, 0 ms      
      InternalExecute, 0 ms, 0 ms      
    PostExecute, 0 ms, 0 ms      
  Command Executed, 0 ms, 0 ms      
Executing Command, handle_failed_authority_spending_attempt_command, 0 ms, 0 ms      
  ExecuteGameCommand, 0 ms, 0 ms      
    PreExecute, 0 ms, 0 ms      
    Locked, 0 ms, 0 ms      
      InternalExecute, 0 ms, 0 ms      
    PostExecute, 0 ms, 0 ms      
  Command Executed, 0 ms, 0 ms      
Executing Command, handle_failed_money_spending_attempt_command, 0 ms, 0 ms      
  ExecuteGameCommand, 0 ms, 0 ms      
    PreExecute, 0 ms, 0 ms      
    Locked, 0 ms, 0 ms      
      InternalExecute, 0 ms, 0 ms      
    PostExecute, 0 ms, 0 ms      
  Command Executed, 0 ms, 0 ms      
Executing Command, handle_failed_money_spending_attempt_command, 0 ms, 0 ms      
  ExecuteGameCommand, 0 ms, 0 ms      
    PreExecute, 0 ms, 0 ms      
    Locked, 0 ms, 0 ms      
      InternalExecute, 0 ms, 0 ms      
    PostExecute, 0 ms, 0 ms      
  Command Executed, 0 ms, 0 ms      
Executing Command, handle_failed_money_spending_attempt_command, 0 ms, 0 ms      
  ExecuteGameCommand, 0 ms, 0 ms      
    PreExecute, 0 ms, 0 ms      
    Locked, 0 ms, 0 ms      
      InternalExecute, 0 ms, 0 ms      
    PostExecute, 0 ms, 0 ms      
  Command Executed, 0 ms, 0 ms      
Executing Command, handle_failed_money_spending_attempt_command, 0 ms, 0 ms      
  ExecuteGameCommand, 0 ms, 0 ms      
    PreExecute, 0 ms, 0 ms      
    Locked, 0 ms, 0 ms      
      InternalExecute, 0 ms, 0 ms      
    PostExecute, 0 ms, 0 ms      
  Command Executed, 0 ms, 0 ms      
Executing Command, handle_failed_money_spending_attempt_command, 0 ms, 0 ms      
  ExecuteGameCommand, 0 ms, 0 ms      
    PreExecute, 0 ms, 0 ms      
    Locked, 0 ms, 0 ms      
      InternalExecute, 0 ms, 0 ms      
    PostExecute, 0 ms, 0 ms      
  Command Executed, 0 ms, 0 ms      
Executing Command, handle_failed_money_spending_attempt_command, 0 ms, 0 ms      
  ExecuteGameCommand, 0 ms, 0 ms      
    PreExecute, 0 ms, 0 ms      
    Locked, 0 ms, 0 ms      
      InternalExecute, 0 ms, 0 ms      
    PostExecute, 0 ms, 0 ms      
  Command Executed, 0 ms, 0 ms      
Executing Command, handle_failed_authority_spending_attempt_command, 0 ms, 0 ms      
  ExecuteGameCommand, 0 ms, 0 ms      
    PreExecute, 0 ms, 0 ms      
    Locked, 0 ms, 0 ms      
      InternalExecute, 0 ms, 0 ms      
    PostExecute, 0 ms, 0 ms      
  Command Executed, 0 ms, 0 ms      
Executing Command, handle_failed_money_spending_attempt_command, 0 ms, 0 ms      
  ExecuteGameCommand, 0 ms, 0 ms      
    PreExecute, 0 ms, 0 ms      
    Locked, 0 ms, 0 ms      
      InternalExecute, 0 ms, 0 ms      
    PostExecute, 0 ms, 0 ms      
  Command Executed, 0 ms, 0 ms      
Executing Command, handle_failed_money_spending_attempt_command, 0 ms, 0 ms      
  ExecuteGameCommand, 0 ms, 0 ms      
    PreExecute, 0 ms, 0 ms      
    Locked, 0 ms, 0 ms      
      InternalExecute, 0 ms, 0 ms      
    PostExecute, 0 ms, 0 ms      
  Command Executed, 0 ms, 0 ms      
Executing Command, deploy_military_formation_to_front, 1 ms, 2 ms      
  ExecuteGameCommand, 1 ms, 2 ms      
    PreExecute, 1 ms, 1 ms      
    Locked, 1 ms, 2 ms      
      InternalExecute, 1 ms, 2 ms      
    PostExecute, 2 ms, 2 ms      
  Command Executed, 2 ms, 2 ms      
Executing Command, handle_failed_money_spending_attempt_command, 2 ms, 2 ms      
  ExecuteGameCommand, 2 ms, 2 ms      
    PreExecute, 2 ms, 2 ms      
    Locked, 2 ms, 2 ms      
      InternalExecute, 2 ms, 2 ms      
    PostExecute, 2 ms, 2 ms      
  Command Executed, 2 ms, 2 ms      
Executing Command, handle_failed_money_spending_attempt_command, 2 ms, 2 ms      
  ExecuteGameCommand, 2 ms, 2 ms      
    PreExecute, 2 ms, 2 ms      
    Locked, 2 ms, 2 ms      
      InternalExecute, 2 ms, 2 ms      
    PostExecute, 2 ms, 2 ms      
  Command Executed, 2 ms, 2 ms      
Executing Command, remove_decree_command, 2 ms,           
  ExecuteGameCommand, 611 ms, 611 ms    
    PreExecute, 611 ms, 611 ms    
    Locked, 611 ms, 611 ms    
      InternalExecute, 611 ms, 611 ms    
    PostExecute, 611 ms, 611 ms    
  Command Executed, 611 ms,           
[10:46:09][city_graphics_type.cpp:307]: Could not find a city graphics mesh for building building_luxury_furniture_industry
[10:46:24][city_graphics_type.cpp:307]: Could not find a city graphics mesh for building building_luxury_furniture_industry
[10:46:40][city_graphics_type.cpp:307]: Could not find a city graphics mesh for building building_luxury_furniture_industry
[10:46:55][city_graphics_type.cpp:307]: Could not find a city graphics mesh for building building_luxury_furniture_industry
[10:47:09][city_graphics_type.cpp:307]: Could not find a city graphics mesh for building building_luxury_furniture_industry
[10:47:25][city_graphics_type.cpp:307]: Could not find a city graphics mesh for building building_luxury_furniture_industry
[10:48:11][city_graphics_type.cpp:307]: Could not find a city graphics mesh for building building_luxury_furniture_industry
[10:48:26][city_graphics_type.cpp:307]: Could not find a city graphics mesh for building building_luxury_furniture_industry
[10:48:26][city_graphics_type.cpp:307]: Could not find a city graphics mesh for building building_luxury_furniture_industry
[10:48:40][city_graphics_type.cpp:307]: Could not find a city graphics mesh for building building_luxury_furniture_industry
[10:48:55][city_graphics_type.cpp:307]: Could not find a city graphics mesh for building building_luxury_furniture_industry
[10:49:10][city_graphics_type.cpp:307]: Could not find a city graphics mesh for building building_porcelein_industry
[10:49:10][city_graphics_type.cpp:307]: Could not find a city graphics mesh for building building_luxury_furniture_industry
[10:49:25][city_graphics_type.cpp:307]: Could not find a city graphics mesh for building building_luxury_furniture_industry
[10:49:39][city_graphics_type.cpp:307]: Could not find a city graphics mesh for building building_luxury_furniture_industry
[10:49:54][city_graphics_type.cpp:307]: Could not find a city graphics mesh for building building_luxury_furniture_industry
[10:50:10][city_graphics_type.cpp:307]: Could not find a city graphics mesh for building building_luxury_furniture_industry
[10:50:24][city_graphics_type.cpp:307]: Could not find a city graphics mesh for building building_luxury_furniture_industry
[10:50:39][city_graphics_type.cpp:307]: Could not find a city graphics mesh for building building_luxury_furniture_industry
[10:50:54][city_graphics_type.cpp:307]: Could not find a city graphics mesh for building building_luxury_furniture_industry
[10:51:08][city_graphics_type.cpp:307]: Could not find a city graphics mesh for building building_luxury_furniture_industry
[10:52:12][city_graphics_type.cpp:307]: Could not find a city graphics mesh for building building_luxury_furniture_industry
[10:52:12][city_graphics_type.cpp:307]: Could not find a city graphics mesh for building building_luxury_clothes_industry
[10:52:12][city_graphics_type.cpp:307]: Could not find a city graphics mesh for building building_porcelein_industry
[10:52:22][city_graphics_type.cpp:307]: Could not find a city graphics mesh for building building_luxury_furniture_industry
[10:52:37][city_graphics_type.cpp:307]: Could not find a city graphics mesh for building building_luxury_furniture_industry
[10:52:40][city_graphics_type.cpp:307]: Could not find a city graphics mesh for building building_Rapid_Construction
[10:52:41][city_graphics_type.cpp:307]: Could not find a city graphics mesh for building building_Rapid_Construction
[10:52:41][city_graphics_type.cpp:307]: Could not find a city graphics mesh for building building_Rapid_Construction
[10:52:52][city_graphics_type.cpp:307]: Could not find a city graphics mesh for building building_luxury_furniture_industry
[10:53:06][city_graphics_type.cpp:307]: Could not find a city graphics mesh for building building_luxury_furniture_industry
[10:53:22][city_graphics_type.cpp:307]: Could not find a city graphics mesh for building building_luxury_furniture_industry
[10:53:36][city_graphics_type.cpp:307]: Could not find a city graphics mesh for building building_luxury_furniture_industry
[10:53:51][city_graphics_type.cpp:307]: Could not find a city graphics mesh for building building_Rapid_Construction
[10:53:51][city_graphics_type.cpp:307]: Could not find a city graphics mesh for building building_luxury_furniture_industry
[10:53:54][city_graphics_type.cpp:307]: Could not find a city graphics mesh for building building_Rapid_Construction
[10:53:54][city_graphics_type.cpp:307]: Could not find a city graphics mesh for building building_Rapid_Construction
[10:54:06][city_graphics_type.cpp:307]: Could not find a city graphics mesh for building building_luxury_furniture_industry
[10:54:20][city_graphics_type.cpp:307]: Could not find a city graphics mesh for building building_luxury_furniture_industry
[10:54:36][city_graphics_type.cpp:307]: Could not find a city graphics mesh for building building_luxury_clothes_industry
[10:54:36][city_graphics_type.cpp:307]: Could not find a city graphics mesh for building building_luxury_furniture_industry
[10:54:50][city_graphics_type.cpp:307]: Could not find a city graphics mesh for building building_luxury_furniture_industry
[10:55:05][city_graphics_type.cpp:307]: Could not find a city graphics mesh for building building_luxury_furniture_industry
[10:55:19][city_graphics_type.cpp:307]: Could not find a city graphics mesh for building building_luxury_furniture_industry
[10:55:34][city_graphics_type.cpp:307]: Could not find a city graphics mesh for building building_luxury_furniture_industry
[10:55:49][city_graphics_type.cpp:307]: Could not find a city graphics mesh for building building_luxury_furniture_industry
[10:56:03][city_graphics_type.cpp:307]: Could not find a city graphics mesh for building building_Rapid_Construction
[10:56:03][city_graphics_type.cpp:307]: Could not find a city graphics mesh for building building_luxury_furniture_industry
[10:56:16][city_graphics_type.cpp:307]: Could not find a city graphics mesh for building building_Rapid_Construction
[10:56:16][city_graphics_type.cpp:307]: Could not find a city graphics mesh for building building_Rapid_Construction
[10:56:16][city_graphics_type.cpp:307]: Could not find a city graphics mesh for building building_Rapid_Construction
[10:56:17][city_graphics_type.cpp:307]: Could not find a city graphics mesh for building building_Rapid_Construction
[10:56:17][city_graphics_type.cpp:307]: Could not find a city graphics mesh for building building_luxury_furniture_industry
[10:56:32][city_graphics_type.cpp:307]: Could not find a city graphics mesh for building building_porcelein_industry
[10:56:32][city_graphics_type.cpp:307]: Could not find a city graphics mesh for building building_luxury_furniture_industry
[10:56:48][city_graphics_type.cpp:307]: Could not find a city graphics mesh for building building_luxury_furniture_industry
[10:57:03][city_graphics_type.cpp:307]: Could not find a city graphics mesh for building building_luxury_furniture_industry
[10:57:18][city_graphics_type.cpp:307]: Could not find a city graphics mesh for building building_luxury_furniture_industry
[10:57:31][city_graphics_type.cpp:307]: Could not find a city graphics mesh for building building_luxury_furniture_industry
[10:57:33][city_graphics_type.cpp:307]: Could not find a city graphics mesh for building building_luxury_furniture_industry
[10:57:49][city_graphics_type.cpp:307]: Could not find a city graphics mesh for building building_luxury_furniture_industry
[10:58:45][city_graphics_type.cpp:307]: Could not find a city graphics mesh for building building_porcelein_industry
[10:58:45][city_graphics_type.cpp:307]: Could not find a city graphics mesh for building building_Rapid_Construction
[10:59:12][city_graphics_type.cpp:307]: Could not find a city graphics mesh for building building_luxury_furniture_industry
[10:59:32][city_graphics_type.cpp:307]: Could not find a city graphics mesh for building building_luxury_furniture_industry
[10:59:47][city_graphics_type.cpp:307]: Could not find a city graphics mesh for building building_porcelein_industry
[10:59:47][city_graphics_type.cpp:307]: Could not find a city graphics mesh for building building_luxury_clothes_industry
[11:00:02][city_graphics_type.cpp:307]: Could not find a city graphics mesh for building building_porcelein_industry
[11:00:26][city_graphics_type.cpp:307]: Could not find a city graphics mesh for building building_Rapid_Construction
[11:00:27][city_graphics_type.cpp:307]: Could not find a city graphics mesh for building building_Rapid_Construction
[11:00:27][city_graphics_type.cpp:307]: Could not find a city graphics mesh for building building_Rapid_Construction
[11:00:30][city_graphics_type.cpp:307]: Could not find a city graphics mesh for building building_Rapid_Construction
[11:01:50][city_graphics_type.cpp:307]: Could not find a city graphics mesh for building building_luxury_clothes_industry
[11:02:34][city_graphics_type.cpp:307]: Could not find a city graphics mesh for building building_luxury_furniture_industry
[11:02:34][city_graphics_type.cpp:307]: Could not find a city graphics mesh for building building_Rapid_Construction
[11:02:50][city_graphics_type.cpp:307]: Could not find a city graphics mesh for building building_luxury_furniture_industry
[11:03:20][city_graphics_type.cpp:307]: Could not find a city graphics mesh for building building_porcelein_industry
[11:04:06][city_graphics_type.cpp:307]: Could not find a city graphics mesh for building building_porcelein_industry
[11:04:51][city_graphics_type.cpp:307]: Could not find a city graphics mesh for building building_Rapid_Construction
[11:05:34][city_graphics_type.cpp:307]: Could not find a city graphics mesh for building building_Rapid_Construction
[11:05:34][city_graphics_type.cpp:307]: Could not find a city graphics mesh for building building_porcelein_industry
[11:06:04][city_graphics_type.cpp:307]: Could not find a city graphics mesh for building building_porcelein_industry
[11:06:20][city_graphics_type.cpp:307]: Could not find a city graphics mesh for building building_Rapid_Construction
[11:06:52][city_graphics_type.cpp:307]: Could not find a city graphics mesh for building building_luxury_furniture_industry
[11:07:54][city_graphics_type.cpp:307]: Could not find a city graphics mesh for building building_Rapid_Construction
[11:08:10][city_graphics_type.cpp:307]: Could not find a city graphics mesh for building building_luxury_clothes_industry
[11:08:10][city_graphics_type.cpp:307]: Could not find a city graphics mesh for building building_luxury_clothes_industry
[11:08:19][city_graphics_type.cpp:307]: Could not find a city graphics mesh for building building_luxury_clothes_industry
[11:08:25][city_graphics_type.cpp:307]: Could not find a city graphics mesh for building building_Rapid_Construction
[11:08:26][jomini_script_system.cpp:265]: Script system error!
  Error: Left side and right side during comparison were of different types (left was 'law', right was 'law_type')
  Script location: file: common/laws/00_slavery.txt line: 515

[11:08:41][city_graphics_type.cpp:307]: Could not find a city graphics mesh for building building_Rapid_Construction
[11:08:55][city_graphics_type.cpp:307]: Could not find a city graphics mesh for building building_porcelein_industry
[11:09:02][city_graphics_type.cpp:307]: Could not find a city graphics mesh for building building_Rapid_Construction
[11:09:03][city_graphics_type.cpp:307]: Could not find a city graphics mesh for building building_Rapid_Construction
[11:09:03][city_graphics_type.cpp:307]: Could not find a city graphics mesh for building building_Rapid_Construction
[11:09:03][city_graphics_type.cpp:307]: Could not find a city graphics mesh for building building_Rapid_Construction
[11:09:03][city_graphics_type.cpp:307]: Could not find a city graphics mesh for building building_Rapid_Construction
[11:09:03][city_graphics_type.cpp:307]: Could not find a city graphics mesh for building building_Rapid_Construction
[11:09:10][city_graphics_type.cpp:307]: Could not find a city graphics mesh for building building_porcelein_industry
[11:09:12][city_graphics_type.cpp:307]: Could not find a city graphics mesh for building building_Rapid_Construction
[11:09:12][city_graphics_type.cpp:307]: Could not find a city graphics mesh for building building_Rapid_Construction
[11:09:13][city_graphics_type.cpp:307]: Could not find a city graphics mesh for building building_Rapid_Construction
[11:09:13][city_graphics_type.cpp:307]: Could not find a city graphics mesh for building building_Rapid_Construction
[11:09:13][city_graphics_type.cpp:307]: Could not find a city graphics mesh for building building_Rapid_Construction
[11:09:13][city_graphics_type.cpp:307]: Could not find a city graphics mesh for building building_Rapid_Construction
[11:09:14][city_graphics_type.cpp:307]: Could not find a city graphics mesh for building building_Rapid_Construction
[11:09:14][city_graphics_type.cpp:307]: Could not find a city graphics mesh for building building_Rapid_Construction
[11:09:15][city_graphics_type.cpp:307]: Could not find a city graphics mesh for building building_Rapid_Construction
[11:09:55][city_graphics_type.cpp:307]: Could not find a city graphics mesh for building building_Rapid_Construction
[11:10:10][city_graphics_type.cpp:307]: Could not find a city graphics mesh for building building_Rapid_Construction
[11:10:13][jomini_script_system.cpp:265]: Script system error!
  Error: Left side and right side during comparison were of different types (left was 'law', right was 'law_type')
  Script location: file: common/laws/00_slavery.txt line: 515

[11:10:25][city_graphics_type.cpp:307]: Could not find a city graphics mesh for building building_porcelein_industry
[11:10:39][city_graphics_type.cpp:307]: Could not find a city graphics mesh for building building_Rapid_Construction
[11:10:54][city_graphics_type.cpp:307]: Could not find a city graphics mesh for building building_Rapid_Construction
[11:10:54][city_graphics_type.cpp:307]: Could not find a city graphics mesh for building building_Rapid_Construction
[11:11:09][city_graphics_type.cpp:307]: Could not find a city graphics mesh for building building_Rapid_Construction
[11:11:09][city_graphics_type.cpp:307]: Could not find a city graphics mesh for building building_Rapid_Construction
[11:11:25][city_graphics_type.cpp:307]: Could not find a city graphics mesh for building building_Rapid_Construction
[11:11:39][city_graphics_type.cpp:307]: Could not find a city graphics mesh for building building_porcelein_industry
[11:11:39][city_graphics_type.cpp:307]: Could not find a city graphics mesh for building building_Rapid_Construction
[11:11:55][city_graphics_type.cpp:307]: Could not find a city graphics mesh for building building_Rapid_Construction
[11:12:09][city_graphics_type.cpp:307]: Could not find a city graphics mesh for building building_porcelein_industry
[11:12:24][city_graphics_type.cpp:307]: Could not find a city graphics mesh for building building_Rapid_Construction
[11:12:54][city_graphics_type.cpp:307]: Could not find a city graphics mesh for building building_luxury_clothes_industry
[11:12:54][city_graphics_type.cpp:307]: Could not find a city graphics mesh for building building_luxury_clothes_industry
[11:12:57][city_graphics_type.cpp:307]: Could not find a city graphics mesh for building building_luxury_clothes_industry
[11:13:09][city_graphics_type.cpp:307]: Could not find a city graphics mesh for building building_Rapid_Construction
[11:14:13][city_graphics_type.cpp:307]: Could not find a city graphics mesh for building building_Rapid_Construction
[11:14:44][city_graphics_type.cpp:307]: Could not find a city graphics mesh for building building_Rapid_Construction
[11:15:14][city_graphics_type.cpp:307]: Could not find a city graphics mesh for building building_Rapid_Construction
[11:15:43][city_graphics_type.cpp:307]: Could not find a city graphics mesh for building building_Rapid_Construction
[11:15:43][city_graphics_type.cpp:307]: Could not find a city graphics mesh for building building_porcelein_industry
[11:15:59][city_graphics_type.cpp:307]: Could not find a city graphics mesh for building building_porcelein_industry
[11:16:13][city_graphics_type.cpp:307]: Could not find a city graphics mesh for building building_luxury_clothes_industry
[11:16:28][city_graphics_type.cpp:307]: Could not find a city graphics mesh for building building_Rapid_Construction
[11:16:57][city_graphics_type.cpp:307]: Could not find a city graphics mesh for building building_Rapid_Construction
[11:16:57][city_graphics_type.cpp:307]: Could not find a city graphics mesh for building building_porcelein_industry
[11:17:27][city_graphics_type.cpp:307]: Could not find a city graphics mesh for building building_porcelein_industry
[11:17:43][city_graphics_type.cpp:307]: Could not find a city graphics mesh for building building_Rapid_Construction
[11:17:58][city_graphics_type.cpp:307]: Could not find a city graphics mesh for building building_luxury_clothes_industry
[11:18:10][city_graphics_type.cpp:307]: Could not find a city graphics mesh for building building_Rapid_Construction
[11:18:10][city_graphics_type.cpp:307]: Could not find a city graphics mesh for building building_Rapid_Construction
[11:18:10][city_graphics_type.cpp:307]: Could not find a city graphics mesh for building building_Rapid_Construction
[11:18:11][city_graphics_type.cpp:307]: Could not find a city graphics mesh for building building_Rapid_Construction
[11:18:11][city_graphics_type.cpp:307]: Could not find a city graphics mesh for building building_Rapid_Construction
[11:18:12][city_graphics_type.cpp:307]: Could not find a city graphics mesh for building building_Rapid_Construction
[11:18:12][city_graphics_type.cpp:307]: Could not find a city graphics mesh for building building_Rapid_Construction
[11:18:23][city_graphics_type.cpp:307]: Could not find a city graphics mesh for building building_Rapid_Construction
[11:18:23][city_graphics_type.cpp:307]: Could not find a city graphics mesh for building building_Rapid_Construction
[11:18:24][city_graphics_type.cpp:307]: Could not find a city graphics mesh for building building_Rapid_Construction
[11:18:43][city_graphics_type.cpp:307]: Could not find a city graphics mesh for building building_Rapid_Construction
[11:18:43][city_graphics_type.cpp:307]: Could not find a city graphics mesh for building building_porcelein_industry
[11:18:58][city_graphics_type.cpp:307]: Could not find a city graphics mesh for building building_Rapid_Construction
[11:19:27][jomini_script_system.cpp:265]: Script system error!
  Error: Left side and right side during comparison were of different types (left was 'law', right was 'law_type')
  Script location: file: common/laws/00_slavery.txt line: 515

[11:19:29][city_graphics_type.cpp:307]: Could not find a city graphics mesh for building building_Rapid_Construction
[11:20:25][city_graphics_type.cpp:307]: Could not find a city graphics mesh for building building_Rapid_Construction
[11:20:25][city_graphics_type.cpp:307]: Could not find a city graphics mesh for building building_Rapid_Construction
[11:20:25][city_graphics_type.cpp:307]: Could not find a city graphics mesh for building building_Rapid_Construction
[11:20:25][city_graphics_type.cpp:307]: Could not find a city graphics mesh for building building_Rapid_Construction
[11:20:26][city_graphics_type.cpp:307]: Could not find a city graphics mesh for building building_Rapid_Construction
[11:20:27][city_graphics_type.cpp:307]: Could not find a city graphics mesh for building building_porcelein_industry
[11:20:28][city_graphics_type.cpp:307]: Could not find a city graphics mesh for building building_Rapid_Construction
[11:21:27][city_graphics_type.cpp:307]: Could not find a city graphics mesh for building building_luxury_furniture_industry
[11:21:27][city_graphics_type.cpp:307]: Could not find a city graphics mesh for building building_Rapid_Construction
[11:21:35][city_graphics_type.cpp:307]: Could not find a city graphics mesh for building building_Rapid_Construction
[11:21:36][city_graphics_type.cpp:307]: Could not find a city graphics mesh for building building_Rapid_Construction
[11:21:45][city_graphics_type.cpp:307]: Could not find a city graphics mesh for building building_Rapid_Construction
[11:21:58][city_graphics_type.cpp:307]: Could not find a city graphics mesh for building building_porcelein_industry
[11:21:58][city_graphics_type.cpp:307]: Could not find a city graphics mesh for building building_Rapid_Construction
[11:22:13][city_graphics_type.cpp:307]: Could not find a city graphics mesh for building building_porcelein_industry
[11:22:42][city_graphics_type.cpp:307]: Could not find a city graphics mesh for building building_luxury_clothes_industry
[11:22:57][jomini_script_system.cpp:265]: Script system error!
  Error: Undefined event target 'isabel_scope'
  Script location: file: events/brazil/pedro_brazil_events.txt line: 928

[11:22:57][jomini_script_system.cpp:265]: Script system error!
  Error: Event target link 'scope' returned an unset scope
  Script location: file: events/brazil/pedro_brazil_events.txt line: 928

[11:23:12][city_graphics_type.cpp:307]: Could not find a city graphics mesh for building building_luxury_clothes_industry
[11:23:56][city_graphics_type.cpp:307]: Could not find a city graphics mesh for building building_porcelein_industry
[11:24:12][city_graphics_type.cpp:307]: Could not find a city graphics mesh for building building_porcelein_industry
[11:24:47][city_graphics_type.cpp:307]: Could not find a city graphics mesh for building building_Rapid_Construction
[11:24:47][city_graphics_type.cpp:307]: Could not find a city graphics mesh for building building_Rapid_Construction
[11:24:47][city_graphics_type.cpp:307]: Could not find a city graphics mesh for building building_Rapid_Construction
[11:24:48][city_graphics_type.cpp:307]: Could not find a city graphics mesh for building building_Rapid_Construction
[11:24:48][city_graphics_type.cpp:307]: Could not find a city graphics mesh for building building_Rapid_Construction
[11:24:48][city_graphics_type.cpp:307]: Could not find a city graphics mesh for building building_Rapid_Construction
[11:24:49][city_graphics_type.cpp:307]: Could not find a city graphics mesh for building building_Rapid_Construction
[11:24:50][city_graphics_type.cpp:307]: Could not find a city graphics mesh for building building_luxury_clothes_industry
[11:24:50][city_graphics_type.cpp:307]: Could not find a city graphics mesh for building building_Rapid_Construction
[11:24:50][city_graphics_type.cpp:307]: Could not find a city graphics mesh for building building_Rapid_Construction
[11:24:51][city_graphics_type.cpp:307]: Could not find a city graphics mesh for building building_Rapid_Construction
[11:25:11][city_graphics_type.cpp:307]: Could not find a city graphics mesh for building building_Rapid_Construction
[11:25:25][city_graphics_type.cpp:307]: Could not find a city graphics mesh for building building_porcelein_industry
[11:25:25][city_graphics_type.cpp:307]: Could not find a city graphics mesh for building building_Rapid_Construction
[11:26:41][city_graphics_type.cpp:307]: Could not find a city graphics mesh for building building_Rapid_Construction
[11:26:55][city_graphics_type.cpp:307]: Could not find a city graphics mesh for building building_Rapid_Construction
[11:27:40][city_graphics_type.cpp:307]: Could not find a city graphics mesh for building building_luxury_clothes_industry
[11:27:56][city_graphics_type.cpp:307]: Could not find a city graphics mesh for building building_luxury_clothes_industry
[11:28:55][city_graphics_type.cpp:307]: Could not find a city graphics mesh for building building_Rapid_Construction
[11:29:10][city_graphics_type.cpp:307]: Could not find a city graphics mesh for building building_Rapid_Construction
[11:29:10][city_graphics_type.cpp:307]: Could not find a city graphics mesh for building building_porcelein_industry
[11:29:39][city_graphics_type.cpp:307]: Could not find a city graphics mesh for building building_porcelein_industry
[11:30:38][city_graphics_type.cpp:307]: Could not find a city graphics mesh for building building_porcelein_industry
[11:32:21][city_graphics_type.cpp:307]: Could not find a city graphics mesh for building building_porcelein_industry
[11:32:50][city_graphics_type.cpp:307]: Could not find a city graphics mesh for building building_luxury_clothes_industry
[11:33:07][city_graphics_type.cpp:307]: Could not find a city graphics mesh for building building_luxury_clothes_industry
[11:33:16][city_graphics_type.cpp:307]: Could not find a city graphics mesh for building building_luxury_clothes_industry
[11:33:20][city_graphics_type.cpp:307]: Could not find a city graphics mesh for building building_luxury_clothes_industry
[11:33:53][city_graphics_type.cpp:307]: Could not find a city graphics mesh for building building_luxury_clothes_industry
[11:34:05][city_graphics_type.cpp:307]: Could not find a city graphics mesh for building building_porcelein_industry
[11:35:05][city_graphics_type.cpp:307]: Could not find a city graphics mesh for building building_luxury_clothes_industry
[11:35:21][city_graphics_type.cpp:307]: Could not find a city graphics mesh for building building_porcelein_industry
[11:39:42][city_graphics_type.cpp:307]: Could not find a city graphics mesh for building building_porcelein_industry
[11:39:43][city_graphics_type.cpp:307]: Could not find a city graphics mesh for building building_porcelein_industry
[11:40:01][city_graphics_type.cpp:307]: Could not find a city graphics mesh for building building_Rapid_Construction
[11:40:01][city_graphics_type.cpp:307]: Could not find a city graphics mesh for building building_Rapid_Construction
[11:40:01][city_graphics_type.cpp:307]: Could not find a city graphics mesh for building building_Rapid_Construction
[11:40:02][city_graphics_type.cpp:307]: Could not find a city graphics mesh for building building_Rapid_Construction
[11:40:02][city_graphics_type.cpp:307]: Could not find a city graphics mesh for building building_Rapid_Construction
[11:40:02][city_graphics_type.cpp:307]: Could not find a city graphics mesh for building building_Rapid_Construction
[11:40:14][city_graphics_type.cpp:307]: Could not find a city graphics mesh for building building_porcelein_industry
[11:41:14][city_graphics_type.cpp:307]: Could not find a city graphics mesh for building building_porcelein_industry
[11:41:29][city_graphics_type.cpp:307]: Could not find a city graphics mesh for building building_luxury_clothes_industry
[11:41:44][city_graphics_type.cpp:307]: Could not find a city graphics mesh for building building_luxury_furniture_industry
[11:42:22][city_graphics_type.cpp:307]: Could not find a city graphics mesh for building building_Rapid_Construction
[11:42:22][city_graphics_type.cpp:307]: Could not find a city graphics mesh for building building_porcelein_industry
[11:42:58][city_graphics_type.cpp:307]: Could not find a city graphics mesh for building building_Rapid_Construction
[11:42:59][city_graphics_type.cpp:307]: Could not find a city graphics mesh for building building_Rapid_Construction
[11:43:00][city_graphics_type.cpp:307]: Could not find a city graphics mesh for building building_Rapid_Construction
[11:43:08][city_graphics_type.cpp:307]: Could not find a city graphics mesh for building building_Rapid_Construction
[11:43:09][city_graphics_type.cpp:307]: Could not find a city graphics mesh for building building_Rapid_Construction
[11:43:09][city_graphics_type.cpp:307]: Could not find a city graphics mesh for building building_Rapid_Construction
[11:43:09][city_graphics_type.cpp:307]: Could not find a city graphics mesh for building building_Rapid_Construction
[11:43:09][city_graphics_type.cpp:307]: Could not find a city graphics mesh for building building_Rapid_Construction
[11:43:10][city_graphics_type.cpp:307]: Could not find a city graphics mesh for building building_Rapid_Construction
[11:43:10][city_graphics_type.cpp:307]: Could not find a city graphics mesh for building building_Rapid_Construction
[11:43:14][city_graphics_type.cpp:307]: Could not find a city graphics mesh for building building_Rapid_Construction
[11:43:30][city_graphics_type.cpp:307]: Could not find a city graphics mesh for building building_Rapid_Construction
[11:43:30][city_graphics_type.cpp:307]: Could not find a city graphics mesh for building building_luxury_clothes_industry
[11:43:30][city_graphics_type.cpp:307]: Could not find a city graphics mesh for building building_Rapid_Construction
[11:43:44][city_graphics_type.cpp:307]: Could not find a city graphics mesh for building building_Rapid_Construction
[11:44:14][city_graphics_type.cpp:307]: Could not find a city graphics mesh for building building_Rapid_Construction
[11:44:14][city_graphics_type.cpp:307]: Could not find a city graphics mesh for building building_porcelein_industry
[11:44:59][city_graphics_type.cpp:307]: Could not find a city graphics mesh for building building_Rapid_Construction
[11:45:14][city_graphics_type.cpp:307]: Could not find a city graphics mesh for building building_Rapid_Construction
[11:45:14][city_graphics_type.cpp:307]: Could not find a city graphics mesh for building building_porcelein_industry
[11:45:29][city_graphics_type.cpp:307]: Could not find a city graphics mesh for building building_Rapid_Construction
[11:45:59][city_graphics_type.cpp:307]: Could not find a city graphics mesh for building building_porcelein_industry
[11:46:14][city_graphics_type.cpp:307]: Could not find a city graphics mesh for building building_Rapid_Construction
[11:46:37][city_graphics_type.cpp:307]: Could not find a city graphics mesh for building building_Rapid_Construction
[11:47:35][city_graphics_type.cpp:307]: Could not find a city graphics mesh for building building_luxury_clothes_industry
[11:47:35][city_graphics_type.cpp:307]: Could not find a city graphics mesh for building building_luxury_clothes_industry
[11:47:39][city_graphics_type.cpp:307]: Could not find a city graphics mesh for building building_luxury_clothes_industry
[11:49:11][city_graphics_type.cpp:307]: Could not find a city graphics mesh for building building_porcelein_industry
[11:50:10][city_graphics_type.cpp:307]: Could not find a city graphics mesh for building building_porcelein_industry
[11:50:39][city_graphics_type.cpp:307]: Could not find a city graphics mesh for building building_porcelein_industry
[11:50:53][city_graphics_type.cpp:307]: Could not find a city graphics mesh for building building_luxury_clothes_industry
[11:50:58][city_graphics_type.cpp:307]: Could not find a city graphics mesh for building building_Rapid_Construction
[11:50:58][city_graphics_type.cpp:307]: Could not find a city graphics mesh for building building_Rapid_Construction
[11:50:58][city_graphics_type.cpp:307]: Could not find a city graphics mesh for building building_Rapid_Construction
[11:50:59][city_graphics_type.cpp:307]: Could not find a city graphics mesh for building building_Rapid_Construction
[11:51:00][city_graphics_type.cpp:307]: Could not find a city graphics mesh for building building_Rapid_Construction
[11:51:00][city_graphics_type.cpp:307]: Could not find a city graphics mesh for building building_Rapid_Construction
[11:51:01][city_graphics_type.cpp:307]: Could not find a city graphics mesh for building building_Rapid_Construction
[11:51:10][city_graphics_type.cpp:307]: Could not find a city graphics mesh for building building_porcelein_industry
[11:51:39][city_graphics_type.cpp:307]: Could not find a city graphics mesh for building building_Rapid_Construction
[11:51:45][city_graphics_type.cpp:307]: Could not find a city graphics mesh for building building_Rapid_Construction
[11:51:45][city_graphics_type.cpp:307]: Could not find a city graphics mesh for building building_Rapid_Construction
[11:51:45][city_graphics_type.cpp:307]: Could not find a city graphics mesh for building building_Rapid_Construction
[11:51:46][city_graphics_type.cpp:307]: Could not find a city graphics mesh for building building_Rapid_Construction
[11:52:10][city_graphics_type.cpp:307]: Could not find a city graphics mesh for building building_luxury_clothes_industry
[11:52:10][city_graphics_type.cpp:307]: Could not find a city graphics mesh for building building_luxury_clothes_industry
[11:52:10][city_graphics_type.cpp:307]: Could not find a city graphics mesh for building building_Rapid_Construction
[11:52:11][city_graphics_type.cpp:307]: Could not find a city graphics mesh for building building_luxury_clothes_industry
[11:53:40][city_graphics_type.cpp:307]: Could not find a city graphics mesh for building building_porcelein_industry
[11:53:40][city_graphics_type.cpp:307]: Could not find a city graphics mesh for building building_luxury_furniture_industry
[11:54:09][city_graphics_type.cpp:307]: Could not find a city graphics mesh for building building_luxury_clothes_industry
[11:54:38][city_graphics_type.cpp:307]: Could not find a city graphics mesh for building building_porcelein_industry
[11:54:49][city_graphics_type.cpp:307]: Could not find a city graphics mesh for building building_Rapid_Construction
[11:54:50][city_graphics_type.cpp:307]: Could not find a city graphics mesh for building building_Rapid_Construction
[11:54:50][city_graphics_type.cpp:307]: Could not find a city graphics mesh for building building_Rapid_Construction
[11:54:50][city_graphics_type.cpp:307]: Could not find a city graphics mesh for building building_Rapid_Construction
[11:54:51][city_graphics_type.cpp:307]: Could not find a city graphics mesh for building building_Rapid_Construction
[11:54:53][city_graphics_type.cpp:307]: Could not find a city graphics mesh for building building_luxury_clothes_industry
[11:55:07][city_graphics_type.cpp:307]: Could not find a city graphics mesh for building building_porcelein_industry
[11:55:23][city_graphics_type.cpp:307]: Could not find a city graphics mesh for building building_porcelein_industry
[11:55:52][city_graphics_type.cpp:307]: Could not find a city graphics mesh for building building_Rapid_Construction
[11:56:06][city_graphics_type.cpp:307]: Could not find a city graphics mesh for building building_luxury_clothes_industry
[11:56:06][city_graphics_type.cpp:307]: Could not find a city graphics mesh for building building_Rapid_Construction
[11:56:21][city_graphics_type.cpp:307]: Could not find a city graphics mesh for building building_luxury_clothes_industry
[11:56:21][city_graphics_type.cpp:307]: Could not find a city graphics mesh for building building_Rapid_Construction
[11:56:21][city_graphics_type.cpp:307]: Could not find a city graphics mesh for building building_Rapid_Construction
[11:56:25][city_graphics_type.cpp:307]: Could not find a city graphics mesh for building building_luxury_clothes_industry
[11:57:15][city_graphics_type.cpp:307]: Could not find a city graphics mesh for building building_luxury_clothes_industry
[11:59:18][city_graphics_type.cpp:307]: Could not find a city graphics mesh for building building_Rapid_Construction
[11:59:33][city_graphics_type.cpp:307]: Could not find a city graphics mesh for building building_porcelein_industry
[12:00:07][city_graphics_type.cpp:307]: Could not find a city graphics mesh for building building_Rapid_Construction
[12:00:18][city_graphics_type.cpp:307]: Could not find a city graphics mesh for building building_Rapid_Construction
[12:00:36][city_graphics_type.cpp:307]: Could not find a city graphics mesh for building building_luxury_clothes_industry
[12:00:39][city_graphics_type.cpp:307]: Could not find a city graphics mesh for building building_luxury_clothes_industry
[12:00:50][city_graphics_type.cpp:307]: Could not find a city graphics mesh for building building_Rapid_Construction
[12:00:50][city_graphics_type.cpp:307]: Could not find a city graphics mesh for building building_Rapid_Construction
[12:00:51][city_graphics_type.cpp:307]: Could not find a city graphics mesh for building building_Rapid_Construction
[12:00:51][city_graphics_type.cpp:307]: Could not find a city graphics mesh for building building_Rapid_Construction
[12:00:51][city_graphics_type.cpp:307]: Could not find a city graphics mesh for building building_Rapid_Construction
[12:00:55][city_graphics_type.cpp:307]: Could not find a city graphics mesh for building building_Rapid_Construction
[12:00:55][city_graphics_type.cpp:307]: Could not find a city graphics mesh for building building_Rapid_Construction
[12:00:55][city_graphics_type.cpp:307]: Could not find a city graphics mesh for building building_Rapid_Construction
[12:00:55][city_graphics_type.cpp:307]: Could not find a city graphics mesh for building building_Rapid_Construction
[12:00:56][city_graphics_type.cpp:307]: Could not find a city graphics mesh for building building_Rapid_Construction
[12:00:56][city_graphics_type.cpp:307]: Could not find a city graphics mesh for building building_Rapid_Construction
[12:00:56][city_graphics_type.cpp:307]: Could not find a city graphics mesh for building building_Rapid_Construction
[12:00:56][city_graphics_type.cpp:307]: Could not find a city graphics mesh for building building_Rapid_Construction
[12:00:57][city_graphics_type.cpp:307]: Could not find a city graphics mesh for building building_Rapid_Construction
[12:00:57][city_graphics_type.cpp:307]: Could not find a city graphics mesh for building building_Rapid_Construction
[12:01:03][city_graphics_type.cpp:307]: Could not find a city graphics mesh for building building_Rapid_Construction
[12:01:06][jomini_script_system.cpp:265]: Script system error!
  Error: Undefined event target 'relevant_lobby_member'
  Script location: file: events/soi_events/00_lobbies_events_03.txt line: 1675

[12:01:06][jomini_script_system.cpp:265]: Script system error!
  Error: Event target link 'scope' returned an unset scope
  Script location: file: events/soi_events/00_lobbies_events_03.txt line: 1675

[12:01:06][jomini_script_system.cpp:265]: Script system error!
  Error: add_modifier effect [ Wrong scope for effect: none/all, expected country, building, character, institution, interest_group, journalentry, political_movement, power_bloc, state ]
  Script location: file: events/soi_events/00_lobbies_events_03.txt line: 1676

[12:01:18][city_graphics_type.cpp:307]: Could not find a city graphics mesh for building building_Rapid_Construction
[12:01:18][city_graphics_type.cpp:307]: Could not find a city graphics mesh for building building_Rapid_Construction
[12:01:32][city_graphics_type.cpp:307]: Could not find a city graphics mesh for building building_Rapid_Construction
[12:01:32][city_graphics_type.cpp:307]: Could not find a city graphics mesh for building building_Rapid_Construction
[12:02:59][city_graphics_type.cpp:307]: Could not find a city graphics mesh for building building_Rapid_Construction
[12:02:59][city_graphics_type.cpp:307]: Could not find a city graphics mesh for building building_porcelein_industry
[12:04:40][city_graphics_type.cpp:307]: Could not find a city graphics mesh for building building_Rapid_Construction
[12:04:40][city_graphics_type.cpp:307]: Could not find a city graphics mesh for building building_luxury_clothes_industry
[12:04:55][city_graphics_type.cpp:307]: Could not find a city graphics mesh for building building_Rapid_Construction
[12:05:09][city_graphics_type.cpp:307]: Could not find a city graphics mesh for building building_Rapid_Construction
[12:05:09][city_graphics_type.cpp:307]: Could not find a city graphics mesh for building building_porcelein_industry
[12:05:24][city_graphics_type.cpp:307]: Could not find a city graphics mesh for building building_Rapid_Construction
[12:05:40][city_graphics_type.cpp:307]: Could not find a city graphics mesh for building building_Rapid_Construction
[12:05:55][city_graphics_type.cpp:307]: Could not find a city graphics mesh for building building_Rapid_Construction
[12:06:24][city_graphics_type.cpp:307]: Could not find a city graphics mesh for building building_Rapid_Construction
[12:06:24][city_graphics_type.cpp:307]: Could not find a city graphics mesh for building building_luxury_clothes_industry
[12:06:25][city_graphics_type.cpp:307]: Could not find a city graphics mesh for building building_luxury_clothes_industry
[12:06:39][city_graphics_type.cpp:307]: Could not find a city graphics mesh for building building_Rapid_Construction
[12:06:39][city_graphics_type.cpp:307]: Could not find a city graphics mesh for building building_luxury_clothes_industry
[12:06:42][city_graphics_type.cpp:307]: Could not find a city graphics mesh for building building_luxury_clothes_industry
[12:07:23][city_graphics_type.cpp:307]: Could not find a city graphics mesh for building building_Rapid_Construction
[12:07:37][city_graphics_type.cpp:307]: Could not find a city graphics mesh for building building_porcelein_industry
[12:07:52][city_graphics_type.cpp:307]: Could not find a city graphics mesh for building building_luxury_clothes_industry
[12:08:07][city_graphics_type.cpp:307]: Could not find a city graphics mesh for building building_Rapid_Construction
[12:08:07][city_graphics_type.cpp:307]: Could not find a city graphics mesh for building building_luxury_furniture_industry
[12:08:21][city_graphics_type.cpp:307]: Could not find a city graphics mesh for building building_Rapid_Construction
[12:08:36][city_graphics_type.cpp:307]: Could not find a city graphics mesh for building building_luxury_clothes_industry
[12:08:51][city_graphics_type.cpp:307]: Could not find a city graphics mesh for building building_luxury_clothes_industry
[12:08:51][city_graphics_type.cpp:307]: Could not find a city graphics mesh for building building_porcelein_industry
[12:09:26][city_graphics_type.cpp:307]: Could not find a city graphics mesh for building building_Rapid_Construction
[12:09:26][city_graphics_type.cpp:307]: Could not find a city graphics mesh for building building_Rapid_Construction
[12:09:27][city_graphics_type.cpp:307]: Could not find a city graphics mesh for building building_Rapid_Construction
[12:09:27][city_graphics_type.cpp:307]: Could not find a city graphics mesh for building building_Rapid_Construction
[12:09:27][city_graphics_type.cpp:307]: Could not find a city graphics mesh for building building_Rapid_Construction
[12:09:28][city_graphics_type.cpp:307]: Could not find a city graphics mesh for building building_Rapid_Construction
[12:09:36][city_graphics_type.cpp:307]: Could not find a city graphics mesh for building building_porcelein_industry
[12:10:21][city_graphics_type.cpp:307]: Could not find a city graphics mesh for building building_Rapid_Construction
[12:10:38][city_graphics_type.cpp:307]: Could not find a city graphics mesh for building building_Rapid_Construction
[12:10:38][city_graphics_type.cpp:307]: Could not find a city graphics mesh for building building_luxury_clothes_industry
[12:10:50][city_graphics_type.cpp:307]: Could not find a city graphics mesh for building building_luxury_furniture_industry
[12:10:50][city_graphics_type.cpp:307]: Could not find a city graphics mesh for building building_Rapid_Construction
[12:11:44][city_graphics_type.cpp:307]: Could not find a city graphics mesh for building building_Rapid_Construction
[12:11:58][city_graphics_type.cpp:307]: Could not find a city graphics mesh for building building_Rapid_Construction
[12:12:13][city_graphics_type.cpp:307]: Could not find a city graphics mesh for building building_Rapid_Construction
[12:12:28][city_graphics_type.cpp:307]: Could not find a city graphics mesh for building building_Rapid_Construction
[12:12:28][city_graphics_type.cpp:307]: Could not find a city graphics mesh for building building_porcelein_industry
[12:12:29][city_graphics_type.cpp:307]: Could not find a city graphics mesh for building building_Rapid_Construction
[12:12:30][city_graphics_type.cpp:307]: Could not find a city graphics mesh for building building_Rapid_Construction
[12:12:30][city_graphics_type.cpp:307]: Could not find a city graphics mesh for building building_Rapid_Construction
[12:12:30][city_graphics_type.cpp:307]: Could not find a city graphics mesh for building building_Rapid_Construction
[12:12:30][city_graphics_type.cpp:307]: Could not find a city graphics mesh for building building_Rapid_Construction
[12:12:30][city_graphics_type.cpp:307]: Could not find a city graphics mesh for building building_Rapid_Construction
[12:12:31][city_graphics_type.cpp:307]: Could not find a city graphics mesh for building building_Rapid_Construction
[12:12:31][city_graphics_type.cpp:307]: Could not find a city graphics mesh for building building_Rapid_Construction
[12:12:31][city_graphics_type.cpp:307]: Could not find a city graphics mesh for building building_Rapid_Construction
[12:12:31][city_graphics_type.cpp:307]: Could not find a city graphics mesh for building building_Rapid_Construction
[12:13:51][city_graphics_type.cpp:307]: Could not find a city graphics mesh for building building_Rapid_Construction
[12:13:51][city_graphics_type.cpp:307]: Could not find a city graphics mesh for building building_luxury_clothes_industry
[12:13:51][city_graphics_type.cpp:307]: Could not find a city graphics mesh for building building_Rapid_Construction
[12:13:51][city_graphics_type.cpp:307]: Could not find a city graphics mesh for building building_luxury_clothes_industry
[12:14:18][city_graphics_type.cpp:307]: Could not find a city graphics mesh for building building_Rapid_Construction
[12:15:32][city_graphics_type.cpp:307]: Could not find a city graphics mesh for building building_Rapid_Construction
[12:15:32][city_graphics_type.cpp:307]: Could not find a city graphics mesh for building building_luxury_furniture_industry
[12:15:46][city_graphics_type.cpp:307]: Could not find a city graphics mesh for building building_Rapid_Construction
[12:15:46][city_graphics_type.cpp:307]: Could not find a city graphics mesh for building building_porcelein_industry
[12:16:02][city_graphics_type.cpp:307]: Could not find a city graphics mesh for building building_Rapid_Construction
[12:16:39][city_graphics_type.cpp:307]: Could not find a city graphics mesh for building building_Rapid_Construction
[12:16:40][city_graphics_type.cpp:307]: Could not find a city graphics mesh for building building_Rapid_Construction
[12:16:47][city_graphics_type.cpp:307]: Could not find a city graphics mesh for building building_Rapid_Construction
[12:16:49][city_graphics_type.cpp:307]: Could not find a city graphics mesh for building building_Rapid_Construction
[12:16:50][city_graphics_type.cpp:307]: Could not find a city graphics mesh for building building_Rapid_Construction
[12:16:50][city_graphics_type.cpp:307]: Could not find a city graphics mesh for building building_Rapid_Construction
[12:16:50][city_graphics_type.cpp:307]: Could not find a city graphics mesh for building building_Rapid_Construction
[12:16:51][city_graphics_type.cpp:307]: Could not find a city graphics mesh for building building_Rapid_Construction
[12:17:03][city_graphics_type.cpp:307]: Could not find a city graphics mesh for building building_Rapid_Construction
[12:17:17][city_graphics_type.cpp:307]: Could not find a city graphics mesh for building building_Rapid_Construction
[12:18:31][city_graphics_type.cpp:307]: Could not find a city graphics mesh for building building_porcelein_industry
[12:20:31][city_graphics_type.cpp:307]: Could not find a city graphics mesh for building building_Rapid_Construction
[12:21:22][city_graphics_type.cpp:307]: Could not find a city graphics mesh for building building_Rapid_Construction
[12:21:22][city_graphics_type.cpp:307]: Could not find a city graphics mesh for building building_luxury_clothes_industry
[12:21:27][city_graphics_type.cpp:307]: Could not find a city graphics mesh for building building_luxury_clothes_industry
[12:21:51][city_graphics_type.cpp:307]: Could not find a city graphics mesh for building building_Rapid_Construction
[12:22:06][city_graphics_type.cpp:307]: Could not find a city graphics mesh for building building_luxury_furniture_industry
[12:22:51][city_graphics_type.cpp:307]: Could not find a city graphics mesh for building building_porcelein_industry
