[12:49:29][jomini_script_system.cpp:265]: Script system error!
  Error: create_building effect [ Both levels and ownerships are undefined in create_building effect ]
  Script location: file: common/scripted_effects/daoyu_effects.txt line: 689

[12:49:29][jomini_script_system.cpp:265]: Script system error!
  Error: create_building effect [ Both levels and ownerships are undefined in create_building effect ]
  Script location: file: common/scripted_effects/daoyu_effects.txt line: 690

[12:49:29][jomini_script_system.cpp:265]: Script system error!
  Error: create_building effect [ Both levels and ownerships are undefined in create_building effect ]
  Script location: file: common/scripted_effects/daoyu_effects.txt line: 691

[12:49:29][jomini_script_system.cpp:265]: Script system error!
  Error: create_building effect [ Both levels and ownerships are undefined in create_building effect ]
  Script location: file: common/scripted_effects/daoyu_effects.txt line: 692

[12:49:29][jomini_script_system.cpp:265]: Script system error!
  Error: create_building effect [ Both levels and ownerships are undefined in create_building effect ]
  Script location: file: common/scripted_effects/daoyu_effects.txt line: 693

[12:49:29][jomini_script_system.cpp:265]: Script system error!
  Error: create_building effect [ Both levels and ownerships are undefined in create_building effect ]
  Script location: file: common/scripted_effects/daoyu_effects.txt line: 694

[12:49:29][jomini_script_system.cpp:265]: Script system error!
  Error: create_building effect [ Both levels and ownerships are undefined in create_building effect ]
  Script location: file: common/scripted_effects/daoyu_effects.txt line: 695

[12:49:29][jomini_script_system.cpp:265]: Script system error!
  Error: create_building effect [ Both levels and ownerships are undefined in create_building effect ]
  Script location: file: common/scripted_effects/daoyu_effects.txt line: 696

[12:49:29][jomini_script_system.cpp:265]: Script system error!
  Error: create_building effect [ Both levels and ownerships are undefined in create_building effect ]
  Script location: file: common/scripted_effects/daoyu_effects.txt line: 697

[12:49:29][jomini_script_system.cpp:265]: Script system error!
  Error: create_building effect [ Both levels and ownerships are undefined in create_building effect ]
  Script location: file: common/scripted_effects/daoyu_effects.txt line: 698

[12:49:29][jomini_script_system.cpp:265]: Script system error!
  Error: create_building effect [ Both levels and ownerships are undefined in create_building effect ]
  Script location: file: common/scripted_effects/daoyu_effects.txt line: 699

[12:49:29][jomini_script_system.cpp:265]: Script system error!
  Error: create_building effect [ Both levels and ownerships are undefined in create_building effect ]
  Script location: file: common/scripted_effects/daoyu_effects.txt line: 700

[12:49:29][jomini_script_system.cpp:265]: Script system error!
  Error: create_building effect [ Both levels and ownerships are undefined in create_building effect ]
  Script location: file: common/scripted_effects/daoyu_effects.txt line: 701

[12:49:29][jomini_script_system.cpp:265]: Script system error!
  Error: create_building effect [ Both levels and ownerships are undefined in create_building effect ]
  Script location: file: common/scripted_effects/daoyu_effects.txt line: 702

[12:49:29][jomini_script_system.cpp:265]: Script system error!
  Error: create_building effect [ Both levels and ownerships are undefined in create_building effect ]
  Script location: file: common/scripted_effects/daoyu_effects.txt line: 703

[12:49:29][jomini_script_system.cpp:265]: Script system error!
  Error: create_building effect [ Both levels and ownerships are undefined in create_building effect ]
  Script location: file: common/scripted_effects/daoyu_effects.txt line: 704

[12:49:29][jomini_script_system.cpp:265]: Script system error!
  Error: create_building effect [ Both levels and ownerships are undefined in create_building effect ]
  Script location: file: common/scripted_effects/daoyu_effects.txt line: 705

[12:49:29][jomini_script_system.cpp:265]: Script system error!
  Error: create_building effect [ Both levels and ownerships are undefined in create_building effect ]
  Script location: file: common/scripted_effects/daoyu_effects.txt line: 706

[12:49:29][jomini_script_system.cpp:265]: Script system error!
  Error: create_building effect [ Both levels and ownerships are undefined in create_building effect ]
  Script location: file: common/scripted_effects/daoyu_effects.txt line: 707

[12:49:29][jomini_script_system.cpp:265]: Script system error!
  Error: create_building effect [ Both levels and ownerships are undefined in create_building effect ]
  Script location: file: common/scripted_effects/daoyu_effects.txt line: 708

[12:49:29][jomini_script_system.cpp:265]: Script system error!
  Error: create_building effect [ Both levels and ownerships are undefined in create_building effect ]
  Script location: file: common/scripted_effects/daoyu_effects.txt line: 709

[12:49:29][jomini_script_system.cpp:265]: Script system error!
  Error: create_building effect [ Both levels and ownerships are undefined in create_building effect ]
  Script location: file: common/scripted_effects/daoyu_effects.txt line: 710

[12:49:29][jomini_script_system.cpp:265]: Script system error!
  Error: create_building effect [ Both levels and ownerships are undefined in create_building effect ]
  Script location: file: common/scripted_effects/daoyu_effects.txt line: 711

[12:49:29][jomini_script_system.cpp:265]: Script system error!
  Error: create_building effect [ Both levels and ownerships are undefined in create_building effect ]
  Script location: file: common/scripted_effects/daoyu_effects.txt line: 712

[12:49:29][jomini_script_system.cpp:265]: Script system error!
  Error: create_building effect [ Both levels and ownerships are undefined in create_building effect ]
  Script location: file: common/scripted_effects/daoyu_effects.txt line: 713

[12:49:29][jomini_script_system.cpp:265]: Script system error!
  Error: create_building effect [ Both levels and ownerships are undefined in create_building effect ]
  Script location: file: common/scripted_effects/daoyu_effects.txt line: 714

[12:49:29][jomini_script_system.cpp:265]: Script system error!
  Error: create_building effect [ Both levels and ownerships are undefined in create_building effect ]
  Script location: file: common/scripted_effects/daoyu_effects.txt line: 715

[12:49:29][jomini_script_system.cpp:265]: Script system error!
  Error: create_building effect [ Both levels and ownerships are undefined in create_building effect ]
  Script location: file: common/scripted_effects/daoyu_effects.txt line: 716

[12:49:29][jomini_script_system.cpp:265]: Script system error!
  Error: create_building effect [ Both levels and ownerships are undefined in create_building effect ]
  Script location: file: common/scripted_effects/daoyu_effects.txt line: 717

[12:49:29][jomini_script_system.cpp:265]: Script system error!
  Error: create_building effect [ Both levels and ownerships are undefined in create_building effect ]
  Script location: file: common/scripted_effects/daoyu_effects.txt line: 718

[12:49:29][jomini_script_system.cpp:265]: Script system error!
  Error: create_building effect [ Both levels and ownerships are undefined in create_building effect ]
  Script location: file: common/scripted_effects/daoyu_effects.txt line: 719

[12:49:29][jomini_script_system.cpp:265]: Script system error!
  Error: create_building effect [ Both levels and ownerships are undefined in create_building effect ]
  Script location: file: common/scripted_effects/daoyu_effects.txt line: 720

[12:49:29][jomini_script_system.cpp:265]: Script system error!
  Error: create_building effect [ Both levels and ownerships are undefined in create_building effect ]
  Script location: file: common/scripted_effects/daoyu_effects.txt line: 721

[12:49:29][jomini_script_system.cpp:265]: Script system error!
  Error: create_building effect [ Both levels and ownerships are undefined in create_building effect ]
  Script location: file: common/scripted_effects/daoyu_effects.txt line: 722

[12:49:29][jomini_script_system.cpp:265]: Script system error!
  Error: create_building effect [ Both levels and ownerships are undefined in create_building effect ]
  Script location: file: common/scripted_effects/daoyu_effects.txt line: 723

[12:49:29][jomini_script_system.cpp:265]: Script system error!
  Error: create_building effect [ Both levels and ownerships are undefined in create_building effect ]
  Script location: file: common/scripted_effects/daoyu_effects.txt line: 724

[12:49:29][jomini_script_system.cpp:265]: Script system error!
  Error: create_building effect [ Both levels and ownerships are undefined in create_building effect ]
  Script location: file: common/scripted_effects/daoyu_effects.txt line: 725

[12:49:29][jomini_script_system.cpp:265]: Script system error!
  Error: create_building effect [ Both levels and ownerships are undefined in create_building effect ]
  Script location: file: common/scripted_effects/daoyu_effects.txt line: 726

[12:49:29][jomini_script_system.cpp:265]: Script system error!
  Error: create_building effect [ Both levels and ownerships are undefined in create_building effect ]
  Script location: file: common/scripted_effects/daoyu_effects.txt line: 727

[12:49:29][jomini_script_system.cpp:265]: Script system error!
  Error: create_building effect [ Both levels and ownerships are undefined in create_building effect ]
  Script location: file: common/scripted_effects/daoyu_effects.txt line: 728

[12:49:29][jomini_script_system.cpp:265]: Script system error!
  Error: create_building effect [ Both levels and ownerships are undefined in create_building effect ]
  Script location: file: common/scripted_effects/daoyu_effects.txt line: 729

[12:49:29][jomini_script_system.cpp:265]: Script system error!
  Error: create_building effect [ Both levels and ownerships are undefined in create_building effect ]
  Script location: file: common/scripted_effects/daoyu_effects.txt line: 730

[12:49:29][jomini_script_system.cpp:265]: Script system error!
  Error: create_building effect [ Both levels and ownerships are undefined in create_building effect ]
  Script location: file: common/scripted_effects/daoyu_effects.txt line: 731

[12:49:29][jomini_script_system.cpp:265]: Script system error!
  Error: create_building effect [ Both levels and ownerships are undefined in create_building effect ]
  Script location: file: common/scripted_effects/daoyu_effects.txt line: 732

[12:49:29][jomini_script_system.cpp:265]: Script system error!
  Error: create_building effect [ Both levels and ownerships are undefined in create_building effect ]
  Script location: file: common/scripted_effects/daoyu_effects.txt line: 733

[12:49:29][jomini_script_system.cpp:265]: Script system error!
  Error: create_building effect [ Both levels and ownerships are undefined in create_building effect ]
  Script location: file: common/scripted_effects/daoyu_effects.txt line: 734

[12:49:29][jomini_script_system.cpp:265]: Script system error!
  Error: create_building effect [ Attempting to manually create auto-placed building ]
  Script location: file: common/scripted_effects/daoyu_effects.txt line: 688

[12:49:29][jomini_script_system.cpp:265]: Script system error!
  Error: create_building effect [ Attempting to manually create auto-placed building ]
  Script location: file: common/scripted_effects/daoyu_effects.txt line: 688

[12:49:29][jomini_script_system.cpp:265]: Script system error!
  Error: create_building effect [ Attempting to manually create auto-placed building ]
  Script location: file: common/scripted_effects/daoyu_effects.txt line: 688

[12:49:29][jomini_script_system.cpp:265]: Script system error!
  Error: create_building effect [ Attempting to manually create auto-placed building ]
  Script location: file: common/scripted_effects/daoyu_effects.txt line: 688

[12:49:29][jomini_script_system.cpp:265]: Script system error!
  Error: create_building effect [ Attempting to manually create auto-placed building ]
  Script location: file: common/scripted_effects/daoyu_effects.txt line: 688

[12:49:29][jomini_script_system.cpp:265]: Script system error!
  Error: create_building effect [ Attempting to manually create auto-placed building ]
  Script location: file: common/scripted_effects/daoyu_effects.txt line: 688

[12:49:29][jomini_script_system.cpp:265]: Script system error!
  Error: create_building effect [ Attempting to manually create auto-placed building ]
  Script location: file: common/scripted_effects/daoyu_effects.txt line: 688

[12:49:29][jomini_script_system.cpp:265]: Script system error!
  Error: create_building effect [ Attempting to manually create auto-placed building ]
  Script location: file: common/scripted_effects/daoyu_effects.txt line: 688

[12:49:29][jomini_script_system.cpp:265]: Script system error!
  Error: create_building effect [ Attempting to manually create auto-placed building ]
  Script location: file: common/scripted_effects/daoyu_effects.txt line: 688

[12:49:29][jomini_script_system.cpp:265]: Script system error!
  Error: create_building effect [ Attempting to manually create auto-placed building ]
  Script location: file: common/scripted_effects/daoyu_effects.txt line: 688

[12:49:29][jomini_script_system.cpp:265]: Script system error!
  Error: create_building effect [ Attempting to manually create auto-placed building ]
  Script location: file: common/scripted_effects/daoyu_effects.txt line: 688

[12:49:29][jomini_script_system.cpp:265]: Script system error!
  Error: create_building effect [ Attempting to manually create auto-placed building ]
  Script location: file: common/scripted_effects/daoyu_effects.txt line: 688

[12:49:29][jomini_script_system.cpp:265]: Script system error!
  Error: create_building effect [ Attempting to manually create auto-placed building ]
  Script location: file: common/scripted_effects/daoyu_effects.txt line: 688

[12:49:29][jomini_script_system.cpp:265]: Script system error!
  Error: create_building effect [ Attempting to manually create auto-placed building ]
  Script location: file: common/scripted_effects/daoyu_effects.txt line: 688

[12:49:29][jomini_script_system.cpp:265]: Script system error!
  Error: create_building effect [ Attempting to manually create auto-placed building ]
  Script location: file: common/scripted_effects/daoyu_effects.txt line: 688

[12:49:29][jomini_script_system.cpp:265]: Script system error!
  Error: create_building effect [ Attempting to manually create auto-placed building ]
  Script location: file: common/scripted_effects/daoyu_effects.txt line: 688

[12:49:29][jomini_script_system.cpp:265]: Script system error!
  Error: create_building effect [ Attempting to manually create auto-placed building ]
  Script location: file: common/scripted_effects/daoyu_effects.txt line: 688

[12:49:29][jomini_script_system.cpp:265]: Script system error!
  Error: create_building effect [ Attempting to manually create auto-placed building ]
  Script location: file: common/scripted_effects/daoyu_effects.txt line: 688

[12:49:29][jomini_script_system.cpp:265]: Script system error!
  Error: create_building effect [ Attempting to manually create auto-placed building ]
  Script location: file: common/scripted_effects/daoyu_effects.txt line: 688

[12:49:29][jomini_script_system.cpp:265]: Script system error!
  Error: create_building effect [ Attempting to manually create auto-placed building ]
  Script location: file: common/scripted_effects/daoyu_effects.txt line: 688

[12:49:29][jomini_script_system.cpp:265]: Script system error!
  Error: create_building effect [ Attempting to manually create auto-placed building ]
  Script location: file: common/scripted_effects/daoyu_effects.txt line: 688

[12:49:29][jomini_script_system.cpp:265]: Script system error!
  Error: create_building effect [ Attempting to manually create auto-placed building ]
  Script location: file: common/scripted_effects/daoyu_effects.txt line: 688

[12:49:29][jomini_script_system.cpp:265]: Script system error!
  Error: create_building effect [ Attempting to manually create auto-placed building ]
  Script location: file: common/scripted_effects/daoyu_effects.txt line: 688

[12:49:29][jomini_script_system.cpp:265]: Script system error!
  Error: create_building effect [ Attempting to manually create auto-placed building ]
  Script location: file: common/scripted_effects/daoyu_effects.txt line: 688

[12:49:29][jomini_script_system.cpp:265]: Script system error!
  Error: create_building effect [ Attempting to manually create auto-placed building ]
  Script location: file: common/scripted_effects/daoyu_effects.txt line: 688

[12:49:29][jomini_script_system.cpp:265]: Script system error!
  Error: create_building effect [ Attempting to manually create auto-placed building ]
  Script location: file: common/scripted_effects/daoyu_effects.txt line: 688

[12:49:29][jomini_script_system.cpp:265]: Script system error!
  Error: create_building effect [ Attempting to manually create auto-placed building ]
  Script location: file: common/scripted_effects/daoyu_effects.txt line: 688

[12:49:29][jomini_script_system.cpp:265]: Script system error!
  Error: create_building effect [ Attempting to manually create auto-placed building ]
  Script location: file: common/scripted_effects/daoyu_effects.txt line: 688

[12:49:29][jomini_script_system.cpp:265]: Script system error!
  Error: create_building effect [ Attempting to manually create auto-placed building ]
  Script location: file: common/scripted_effects/daoyu_effects.txt line: 688

[12:49:29][jomini_script_system.cpp:265]: Script system error!
  Error: create_building effect [ Attempting to manually create auto-placed building ]
  Script location: file: common/scripted_effects/daoyu_effects.txt line: 688

[12:49:29][jomini_script_system.cpp:265]: Script system error!
  Error: create_building effect [ Attempting to manually create auto-placed building ]
  Script location: file: common/scripted_effects/daoyu_effects.txt line: 688

[12:49:29][jomini_script_system.cpp:265]: Script system error!
  Error: create_building effect [ Attempting to manually create auto-placed building ]
  Script location: file: common/scripted_effects/daoyu_effects.txt line: 688

[12:49:29][jomini_script_system.cpp:265]: Script system error!
  Error: daoyu_move_pop_religion_slaves_effect effect [ Scripted effect should have no arguments ]
  Script location: file: events/daoyu_events.txt line: 8725

[12:49:29][jomini_script_system.cpp:265]: Script system error!
  Error: daoyu_move_pop_religion_slaves_effect effect [ Scripted effect should have no arguments ]
  Script location: file: events/daoyu_events.txt line: 8726

[12:49:29][jomini_script_system.cpp:265]: Script system error!
  Error: daoyu_move_pop_religion_slaves_effect effect [ Scripted effect should have no arguments ]
  Script location: file: events/daoyu_events.txt line: 8727

[12:49:29][jomini_script_system.cpp:265]: Script system error!
  Error: daoyu_move_pop_religion_slaves_effect effect [ Scripted effect should have no arguments ]
  Script location: file: events/daoyu_events.txt line: 8728

[12:49:29][jomini_script_system.cpp:265]: Script system error!
  Error: daoyu_move_pop_religion_slaves_effect effect [ Scripted effect should have no arguments ]
  Script location: file: events/daoyu_events.txt line: 8729

[12:49:29][jomini_script_system.cpp:265]: Script system error!
  Error: daoyu_move_pop_religion_slaves_effect effect [ Scripted effect should have no arguments ]
  Script location: file: events/daoyu_events.txt line: 8730

[12:49:29][jomini_script_system.cpp:265]: Script system error!
  Error: daoyu_move_pop_religion_slaves_effect effect [ Scripted effect should have no arguments ]
  Script location: file: events/daoyu_events.txt line: 8731

[12:49:29][jomini_script_system.cpp:265]: Script system error!
  Error: daoyu_move_pop_religion_slaves_effect effect [ Scripted effect should have no arguments ]
  Script location: file: events/daoyu_events.txt line: 8732

[12:49:29][jomini_script_system.cpp:265]: Script system error!
  Error: daoyu_move_pop_religion_slaves_effect effect [ Scripted effect should have no arguments ]
  Script location: file: events/daoyu_events.txt line: 8733

[12:49:29][jomini_script_system.cpp:265]: Script system error!
  Error: daoyu_move_pop_religion_slaves_effect effect [ Scripted effect should have no arguments ]
  Script location: file: events/daoyu_events.txt line: 8734

[12:49:29][jomini_script_system.cpp:265]: Script system error!
  Error: daoyu_move_pop_religion_slaves_effect effect [ Scripted effect should have no arguments ]
  Script location: file: events/daoyu_events.txt line: 8735

[12:49:29][jomini_script_system.cpp:265]: Script system error!
  Error: daoyu_move_pop_religion_slaves_effect effect [ Scripted effect should have no arguments ]
  Script location: file: events/daoyu_events.txt line: 8736

[12:49:29][jomini_script_system.cpp:265]: Script system error!
  Error: daoyu_move_pop_religion_slaves_effect effect [ Scripted effect should have no arguments ]
  Script location: file: events/daoyu_events.txt line: 8737

[12:49:29][jomini_script_system.cpp:265]: Script system error!
  Error: daoyu_move_pop_religion_slaves_effect effect [ Scripted effect should have no arguments ]
  Script location: file: events/daoyu_events.txt line: 8738

[12:49:29][jomini_script_system.cpp:265]: Script system error!
  Error: daoyu_move_pop_religion_slaves_effect effect [ Scripted effect should have no arguments ]
  Script location: file: events/daoyu_events.txt line: 8739

[12:49:29][jomini_script_system.cpp:265]: Script system error!
  Error: daoyu_move_pop_religion_slaves_effect effect [ Scripted effect should have no arguments ]
  Script location: file: events/daoyu_events.txt line: 8740

[12:49:29][jomini_script_system.cpp:265]: Script system error!
  Error: create_country effect [ Invalid tag ]
  Script location: file: common/scripted_effects/daoyu_effects.txt line: 972

[12:49:29][jomini_script_system.cpp:265]: Script system error!
  Error: change_tag effect [ Invalid database object 'BAB' ]
  Script location: file: common/scripted_effects/daoyu_effects.txt line: 1001

[12:49:29][jomini_script_system.cpp:265]: Script system error!
  Error: create_country effect [ Invalid tag ]
  Script location: file: common/scripted_effects/daoyu_effects.txt line: 972

[12:49:29][jomini_script_system.cpp:265]: Script system error!
  Error: change_tag effect [ Invalid database object 'CNG' ]
  Script location: file: common/scripted_effects/daoyu_effects.txt line: 1001

[12:49:29][jomini_script_system.cpp:265]: Script system error!
  Error: create_country effect [ Invalid tag ]
  Script location: file: common/scripted_effects/daoyu_effects.txt line: 972

[12:49:29][jomini_script_system.cpp:265]: Script system error!
  Error: change_tag effect [ Invalid database object 'GAM' ]
  Script location: file: common/scripted_effects/daoyu_effects.txt line: 1001

[12:49:29][jomini_script_system.cpp:265]: Script system error!
  Error: create_country effect [ Invalid tag ]
  Script location: file: common/scripted_effects/daoyu_effects.txt line: 972

[12:49:29][jomini_script_system.cpp:265]: Script system error!
  Error: change_tag effect [ Invalid database object 'GGR' ]
  Script location: file: common/scripted_effects/daoyu_effects.txt line: 1001

[12:49:29][jomini_script_system.cpp:265]: Script system error!
  Error: create_country effect [ Invalid tag ]
  Script location: file: common/scripted_effects/daoyu_effects.txt line: 972

[12:49:29][jomini_script_system.cpp:265]: Script system error!
  Error: change_tag effect [ Invalid database object 'GLC' ]
  Script location: file: common/scripted_effects/daoyu_effects.txt line: 1001

[12:49:29][jomini_script_system.cpp:265]: Script system error!
  Error: create_country effect [ Invalid tag ]
  Script location: file: common/scripted_effects/daoyu_effects.txt line: 972

[12:49:29][jomini_script_system.cpp:265]: Script system error!
  Error: change_tag effect [ Invalid database object 'MAN' ]
  Script location: file: common/scripted_effects/daoyu_effects.txt line: 1001

[12:49:29][jomini_script_system.cpp:265]: Script system error!
  Error: create_country effect [ Invalid tag ]
  Script location: file: common/scripted_effects/daoyu_effects.txt line: 972

[12:49:29][jomini_script_system.cpp:265]: Script system error!
  Error: change_tag effect [ Invalid database object 'RUT' ]
  Script location: file: common/scripted_effects/daoyu_effects.txt line: 1001

[12:49:29][jomini_script_system.cpp:265]: Script system error!
  Error: create_country effect [ Invalid tag ]
  Script location: file: common/scripted_effects/daoyu_effects.txt line: 972

[12:49:29][jomini_script_system.cpp:265]: Script system error!
  Error: change_tag effect [ Invalid database object 'SHI' ]
  Script location: file: common/scripted_effects/daoyu_effects.txt line: 1001

[12:49:29][jomini_script_system.cpp:265]: Script system error!
  Error: create_country effect [ Invalid tag ]
  Script location: file: common/scripted_effects/daoyu_effects.txt line: 972

[12:49:29][jomini_script_system.cpp:265]: Script system error!
  Error: change_tag effect [ Invalid database object 'SMS' ]
  Script location: file: common/scripted_effects/daoyu_effects.txt line: 1001

[12:50:42][city_graphics_type.cpp:307]: Could not find a city graphics mesh for building building_luxury_clothes_industry
[12:50:42][city_graphics_type.cpp:307]: Could not find a city graphics mesh for building building_luxury_clothes_industry
[12:50:42][city_graphics_type.cpp:307]: Could not find a city graphics mesh for building building_porcelein_industry
[12:50:42][city_graphics_type.cpp:307]: Could not find a city graphics mesh for building building_luxury_furniture_industry
[12:50:42][city_graphics_type.cpp:307]: Could not find a city graphics mesh for building building_porcelein_industry
[12:50:42][city_graphics_type.cpp:307]: Could not find a city graphics mesh for building building_luxury_clothes_industry
[12:50:42][city_graphics_type.cpp:307]: Could not find a city graphics mesh for building building_luxury_furniture_industry
[12:50:42][city_graphics_type.cpp:307]: Could not find a city graphics mesh for building building_Rapid_Construction
[12:50:42][city_graphics_type.cpp:307]: Could not find a city graphics mesh for building building_luxury_furniture_industry
[12:51:03][city_graphics_type.cpp:307]: Could not find a city graphics mesh for building building_luxury_clothes_industry
[12:51:03][city_graphics_type.cpp:307]: Could not find a city graphics mesh for building building_porcelein_industry
[12:51:03][city_graphics_type.cpp:307]: Could not find a city graphics mesh for building building_luxury_clothes_industry
[12:51:03][city_graphics_type.cpp:307]: Could not find a city graphics mesh for building building_Rapid_Construction
[12:51:03][city_graphics_type.cpp:307]: Could not find a city graphics mesh for building building_luxury_furniture_industry
[12:51:03][city_graphics_type.cpp:307]: Could not find a city graphics mesh for building building_luxury_clothes_industry
[12:51:03][city_graphics_type.cpp:307]: Could not find a city graphics mesh for building building_luxury_furniture_industry
[12:51:03][city_graphics_type.cpp:307]: Could not find a city graphics mesh for building building_porcelein_industry
[12:51:03][city_graphics_type.cpp:307]: Could not find a city graphics mesh for building building_luxury_furniture_industry
[12:58:46][gamestatetick.cpp:2054]: TickTask Performance Events Log. TickTask Type: UpdateActiveBattles, LogID: 1, Time: 124ms
CBattle::UpdateTick, 1 ms, 36 ms     
[12:58:47][gamestatetick.cpp:2054]: TickTask Performance Events Log. TickTask Type: UpdateAI, LogID: 2, Time: 26ms
Executing Command, handle_failed_authority_spending_attempt_command, 0 ms,           
  ExecuteGameCommand, 26 ms, 26 ms     
    PreExecute, 26 ms, 26 ms     
    Locked, 26 ms, 26 ms     
      InternalExecute, 26 ms, 26 ms     
    PostExecute, 26 ms, 26 ms     
  Command Executed, 26 ms,           
[12:58:48][gamestatetick.cpp:2054]: TickTask Performance Events Log. TickTask Type: UpdateAI, LogID: 3, Time: 42ms
Executing Command, handle_failed_money_spending_attempt_command, 0 ms, 0 ms      
  ExecuteGameCommand, 0 ms, 0 ms      
    PreExecute, 0 ms, 0 ms      
    Locked, 0 ms, 0 ms      
      InternalExecute, 0 ms, 0 ms      
    PostExecute, 0 ms, 0 ms      
  Command Executed, 0 ms, 0 ms      
Executing Command, handle_failed_money_spending_attempt_command, 0 ms, 0 ms      
  ExecuteGameCommand, 0 ms, 0 ms      
    PreExecute, 0 ms, 0 ms      
    Locked, 0 ms, 0 ms      
      InternalExecute, 0 ms, 0 ms      
    PostExecute, 0 ms, 0 ms      
  Command Executed, 0 ms, 0 ms      
Executing Command, handle_failed_authority_spending_attempt_command, 0 ms, 0 ms      
  ExecuteGameCommand, 0 ms, 0 ms      
    PreExecute, 0 ms, 0 ms      
    Locked, 0 ms, 0 ms      
      InternalExecute, 0 ms, 0 ms      
    PostExecute, 0 ms, 0 ms      
  Command Executed, 0 ms, 0 ms      
Executing Command, handle_failed_money_spending_attempt_command, 0 ms, 0 ms      
  ExecuteGameCommand, 0 ms, 0 ms      
    PreExecute, 0 ms, 0 ms      
    Locked, 0 ms, 0 ms      
      InternalExecute, 0 ms, 0 ms      
    PostExecute, 0 ms, 0 ms      
  Command Executed, 0 ms, 0 ms      
Executing Command, handle_failed_money_spending_attempt_command, 0 ms, 0 ms      
  ExecuteGameCommand, 0 ms, 0 ms      
    PreExecute, 0 ms, 0 ms      
    Locked, 0 ms, 0 ms      
      InternalExecute, 0 ms, 0 ms      
    PostExecute, 0 ms, 0 ms      
  Command Executed, 0 ms, 0 ms      
Executing Command, set_decree_command, 0 ms,           
  ExecuteGameCommand, 41 ms, 42 ms     
    PreExecute, 41 ms, 41 ms     
    Locked, 41 ms, 42 ms     
      InternalExecute, 41 ms, 42 ms     
    PostExecute, 42 ms, 42 ms     
  Command Executed, 42 ms,           
[13:00:04][city_graphics_type.cpp:307]: Could not find a city graphics mesh for building building_luxury_furniture_industry
[13:02:27][city_graphics_type.cpp:307]: Could not find a city graphics mesh for building building_luxury_furniture_industry
[13:02:29][city_graphics_type.cpp:307]: Could not find a city graphics mesh for building building_luxury_clothes_industry
[13:02:29][city_graphics_type.cpp:307]: Could not find a city graphics mesh for building building_luxury_clothes_industry
[13:02:32][city_graphics_type.cpp:307]: Could not find a city graphics mesh for building building_luxury_clothes_industry
