[13:13:17][gamestatetick.cpp:2054]: TickTask Performance Events Log. TickTask Type: UpdateAI, LogID: 2, Time: 38ms
Executing Command, handle_failed_money_spending_attempt_command, 0 ms, 0 ms      
  ExecuteGameCommand, 0 ms, 0 ms      
    PreExecute, 0 ms, 0 ms      
    Locked, 0 ms, 0 ms      
      InternalExecute, 0 ms, 0 ms      
    PostExecute, 0 ms, 0 ms      
  Command Executed, 0 ms, 0 ms      
Executing Command, handle_failed_money_spending_attempt_command, 0 ms, 0 ms      
  ExecuteGameCommand, 0 ms, 0 ms      
    PreExecute, 0 ms, 0 ms      
    Locked, 0 ms, 0 ms      
      InternalExecute, 0 ms, 0 ms      
    PostExecute, 0 ms, 0 ms      
  Command Executed, 0 ms, 0 ms      
Executing Command, handle_failed_money_spending_attempt_command, 0 ms, 0 ms      
  ExecuteGameCommand, 0 ms, 0 ms      
    PreExecute, 0 ms, 0 ms      
    Locked, 0 ms, 0 ms      
      InternalExecute, 0 ms, 0 ms      
    PostExecute, 0 ms, 0 ms      
  Command Executed, 0 ms, 0 ms      
Executing Command, handle_failed_authority_spending_attempt_command, 0 ms, 0 ms      
  ExecuteGameCommand, 0 ms, 0 ms      
    PreExecute, 0 ms, 0 ms      
    Locked, 0 ms, 0 ms      
      InternalExecute, 0 ms, 0 ms      
    PostExecute, 0 ms, 0 ms      
  Command Executed, 0 ms, 0 ms      
Executing Command, handle_failed_money_spending_attempt_command, 0 ms, 0 ms      
  ExecuteGameCommand, 0 ms, 0 ms      
    PreExecute, 0 ms, 0 ms      
    Locked, 0 ms, 0 ms      
      InternalExecute, 0 ms, 0 ms      
    PostExecute, 0 ms, 0 ms      
  Command Executed, 0 ms, 0 ms      
Executing Command, handle_failed_money_spending_attempt_command, 0 ms, 0 ms      
  ExecuteGameCommand, 0 ms, 0 ms      
    PreExecute, 0 ms, 0 ms      
    Locked, 0 ms, 0 ms      
      InternalExecute, 0 ms, 0 ms      
    PostExecute, 0 ms, 0 ms      
  Command Executed, 0 ms, 0 ms      
Executing Command, handle_failed_money_spending_attempt_command, 0 ms, 0 ms      
  ExecuteGameCommand, 0 ms, 0 ms      
    PreExecute, 0 ms, 0 ms      
    Locked, 0 ms, 0 ms      
      InternalExecute, 0 ms, 0 ms      
    PostExecute, 0 ms, 0 ms      
  Command Executed, 0 ms, 0 ms      
Executing Command, handle_failed_money_spending_attempt_command, 0 ms, 0 ms      
  ExecuteGameCommand, 0 ms, 0 ms      
    PreExecute, 0 ms, 0 ms      
    Locked, 0 ms, 0 ms      
      InternalExecute, 0 ms, 0 ms      
    PostExecute, 0 ms, 0 ms      
  Command Executed, 0 ms, 0 ms      
Executing Command, handle_failed_money_spending_attempt_command, 0 ms, 0 ms      
  ExecuteGameCommand, 0 ms, 0 ms      
    PreExecute, 0 ms, 0 ms      
    Locked, 0 ms, 0 ms      
      InternalExecute, 0 ms, 0 ms      
    PostExecute, 0 ms, 0 ms      
  Command Executed, 0 ms, 0 ms      
Executing Command, handle_failed_money_spending_attempt_command, 0 ms, 0 ms      
  ExecuteGameCommand, 0 ms, 0 ms      
    PreExecute, 0 ms, 0 ms      
    Locked, 0 ms, 0 ms      
      InternalExecute, 0 ms, 0 ms      
    PostExecute, 0 ms, 0 ms      
  Command Executed, 0 ms, 0 ms      
Executing Command, handle_failed_money_spending_attempt_command, 0 ms, 0 ms      
  ExecuteGameCommand, 0 ms, 0 ms      
    PreExecute, 0 ms, 0 ms      
    Locked, 0 ms, 0 ms      
      InternalExecute, 0 ms, 0 ms      
    PostExecute, 0 ms, 0 ms      
  Command Executed, 0 ms, 0 ms      
Executing Command, handle_failed_authority_spending_attempt_command, 0 ms, 0 ms      
  ExecuteGameCommand, 0 ms, 0 ms      
    PreExecute, 0 ms, 0 ms      
    Locked, 0 ms, 0 ms      
      InternalExecute, 0 ms, 0 ms      
    PostExecute, 0 ms, 0 ms      
  Command Executed, 0 ms, 0 ms      
Executing Command, handle_failed_money_spending_attempt_command, 0 ms, 0 ms      
  ExecuteGameCommand, 0 ms, 0 ms      
    PreExecute, 0 ms, 0 ms      
    Locked, 0 ms, 0 ms      
      InternalExecute, 0 ms, 0 ms      
    PostExecute, 0 ms, 0 ms      
  Command Executed, 0 ms, 0 ms      
Executing Command, handle_failed_money_spending_attempt_command, 0 ms, 0 ms      
  ExecuteGameCommand, 0 ms, 0 ms      
    PreExecute, 0 ms, 0 ms      
    Locked, 0 ms, 0 ms      
      InternalExecute, 0 ms, 0 ms      
    PostExecute, 0 ms, 0 ms      
  Command Executed, 0 ms, 0 ms      
Executing Command, handle_failed_money_spending_attempt_command, 0 ms, 0 ms      
  ExecuteGameCommand, 0 ms, 0 ms      
    PreExecute, 0 ms, 0 ms      
    Locked, 0 ms, 0 ms      
      InternalExecute, 0 ms, 0 ms      
    PostExecute, 0 ms, 0 ms      
  Command Executed, 0 ms, 0 ms      
Executing Command, handle_failed_money_spending_attempt_command, 0 ms, 0 ms      
  ExecuteGameCommand, 0 ms, 0 ms      
    PreExecute, 0 ms, 0 ms      
    Locked, 0 ms, 0 ms      
      InternalExecute, 0 ms, 0 ms      
    PostExecute, 0 ms, 0 ms      
  Command Executed, 0 ms, 0 ms      
Executing Command, handle_failed_authority_spending_attempt_command, 0 ms, 0 ms      
  ExecuteGameCommand, 0 ms, 0 ms      
    PreExecute, 0 ms, 0 ms      
    Locked, 0 ms, 0 ms      
      InternalExecute, 0 ms, 0 ms      
    PostExecute, 0 ms, 0 ms      
  Command Executed, 0 ms, 0 ms      
Executing Command, handle_failed_money_spending_attempt_command, 0 ms, 0 ms      
  ExecuteGameCommand, 0 ms, 0 ms      
    PreExecute, 0 ms, 0 ms      
    Locked, 0 ms, 0 ms      
      InternalExecute, 0 ms, 0 ms      
    PostExecute, 0 ms, 0 ms      
  Command Executed, 0 ms, 0 ms      
Executing Command, declare_neutrality_diplomatic_play, 0 ms, 0 ms      
  ExecuteGameCommand, 0 ms, 0 ms      
    PreExecute, 0 ms, 0 ms      
    Locked, 0 ms, 0 ms      
      InternalExecute, 0 ms, 0 ms      
    PostExecute, 0 ms, 0 ms      
  Command Executed, 0 ms, 0 ms      
Executing Command, handle_failed_money_spending_attempt_command, 0 ms, 0 ms      
  ExecuteGameCommand, 0 ms, 0 ms      
    PreExecute, 0 ms, 0 ms      
    Locked, 0 ms, 0 ms      
      InternalExecute, 0 ms, 0 ms      
    PostExecute, 0 ms, 0 ms      
  Command Executed, 0 ms, 0 ms      
Executing Command, handle_failed_money_spending_attempt_command, 0 ms, 0 ms      
  ExecuteGameCommand, 0 ms, 0 ms      
    PreExecute, 0 ms, 0 ms      
    Locked, 0 ms, 0 ms      
      InternalExecute, 0 ms, 0 ms      
    PostExecute, 0 ms, 0 ms      
  Command Executed, 0 ms, 0 ms      
Executing Command, handle_failed_money_spending_attempt_command, 0 ms, 0 ms      
  ExecuteGameCommand, 0 ms, 0 ms      
    PreExecute, 0 ms, 0 ms      
    Locked, 0 ms, 0 ms      
      InternalExecute, 0 ms, 0 ms      
    PostExecute, 0 ms, 0 ms      
  Command Executed, 0 ms, 0 ms      
Executing Command, handle_failed_money_spending_attempt_command, 0 ms, 0 ms      
  ExecuteGameCommand, 0 ms, 0 ms      
    PreExecute, 0 ms, 0 ms      
    Locked, 0 ms, 0 ms      
      InternalExecute, 0 ms, 0 ms      
    PostExecute, 0 ms, 0 ms      
  Command Executed, 0 ms, 0 ms      
Executing Command, handle_failed_money_spending_attempt_command, 0 ms, 0 ms      
  ExecuteGameCommand, 0 ms, 0 ms      
    PreExecute, 0 ms, 0 ms      
    Locked, 0 ms, 0 ms      
      InternalExecute, 0 ms, 0 ms      
    PostExecute, 0 ms, 0 ms      
  Command Executed, 0 ms, 0 ms      
Executing Command, handle_failed_money_spending_attempt_command, 0 ms, 0 ms      
  ExecuteGameCommand, 0 ms, 0 ms      
    PreExecute, 0 ms, 0 ms      
    Locked, 0 ms, 0 ms      
      InternalExecute, 0 ms, 0 ms      
    PostExecute, 0 ms, 0 ms      
  Command Executed, 0 ms, 0 ms      
Executing Command, handle_failed_money_spending_attempt_command, 0 ms, 0 ms      
  ExecuteGameCommand, 0 ms, 0 ms      
    PreExecute, 0 ms, 0 ms      
    Locked, 0 ms, 0 ms      
      InternalExecute, 0 ms, 0 ms      
    PostExecute, 0 ms, 0 ms      
  Command Executed, 0 ms, 0 ms      
Executing Command, handle_failed_money_spending_attempt_command, 0 ms, 0 ms      
  ExecuteGameCommand, 0 ms, 0 ms      
    PreExecute, 0 ms, 0 ms      
    Locked, 0 ms, 0 ms      
      InternalExecute, 0 ms, 0 ms      
    PostExecute, 0 ms, 0 ms      
  Command Executed, 0 ms, 0 ms      
Executing Command, handle_failed_money_spending_attempt_command, 0 ms, 0 ms      
  ExecuteGameCommand, 0 ms, 0 ms      
    PreExecute, 