[23:00:50][session.cpp:790]: Init session
[23:00:50][session.cpp:2443]: SSessionDlcCache: Voice of the People
[23:00:50][session.cpp:2443]: SSessionDlcCache: Voice of the People Preorder
[23:05:31][jominigamestate.cpp:208]: Creating gamestate
[23:05:39][session.h:464]: Setting execute commands: yes
[23:05:39][session.h:476]: Enabling recorded command replaying
[23:05:39][multiplayer.cpp:183]: Adding local player
[23:05:39][session.cpp:1237]: Replaying recorded commands: 0
[23:05:39][session.h:470]: Setting record commands: no
[23:05:39][session.cpp:1244]: Notifying callbacks with DoneReplayingCommands
[23:05:39][ingamemultiplayeridlerlogic.cpp:192]: Handling session notification: done replaying commands for machine ID: 1
[23:05:40][controlcommands.cpp:52]: CAddPlayer local player: UNKNOWN with machine ID: 1 sender: 1
[23:05:40][controlcommands.cpp:1075]: Setting "done replaying commands" for machine ID: 1
[23:05:40][controlcommands.cpp:399]: Setting playable: 25 for machine ID: 1
[23:05:40][controlcommands.cpp:415]: Setting character controller
[23:05:40][controlcommands.cpp:1032]: Setting "player here" for machine ID: 1
[23:05:40][controlcommands.cpp:1075]: Setting "done replaying commands" for machine ID: 1
[23:05:40][controlcommands.cpp:399]: Setting playable: 25 for machine ID: 1
[23:06:07][session_state_transfer_handler.cpp:84]: Clearing pending save transfers
[23:06:07][jominigamestate.cpp:215]: Destroying gamestate
