[00:12:04][session.cpp:787]: Init session
[00:12:04][session.cpp:2419]: SSessionDlcCache: Voice of the People
[00:12:04][session.cpp:2419]: SSessionDlcCache: Voice of the People Preorder
[00:14:15][jominigamestate.cpp:232]: Creating gamestate
[00:14:20][session.h:464]: Setting execute commands: yes
[00:14:20][session.h:476]: Enabling recorded command replaying
[00:14:20][multiplayer.cpp:181]: Adding local player
[00:14:20][session.cpp:1234]: Replaying recorded commands: 0
[00:14:20][session.h:470]: Setting record commands: no
[00:14:20][session.cpp:1241]: Notifying callbacks with DoneReplayingCommands
[00:14:20][ingamemultiplayeridlerlogic.cpp:191]: Handling session notification: done replaying commands for machine ID: 1
[00:14:21][controlcommands.cpp:52]: CAddPlayer local player: UNKNOWN with machine ID: 1 sender: 1
[00:14:21][controlcommands.cpp:1075]: Setting "done replaying commands" for machine ID: 1
[00:14:21][controlcommands.cpp:399]: Setting playable: 5 for machine ID: 1
[00:14:21][controlcommands.cpp:415]: Setting character controller
[00:14:21][controlcommands.cpp:1032]: Setting "player here" for machine ID: 1
[00:14:21][controlcommands.cpp:521]: Starting game, sender: 1
[00:14:21][controlcommands.cpp:1075]: Setting "done replaying commands" for machine ID: 1
[00:14:21][controlcommands.cpp:399]: Setting playable: 5 for machine ID: 1
[00:14:22][session.cpp:2245]: Setting preparation lobby: no
[00:14:51][session.cpp:1501]: Disconnecting from game
[00:14:51][session.cpp:1552]: Already disconnected
[00:14:51][session.h:464]: Setting execute commands: no
[00:14:51][jominigamestate.cpp:239]: Destroying gamestate
[00:14:51][ingamesavegametransferhandler.cpp:86]: Clearing pending save transfers
