[22:11:22][session.cpp:798]: Init session
[22:11:22][session.cpp:2468]: SSessionDlcCache: Voice of the People Preorder
[22:11:22][session.cpp:2468]: SSessionDlcCache: Region Pack 1
[22:11:22][session.cpp:2468]: SSessionDlcCache: Voice of the People
[22:11:22][session.cpp:2468]: SSessionDlcCache: American Buildings Pack
[22:18:11][jominigamestate.cpp:208]: Creating gamestate
[22:18:18][session.h:473]: Setting execute commands: yes
[22:18:18][session.h:485]: Enabling recorded command replaying
[22:18:18][multiplayer.cpp:183]: Adding local player
[22:18:18][session.cpp:1245]: Replaying recorded commands: 0
[22:18:18][session.h:479]: Setting record commands: no
[22:18:18][session.cpp:1252]: Notifying callbacks with DoneReplayingCommands
[22:18:18][multiplayer_helper.h:50]: Handling session notification: done replaying commands for machine ID: 1
[22:18:19][controlcommands.cpp:52]: CAddPlayer local player: UNKNOWN with machine ID: 1 sender: 1
[22:18:19][controlcommands.cpp:1075]: Setting "done replaying commands" for machine ID: 1
[22:18:19][controlcommands.cpp:399]: Setting playable: 3 for machine ID: 1
[22:18:19][controlcommands.cpp:415]: Setting character controller
[22:18:19][controlcommands.cpp:1032]: Setting "player here" for machine ID: 1
[22:18:19][controlcommands.cpp:1075]: Setting "done replaying commands" for machine ID: 1
[22:18:19][controlcommands.cpp:399]: Setting playable: 3 for machine ID: 1
[00:53:29][session_state_transfer_handler.cpp:84]: Clearing pending save transfers
[00:53:30][jominigamestate.cpp:215]: Destroying gamestate
