[23:35:06][data_utility.cpp:269]: Name collision when registering global promote, localization key TECHNOLOGY has same name as promote
[23:35:06][data_utility.cpp:269]: Name collision when registering global promote, localization key THEME has same name as promote
[23:35:06][data_utility.cpp:269]: Name collision when registering global promote, localization key CHARACTER_TRAIT has same name as promote
[23:35:06][data_utility.cpp:269]: Name collision when registering global promote, localization key LAW_GROUP has same name as promote
[23:35:06][data_utility.cpp:269]: Name collision when registering global promote, localization key IDEOLOGY has same name as promote
[23:35:06][data_utility.cpp:269]: Name collision when registering global promote, localization key MARKET has same name as promote
[23:35:06][data_utility.cpp:269]: Name collision when registering global promote, localization key COUNTRY has same name as promote
[23:35:06][data_utility.cpp:269]: Name collision when registering global promote, localization key GOODS has same name as promote
[23:35:06][data_utility.cpp:269]: Name collision when registering global promote, localization key ELECTION has same name as promote
[23:35:06][data_utility.cpp:269]: Name collision when registering global promote, localization key STATE has same name as promote
[23:35:06][data_utility.cpp:269]: Name collision when registering global promote, localization key CULTURE has same name as promote
[23:35:06][data_utility.cpp:269]: Name collision when registering global promote, localization key COMMANDER_RANK has same name as promote
[23:35:06][data_utility.cpp:269]: Name collision when registering global promote, localization key STATE_REGION has same name as promote
[23:35:06][data_utility.cpp:269]: Name collision when registering global promote, localization key INTEREST_GROUP has same name as promote
[23:35:06][data_utility.cpp:269]: Name collision when registering global promote, localization key RELIGION has same name as promote
[23:35:06][data_utility.cpp:269]: Name collision when registering global promote, localization key LAW has same name as promote
[23:35:06][data_utility.cpp:269]: Name collision when registering global promote, localization key THEATER has same name as promote
[23:35:06][data_utility.cpp:269]: Name collision when registering global promote, localization key MARKET_GOODS has same name as promote
[23:35:06][script_localization.cpp:37]: Scope battle_side is missing text description functions. It might be missing a data wrapper class. Or if the data wrapper uses an accessor the NDataWrapper::SUnwrapAccessor specialization might be missing.
[23:35:06][script_localization.cpp:37]: Scope interest_group_type is missing text description functions. It might be missing a data wrapper class. Or if the data wrapper uses an accessor the NDataWrapper::SUnwrapAccessor specialization might be missing.
[23:35:06][script_localization.cpp:37]: Scope technology_status is missing text description functions. It might be missing a data wrapper class. Or if the data wrapper uses an accessor the NDataWrapper::SUnwrapAccessor specialization might be missing.
