[13:05:00][no_game_date][dlc.cpp:147]: incorrect checksum for DLC
[13:05:55][no_game_date][pdx_achievements_steam.cpp:280]: Invalid achievement: friend_in_need
[13:05:55][no_game_date][pdx_achievements_steam.cpp:280]: Invalid achievement: time_is_on_our_side
[13:05:55][no_game_date][pdx_achievements_steam.cpp:280]: Invalid achievement: canada_first
[13:05:55][no_game_date][pdx_achievements_steam.cpp:280]: Invalid achievement: we_will_build_it_in_a_day
[13:05:55][no_game_date][pdx_achievements_steam.cpp:280]: Invalid achievement: transport_tycoon
[13:05:55][no_game_date][pdx_achievements_steam.cpp:280]: Invalid achievement: destroyer_of_worlds
[13:05:55][no_game_date][pdx_achievements_steam.cpp:280]: Invalid achievement: wunderwaffen
[13:05:55][no_game_date][pdx_achievements_steam.cpp:280]: Invalid achievement: united_netherlands
[13:05:55][no_game_date][pdx_achievements_steam.cpp:280]: Invalid achievement: vive_la_france
[13:05:55][no_game_date][pdx_achievements_steam.cpp:280]: Invalid achievement: master_of_war
[13:05:55][no_game_date][pdx_achievements_steam.cpp:280]: Invalid achievement: mine_is_bigger_than_yours
[13:05:55][no_game_date][pdx_achievements_steam.cpp:280]: Invalid achievement: no_country_for_old_men
[13:05:55][no_game_date][pdx_achievements_steam.cpp:280]: Invalid achievement: poland_can_into_space
[13:05:55][no_game_date][pdx_achievements_steam.cpp:280]: Invalid achievement: true_blitzkrieg
[13:05:55][no_game_date][pdx_achievements_steam.cpp:280]: Invalid achievement: northern_light
[13:05:55][no_game_date][pdx_achievements_steam.cpp:280]: Invalid achievement: nobody_expects
[13:05:55][no_game_date][pdx_achievements_steam.cpp:280]: Invalid achievement: the_bell_tolls_for_us
[13:05:55][no_game_date][pdx_achievements_steam.cpp:280]: Invalid achievement: the_revolution_triumphant
[13:05:55][no_game_date][pdx_achievements_steam.cpp:280]: Invalid achievement: once_more_mate
[13:05:55][no_game_date][pdx_achievements_steam.cpp:280]: Invalid achievement: forge_of_victory
[13:05:55][no_game_date][pdx_achievements_steam.cpp:280]: Invalid achievement: sunset_invasion
[13:05:55][no_game_date][pdx_achievements_steam.cpp:280]: Invalid achievement: duce_nukedem
[13:05:55][no_game_date][pdx_achievements_steam.cpp:280]: Invalid achievement: operation_sealion
[13:05:55][no_game_date][pdx_achievements_steam.cpp:280]: Invalid achievement: one_empire
[13:05:55][no_game_date][pdx_achievements_steam.cpp:280]: Invalid achievement: party_like_its_1520
[13:05:55][no_game_date][pdx_achievements_steam.cpp:280]: Invalid achievement: med_plutonium
[13:05:55][no_game_date][pdx_achievements_steam.cpp:280]: Invalid achievement: montezumas_revenge
[13:05:55][no_game_date][pdx_achievements_steam.cpp:280]: Invalid achievement: big_entente
[13:05:55][no_game_date][pdx_achievements_steam.cpp:280]: Invalid achievement: new_world_order
[13:05:55][no_game_date][pdx_achievements_steam.cpp:280]: Invalid achievement: vojtek_commander
[13:05:55][no_game_date][pdx_achievements_steam.cpp:280]: Invalid achievement: brains
[13:05:55][no_game_date][pdx_achievements_steam.cpp:280]: Invalid achievement: district_9
[13:05:55][no_game_date][pdx_achievements_steam.cpp:280]: Invalid achievement: our_words_are_backed
[13:05:55][no_game_date][pdx_achievements_steam.cpp:280]: Invalid achievement: crusader_kings
[13:05:55][no_game_date][pdx_achievements_steam.cpp:280]: Invalid achievement: crusader_kings_2
[13:05:55][no_game_date][pdx_achievements_steam.cpp:280]: Invalid achievement: rule_britannia
[13:05:55][no_game_date][pdx_achievements_steam.cpp:280]: Invalid achievement: cut_the_strings
[13:05:55][no_game_date][pdx_achievements_steam.cpp:280]: Invalid achievement: its_1812_all_over_again
[13:05:55][no_game_date][pdx_achievements_steam.cpp:280]: Invalid achievement: the_weapons_of_the_third_emu_war
[13:05:55][no_game_date][pdx_achievements_steam.cpp:280]: Invalid achievement: i_am_the_tong_master
[13:05:55][no_game_date][pdx_achievements_steam.cpp:280]: Invalid achievement: the_empire_strikes_back
[13:05:55][no_game_date][pdx_achievements_steam.cpp:280]: Invalid achievement: the_puppetmaster
[13:05:55][no_game_date][pdx_achievements_steam.cpp:280]: Invalid achievement: freegypt
[13:05:55][no_game_date][pdx_achievements_steam.cpp:280]: Invalid achievement: miklos_horthy_and_the_habsburg_prince
[13:05:55][no_game_date][pdx_achievements_steam.cpp:280]: Invalid achievement: better_than_the_szent_istvan
[13:05:55][no_game_date][pdx_achievements_steam.cpp:280]: Invalid achievement: death_or_dishonor_or_cake
[13:05:55][no_game_date][pdx_achievements_steam.cpp:280]: Invalid achievement: neither_death_nor_dishonor
[13:05:55][no_game_date][pdx_achievements_steam.cpp:280]: Invalid achievement: the_munich_disagreement
[13:05:55][no_game_date][pdx_achievements_steam.cpp:280]: Invalid achievement: czechmate
[13:05:55][no_game_date][pdx_achievements_steam.cpp:280]: Invalid achievement: huge_oslavia
[13:05:55][no_game_date][pdx_achievements_steam.cpp:280]: Invalid achievement: the_balkan_powder_keg
[13:05:55][no_game_date][pdx_achievements_steam.cpp:280]: Invalid achievement: en_svensk_tiger
[13:05:55][no_game_date][pdx_achievements_steam.cpp:280]: Invalid achievement: lethal_straight
[13:05:55][no_game_date][pdx_achievements_steam.cpp:280]: Invalid achievement: awake_and_angry
[13:05:55][no_game_date][pdx_achievements_steam.cpp:280]: Invalid achievement: romance_of_the_three_kingdoms
[13:05:55][no_game_date][pdx_achievements_steam.cpp:280]: Invalid achievement: sun_tzu_reborn
[13:05:55][no_game_date][pdx_achievements_steam.cpp:280]: Invalid achievement: the_people_have_stood_up
[13:05:55][no_game_date][pdx_achievements_steam.cpp:280]: Invalid achievement: made_in_china
[13:05:55][no_game_date][pdx_achievements_steam.cpp:280]: Invalid achievement: tojo_shot_first
[13:05:55][no_game_date][pdx_achievements_steam.cpp:280]: Invalid achievement: sunrise_invasion
[13:05:55][no_game_date][pdx_achievements_steam.cpp:280]: Invalid achievement: the_dragon_swallowed_the_sun
[13:05:55][no_game_date][pdx_achievements_steam.cpp:280]: Invalid achievement: hail_to_the_qing
[13:05:55][no_game_date][pdx_achievements_steam.cpp:280]: Invalid achievement: the_good_the_bad_and_the_weird
[13:05:55][no_game_date][pdx_achievements_steam.cpp:280]: Invalid achievement: battlecry
[13:05:55][no_game_date][pdx_achievements_steam.cpp:280]: Invalid achievement: panda_monium
[13:05:55][no_game_date][pdx_achievements_steam.cpp:280]: Invalid achievement: make_a_man_out_of_you
[13:05:55][no_game_date][pdx_achievements_steam.cpp:280]: Invalid achievement: monarchy_is_back_in_fashion
[13:05:55][no_game_date][pdx_achievements_steam.cpp:280]: Invalid achievement: our_other_place_in_the_sun
[13:05:55][no_game_date][pdx_achievements_steam.cpp:280]: Invalid achievement: australia_hungary
[13:05:55][no_game_date][pdx_achievements_steam.cpp:280]: Invalid achievement: my_ships_dont_lie
[13:05:55][no_game_date][pdx_achievements_steam.cpp:280]: Invalid achievement: i_swear_im_not_a_byzantophile
[13:05:55][no_game_date][pdx_achievements_steam.cpp:280]: Invalid achievement: team_america
[13:05:55][no_game_date][pdx_achievements_steam.cpp:280]: Invalid achievement: history_repeated_itself
[13:05:55][no_game_date][pdx_achievements_steam.cpp:280]: Invalid achievement: georgia_on_my_mind
[13:05:55][no_game_date][pdx_achievements_steam.cpp:280]: Invalid achievement: to_arms_in_dixie
[13:05:55][no_game_date][pdx_achievements_steam.cpp:280]: Invalid achievement: arsenal_of_democracy
[13:05:55][no_game_date][pdx_achievements_steam.cpp:280]: Invalid achievement: underpaid_undersexed_and_under_eisenhower
[13:05:55][no_game_date][pdx_achievements_steam.cpp:280]: Invalid achievement: last_for_a_thousand_years
[13:05:55][no_game_date][pdx_achievements_steam.cpp:280]: Invalid achievement: britzkrieg
[13:05:55][no_game_date][pdx_achievements_steam.cpp:280]: Invalid achievement: nothing_wrong_with_our_bloody_ships
[13:05:55][no_game_date][pdx_achievements_steam.cpp:280]: Invalid achievement: william_wallis
[13:05:55][no_game_date][pdx_achievements_steam.cpp:280]: Invalid achievement: crush_the_dream
[13:05:55][no_game_date][pdx_achievements_steam.cpp:280]: Invalid achievement: treading_the_narrow_path
[13:05:55][no_game_date][pdx_achievements_steam.cpp:280]: Invalid achievement: putting_the_raid_on_the_medway_to_shame
[13:05:55][no_game_date][pdx_achievements_steam.cpp:280]: Invalid achievement: bevrijding
[13:05:55][no_game_date][pdx_achievements_steam.cpp:280]: Invalid achievement: mi_casa_es_tu_casa
[13:05:55][no_game_date][pdx_achievements_steam.cpp:280]: Invalid achievement: the_new_home_of_the_revolution
[13:05:55][no_game_date][pdx_achievements_steam.cpp:280]: Invalid achievement: assuming_direct_control
[13:05:55][no_game_date][pdx_achievements_steam.cpp:280]: Invalid achievement: vive_la_jeune_ecole
[13:05:55][no_game_date][pdx_achievements_steam.cpp:280]: Invalid achievement: 30_minutes_of_hel
[13:05:55][no_game_date][pdx_achievements_steam.cpp:280]: Invalid achievement: pride_and_extreme_prejudice
[13:05:55][no_game_date][pdx_achievements_steam.cpp:280]: Invalid achievement: do_you_mined
[13:05:55][no_game_date][pdx_achievements_steam.cpp:280]: Invalid achievement: portugal_bffs
[13:05:55][no_game_date][pdx_achievements_steam.cpp:280]: Invalid achievement: portugal_macau_my_day
[13:05:55][no_game_date][pdx_achievements_steam.cpp:280]: Invalid achievement: play_it_again
[13:05:55][no_game_date][pdx_achievements_steam.cpp:280]: Invalid achievement: spies_trade
[13:05:55][no_game_date][pdx_achievements_steam.cpp:280]: Invalid achievement: why_die_for_danzig
[13:05:55][no_game_date][pdx_achievements_steam.cpp:280]: Invalid achievement: i_see_everything
[13:05:55][no_game_date][pdx_achievements_steam.cpp:280]: Invalid achievement: shaken_not_stirred
[13:05:55][no_game_date][pdx_achievements_steam.cpp:280]: Invalid achievement: listen_carefully
[13:05:55][no_game_date][pdx_achievements_steam.cpp:280]: Invalid achievement: man_of_a_thousand_faces
[13:05:55][no_game_date][pdx_achievements_steam.cpp:280]: Invalid achievement: turing_complete
[13:05:55][no_game_date][pdx_achievements_steam.cpp:280]: Invalid achievement: one_king_two_crowns
[13:05:55][no_game_date][pdx_achievements_steam.cpp:280]: Invalid achievement: we_will_rock_you
[13:05:55][no_game_date][pdx_achievements_steam.cpp:280]: Invalid achievement: i_didnt_vote_for_you
[13:05:55][no_game_date][pdx_achievements_steam.cpp:280]: Invalid achievement: our_chief_weapon_is_surprise
[13:05:55][no_game_date][pdx_achievements_steam.cpp:280]: Invalid achievement: die_albion
[13:05:55][no_game_date][pdx_achievements_steam.cpp:280]: Invalid achievement: second_times_charm
[13:05:55][no_game_date][pdx_achievements_steam.cpp:280]: Invalid achievement: dont_die_for_your_country
[13:05:55][no_game_date][pdx_achievements_steam.cpp:280]: Invalid achievement: warsaw_liberates_self
[13:05:55][no_game_date][pdx_achievements_steam.cpp:280]: Invalid achievement: tour_de_france
[13:05:55][no_game_date][pdx_achievements_steam.cpp:280]: Invalid achievement: you_will_never_kill_me_alive
[13:05:55][no_game_date][pdx_achievements_steam.cpp:280]: Invalid achievement: finnish_him
[13:05:55][no_game_date][pdx_achievements_steam.cpp:280]: Invalid achievement: lousy_achievement
[13:05:55][no_game_date][pdx_achievements_steam.cpp:280]: Invalid achievement: istanbul_is_constantinople_again
[13:05:55][no_game_date][pdx_achievements_steam.cpp:280]: Invalid achievement: peters_pride
[13:05:55][no_game_date][pdx_achievements_steam.cpp:280]: Invalid achievement: this_is_madness
[13:05:55][no_game_date][pdx_achievements_steam.cpp:280]: Invalid achievement: nobodys_business_but_the_turks
[13:05:55][no_game_date][pdx_achievements_steam.cpp:280]: Invalid achievement: kurdish_achievement
[13:05:55][no_game_date][pdx_achievements_steam.cpp:280]: Invalid achievement: greek_civility
[13:05:55][no_game_date][pdx_achievements_steam.cpp:280]: Invalid achievement: hoofin_it
[13:05:55][no_game_date][pdx_achievements_steam.cpp:280]: Invalid achievement: were_putting_the_band_back_together
[13:05:55][no_game_date][pdx_achievements_steam.cpp:280]: Invalid achievement: draculas_revenge
[13:05:55][no_game_date][pdx_achievements_steam.cpp:280]: Invalid achievement: prussia_of_the_balkans
[13:05:55][no_game_date][pdx_achievements_steam.cpp:280]: Invalid achievement: balkan_problem_solved
[13:05:55][no_game_date][pdx_achievements_steam.cpp:280]: Invalid achievement: bad_romeance
[13:05:55][no_game_date][pdx_achievements_steam.cpp:280]: Invalid achievement: totally_not_cool_bromania
[13:05:55][no_game_date][pdx_achievements_steam.cpp:280]: Invalid achievement: freedom_or_death
[13:05:55][no_game_date][pdx_achievements_steam.cpp:280]: Invalid achievement: now_this_is_getting_childish
[13:05:55][no_game_date][pdx_achievements_steam.cpp:280]: Invalid achievement: hardly_anything_sevres
[13:05:55][no_game_date][pdx_achievements_steam.cpp:280]: Invalid achievement: one_nation_under_ataturk_indivisible
[13:05:55][no_game_date][pdx_achievements_steam.cpp:280]: Invalid achievement: master_puppeteer
[13:05:55][no_game_date][pdx_achievements_steam.cpp:280]: Invalid achievement: at_least_they_run_on_time
[13:05:55][no_game_date][pdx_achievements_steam.cpp:280]: Invalid achievement: not_much_fun_in_stalingrad
[13:05:55][no_game_date][pdx_achievements_steam.cpp:280]: Invalid achievement: no_more_partitions
[13:05:55][no_game_date][pdx_achievements_steam.cpp:280]: Invalid achievement: habsburgs_habsburgs_everywhere
[13:05:55][no_game_date][pdx_achievements_steam.cpp:280]: Invalid achievement: the_pope_how_many_divisions_does_he_have
[13:05:55][no_game_date][pdx_achievements_steam.cpp:280]: Invalid achievement: this_is_going_to_be_lit
[13:05:55][no_game_date][pdx_achievements_steam.cpp:280]: Invalid achievement: it_has_my_name_on_it
[13:05:55][no_game_date][pdx_achievements_steam.cpp:280]: Invalid achievement: this_achievement_is_cheesy
[13:05:55][no_game_date][pdx_achievements_steam.cpp:280]: Invalid achievement: esti_is_scandi
[13:05:55][no_game_date][pdx_achievements_steam.cpp:280]: Invalid achievement: not_a_step_back
[13:05:55][no_game_date][pdx_achievements_steam.cpp:280]: Invalid achievement: one_step_forward
[13:05:55][no_game_date][pdx_achievements_steam.cpp:280]: Invalid achievement: the_soviet_onion
[13:05:55][no_game_date][pdx_achievements_steam.cpp:280]: Invalid achievement: crusader_kings_3
[13:05:55][no_game_date][pdx_achievements_steam.cpp:280]: Invalid achievement: the_romanovs_laugh_last
[13:05:55][no_game_date][pdx_achievements_steam.cpp:280]: Invalid achievement: we_dont_really_like_statistics
[13:05:55][no_game_date][pdx_achievements_steam.cpp:280]: Invalid achievement: race_for_germany
[13:05:55][no_game_date][pdx_achievements_steam.cpp:280]: Invalid achievement: siberian_tiger
[13:05:55][no_game_date][pdx_achievements_steam.cpp:280]: Invalid achievement: just_proper_gander
[13:05:55][no_game_date][pdx_achievements_steam.cpp:280]: Invalid achievement: around_eurasia_in_80_days
[13:05:55][no_game_date][pdx_achievements_steam.cpp:280]: Invalid achievement: poland_peasant_revolution
[13:05:55][no_game_date][pdx_achievements_steam.cpp:280]: Invalid achievement: and_you_get_a_canton
[13:05:55][no_game_date][pdx_achievements_steam.cpp:280]: Invalid achievement: im_not_locked_in_here_with_you
[13:05:55][no_game_date][pdx_achievements_steam.cpp:280]: Invalid achievement: swiss_cheese
[13:05:55][no_game_date][pdx_achievements_steam.cpp:280]: Invalid achievement: you_shall_not_pass
[13:05:55][no_game_date][pdx_achievements_steam.cpp:280]: Invalid achievement: the_lion_that_roared
[13:05:55][no_game_date][pdx_achievements_steam.cpp:280]: Invalid achievement: the_lion_king
[13:05:55][no_game_date][pdx_achievements_steam.cpp:280]: Invalid achievement: this_time_for_africa
[13:05:55][no_game_date][pdx_achievements_steam.cpp:280]: Invalid achievement: crusader_kings_4
[13:05:55][no_game_date][pdx_achievements_steam.cpp:280]: Invalid achievement: the_red_sea
[13:05:55][no_game_date][pdx_achievements_steam.cpp:280]: Invalid achievement: stalin_how_many_guns_does_he_have
[13:05:55][no_game_date][pdx_achievements_steam.cpp:280]: Invalid achievement: holy_roman_and_an_empire
[13:05:55][no_game_date][pdx_achievements_steam.cpp:280]: Invalid achievement: pizza_time
[13:05:55][no_game_date][pdx_achievements_steam.cpp:280]: Invalid achievement: collect_all_the_romes
[13:05:55][no_game_date][pdx_achievements_steam.cpp:280]: Invalid achievement: nothing_personal_adolf
[13:05:55][no_game_date][pdx_achievements_steam.cpp:280]: Invalid achievement: not_today
[13:05:55][no_game_date][pdx_achievements_steam.cpp:280]: Invalid achievement: this_time_it_will_stick
[13:05:55][no_game_date][pdx_achievements_steam.cpp:280]: Invalid achievement: by_beer_alone
[13:05:55][no_game_date][pdx_achievements_steam.cpp:280]: Invalid achievement: by_merit_alone
[13:05:55][no_game_date][pdx_achievements_steam.cpp:280]: Invalid achievement: snakes_on_a_plane
[13:05:55][no_game_date][pdx_achievements_steam.cpp:280]: Invalid achievement: sapmi_united_by_the_fire
[13:05:55][no_game_date][pdx_achievements_steam.cpp:280]: Invalid achievement: norway_jose
[13:05:55][no_game_date][pdx_achievements_steam.cpp:280]: Invalid achievement: pinot_noirway
[13:05:55][no_game_date][pdx_achievements_steam.cpp:280]: Invalid achievement: cheese_your_fighter
[13:05:55][no_game_date][pdx_achievements_steam.cpp:280]: Invalid achievement: med_plutonium_2
[13:05:55][no_game_date][pdx_achievements_steam.cpp:280]: Invalid achievement: everything_is_awesome
[13:05:55][no_game_date][pdx_achievements_steam.cpp:280]: Invalid achievement: the_danelaw
[13:05:55][no_game_date][pdx_achievements_steam.cpp:280]: Invalid achievement: vinland
[13:05:55][no_game_date][pdx_achievements_steam.cpp:280]: Invalid achievement: brexit
[13:05:55][no_game_date][pdx_achievements_steam.cpp:280]: Invalid achievement: two_arms_against_tyranny
[13:05:55][no_game_date][pdx_achievements_steam.cpp:280]: Invalid achievement: uralic_brothers_united
[13:05:55][no_game_date][pdx_achievements_steam.cpp:280]: Invalid achievement: lone_wolf
[13:05:55][no_game_date][pdx_achievements_steam.cpp:280]: Invalid achievement: no_one_crosses_the_finnish_line
[13:05:55][no_game_date][pdx_achievements_steam.cpp:280]: Invalid achievement: danzig_queen
[13:05:55][no_game_date][pdx_achievements_steam.cpp:280]: Invalid achievement: caramelldansen
[13:05:55][no_game_date][pdx_achievements_steam.cpp:280]: Invalid achievement: the_return_of_the_king
[13:05:55][no_game_date][pdx_achievements_steam.cpp:280]: Invalid achievement: satisfactory
[13:05:55][no_game_date][pdx_achievements_steam.cpp:280]: Invalid achievement: cod_wars
[13:05:55][no_game_date][pdx_achievements_steam.cpp:280]: Invalid achievement: the_magic_school_bus
[13:05:55][no_game_date][pdx_achievements_steam.cpp:280]: Invalid achievement: rumble_in_the_jungle
[13:05:55][no_game_date][pdx_achievements_steam.cpp:280]: Invalid achievement: and_the_snake_smoked
[13:05:55][no_game_date][pdx_achievements_steam.cpp:280]: Invalid achievement: red_hot_chile_peppers
[13:05:55][no_game_date][pdx_achievements_steam.cpp:280]: Invalid achievement: bad_ending_the_whole_world_is_now_brazil
[13:05:55][no_game_date][pdx_achievements_steam.cpp:280]: Invalid achievement: land_of_fire
[13:05:55][no_game_date][pdx_achievements_steam.cpp:280]: Invalid achievement: im_home
[13:05:55][no_game_date][pdx_achievements_steam.cpp:280]: Invalid achievement: proactive_defense
[13:05:55][no_game_date][pdx_achievements_steam.cpp:280]: Invalid achievement: the_merry_band
[13:05:55][no_game_date][pdx_achievements_steam.cpp:280]: Invalid achievement: somehow_he_has_returned
[13:05:55][no_game_date][pdx_achievements_steam.cpp:280]: Invalid achievement: ursal
[13:05:55][no_game_date][pdx_achievements_steam.cpp:280]: Invalid achievement: islas_malvinas
[13:05:55][no_game_date][pdx_achievements_steam.cpp:280]: Invalid achievement: lamento_boliviano
[13:05:55][no_game_date][pdx_achievements_steam.cpp:280]: Invalid achievement: revenge_for_the_triple_alliance
[13:05:55][no_game_date][pdx_achievements_steam.cpp:280]: Invalid achievement: the_dragon_rises
[13:05:55][no_game_date][pdx_achievements_steam.cpp:280]: Invalid achievement: king_of_what
[13:05:55][no_game_date][pdx_achievements_steam.cpp:280]: Invalid achievement: true_condor_legion
[13:05:55][no_game_date][pdx_achievements_steam.cpp:280]: Invalid achievement: chilean_empire
[13:05:55][no_game_date][pdx_achievements_steam.cpp:280]: Invalid achievement: reconquistadors
[13:05:55][no_game_date][pdx_achievements_steam.cpp:280]: Invalid achievement: hispanics_of_the_world_unite
[13:05:55][no_game_date][pdx_achievements_steam.cpp:280]: Invalid achievement: cisplatine_war_2
[13:05:55][no_game_date][pdx_achievements_steam.cpp:280]: Invalid achievement: america_decolonized
[14:20:04][1936.05.26.01][graphics.cpp:1291]: No font with name 
[14:25:34][1937.03.21.12][effectimplementation.cpp:481]: events/LAR_Spain.txt:7290: create_country_leader: Anarchist Commune already has an ideology 无政府主义
[14:26:25][1937.05.05.01][equipment_effects.cpp:735]: 'common/national_focus/new_zealand.txt:475: create_equipment_variant': 'Bristol Blenheim' - Modular type 'medium_plane_airframe_1' appears to not have been unlocked for NZL as no chassis variant exists. Unlocked the tech before creating any variants to avoid bugs.
